[DEBUG] 2021-04-06 18:09:12.900 [main] GenericDao - in get ALL [Contact(id=1, firstName=tim, lastName=shmidt, email=tsm@gone.com, phone=1233333333), Contact(id=2, firstName=Sue, lastName=Bell, email=SueB.com, phone=125878956), Contact(id=3, firstName=Mike, lastName=Voit, email=MV@gone.com, phone=8005557777), Contact(id=4, firstName=Caleb, lastName=Jones, email=cjn@gone.com, phone=1255333333), Contact(id=5, firstName=Carrie, lastName=Tanner, email=ctan@gone.com, phone=1255333333), Contact(id=6, firstName=Vera, lastName=Planer, email=vera@gobs.com, phone=1233333333)]
[DEBUG] 2021-04-06 18:09:13.009 [main] GenericDao - in get ALL [Contact(id=1, firstName=tim, lastName=shmidt, email=tsm@gone.com, phone=1233333333), Contact(id=2, firstName=Sue, lastName=Bell, email=SueB.com, phone=125878956), Contact(id=4, firstName=Caleb, lastName=Jones, email=cjn@gone.com, phone=1255333333), Contact(id=5, firstName=Carrie, lastName=Tanner, email=ctan@gone.com, phone=1255333333), Contact(id=6, firstName=Vera, lastName=Planer, email=vera@gobs.com, phone=1233333333)]
[INFO ] 2021-04-06 18:09:13.190 [main] ContactDaoTest - in save or update test
[DEBUG] 2021-04-06 18:09:13.335 [main] GenericDao - Searching for person with lastName = Planer
[DEBUG] 2021-04-06 18:09:13.522 [main] GenericDao - in get ALL [Contact(id=1, firstName=tim, lastName=shmidt, email=tsm@gone.com, phone=1233333333), Contact(id=2, firstName=Sue, lastName=Bell, email=SueB.com, phone=125878956), Contact(id=3, firstName=Mike, lastName=Voit, email=MV@gone.com, phone=8005557777), Contact(id=4, firstName=Caleb, lastName=Jones, email=cjn@gone.com, phone=1255333333), Contact(id=5, firstName=Carrie, lastName=Tanner, email=ctan@gone.com, phone=1255333333), Contact(id=6, firstName=Vera, lastName=Planer, email=vera@gobs.com, phone=1233333333)]
[DEBUG] 2021-04-06 18:09:13.538 [main] GenericDao - in get ALL [Contact(id=1, firstName=tim, lastName=shmidt, email=tsm@gone.com, phone=1233333333), Contact(id=2, firstName=Sue, lastName=Bell, email=SueB.com, phone=125878956), Contact(id=3, firstName=Mike, lastName=Voit, email=MV@gone.com, phone=8005557777), Contact(id=4, firstName=Caleb, lastName=Jones, email=cjn@gone.com, phone=1255333333), Contact(id=5, firstName=Carrie, lastName=Tanner, email=ctan@gone.com, phone=1255333333), Contact(id=6, firstName=Vera, lastName=Planer, email=vera@gobs.com, phone=1233333333)]
[INFO ] 2021-04-06 18:09:13.538 [main] ContactDaoTest - get all users test: all users;[Contact(id=1, firstName=tim, lastName=shmidt, email=tsm@gone.com, phone=1233333333), Contact(id=2, firstName=Sue, lastName=Bell, email=SueB.com, phone=125878956), Contact(id=3, firstName=Mike, lastName=Voit, email=MV@gone.com, phone=8005557777), Contact(id=4, firstName=Caleb, lastName=Jones, email=cjn@gone.com, phone=1255333333), Contact(id=5, firstName=Carrie, lastName=Tanner, email=ctan@gone.com, phone=1255333333), Contact(id=6, firstName=Vera, lastName=Planer, email=vera@gobs.com, phone=1233333333)]
[DEBUG] 2021-04-06 18:09:13.663 [main] GenericDao - The list of Entities by propertyName lastName
[DEBUG] 2021-04-06 18:09:13.913 [main] GenericDao - The list of Entities by entity name [Contact(id=6, firstName=Vera, lastName=Planer, email=vera@gobs.com, phone=1233333333)]
[DEBUG] 2021-04-06 18:09:13.913 [main] GenericDao - The list of Entities by entity name [Contact(id=3, firstName=Mike, lastName=Voit, email=MV@gone.com, phone=8005557777)]
[DEBUG] 2021-04-06 18:09:14.038 [main] GenericDao - inserting entity Contact(id=14, firstName=Fred, lastName=Flintstone, email=meaty@sharks, phone=6089479889)
[DEBUG] 2021-04-06 18:09:14.274 [main] GenericDao - in get ALL [FoodResource(id=1, name=free pantry on johnson , description=free pantry, comments=null, serviceArea=null, website=null, documentation=social security number and id, daysOfWeek=null, deliveryOffered=false, deliveryDescription=null, dietaryConsiderations=null), FoodResource(id=2, name=community meal , description=saturday meal, comments=null, serviceArea=null, website=null, documentation=social security number and id, daysOfWeek=null, deliveryOffered=true, deliveryDescription=null, dietaryConsiderations=null), FoodResource(id=3, name=free pantry on Gorham , description=free pantry, comments=null, serviceArea=null, website=null, documentation=ssn, daysOfWeek=null, deliveryOffered=true, deliveryDescription=null, dietaryConsiderations=null), FoodResource(id=4, name=SNAP Program, description=gov program, comments=null, serviceArea=null, website=null, documentation=social security number and id, daysOfWeek=null, deliveryOffered=false, deliveryDescription=null, dietaryConsiderations=null), FoodResource(id=5, name=Christ Lutheran Church Pantry, description=food pantry, comments=null, serviceArea=null, website=null, documentation=social security number and id, daysOfWeek=null, deliveryOffered=false, deliveryDescription=null, dietaryConsiderations=null), FoodResource(id=6, name=Dane County Neighbors Helping neighbors , description=facebook page, comments=null, serviceArea=null, website=null, documentation=n/a, daysOfWeek=null, deliveryOffered=false, deliveryDescription=null, dietaryConsiderations=null)]
[DEBUG] 2021-04-06 18:09:14.352 [main] GenericDao - in get ALL [FoodResource(id=1, name=free pantry on johnson , description=free pantry, comments=null, serviceArea=null, website=null, documentation=social security number and id, daysOfWeek=null, deliveryOffered=false, deliveryDescription=null, dietaryConsiderations=null), FoodResource(id=2, name=community meal , description=saturday meal, comments=null, serviceArea=null, website=null, documentation=social security number and id, daysOfWeek=null, deliveryOffered=true, deliveryDescription=null, dietaryConsiderations=null), FoodResource(id=4, name=SNAP Program, description=gov program, comments=null, serviceArea=null, website=null, documentation=social security number and id, daysOfWeek=null, deliveryOffered=false, deliveryDescription=null, dietaryConsiderations=null), FoodResource(id=5, name=Christ Lutheran Church Pantry, description=food pantry, comments=null, serviceArea=null, website=null, documentation=social security number and id, daysOfWeek=null, deliveryOffered=false, deliveryDescription=null, dietaryConsiderations=null), FoodResource(id=6, name=Dane County Neighbors Helping neighbors , description=facebook page, comments=null, serviceArea=null, website=null, documentation=n/a, daysOfWeek=null, deliveryOffered=false, deliveryDescription=null, dietaryConsiderations=null)]
[DEBUG] 2021-04-06 18:09:14.586 [main] GenericDao - Searching for person with deliveryOffered = 1
[DEBUG] 2021-04-06 18:09:15.055 [main] GenericDao - in get ALL [FoodResource(id=1, name=free pantry on johnson , description=free pantry, comments=null, serviceArea=null, website=null, documentation=social security number and id, daysOfWeek=null, deliveryOffered=false, deliveryDescription=null, dietaryConsiderations=null), FoodResource(id=2, name=community meal , description=saturday meal, comments=null, serviceArea=null, website=null, documentation=social security number and id, daysOfWeek=null, deliveryOffered=true, deliveryDescription=null, dietaryConsiderations=null), FoodResource(id=3, name=free pantry on Gorham , description=free pantry, comments=null, serviceArea=null, website=null, documentation=ssn, daysOfWeek=null, deliveryOffered=true, deliveryDescription=null, dietaryConsiderations=null), FoodResource(id=4, name=SNAP Program, description=gov program, comments=null, serviceArea=null, website=null, documentation=social security number and id, daysOfWeek=null, deliveryOffered=false, deliveryDescription=null, dietaryConsiderations=null), FoodResource(id=5, name=Christ Lutheran Church Pantry, description=food pantry, comments=null, serviceArea=null, website=null, documentation=social security number and id, daysOfWeek=null, deliveryOffered=false, deliveryDescription=null, dietaryConsiderations=null), FoodResource(id=6, name=Dane County Neighbors Helping neighbors , description=facebook page, comments=null, serviceArea=null, website=null, documentation=n/a, daysOfWeek=null, deliveryOffered=false, deliveryDescription=null, dietaryConsiderations=null)]
[DEBUG] 2021-04-06 18:09:15.102 [main] GenericDao - in get ALL [FoodResource(id=1, name=free pantry on johnson , description=free pantry, comments=null, serviceArea=null, website=null, documentation=social security number and id, daysOfWeek=null, deliveryOffered=false, deliveryDescription=null, dietaryConsiderations=null), FoodResource(id=2, name=community meal , description=saturday meal, comments=null, serviceArea=null, website=null, documentation=social security number and id, daysOfWeek=null, deliveryOffered=true, deliveryDescription=null, dietaryConsiderations=null), FoodResource(id=3, name=free pantry on Gorham , description=free pantry, comments=null, serviceArea=null, website=null, documentation=ssn, daysOfWeek=null, deliveryOffered=true, deliveryDescription=null, dietaryConsiderations=null), FoodResource(id=4, name=SNAP Program, description=gov program, comments=null, serviceArea=null, website=null, documentation=social security number and id, daysOfWeek=null, deliveryOffered=false, deliveryDescription=null, dietaryConsiderations=null), FoodResource(id=5, name=Christ Lutheran Church Pantry, description=food pantry, comments=null, serviceArea=null, website=null, documentation=social security number and id, daysOfWeek=null, deliveryOffered=false, deliveryDescription=null, dietaryConsiderations=null), FoodResource(id=6, name=Dane County Neighbors Helping neighbors , description=facebook page, comments=null, serviceArea=null, website=null, documentation=n/a, daysOfWeek=null, deliveryOffered=false, deliveryDescription=null, dietaryConsiderations=null)]
[INFO ] 2021-04-06 18:09:15.102 [main] FoodResourceTest - get all FoodResources test: all FoodResources;[FoodResource(id=1, name=free pantry on johnson , description=free pantry, comments=null, serviceArea=null, website=null, documentation=social security number and id, daysOfWeek=null, deliveryOffered=false, deliveryDescription=null, dietaryConsiderations=null), FoodResource(id=2, name=community meal , description=saturday meal, comments=null, serviceArea=null, website=null, documentation=social security number and id, daysOfWeek=null, deliveryOffered=true, deliveryDescription=null, dietaryConsiderations=null), FoodResource(id=3, name=free pantry on Gorham , description=free pantry, comments=null, serviceArea=null, website=null, documentation=ssn, daysOfWeek=null, deliveryOffered=true, deliveryDescription=null, dietaryConsiderations=null), FoodResource(id=4, name=SNAP Program, description=gov program, comments=null, serviceArea=null, website=null, documentation=social security number and id, daysOfWeek=null, deliveryOffered=false, deliveryDescription=null, dietaryConsiderations=null), FoodResource(id=5, name=Christ Lutheran Church Pantry, description=food pantry, comments=null, serviceArea=null, website=null, documentation=social security number and id, daysOfWeek=null, deliveryOffered=false, deliveryDescription=null, dietaryConsiderations=null), FoodResource(id=6, name=Dane County Neighbors Helping neighbors , description=facebook page, comments=null, serviceArea=null, website=null, documentation=n/a, daysOfWeek=null, deliveryOffered=false, deliveryDescription=null, dietaryConsiderations=null)]
[DEBUG] 2021-04-06 18:09:15.261 [main] GenericDao - in get ALL [Location(id=1, nameDesc=eastside near lansing, streetAddressOrIntersection=422 Lansing, city=Madison, state=WI, zip=53714, busInfo=null, comments=near front of property), Location(id=2, nameDesc=main building, streetAddressOrIntersection=522 Albert, city=Madison, state=WI, zip=53746, busInfo=null, comments=n/a), Location(id=3, nameDesc=drop off, streetAddressOrIntersection=655 Main, city=Madison, state=WI, zip=53722, busInfo=null, comments=n/a), Location(id=4, nameDesc=River Food Pantry, streetAddressOrIntersection=1002 W. Wash, city=Madison, state=WI, zip=537478, busInfo=null, comments=pickup near front door), Location(id=5, nameDesc=Easter Seals, streetAddressOrIntersection=corner of Main and Fordem, city=Madison, state=WI, zip=53254, busInfo=null, comments=near back), Location(id=6, nameDesc=eastside near lansing, streetAddressOrIntersection=422 Lansing, city=Madison, state=WI, zip=53758, busInfo=null, comments=n/a)]
[DEBUG] 2021-04-06 18:09:15.309 [main] GenericDao - in get ALL [Location(id=1, nameDesc=eastside near lansing, streetAddressOrIntersection=422 Lansing, city=Madison, state=WI, zip=53714, busInfo=null, comments=near front of property), Location(id=2, nameDesc=main building, streetAddressOrIntersection=522 Albert, city=Madison, state=WI, zip=53746, busInfo=null, comments=n/a), Location(id=4, nameDesc=River Food Pantry, streetAddressOrIntersection=1002 W. Wash, city=Madison, state=WI, zip=537478, busInfo=null, comments=pickup near front door), Location(id=5, nameDesc=Easter Seals, streetAddressOrIntersection=corner of Main and Fordem, city=Madison, state=WI, zip=53254, busInfo=null, comments=near back), Location(id=6, nameDesc=eastside near lansing, streetAddressOrIntersection=422 Lansing, city=Madison, state=WI, zip=53758, busInfo=null, comments=n/a)]
[DEBUG] 2021-04-06 18:09:15.450 [main] GenericDao - in get ALL [Location(id=1, nameDesc=eastside near lansing, streetAddressOrIntersection=422 Lansing, city=Madison, state=WI, zip=53714, busInfo=null, comments=near front of property), Location(id=2, nameDesc=main building, streetAddressOrIntersection=522 Albert, city=Madison, state=WI, zip=53746, busInfo=null, comments=n/a), Location(id=3, nameDesc=drop off, streetAddressOrIntersection=655 Main, city=Madison, state=WI, zip=53722, busInfo=null, comments=n/a), Location(id=4, nameDesc=River Food Pantry, streetAddressOrIntersection=1002 W. Wash, city=Madison, state=WI, zip=537478, busInfo=null, comments=pickup near front door), Location(id=5, nameDesc=Easter Seals, streetAddressOrIntersection=corner of Main and Fordem, city=Madison, state=WI, zip=53254, busInfo=null, comments=near back), Location(id=6, nameDesc=eastside near lansing, streetAddressOrIntersection=422 Lansing, city=Madison, state=WI, zip=53758, busInfo=null, comments=n/a)]
[DEBUG] 2021-04-06 18:09:15.497 [main] GenericDao - in get ALL [Location(id=1, nameDesc=eastside near lansing, streetAddressOrIntersection=422 Lansing, city=Madison, state=WI, zip=53714, busInfo=null, comments=near front of property), Location(id=2, nameDesc=main building, streetAddressOrIntersection=522 Albert, city=Madison, state=WI, zip=53746, busInfo=null, comments=n/a), Location(id=3, nameDesc=drop off, streetAddressOrIntersection=655 Main, city=Madison, state=WI, zip=53722, busInfo=null, comments=n/a), Location(id=4, nameDesc=River Food Pantry, streetAddressOrIntersection=1002 W. Wash, city=Madison, state=WI, zip=537478, busInfo=null, comments=pickup near front door), Location(id=5, nameDesc=Easter Seals, streetAddressOrIntersection=corner of Main and Fordem, city=Madison, state=WI, zip=53254, busInfo=null, comments=near back), Location(id=6, nameDesc=eastside near lansing, streetAddressOrIntersection=422 Lansing, city=Madison, state=WI, zip=53758, busInfo=null, comments=n/a)]
[INFO ] 2021-04-06 18:09:15.497 [main] LocationDaoTest - get all locations test: all locations;[Location(id=1, nameDesc=eastside near lansing, streetAddressOrIntersection=422 Lansing, city=Madison, state=WI, zip=53714, busInfo=null, comments=near front of property), Location(id=2, nameDesc=main building, streetAddressOrIntersection=522 Albert, city=Madison, state=WI, zip=53746, busInfo=null, comments=n/a), Location(id=3, nameDesc=drop off, streetAddressOrIntersection=655 Main, city=Madison, state=WI, zip=53722, busInfo=null, comments=n/a), Location(id=4, nameDesc=River Food Pantry, streetAddressOrIntersection=1002 W. Wash, city=Madison, state=WI, zip=537478, busInfo=null, comments=pickup near front door), Location(id=5, nameDesc=Easter Seals, streetAddressOrIntersection=corner of Main and Fordem, city=Madison, state=WI, zip=53254, busInfo=null, comments=near back), Location(id=6, nameDesc=eastside near lansing, streetAddressOrIntersection=422 Lansing, city=Madison, state=WI, zip=53758, busInfo=null, comments=n/a)]
[INFO ] 2021-04-06 18:09:15.622 [main] LocationDaoTest - in save or update test
[DEBUG] 2021-04-06 18:09:15.716 [main] GenericDao - Searching for person with nameDesc = Easter Seals
[DEBUG] 2021-04-06 18:09:15.841 [main] GenericDao - The list of Entities by propertyName streetAddressOrIntersection
[DEBUG] 2021-04-06 18:09:16.876 [main] GenericDao - The list of Entities by entity name [Location(id=1, nameDesc=eastside near lansing, streetAddressOrIntersection=422 Lansing, city=Madison, state=WI, zip=53714, busInfo=null, comments=near front of property), Location(id=2, nameDesc=main building, streetAddressOrIntersection=522 Albert, city=Madison, state=WI, zip=53746, busInfo=null, comments=n/a), Location(id=3, nameDesc=drop off, streetAddressOrIntersection=655 Main, city=Madison, state=WI, zip=53722, busInfo=null, comments=n/a), Location(id=4, nameDesc=River Food Pantry, streetAddressOrIntersection=1002 W. Wash, city=Madison, state=WI, zip=537478, busInfo=null, comments=pickup near front door), Location(id=5, nameDesc=Easter Seals, streetAddressOrIntersection=corner of Main and Fordem, city=Madison, state=WI, zip=53254, busInfo=null, comments=near back), Location(id=6, nameDesc=eastside near lansing, streetAddressOrIntersection=422 Lansing, city=Madison, state=WI, zip=53758, busInfo=null, comments=n/a)]
[DEBUG] 2021-04-06 18:09:16.891 [main] GenericDao - The list of Entities by entity name [Location(id=6, nameDesc=eastside near lansing, streetAddressOrIntersection=422 Lansing, city=Madison, state=WI, zip=53758, busInfo=null, comments=n/a)]
[DEBUG] 2021-04-06 18:09:17.691 [main] GenericDao - inserting entity Location(id=14, nameDesc=Beacon, streetAddressOrIntersection=322 Jones st, city=Madison, state=WI, zip=56987, busInfo=null, comments=null)
[DEBUG] 2021-04-06 18:09:18.444 [main] GenericDao - in get ALL [User{id=1, firstName='Joe', lastName='Coyne', userName='jcoyne', password='supersecret1', email='beast@mail', roles=[UserRoles{id=1, userName='jcoyne', roleName='regular'}]}, User{id=2, firstName='Fred', lastName='Hensen', userName='fhensen', password='supersecret2', email='yeast@mail', roles=[UserRoles{id=2, userName='fhensen', roleName='all'}]}, User{id=3, firstName='Barney', lastName='Curry', userName='bcurry', password='supersecret3', email='seast@mail', roles=[UserRoles{id=3, userName='bcurry', roleName='admin'}]}, User{id=4, firstName='Karen', lastName='Mack', userName='kmack', password='supersecret4', email='least@mail', roles=[UserRoles{id=4, userName='kmack', roleName='regular'}]}, User{id=5, firstName='Dianne', lastName='Klein', userName='dklein', password='supersecret5', email='zeast@mail', roles=[UserRoles{id=5, userName='dklein', roleName='all'}]}, User{id=6, firstName='tom', lastName='cat', userName='tomcat', password='tomcat', email='QUeast@mail', roles=[UserRoles{id=6, userName='tomcat', roleName='administration'}]}]
[INFO ] 2021-04-06 18:09:19.022 [main] UserDaoTest - in save or update test
[DEBUG] 2021-04-06 18:09:19.132 [main] GenericDao - inserting entity User{id=327, firstName='Fred', lastName='Flintstone', userName='fflintstone', password='meaty', email='meaty@sharks', roles=[UserRoles{id=167, userName='Sally', roleName='admin'}]}
[DEBUG] 2021-04-06 18:09:19.241 [main] GenericDao - Searching for person with lastName = Curry
[DEBUG] 2021-04-06 18:09:19.356 [main] GenericDao - The list of Entities by propertyName lastName
[DEBUG] 2021-04-06 18:09:19.476 [main] GenericDao - The list of Entities by entity name [User{id=4, firstName='Karen', lastName='Mack', userName='kmack', password='supersecret4', email='least@mail', roles=[UserRoles{id=4, userName='kmack', roleName='regular'}]}, User{id=5, firstName='Dianne', lastName='Klein', userName='dklein', password='supersecret5', email='zeast@mail', roles=[UserRoles{id=5, userName='dklein', roleName='all'}]}]
[DEBUG] 2021-04-06 18:09:19.478 [main] GenericDao - The list of Entities by entity name []
[DEBUG] 2021-04-06 18:09:19.666 [main] GenericDao - in get ALL [User{id=1, firstName='Joe', lastName='Coyne', userName='jcoyne', password='supersecret1', email='beast@mail', roles=[UserRoles{id=1, userName='jcoyne', roleName='regular'}]}, User{id=2, firstName='Fred', lastName='Hensen', userName='fhensen', password='supersecret2', email='yeast@mail', roles=[UserRoles{id=2, userName='fhensen', roleName='all'}]}, User{id=3, firstName='Barney', lastName='Curry', userName='bcurry', password='supersecret3', email='seast@mail', roles=[UserRoles{id=3, userName='bcurry', roleName='admin'}]}, User{id=4, firstName='Karen', lastName='Mack', userName='kmack', password='supersecret4', email='least@mail', roles=[UserRoles{id=4, userName='kmack', roleName='regular'}]}, User{id=5, firstName='Dianne', lastName='Klein', userName='dklein', password='supersecret5', email='zeast@mail', roles=[UserRoles{id=5, userName='dklein', roleName='all'}]}, User{id=6, firstName='tom', lastName='cat', userName='tomcat', password='tomcat', email='QUeast@mail', roles=[UserRoles{id=6, userName='tomcat', roleName='administration'}]}]
[DEBUG] 2021-04-06 18:09:19.681 [main] GenericDao - in get ALL [User{id=1, firstName='Joe', lastName='Coyne', userName='jcoyne', password='supersecret1', email='beast@mail', roles=[UserRoles{id=1, userName='jcoyne', roleName='regular'}]}, User{id=2, firstName='Fred', lastName='Hensen', userName='fhensen', password='supersecret2', email='yeast@mail', roles=[UserRoles{id=2, userName='fhensen', roleName='all'}]}, User{id=3, firstName='Barney', lastName='Curry', userName='bcurry', password='supersecret3', email='seast@mail', roles=[UserRoles{id=3, userName='bcurry', roleName='admin'}]}, User{id=4, firstName='Karen', lastName='Mack', userName='kmack', password='supersecret4', email='least@mail', roles=[UserRoles{id=4, userName='kmack', roleName='regular'}]}, User{id=5, firstName='Dianne', lastName='Klein', userName='dklein', password='supersecret5', email='zeast@mail', roles=[UserRoles{id=5, userName='dklein', roleName='all'}]}, User{id=6, firstName='tom', lastName='cat', userName='tomcat', password='tomcat', email='QUeast@mail', roles=[UserRoles{id=6, userName='tomcat', roleName='administration'}]}]
[INFO ] 2021-04-06 18:09:19.681 [main] UserDaoTest - get all users test: all users;[User{id=1, firstName='Joe', lastName='Coyne', userName='jcoyne', password='supersecret1', email='beast@mail', roles=[UserRoles{id=1, userName='jcoyne', roleName='regular'}]}, User{id=2, firstName='Fred', lastName='Hensen', userName='fhensen', password='supersecret2', email='yeast@mail', roles=[UserRoles{id=2, userName='fhensen', roleName='all'}]}, User{id=3, firstName='Barney', lastName='Curry', userName='bcurry', password='supersecret3', email='seast@mail', roles=[UserRoles{id=3, userName='bcurry', roleName='admin'}]}, User{id=4, firstName='Karen', lastName='Mack', userName='kmack', password='supersecret4', email='least@mail', roles=[UserRoles{id=4, userName='kmack', roleName='regular'}]}, User{id=5, firstName='Dianne', lastName='Klein', userName='dklein', password='supersecret5', email='zeast@mail', roles=[UserRoles{id=5, userName='dklein', roleName='all'}]}, User{id=6, firstName='tom', lastName='cat', userName='tomcat', password='tomcat', email='QUeast@mail', roles=[UserRoles{id=6, userName='tomcat', roleName='administration'}]}]
[DEBUG] 2021-04-06 18:09:19.775 [main] GenericDao - inserting entity User{id=328, firstName='Fred', lastName='Flintstone', userName='fflintstone', password='meaty', email='meaty@sharks', roles=[]}
[INFO ] 2021-04-06 18:09:19.962 [main] UserRolesDaoTest - update role success test
[DEBUG] 2021-04-06 18:09:20.041 [main] GenericDao - Searching for person with roleName = admin
[DEBUG] 2021-04-06 18:09:20.136 [main] GenericDao - The list of Entities by propertyName roleName
[DEBUG] 2021-04-06 18:09:20.225 [main] GenericDao - in get ALL [UserRoles{id=1, userName='jcoyne', roleName='regular'}, UserRoles{id=2, userName='fhensen', roleName='all'}, UserRoles{id=3, userName='bcurry', roleName='admin'}, UserRoles{id=4, userName='kmack', roleName='regular'}, UserRoles{id=5, userName='dklein', roleName='all'}, UserRoles{id=6, userName='tomcat', roleName='administration'}]
[DEBUG] 2021-04-06 18:09:20.241 [main] GenericDao - in get ALL [UserRoles{id=1, userName='jcoyne', roleName='regular'}, UserRoles{id=2, userName='fhensen', roleName='all'}, UserRoles{id=3, userName='bcurry', roleName='admin'}, UserRoles{id=4, userName='kmack', roleName='regular'}, UserRoles{id=5, userName='dklein', roleName='all'}, UserRoles{id=6, userName='tomcat', roleName='administration'}]
[INFO ] 2021-04-06 18:09:20.241 [main] UserRolesDaoTest - get all userRoles test: all userRoles;[UserRoles{id=1, userName='jcoyne', roleName='regular'}, UserRoles{id=2, userName='fhensen', roleName='all'}, UserRoles{id=3, userName='bcurry', roleName='admin'}, UserRoles{id=4, userName='kmack', roleName='regular'}, UserRoles{id=5, userName='dklein', roleName='all'}, UserRoles{id=6, userName='tomcat', roleName='administration'}]
[DEBUG] 2021-04-06 18:09:20.334 [main] GenericDao - The list of Entities by entity name [UserRoles{id=2, userName='fhensen', roleName='all'}, UserRoles{id=5, userName='dklein', roleName='all'}]
[DEBUG] 2021-04-06 18:09:20.334 [main] GenericDao - The list of Entities by entity name [UserRoles{id=1, userName='jcoyne', roleName='regular'}, UserRoles{id=4, userName='kmack', roleName='regular'}]
[DEBUG] 2021-04-09 14:52:37.921 [main] ApiTestServiceClient - {
   "plus_code" : {
      "compound_code" : "P27Q+MC New York, NY, USA",
      "global_code" : "87G8P27Q+MC"
   },
   "results" : [
      {
         "address_components" : [
            {
               "long_name" : "277",
               "short_name" : "277",
               "types" : [ "street_number" ]
            },
            {
               "long_name" : "Bedford Avenue",
               "short_name" : "Bedford Ave",
               "types" : [ "route" ]
            },
            {
               "long_name" : "Williamsburg",
               "short_name" : "Williamsburg",
               "types" : [ "neighborhood", "political" ]
            },
            {
               "long_name" : "Brooklyn",
               "short_name" : "Brooklyn",
               "types" : [ "political", "sublocality", "sublocality_level_1" ]
            },
            {
               "long_name" : "Kings County",
               "short_name" : "Kings County",
               "types" : [ "administrative_area_level_2", "political" ]
            },
            {
               "long_name" : "New York",
               "short_name" : "NY",
               "types" : [ "administrative_area_level_1", "political" ]
            },
            {
               "long_name" : "United States",
               "short_name" : "US",
               "types" : [ "country", "political" ]
            },
            {
               "long_name" : "11211",
               "short_name" : "11211",
               "types" : [ "postal_code" ]
            }
         ],
         "formatted_address" : "277 Bedford Ave, Brooklyn, NY 11211, USA",
         "geometry" : {
            "location" : {
               "lat" : 40.7142205,
               "lng" : -73.9612903
            },
            "location_type" : "ROOFTOP",
            "viewport" : {
               "northeast" : {
                  "lat" : 40.71556948029149,
                  "lng" : -73.95994131970849
               },
               "southwest" : {
                  "lat" : 40.7128715197085,
                  "lng" : -73.9626392802915
               }
            }
         },
         "place_id" : "ChIJd8BlQ2BZwokRAFUEcm_qrcA",
         "plus_code" : {
            "compound_code" : "P27Q+MF Brooklyn, NY, USA",
            "global_code" : "87G8P27Q+MF"
         },
         "types" : [ "street_address" ]
      },
      {
         "address_components" : [
            {
               "long_name" : "279",
               "short_name" : "279",
               "types" : [ "street_number" ]
            },
            {
               "long_name" : "Bedford Avenue",
               "short_name" : "Bedford Ave",
               "types" : [ "route" ]
            },
            {
               "long_name" : "Williamsburg",
               "short_name" : "Williamsburg",
               "types" : [ "neighborhood", "political" ]
            },
            {
               "long_name" : "Brooklyn",
               "short_name" : "Brooklyn",
               "types" : [ "political", "sublocality", "sublocality_level_1" ]
            },
            {
               "long_name" : "Kings County",
               "short_name" : "Kings County",
               "types" : [ "administrative_area_level_2", "political" ]
            },
            {
               "long_name" : "New York",
               "short_name" : "NY",
               "types" : [ "administrative_area_level_1", "political" ]
            },
            {
               "long_name" : "United States",
               "short_name" : "US",
               "types" : [ "country", "political" ]
            },
            {
               "long_name" : "11211",
               "short_name" : "11211",
               "types" : [ "postal_code" ]
            },
            {
               "long_name" : "4203",
               "short_name" : "4203",
               "types" : [ "postal_code_suffix" ]
            }
         ],
         "formatted_address" : "279 Bedford Ave, Brooklyn, NY 11211, USA",
         "geometry" : {
            "bounds" : {
               "northeast" : {
                  "lat" : 40.7142628,
                  "lng" : -73.96121309999999
               },
               "southwest" : {
                  "lat" : 40.7141534,
                  "lng" : -73.9613792
               }
            },
            "location" : {
               "lat" : 40.7142015,
               "lng" : -73.96130769999999
            },
            "location_type" : "ROOFTOP",
            "viewport" : {
               "northeast" : {
                  "lat" : 40.7155570802915,
                  "lng" : -73.95994716970849
               },
               "southwest" : {
                  "lat" : 40.7128591197085,
                  "lng" : -73.96264513029149
               }
            }
         },
         "place_id" : "ChIJRYYERGBZwokRAM4n1GlcYX4",
         "types" : [ "premise" ]
      },
      {
         "address_components" : [
            {
               "long_name" : "277",
               "short_name" : "277",
               "types" : [ "street_number" ]
            },
            {
               "long_name" : "Bedford Avenue",
               "short_name" : "Bedford Ave",
               "types" : [ "route" ]
            },
            {
               "long_name" : "Williamsburg",
               "short_name" : "Williamsburg",
               "types" : [ "neighborhood", "political" ]
            },
            {
               "long_name" : "Brooklyn",
               "short_name" : "Brooklyn",
               "types" : [ "political", "sublocality", "sublocality_level_1" ]
            },
            {
               "long_name" : "Kings County",
               "short_name" : "Kings County",
               "types" : [ "administrative_area_level_2", "political" ]
            },
            {
               "long_name" : "New York",
               "short_name" : "NY",
               "types" : [ "administrative_area_level_1", "political" ]
            },
            {
               "long_name" : "United States",
               "short_name" : "US",
               "types" : [ "country", "political" ]
            },
            {
               "long_name" : "11211",
               "short_name" : "11211",
               "types" : [ "postal_code" ]
            }
         ],
         "formatted_address" : "277 Bedford Ave, Brooklyn, NY 11211, USA",
         "geometry" : {
            "location" : {
               "lat" : 40.7142205,
               "lng" : -73.9612903
            },
            "location_type" : "ROOFTOP",
            "viewport" : {
               "northeast" : {
                  "lat" : 40.71556948029149,
                  "lng" : -73.95994131970849
               },
               "southwest" : {
                  "lat" : 40.7128715197085,
                  "lng" : -73.9626392802915
               }
            }
         },
         "place_id" : "ChIJF0hlQ2BZwokRsrY2RAlFbAE",
         "plus_code" : {
            "compound_code" : "P27Q+MF Brooklyn, NY, USA",
            "global_code" : "87G8P27Q+MF"
         },
         "types" : [ "establishment", "point_of_interest" ]
      },
      {
         "address_components" : [
            {
               "long_name" : "291-275",
               "short_name" : "291-275",
               "types" : [ "street_number" ]
            },
            {
               "long_name" : "Bedford Avenue",
               "short_name" : "Bedford Ave",
               "types" : [ "route" ]
            },
            {
               "long_name" : "Williamsburg",
               "short_name" : "Williamsburg",
               "types" : [ "neighborhood", "political" ]
            },
            {
               "long_name" : "Brooklyn",
               "short_name" : "Brooklyn",
               "types" : [ "political", "sublocality", "sublocality_level_1" ]
            },
            {
               "long_name" : "Kings County",
               "short_name" : "Kings County",
               "types" : [ "administrative_area_level_2", "political" ]
            },
            {
               "long_name" : "New York",
               "short_name" : "NY",
               "types" : [ "administrative_area_level_1", "political" ]
            },
            {
               "long_name" : "United States",
               "short_name" : "US",
               "types" : [ "country", "political" ]
            },
            {
               "long_name" : "11211",
               "short_name" : "11211",
               "types" : [ "postal_code" ]
            }
         ],
         "formatted_address" : "291-275 Bedford Ave, Brooklyn, NY 11211, USA",
         "geometry" : {
            "bounds" : {
               "northeast" : {
                  "lat" : 40.7145065,
                  "lng" : -73.9612923
               },
               "southwest" : {
                  "lat" : 40.7139055,
                  "lng" : -73.96168349999999
               }
            },
            "location" : {
               "lat" : 40.7142045,
               "lng" : -73.9614845
            },
            "location_type" : "GEOMETRIC_CENTER",
            "viewport" : {
               "northeast" : {
                  "lat" : 40.7155549802915,
                  "lng" : -73.96013891970848
               },
               "southwest" : {
                  "lat" : 40.7128570197085,
                  "lng" : -73.96283688029149
               }
            }
         },
         "place_id" : "ChIJ8ThWRGBZwokR3E1zUisk3LU",
         "types" : [ "route" ]
      },
      {
         "address_components" : [
            {
               "long_name" : "South Williamsburg",
               "short_name" : "South Williamsburg",
               "types" : [ "neighborhood", "political" ]
            },
            {
               "long_name" : "Brooklyn",
               "short_name" : "Brooklyn",
               "types" : [ "political", "sublocality", "sublocality_level_1" ]
            },
            {
               "long_name" : "Kings County",
               "short_name" : "Kings County",
               "types" : [ "administrative_area_level_2", "political" ]
            },
            {
               "long_name" : "New York",
               "short_name" : "NY",
               "types" : [ "administrative_area_level_1", "political" ]
            },
            {
               "long_name" : "United States",
               "short_name" : "US",
               "types" : [ "country", "political" ]
            }
         ],
         "formatted_address" : "South Williamsburg, Brooklyn, NY, USA",
         "geometry" : {
            "bounds" : {
               "northeast" : {
                  "lat" : 40.7167119,
                  "lng" : -73.9420904
               },
               "southwest" : {
                  "lat" : 40.6984866,
                  "lng" : -73.9699432
               }
            },
            "location" : {
               "lat" : 40.7043921,
               "lng" : -73.9565551
            },
            "location_type" : "APPROXIMATE",
            "viewport" : {
               "northeast" : {
                  "lat" : 40.7167119,
                  "lng" : -73.9420904
               },
               "southwest" : {
                  "lat" : 40.6984866,
                  "lng" : -73.9699432
               }
            }
         },
         "place_id" : "ChIJR3_ODdlbwokRYtN19kNtcuk",
         "types" : [ "neighborhood", "political" ]
      },
      {
         "address_components" : [
            {
               "long_name" : "11211",
               "short_name" : "11211",
               "types" : [ "postal_code" ]
            },
            {
               "long_name" : "Brooklyn",
               "short_name" : "Brooklyn",
               "types" : [ "political", "sublocality", "sublocality_level_1" ]
            },
            {
               "long_name" : "New York",
               "short_name" : "New York",
               "types" : [ "locality", "political" ]
            },
            {
               "long_name" : "New York",
               "short_name" : "NY",
               "types" : [ "administrative_area_level_1", "political" ]
            },
            {
               "long_name" : "United States",
               "short_name" : "US",
               "types" : [ "country", "political" ]
            }
         ],
         "formatted_address" : "Brooklyn, NY 11211, USA",
         "geometry" : {
            "bounds" : {
               "northeast" : {
                  "lat" : 40.7280089,
                  "lng" : -73.9207299
               },
               "southwest" : {
                  "lat" : 40.7008331,
                  "lng" : -73.9644697
               }
            },
            "location" : {
               "lat" : 40.7093358,
               "lng" : -73.9565551
            },
            "location_type" : "APPROXIMATE",
            "viewport" : {
               "northeast" : {
                  "lat" : 40.7280089,
                  "lng" : -73.9207299
               },
               "southwest" : {
                  "lat" : 40.7008331,
                  "lng" : -73.9644697
               }
            }
         },
         "place_id" : "ChIJvbEjlVdZwokR4KapM3WCFRw",
         "types" : [ "postal_code" ]
      },
      {
         "address_components" : [
            {
               "long_name" : "Williamsburg",
               "short_name" : "Williamsburg",
               "types" : [ "neighborhood", "political" ]
            },
            {
               "long_name" : "Brooklyn",
               "short_name" : "Brooklyn",
               "types" : [ "political", "sublocality", "sublocality_level_1" ]
            },
            {
               "long_name" : "Kings County",
               "short_name" : "Kings County",
               "types" : [ "administrative_area_level_2", "political" ]
            },
            {
               "long_name" : "New York",
               "short_name" : "NY",
               "types" : [ "administrative_area_level_1", "political" ]
            },
            {
               "long_name" : "United States",
               "short_name" : "US",
               "types" : [ "country", "political" ]
            }
         ],
         "formatted_address" : "Williamsburg, Brooklyn, NY, USA",
         "geometry" : {
            "bounds" : {
               "northeast" : {
                  "lat" : 40.7251773,
                  "lng" : -73.936498
               },
               "southwest" : {
                  "lat" : 40.6979329,
                  "lng" : -73.96984499999999
               }
            },
            "location" : {
               "lat" : 40.7081156,
               "lng" : -73.9570696
            },
            "location_type" : "APPROXIMATE",
            "viewport" : {
               "northeast" : {
                  "lat" : 40.7251773,
                  "lng" : -73.936498
               },
               "southwest" : {
                  "lat" : 40.6979329,
                  "lng" : -73.96984499999999
               }
            }
         },
         "place_id" : "ChIJQSrBBv1bwokRbNfFHCnyeYI",
         "types" : [ "neighborhood", "political" ]
      },
      {
         "address_components" : [
            {
               "long_name" : "Brooklyn",
               "short_name" : "Brooklyn",
               "types" : [ "political", "sublocality", "sublocality_level_1" ]
            },
            {
               "long_name" : "Kings County",
               "short_name" : "Kings County",
               "types" : [ "administrative_area_level_2", "political" ]
            },
            {
               "long_name" : "New York",
               "short_name" : "NY",
               "types" : [ "administrative_area_level_1", "political" ]
            },
            {
               "long_name" : "United States",
               "short_name" : "US",
               "types" : [ "country", "political" ]
            }
         ],
         "formatted_address" : "Brooklyn, NY, USA",
         "geometry" : {
            "bounds" : {
               "northeast" : {
                  "lat" : 40.739446,
                  "lng" : -73.83336509999999
               },
               "southwest" : {
                  "lat" : 40.551042,
                  "lng" : -74.05663
               }
            },
            "location" : {
               "lat" : 40.6781784,
               "lng" : -73.94415789999999
            },
            "location_type" : "APPROXIMATE",
            "viewport" : {
               "northeast" : {
                  "lat" : 40.739446,
                  "lng" : -73.83336509999999
               },
               "southwest" : {
                  "lat" : 40.551042,
                  "lng" : -74.05663
               }
            }
         },
         "place_id" : "ChIJCSF8lBZEwokRhngABHRcdoI",
         "types" : [ "political", "sublocality", "sublocality_level_1" ]
      },
      {
         "address_components" : [
            {
               "long_name" : "Kings County",
               "short_name" : "Kings County",
               "types" : [ "administrative_area_level_2", "political" ]
            },
            {
               "long_name" : "Brooklyn",
               "short_name" : "Brooklyn",
               "types" : [ "political", "sublocality", "sublocality_level_1" ]
            },
            {
               "long_name" : "New York",
               "short_name" : "NY",
               "types" : [ "administrative_area_level_1", "political" ]
            },
            {
               "long_name" : "United States",
               "short_name" : "US",
               "types" : [ "country", "political" ]
            }
         ],
         "formatted_address" : "Kings County, Brooklyn, NY, USA",
         "geometry" : {
            "bounds" : {
               "northeast" : {
                  "lat" : 40.739446,
                  "lng" : -73.83336509999999
               },
               "southwest" : {
                  "lat" : 40.551042,
                  "lng" : -74.05663
               }
            },
            "location" : {
               "lat" : 40.6528762,
               "lng" : -73.95949399999999
            },
            "location_type" : "APPROXIMATE",
            "viewport" : {
               "northeast" : {
                  "lat" : 40.739446,
                  "lng" : -73.83336509999999
               },
               "southwest" : {
                  "lat" : 40.551042,
                  "lng" : -74.05663
               }
            }
         },
         "place_id" : "ChIJOwE7_GTtwokRs75rhW4_I6M",
         "types" : [ "administrative_area_level_2", "political" ]
      },
      {
         "address_components" : [
            {
               "long_name" : "New York",
               "short_name" : "New York",
               "types" : [ "locality", "political" ]
            },
            {
               "long_name" : "New York",
               "short_name" : "NY",
               "types" : [ "administrative_area_level_1", "political" ]
            },
            {
               "long_name" : "United States",
               "short_name" : "US",
               "types" : [ "country", "political" ]
            }
         ],
         "formatted_address" : "New York, NY, USA",
         "geometry" : {
            "bounds" : {
               "northeast" : {
                  "lat" : 40.9175771,
                  "lng" : -73.70027209999999
               },
               "southwest" : {
                  "lat" : 40.4773991,
                  "lng" : -74.25908989999999
               }
            },
            "location" : {
               "lat" : 40.7127753,
               "lng" : -74.0059728
            },
            "location_type" : "APPROXIMATE",
            "viewport" : {
               "northeast" : {
                  "lat" : 40.9175771,
                  "lng" : -73.70027209999999
               },
               "southwest" : {
                  "lat" : 40.4773991,
                  "lng" : -74.25908989999999
               }
            }
         },
         "place_id" : "ChIJOwg_06VPwokRYv534QaPC8g",
         "types" : [ "locality", "political" ]
      },
      {
         "address_components" : [
            {
               "long_name" : "Long Island",
               "short_name" : "Long Island",
               "types" : [ "establishment", "natural_feature" ]
            },
            {
               "long_name" : "New York",
               "short_name" : "NY",
               "types" : [ "administrative_area_level_1", "political" ]
            },
            {
               "long_name" : "United States",
               "short_name" : "US",
               "types" : [ "country", "political" ]
            }
         ],
         "formatted_address" : "Long Island, New York, USA",
         "geometry" : {
            "bounds" : {
               "northeast" : {
                  "lat" : 41.1612401,
                  "lng" : -71.85620109999999
               },
               "southwest" : {
                  "lat" : 40.5429789,
                  "lng" : -74.0419497
               }
            },
            "location" : {
               "lat" : 40.789142,
               "lng" : -73.13496099999999
            },
            "location_type" : "APPROXIMATE",
            "viewport" : {
               "northeast" : {
                  "lat" : 41.1612401,
                  "lng" : -71.85620109999999
               },
               "southwest" : {
                  "lat" : 40.5429789,
                  "lng" : -74.0419497
               }
            }
         },
         "place_id" : "ChIJy6Xu4VRE6IkRGA2UhmH59x0",
         "types" : [ "establishment", "natural_feature" ]
      },
      {
         "address_components" : [
            {
               "long_name" : "New York",
               "short_name" : "NY",
               "types" : [ "administrative_area_level_1", "political" ]
            },
            {
               "long_name" : "United States",
               "short_name" : "US",
               "types" : [ "country", "political" ]
            }
         ],
         "formatted_address" : "New York, USA",
         "geometry" : {
            "bounds" : {
               "northeast" : {
                  "lat" : 45.015861,
                  "lng" : -71.777491
               },
               "southwest" : {
                  "lat" : 40.4773991,
                  "lng" : -79.7625901
               }
            },
            "location" : {
               "lat" : 43.2994285,
               "lng" : -74.21793260000001
            },
            "location_type" : "APPROXIMATE",
            "viewport" : {
               "northeast" : {
                  "lat" : 45.015861,
                  "lng" : -71.777491
               },
               "southwest" : {
                  "lat" : 40.4773991,
                  "lng" : -79.7625901
               }
            }
         },
         "place_id" : "ChIJqaUj8fBLzEwRZ5UY3sHGz90",
         "types" : [ "administrative_area_level_1", "political" ]
      },
      {
         "address_components" : [
            {
               "long_name" : "United States",
               "short_name" : "US",
               "types" : [ "country", "political" ]
            }
         ],
         "formatted_address" : "United States",
         "geometry" : {
            "bounds" : {
               "northeast" : {
                  "lat" : 71.5388001,
                  "lng" : -66.885417
               },
               "southwest" : {
                  "lat" : 18.7763,
                  "lng" : 170.5957
               }
            },
            "location" : {
               "lat" : 37.09024,
               "lng" : -95.712891
            },
            "location_type" : "APPROXIMATE",
            "viewport" : {
               "northeast" : {
                  "lat" : 71.5388001,
                  "lng" : -66.885417
               },
               "southwest" : {
                  "lat" : 18.7763,
                  "lng" : 170.5957
               }
            }
         },
         "place_id" : "ChIJCzYy5IS16lQRQrfeQ5K5Oxw",
         "types" : [ "country", "political" ]
      },
      {
         "address_components" : [
            {
               "long_name" : "P27Q+MC",
               "short_name" : "P27Q+MC",
               "types" : [ "plus_code" ]
            },
            {
               "long_name" : "New York",
               "short_name" : "New York",
               "types" : [ "locality", "political" ]
            },
            {
               "long_name" : "New York",
               "short_name" : "NY",
               "types" : [ "administrative_area_level_1", "political" ]
            },
            {
               "long_name" : "United States",
               "short_name" : "US",
               "types" : [ "country", "political" ]
            }
         ],
         "formatted_address" : "P27Q+MC New York, NY, USA",
         "geometry" : {
            "bounds" : {
               "northeast" : {
                  "lat" : 40.71425,
                  "lng" : -73.96137499999999
               },
               "southwest" : {
                  "lat" : 40.714125,
                  "lng" : -73.9615
               }
            },
            "location" : {
               "lat" : 40.714224,
               "lng" : -73.96145
            },
            "location_type" : "ROOFTOP",
            "viewport" : {
               "northeast" : {
                  "lat" : 40.71553648029149,
                  "lng" : -73.96008851970849
               },
               "southwest" : {
                  "lat" : 40.71283851970849,
                  "lng" : -73.96278648029151
               }
            }
         },
         "place_id" : "GhIJWAIpsWtbREART6-UZYh9UsA",
         "plus_code" : {
            "compound_code" : "P27Q+MC New York, NY, USA",
            "global_code" : "87G8P27Q+MC"
         },
         "types" : [ "plus_code" ]
      }
   ],
   "status" : "OK"
}

[DEBUG] 2021-04-09 15:25:39.792 [main] ApiTestServiceClient - com.hmkurth.api.Location@6fc29daa
[DEBUG] 2021-04-09 15:27:32.392 [main] ApiTestServiceClient - com.hmkurth.api.Location@6629ad09
[DEBUG] 2021-04-09 21:35:33.335 [main] ApiTestServiceClient - com.hmkurth.api.LocationApi@7569ea63
[DEBUG] 2021-04-09 22:07:18.017 [main] ApiTestServiceClient - {
   "results" : [
      {
         "address_components" : [
            {
               "long_name" : "3426",
               "short_name" : "3426",
               "types" : [ "street_number" ]
            },
            {
               "long_name" : "Hargrove Street",
               "short_name" : "Hargrove St",
               "types" : [ "route" ]
            },
            {
               "long_name" : "Madison",
               "short_name" : "Madison",
               "types" : [ "locality", "political" ]
            },
            {
               "long_name" : "Dane County",
               "short_name" : "Dane County",
               "types" : [ "administrative_area_level_2", "political" ]
            },
            {
               "long_name" : "Wisconsin",
               "short_name" : "WI",
               "types" : [ "administrative_area_level_1", "political" ]
            },
            {
               "long_name" : "United States",
               "short_name" : "US",
               "types" : [ "country", "political" ]
            },
            {
               "long_name" : "53714",
               "short_name" : "53714",
               "types" : [ "postal_code" ]
            },
            {
               "long_name" : "2225",
               "short_name" : "2225",
               "types" : [ "postal_code_suffix" ]
            }
         ],
         "formatted_address" : "3426 Hargrove St, Madison, WI 53714, USA",
         "geometry" : {
            "bounds" : {
               "northeast" : {
                  "lat" : 43.0933397,
                  "lng" : -89.3305984
               },
               "southwest" : {
                  "lat" : 43.0932127,
                  "lng" : -89.33076389999999
               }
            },
            "location" : {
               "lat" : 43.0932603,
               "lng" : -89.33068160000001
            },
            "location_type" : "ROOFTOP",
            "viewport" : {
               "northeast" : {
                  "lat" : 43.0946251802915,
                  "lng" : -89.32933216970851
               },
               "southwest" : {
                  "lat" : 43.0919272197085,
                  "lng" : -89.33203013029151
               }
            }
         },
         "place_id" : "ChIJpQkuT_hTBogRFObE2INuA24",
         "types" : [ "premise" ]
      }
   ],
   "status" : "OK"
}

[DEBUG] 2021-04-09 22:07:18.578 [main] ApiTestServiceClient - com.hmkurth.api.LocationApi@20576557
[DEBUG] 2021-04-09 22:12:57.256 [main] ApiTestServiceClient - {
   "results" : [
      {
         "address_components" : [
            {
               "long_name" : "3426",
               "short_name" : "3426",
               "types" : [ "street_number" ]
            },
            {
               "long_name" : "Hargrove Street",
               "short_name" : "Hargrove St",
               "types" : [ "route" ]
            },
            {
               "long_name" : "Madison",
               "short_name" : "Madison",
               "types" : [ "locality", "political" ]
            },
            {
               "long_name" : "Dane County",
               "short_name" : "Dane County",
               "types" : [ "administrative_area_level_2", "political" ]
            },
            {
               "long_name" : "Wisconsin",
               "short_name" : "WI",
               "types" : [ "administrative_area_level_1", "political" ]
            },
            {
               "long_name" : "United States",
               "short_name" : "US",
               "types" : [ "country", "political" ]
            },
            {
               "long_name" : "53714",
               "short_name" : "53714",
               "types" : [ "postal_code" ]
            },
            {
               "long_name" : "2225",
               "short_name" : "2225",
               "types" : [ "postal_code_suffix" ]
            }
         ],
         "formatted_address" : "3426 Hargrove St, Madison, WI 53714, USA",
         "geometry" : {
            "bounds" : {
               "northeast" : {
                  "lat" : 43.0933397,
                  "lng" : -89.3305984
               },
               "southwest" : {
                  "lat" : 43.0932127,
                  "lng" : -89.33076389999999
               }
            },
            "location" : {
               "lat" : 43.0932603,
               "lng" : -89.33068160000001
            },
            "location_type" : "ROOFTOP",
            "viewport" : {
               "northeast" : {
                  "lat" : 43.0946251802915,
                  "lng" : -89.32933216970851
               },
               "southwest" : {
                  "lat" : 43.0919272197085,
                  "lng" : -89.33203013029151
               }
            }
         },
         "place_id" : "ChIJpQkuT_hTBogRFObE2INuA24",
         "types" : [ "premise" ]
      }
   ],
   "status" : "OK"
}

[DEBUG] 2021-04-09 22:22:32.338 [main] ApiTestServiceClient - com.hmkurth.api.LocationApi@3c3a0032
[DEBUG] 2021-04-09 22:24:24.481 [main] ApiTestServiceClient - {
   "results" : [
      {
         "address_components" : [
            {
               "long_name" : "3426",
               "short_name" : "3426",
               "types" : [ "street_number" ]
            },
            {
               "long_name" : "Hargrove Street",
               "short_name" : "Hargrove St",
               "types" : [ "route" ]
            },
            {
               "long_name" : "Madison",
               "short_name" : "Madison",
               "types" : [ "locality", "political" ]
            },
            {
               "long_name" : "Dane County",
               "short_name" : "Dane County",
               "types" : [ "administrative_area_level_2", "political" ]
            },
            {
               "long_name" : "Wisconsin",
               "short_name" : "WI",
               "types" : [ "administrative_area_level_1", "political" ]
            },
            {
               "long_name" : "United States",
               "short_name" : "US",
               "types" : [ "country", "political" ]
            },
            {
               "long_name" : "53714",
               "short_name" : "53714",
               "types" : [ "postal_code" ]
            },
            {
               "long_name" : "2225",
               "short_name" : "2225",
               "types" : [ "postal_code_suffix" ]
            }
         ],
         "formatted_address" : "3426 Hargrove St, Madison, WI 53714, USA",
         "geometry" : {
            "bounds" : {
               "northeast" : {
                  "lat" : 43.0933397,
                  "lng" : -89.3305984
               },
               "southwest" : {
                  "lat" : 43.0932127,
                  "lng" : -89.33076389999999
               }
            },
            "location" : {
               "lat" : 43.0932603,
               "lng" : -89.33068160000001
            },
            "location_type" : "ROOFTOP",
            "viewport" : {
               "northeast" : {
                  "lat" : 43.0946251802915,
                  "lng" : -89.32933216970851
               },
               "southwest" : {
                  "lat" : 43.0919272197085,
                  "lng" : -89.33203013029151
               }
            }
         },
         "place_id" : "ChIJpQkuT_hTBogRFObE2INuA24",
         "types" : [ "premise" ]
      }
   ],
   "status" : "OK"
}

[DEBUG] 2021-04-09 22:24:25.492 [main] ApiTestServiceClient - com.hmkurth.api.LocationApi@574cd322
[DEBUG] 2021-04-09 22:27:05.084 [main] ApiTestServiceClient - {
   "results" : [
      {
         "address_components" : [
            {
               "long_name" : "3426",
               "short_name" : "3426",
               "types" : [ "street_number" ]
            },
            {
               "long_name" : "Hargrove Street",
               "short_name" : "Hargrove St",
               "types" : [ "route" ]
            },
            {
               "long_name" : "Madison",
               "short_name" : "Madison",
               "types" : [ "locality", "political" ]
            },
            {
               "long_name" : "Dane County",
               "short_name" : "Dane County",
               "types" : [ "administrative_area_level_2", "political" ]
            },
            {
               "long_name" : "Wisconsin",
               "short_name" : "WI",
               "types" : [ "administrative_area_level_1", "political" ]
            },
            {
               "long_name" : "United States",
               "short_name" : "US",
               "types" : [ "country", "political" ]
            },
            {
               "long_name" : "53714",
               "short_name" : "53714",
               "types" : [ "postal_code" ]
            },
            {
               "long_name" : "2225",
               "short_name" : "2225",
               "types" : [ "postal_code_suffix" ]
            }
         ],
         "formatted_address" : "3426 Hargrove St, Madison, WI 53714, USA",
         "geometry" : {
            "bounds" : {
               "northeast" : {
                  "lat" : 43.0933397,
                  "lng" : -89.3305984
               },
               "southwest" : {
                  "lat" : 43.0932127,
                  "lng" : -89.33076389999999
               }
            },
            "location" : {
               "lat" : 43.0932603,
               "lng" : -89.33068160000001
            },
            "location_type" : "ROOFTOP",
            "viewport" : {
               "northeast" : {
                  "lat" : 43.0946251802915,
                  "lng" : -89.32933216970851
               },
               "southwest" : {
                  "lat" : 43.0919272197085,
                  "lng" : -89.33203013029151
               }
            }
         },
         "place_id" : "ChIJpQkuT_hTBogRFObE2INuA24",
         "types" : [ "premise" ]
      }
   ],
   "status" : "OK"
}

[DEBUG] 2021-04-09 22:32:25.740 [main] ApiTestServiceClient - com.hmkurth.api.LocationApi@3c3a0032
[DEBUG] 2021-04-10 19:29:54.478 [main] ApiTestServiceClient - {
   "results" : [
      {
         "address_components" : [
            {
               "long_name" : "3426",
               "short_name" : "3426",
               "types" : [ "street_number" ]
            },
            {
               "long_name" : "Hargrove Street",
               "short_name" : "Hargrove St",
               "types" : [ "route" ]
            },
            {
               "long_name" : "Madison",
               "short_name" : "Madison",
               "types" : [ "locality", "political" ]
            },
            {
               "long_name" : "Dane County",
               "short_name" : "Dane County",
               "types" : [ "administrative_area_level_2", "political" ]
            },
            {
               "long_name" : "Wisconsin",
               "short_name" : "WI",
               "types" : [ "administrative_area_level_1", "political" ]
            },
            {
               "long_name" : "United States",
               "short_name" : "US",
               "types" : [ "country", "political" ]
            },
            {
               "long_name" : "53714",
               "short_name" : "53714",
               "types" : [ "postal_code" ]
            },
            {
               "long_name" : "2225",
               "short_name" : "2225",
               "types" : [ "postal_code_suffix" ]
            }
         ],
         "formatted_address" : "3426 Hargrove St, Madison, WI 53714, USA",
         "geometry" : {
            "bounds" : {
               "northeast" : {
                  "lat" : 43.0933397,
                  "lng" : -89.3305984
               },
               "southwest" : {
                  "lat" : 43.0932127,
                  "lng" : -89.33076389999999
               }
            },
            "location" : {
               "lat" : 43.0932603,
               "lng" : -89.33068160000001
            },
            "location_type" : "ROOFTOP",
            "viewport" : {
               "northeast" : {
                  "lat" : 43.0946251802915,
                  "lng" : -89.32933216970851
               },
               "southwest" : {
                  "lat" : 43.0919272197085,
                  "lng" : -89.33203013029151
               }
            }
         },
         "place_id" : "ChIJpQkuT_hTBogRFObE2INuA24",
         "types" : [ "premise" ]
      }
   ],
   "status" : "OK"
}

[DEBUG] 2021-04-10 19:35:28.578 [main] ApiTestServiceClient - {
   "results" : [
      {
         "address_components" : [
            {
               "long_name" : "3426",
               "short_name" : "3426",
               "types" : [ "street_number" ]
            },
            {
               "long_name" : "Hargrove Street",
               "short_name" : "Hargrove St",
               "types" : [ "route" ]
            },
            {
               "long_name" : "Madison",
               "short_name" : "Madison",
               "types" : [ "locality", "political" ]
            },
            {
               "long_name" : "Dane County",
               "short_name" : "Dane County",
               "types" : [ "administrative_area_level_2", "political" ]
            },
            {
               "long_name" : "Wisconsin",
               "short_name" : "WI",
               "types" : [ "administrative_area_level_1", "political" ]
            },
            {
               "long_name" : "United States",
               "short_name" : "US",
               "types" : [ "country", "political" ]
            },
            {
               "long_name" : "53714",
               "short_name" : "53714",
               "types" : [ "postal_code" ]
            },
            {
               "long_name" : "2225",
               "short_name" : "2225",
               "types" : [ "postal_code_suffix" ]
            }
         ],
         "formatted_address" : "3426 Hargrove St, Madison, WI 53714, USA",
         "geometry" : {
            "bounds" : {
               "northeast" : {
                  "lat" : 43.0933397,
                  "lng" : -89.3305984
               },
               "southwest" : {
                  "lat" : 43.0932127,
                  "lng" : -89.33076389999999
               }
            },
            "location" : {
               "lat" : 43.0932603,
               "lng" : -89.33068160000001
            },
            "location_type" : "ROOFTOP",
            "viewport" : {
               "northeast" : {
                  "lat" : 43.0946251802915,
                  "lng" : -89.32933216970851
               },
               "southwest" : {
                  "lat" : 43.0919272197085,
                  "lng" : -89.33203013029151
               }
            }
         },
         "place_id" : "ChIJpQkuT_hTBogRFObE2INuA24",
         "types" : [ "premise" ]
      }
   ],
   "status" : "OK"
}

[DEBUG] 2021-04-10 19:39:03.666 [main] ApiTestServiceClient - {
   "results" : [
      {
         "address_components" : [
            {
               "long_name" : "3426",
               "short_name" : "3426",
               "types" : [ "street_number" ]
            },
            {
               "long_name" : "Hargrove Street",
               "short_name" : "Hargrove St",
               "types" : [ "route" ]
            },
            {
               "long_name" : "Madison",
               "short_name" : "Madison",
               "types" : [ "locality", "political" ]
            },
            {
               "long_name" : "Dane County",
               "short_name" : "Dane County",
               "types" : [ "administrative_area_level_2", "political" ]
            },
            {
               "long_name" : "Wisconsin",
               "short_name" : "WI",
               "types" : [ "administrative_area_level_1", "political" ]
            },
            {
               "long_name" : "United States",
               "short_name" : "US",
               "types" : [ "country", "political" ]
            },
            {
               "long_name" : "53714",
               "short_name" : "53714",
               "types" : [ "postal_code" ]
            },
            {
               "long_name" : "2225",
               "short_name" : "2225",
               "types" : [ "postal_code_suffix" ]
            }
         ],
         "formatted_address" : "3426 Hargrove St, Madison, WI 53714, USA",
         "geometry" : {
            "bounds" : {
               "northeast" : {
                  "lat" : 43.0933397,
                  "lng" : -89.3305984
               },
               "southwest" : {
                  "lat" : 43.0932127,
                  "lng" : -89.33076389999999
               }
            },
            "location" : {
               "lat" : 43.0932603,
               "lng" : -89.33068160000001
            },
            "location_type" : "ROOFTOP",
            "viewport" : {
               "northeast" : {
                  "lat" : 43.0946251802915,
                  "lng" : -89.32933216970851
               },
               "southwest" : {
                  "lat" : 43.0919272197085,
                  "lng" : -89.33203013029151
               }
            }
         },
         "place_id" : "ChIJpQkuT_hTBogRFObE2INuA24",
         "types" : [ "premise" ]
      }
   ],
   "status" : "OK"
}

[DEBUG] 2021-04-10 19:52:59.500 [main] ApiTestServiceClient - com.hmkurth.ApiLocation.Result@4cdb8504
[DEBUG] 2021-04-10 19:53:20.124 [main] ApiTestServiceClient - com.hmkurth.ApiLocation.Result@76db540e
[DEBUG] 2021-04-10 19:56:45.186 [main] ApiTestServiceClient - com.hmkurth.ApiLocation.Result@3a175162
[DEBUG] 2021-04-10 19:57:23.532 [main] ApiTestServiceClient - com.hmkurth.ApiLocation.Result@76db540e
[DEBUG] 2021-04-10 19:58:14.956 [main] ApiTestServiceClient - com.hmkurth.ApiLocation.Result@76db540e
[DEBUG] 2021-04-10 20:04:42.687 [main] ApiTestServiceClient - com.hmkurth.ApiLocation.Result@4cdb8504
[DEBUG] 2021-04-10 20:08:59.433 [main] ApiTestServiceClient - com.hmkurth.ApiLocation.Result@3a175162
[DEBUG] 2021-04-10 20:09:19.138 [main] ApiTestServiceClient - com.hmkurth.ApiLocation.Result@4cdb8504
