[DEBUG] 2021-03-17 17:16:14.917 [http-nio-8080-exec-1] IntegratorServiceImpl - Adding Integrator [org.hibernate.cfg.beanvalidation.BeanValidationIntegrator].
[DEBUG] 2021-03-17 17:16:14.948 [http-nio-8080-exec-1] IntegratorServiceImpl - Adding Integrator [org.hibernate.secure.spi.JaccIntegrator].
[DEBUG] 2021-03-17 17:16:14.972 [http-nio-8080-exec-1] IntegratorServiceImpl - Adding Integrator [org.hibernate.cache.internal.CollectionCacheInvalidator].
[INFO ] 2021-03-17 17:16:15.364 [http-nio-8080-exec-1] Version - HHH000412: Hibernate Core {5.4.4.Final}
[DEBUG] 2021-03-17 17:16:15.370 [http-nio-8080-exec-1] Environment - HHH000206: hibernate.properties not found
[DEBUG] 2021-03-17 17:16:16.181 [http-nio-8080-exec-1] LocalXmlResourceResolver - Interpreting public/system identifier : [null] - [http://www.hibernate.org/dtd/hibernate-configuration-3.0.dtd]
[DEBUG] 2021-03-17 17:16:16.184 [http-nio-8080-exec-1] LocalXmlResourceResolver - Recognized hibernate-configuration identifier; attempting to resolve on classpath under org/hibernate/
[DEBUG] 2021-03-17 17:16:16.235 [http-nio-8080-exec-1] JaxbCfgProcessor - cfg.xml document did not define namespaces; wrapping in custom event reader to introduce namespace information
[DEBUG] 2021-03-17 17:16:17.365 [http-nio-8080-exec-1] ServiceBinding - Overriding existing service binding [org.hibernate.secure.spi.JaccService]
[DEBUG] 2021-03-17 17:16:17.444 [http-nio-8080-exec-1] RegionFactoryInitiator - Cannot default RegionFactory based on registered strategies as `[]` RegionFactory strategies were registered
[DEBUG] 2021-03-17 17:16:17.450 [http-nio-8080-exec-1] RegionFactoryInitiator - Cache region factory : org.hibernate.cache.internal.NoCachingRegionFactory
[INFO ] 2021-03-17 17:16:17.584 [http-nio-8080-exec-1] Version - HCANN000001: Hibernate Commons Annotations {5.1.0.Final}
[DEBUG] 2021-03-17 17:16:17.793 [http-nio-8080-exec-1] BasicTypeRegistry - Adding type registration boolean -> org.hibernate.type.BooleanType@1b14ed50
[DEBUG] 2021-03-17 17:16:17.794 [http-nio-8080-exec-1] BasicTypeRegistry - Adding type registration boolean -> org.hibernate.type.BooleanType@1b14ed50
[DEBUG] 2021-03-17 17:16:17.794 [http-nio-8080-exec-1] BasicTypeRegistry - Adding type registration java.lang.Boolean -> org.hibernate.type.BooleanType@1b14ed50
[DEBUG] 2021-03-17 17:16:17.796 [http-nio-8080-exec-1] BasicTypeRegistry - Adding type registration numeric_boolean -> org.hibernate.type.NumericBooleanType@51c7a919
[DEBUG] 2021-03-17 17:16:17.798 [http-nio-8080-exec-1] BasicTypeRegistry - Adding type registration true_false -> org.hibernate.type.TrueFalseType@110858c5
[DEBUG] 2021-03-17 17:16:17.801 [http-nio-8080-exec-1] BasicTypeRegistry - Adding type registration yes_no -> org.hibernate.type.YesNoType@68206f80
[DEBUG] 2021-03-17 17:16:17.806 [http-nio-8080-exec-1] BasicTypeRegistry - Adding type registration byte -> org.hibernate.type.ByteType@4b73b046
[DEBUG] 2021-03-17 17:16:17.807 [http-nio-8080-exec-1] BasicTypeRegistry - Adding type registration byte -> org.hibernate.type.ByteType@4b73b046
[DEBUG] 2021-03-17 17:16:17.807 [http-nio-8080-exec-1] BasicTypeRegistry - Adding type registration java.lang.Byte -> org.hibernate.type.ByteType@4b73b046
[DEBUG] 2021-03-17 17:16:17.811 [http-nio-8080-exec-1] BasicTypeRegistry - Adding type registration character -> org.hibernate.type.CharacterType@145a5408
[DEBUG] 2021-03-17 17:16:17.811 [http-nio-8080-exec-1] BasicTypeRegistry - Adding type registration char -> org.hibernate.type.CharacterType@145a5408
[DEBUG] 2021-03-17 17:16:17.811 [http-nio-8080-exec-1] BasicTypeRegistry - Adding type registration java.lang.Character -> org.hibernate.type.CharacterType@145a5408
[DEBUG] 2021-03-17 17:16:17.815 [http-nio-8080-exec-1] BasicTypeRegistry - Adding type registration short -> org.hibernate.type.ShortType@51f17db2
[DEBUG] 2021-03-17 17:16:17.815 [http-nio-8080-exec-1] BasicTypeRegistry - Adding type registration short -> org.hibernate.type.ShortType@51f17db2
[DEBUG] 2021-03-17 17:16:17.815 [http-nio-8080-exec-1] BasicTypeRegistry - Adding type registration java.lang.Short -> org.hibernate.type.ShortType@51f17db2
[DEBUG] 2021-03-17 17:16:17.819 [http-nio-8080-exec-1] BasicTypeRegistry - Adding type registration integer -> org.hibernate.type.IntegerType@26c44ee7
[DEBUG] 2021-03-17 17:16:17.819 [http-nio-8080-exec-1] BasicTypeRegistry - Adding type registration int -> org.hibernate.type.IntegerType@26c44ee7
[DEBUG] 2021-03-17 17:16:17.819 [http-nio-8080-exec-1] BasicTypeRegistry - Adding type registration java.lang.Integer -> org.hibernate.type.IntegerType@26c44ee7
[DEBUG] 2021-03-17 17:16:17.823 [http-nio-8080-exec-1] BasicTypeRegistry - Adding type registration long -> org.hibernate.type.LongType@16f3c221
[DEBUG] 2021-03-17 17:16:17.823 [http-nio-8080-exec-1] BasicTypeRegistry - Adding type registration long -> org.hibernate.type.LongType@16f3c221
[DEBUG] 2021-03-17 17:16:17.824 [http-nio-8080-exec-1] BasicTypeRegistry - Adding type registration java.lang.Long -> org.hibernate.type.LongType@16f3c221
[DEBUG] 2021-03-17 17:16:17.827 [http-nio-8080-exec-1] BasicTypeRegistry - Adding type registration float -> org.hibernate.type.FloatType@2e8c5684
[DEBUG] 2021-03-17 17:16:17.828 [http-nio-8080-exec-1] BasicTypeRegistry - Adding type registration float -> org.hibernate.type.FloatType@2e8c5684
[DEBUG] 2021-03-17 17:16:17.828 [http-nio-8080-exec-1] BasicTypeRegistry - Adding type registration java.lang.Float -> org.hibernate.type.FloatType@2e8c5684
[DEBUG] 2021-03-17 17:16:17.831 [http-nio-8080-exec-1] BasicTypeRegistry - Adding type registration double -> org.hibernate.type.DoubleType@469910e9
[DEBUG] 2021-03-17 17:16:17.831 [http-nio-8080-exec-1] BasicTypeRegistry - Adding type registration double -> org.hibernate.type.DoubleType@469910e9
[DEBUG] 2021-03-17 17:16:17.832 [http-nio-8080-exec-1] BasicTypeRegistry - Adding type registration java.lang.Double -> org.hibernate.type.DoubleType@469910e9
[DEBUG] 2021-03-17 17:16:17.836 [http-nio-8080-exec-1] BasicTypeRegistry - Adding type registration big_decimal -> org.hibernate.type.BigDecimalType@3a5dc4ab
[DEBUG] 2021-03-17 17:16:17.836 [http-nio-8080-exec-1] BasicTypeRegistry - Adding type registration java.math.BigDecimal -> org.hibernate.type.BigDecimalType@3a5dc4ab
[DEBUG] 2021-03-17 17:16:17.840 [http-nio-8080-exec-1] BasicTypeRegistry - Adding type registration big_integer -> org.hibernate.type.BigIntegerType@b12f0df
[DEBUG] 2021-03-17 17:16:17.841 [http-nio-8080-exec-1] BasicTypeRegistry - Adding type registration java.math.BigInteger -> org.hibernate.type.BigIntegerType@b12f0df
[DEBUG] 2021-03-17 17:16:17.845 [http-nio-8080-exec-1] BasicTypeRegistry - Adding type registration string -> org.hibernate.type.StringType@1b6c1bbf
[DEBUG] 2021-03-17 17:16:17.845 [http-nio-8080-exec-1] BasicTypeRegistry - Adding type registration java.lang.String -> org.hibernate.type.StringType@1b6c1bbf
[DEBUG] 2021-03-17 17:16:17.847 [http-nio-8080-exec-1] BasicTypeRegistry - Adding type registration nstring -> org.hibernate.type.StringNVarcharType@55661888
[DEBUG] 2021-03-17 17:16:17.849 [http-nio-8080-exec-1] BasicTypeRegistry - Adding type registration ncharacter -> org.hibernate.type.CharacterNCharType@3f5477a8
[DEBUG] 2021-03-17 17:16:17.854 [http-nio-8080-exec-1] BasicTypeRegistry - Adding type registration url -> org.hibernate.type.UrlType@54b855e5
[DEBUG] 2021-03-17 17:16:17.854 [http-nio-8080-exec-1] BasicTypeRegistry - Adding type registration java.net.URL -> org.hibernate.type.UrlType@54b855e5
[DEBUG] 2021-03-17 17:16:17.858 [http-nio-8080-exec-1] BasicTypeRegistry - Adding type registration Duration -> org.hibernate.type.DurationType@1dc146e6
[DEBUG] 2021-03-17 17:16:17.858 [http-nio-8080-exec-1] BasicTypeRegistry - Adding type registration java.time.Duration -> org.hibernate.type.DurationType@1dc146e6
[DEBUG] 2021-03-17 17:16:17.874 [http-nio-8080-exec-1] BasicTypeRegistry - Adding type registration Instant -> org.hibernate.type.InstantType@24d1c790
[DEBUG] 2021-03-17 17:16:17.874 [http-nio-8080-exec-1] BasicTypeRegistry - Adding type registration java.time.Instant -> org.hibernate.type.InstantType@24d1c790
[DEBUG] 2021-03-17 17:16:17.879 [http-nio-8080-exec-1] BasicTypeRegistry - Adding type registration LocalDateTime -> org.hibernate.type.LocalDateTimeType@7955b491
[DEBUG] 2021-03-17 17:16:17.880 [http-nio-8080-exec-1] BasicTypeRegistry - Adding type registration java.time.LocalDateTime -> org.hibernate.type.LocalDateTimeType@7955b491
[DEBUG] 2021-03-17 17:16:17.885 [http-nio-8080-exec-1] BasicTypeRegistry - Adding type registration LocalDate -> org.hibernate.type.LocalDateType@1a846566
[DEBUG] 2021-03-17 17:16:17.885 [http-nio-8080-exec-1] BasicTypeRegistry - Adding type registration java.time.LocalDate -> org.hibernate.type.LocalDateType@1a846566
[DEBUG] 2021-03-17 17:16:17.891 [http-nio-8080-exec-1] BasicTypeRegistry - Adding type registration LocalTime -> org.hibernate.type.LocalTimeType@5283daa8
[DEBUG] 2021-03-17 17:16:17.891 [http-nio-8080-exec-1] BasicTypeRegistry - Adding type registration java.time.LocalTime -> org.hibernate.type.LocalTimeType@5283daa8
[DEBUG] 2021-03-17 17:16:17.895 [http-nio-8080-exec-1] BasicTypeRegistry - Adding type registration OffsetDateTime -> org.hibernate.type.OffsetDateTimeType@28e12902
[DEBUG] 2021-03-17 17:16:17.896 [http-nio-8080-exec-1] BasicTypeRegistry - Adding type registration java.time.OffsetDateTime -> org.hibernate.type.OffsetDateTimeType@28e12902
[DEBUG] 2021-03-17 17:16:17.900 [http-nio-8080-exec-1] BasicTypeRegistry - Adding type registration OffsetTime -> org.hibernate.type.OffsetTimeType@3cf6b655
[DEBUG] 2021-03-17 17:16:17.900 [http-nio-8080-exec-1] BasicTypeRegistry - Adding type registration java.time.OffsetTime -> org.hibernate.type.OffsetTimeType@3cf6b655
[DEBUG] 2021-03-17 17:16:17.907 [http-nio-8080-exec-1] BasicTypeRegistry - Adding type registration ZonedDateTime -> org.hibernate.type.ZonedDateTimeType@38bfc174
[DEBUG] 2021-03-17 17:16:17.907 [http-nio-8080-exec-1] BasicTypeRegistry - Adding type registration java.time.ZonedDateTime -> org.hibernate.type.ZonedDateTimeType@38bfc174
[DEBUG] 2021-03-17 17:16:17.913 [http-nio-8080-exec-1] BasicTypeRegistry - Adding type registration date -> org.hibernate.type.DateType@58cb0850
[DEBUG] 2021-03-17 17:16:17.913 [http-nio-8080-exec-1] BasicTypeRegistry - Adding type registration java.sql.Date -> org.hibernate.type.DateType@58cb0850
[DEBUG] 2021-03-17 17:16:17.918 [http-nio-8080-exec-1] BasicTypeRegistry - Adding type registration time -> org.hibernate.type.TimeType@4db95cfe
[DEBUG] 2021-03-17 17:16:17.918 [http-nio-8080-exec-1] BasicTypeRegistry - Adding type registration java.sql.Time -> org.hibernate.type.TimeType@4db95cfe
[DEBUG] 2021-03-17 17:16:17.923 [http-nio-8080-exec-1] BasicTypeRegistry - Adding type registration timestamp -> org.hibernate.type.TimestampType@2950b261
[DEBUG] 2021-03-17 17:16:17.923 [http-nio-8080-exec-1] BasicTypeRegistry - Adding type registration java.sql.Timestamp -> org.hibernate.type.TimestampType@2950b261
[DEBUG] 2021-03-17 17:16:17.923 [http-nio-8080-exec-1] BasicTypeRegistry - Adding type registration java.util.Date -> org.hibernate.type.TimestampType@2950b261
[DEBUG] 2021-03-17 17:16:17.927 [http-nio-8080-exec-1] BasicTypeRegistry - Adding type registration dbtimestamp -> org.hibernate.type.DbTimestampType@490a4d0c
[DEBUG] 2021-03-17 17:16:17.931 [http-nio-8080-exec-1] BasicTypeRegistry - Adding type registration calendar -> org.hibernate.type.CalendarType@44a47f31
[DEBUG] 2021-03-17 17:16:17.931 [http-nio-8080-exec-1] BasicTypeRegistry - Adding type registration java.util.Calendar -> org.hibernate.type.CalendarType@44a47f31
[DEBUG] 2021-03-17 17:16:17.931 [http-nio-8080-exec-1] BasicTypeRegistry - Adding type registration java.util.GregorianCalendar -> org.hibernate.type.CalendarType@44a47f31
[DEBUG] 2021-03-17 17:16:17.934 [http-nio-8080-exec-1] BasicTypeRegistry - Adding type registration calendar_date -> org.hibernate.type.CalendarDateType@1bac3078
[DEBUG] 2021-03-17 17:16:17.938 [http-nio-8080-exec-1] BasicTypeRegistry - Adding type registration locale -> org.hibernate.type.LocaleType@f22bbb0
[DEBUG] 2021-03-17 17:16:17.938 [http-nio-8080-exec-1] BasicTypeRegistry - Adding type registration java.util.Locale -> org.hibernate.type.LocaleType@f22bbb0
[DEBUG] 2021-03-17 17:16:17.943 [http-nio-8080-exec-1] BasicTypeRegistry - Adding type registration currency -> org.hibernate.type.CurrencyType@5c4309a0
[DEBUG] 2021-03-17 17:16:17.944 [http-nio-8080-exec-1] BasicTypeRegistry - Adding type registration java.util.Currency -> org.hibernate.type.CurrencyType@5c4309a0
[DEBUG] 2021-03-17 17:16:17.948 [http-nio-8080-exec-1] BasicTypeRegistry - Adding type registration timezone -> org.hibernate.type.TimeZoneType@2d6637c6
[DEBUG] 2021-03-17 17:16:17.948 [http-nio-8080-exec-1] BasicTypeRegistry - Adding type registration java.util.TimeZone -> org.hibernate.type.TimeZoneType@2d6637c6
[DEBUG] 2021-03-17 17:16:17.952 [http-nio-8080-exec-1] BasicTypeRegistry - Adding type registration class -> org.hibernate.type.ClassType@7a51b2a6
[DEBUG] 2021-03-17 17:16:17.952 [http-nio-8080-exec-1] BasicTypeRegistry - Adding type registration java.lang.Class -> org.hibernate.type.ClassType@7a51b2a6
[DEBUG] 2021-03-17 17:16:17.956 [http-nio-8080-exec-1] BasicTypeRegistry - Adding type registration uuid-binary -> org.hibernate.type.UUIDBinaryType@4c53f8f5
[DEBUG] 2021-03-17 17:16:17.957 [http-nio-8080-exec-1] BasicTypeRegistry - Adding type registration java.util.UUID -> org.hibernate.type.UUIDBinaryType@4c53f8f5
[DEBUG] 2021-03-17 17:16:17.959 [http-nio-8080-exec-1] BasicTypeRegistry - Adding type registration uuid-char -> org.hibernate.type.UUIDCharType@27269fdb
[DEBUG] 2021-03-17 17:16:17.962 [http-nio-8080-exec-1] BasicTypeRegistry - Adding type registration binary -> org.hibernate.type.BinaryType@268f9079
[DEBUG] 2021-03-17 17:16:17.963 [http-nio-8080-exec-1] BasicTypeRegistry - Adding type registration byte[] -> org.hibernate.type.BinaryType@268f9079
[DEBUG] 2021-03-17 17:16:17.963 [http-nio-8080-exec-1] BasicTypeRegistry - Adding type registration [B -> org.hibernate.type.BinaryType@268f9079
[DEBUG] 2021-03-17 17:16:17.967 [http-nio-8080-exec-1] BasicTypeRegistry - Adding type registration wrapper-binary -> org.hibernate.type.WrapperBinaryType@b69f4e1
[DEBUG] 2021-03-17 17:16:17.967 [http-nio-8080-exec-1] BasicTypeRegistry - Adding type registration Byte[] -> org.hibernate.type.WrapperBinaryType@b69f4e1
[DEBUG] 2021-03-17 17:16:17.967 [http-nio-8080-exec-1] BasicTypeRegistry - Adding type registration [Ljava.lang.Byte; -> org.hibernate.type.WrapperBinaryType@b69f4e1
[DEBUG] 2021-03-17 17:16:17.971 [http-nio-8080-exec-1] BasicTypeRegistry - Adding type registration row_version -> org.hibernate.type.RowVersionType@7f42d64b
[DEBUG] 2021-03-17 17:16:17.974 [http-nio-8080-exec-1] BasicTypeRegistry - Adding type registration image -> org.hibernate.type.ImageType@1e129fcc
[DEBUG] 2021-03-17 17:16:17.977 [http-nio-8080-exec-1] BasicTypeRegistry - Adding type registration characters -> org.hibernate.type.CharArrayType@2d8879b1
[DEBUG] 2021-03-17 17:16:17.978 [http-nio-8080-exec-1] BasicTypeRegistry - Adding type registration char[] -> org.hibernate.type.CharArrayType@2d8879b1
[DEBUG] 2021-03-17 17:16:17.978 [http-nio-8080-exec-1] BasicTypeRegistry - Adding type registration [C -> org.hibernate.type.CharArrayType@2d8879b1
[DEBUG] 2021-03-17 17:16:17.982 [http-nio-8080-exec-1] BasicTypeRegistry - Adding type registration wrapper-characters -> org.hibernate.type.CharacterArrayType@37a06798
[DEBUG] 2021-03-17 17:16:17.983 [http-nio-8080-exec-1] BasicTypeRegistry - Adding type registration [Ljava.lang.Character; -> org.hibernate.type.CharacterArrayType@37a06798
[DEBUG] 2021-03-17 17:16:17.983 [http-nio-8080-exec-1] BasicTypeRegistry - Adding type registration Character[] -> org.hibernate.type.CharacterArrayType@37a06798
[DEBUG] 2021-03-17 17:16:17.985 [http-nio-8080-exec-1] BasicTypeRegistry - Adding type registration text -> org.hibernate.type.TextType@2f12d37c
[DEBUG] 2021-03-17 17:16:17.987 [http-nio-8080-exec-1] BasicTypeRegistry - Adding type registration ntext -> org.hibernate.type.NTextType@5661571
[DEBUG] 2021-03-17 17:16:17.994 [http-nio-8080-exec-1] BasicTypeRegistry - Adding type registration blob -> org.hibernate.type.BlobType@26ff3db9
[DEBUG] 2021-03-17 17:16:17.994 [http-nio-8080-exec-1] BasicTypeRegistry - Adding type registration java.sql.Blob -> org.hibernate.type.BlobType@26ff3db9
[DEBUG] 2021-03-17 17:16:17.996 [http-nio-8080-exec-1] BasicTypeRegistry - Adding type registration materialized_blob -> org.hibernate.type.MaterializedBlobType@e1fb680
[DEBUG] 2021-03-17 17:16:18.003 [http-nio-8080-exec-1] BasicTypeRegistry - Adding type registration clob -> org.hibernate.type.ClobType@4944bcfa
[DEBUG] 2021-03-17 17:16:18.003 [http-nio-8080-exec-1] BasicTypeRegistry - Adding type registration java.sql.Clob -> org.hibernate.type.ClobType@4944bcfa
[DEBUG] 2021-03-17 17:16:18.009 [http-nio-8080-exec-1] BasicTypeRegistry - Adding type registration nclob -> org.hibernate.type.NClobType@6043d3bc
[DEBUG] 2021-03-17 17:16:18.009 [http-nio-8080-exec-1] BasicTypeRegistry - Adding type registration java.sql.NClob -> org.hibernate.type.NClobType@6043d3bc
[DEBUG] 2021-03-17 17:16:18.011 [http-nio-8080-exec-1] BasicTypeRegistry - Adding type registration materialized_clob -> org.hibernate.type.MaterializedClobType@27d57ce1
[DEBUG] 2021-03-17 17:16:18.013 [http-nio-8080-exec-1] BasicTypeRegistry - Adding type registration materialized_nclob -> org.hibernate.type.MaterializedNClobType@52cc7c71
[DEBUG] 2021-03-17 17:16:18.020 [http-nio-8080-exec-1] BasicTypeRegistry - Adding type registration serializable -> org.hibernate.type.SerializableType@12d286a8
[DEBUG] 2021-03-17 17:16:18.034 [http-nio-8080-exec-1] BasicTypeRegistry - Adding type registration object -> org.hibernate.type.ObjectType@344e61bc
[DEBUG] 2021-03-17 17:16:18.035 [http-nio-8080-exec-1] BasicTypeRegistry - Adding type registration java.lang.Object -> org.hibernate.type.ObjectType@344e61bc
[DEBUG] 2021-03-17 17:16:18.037 [http-nio-8080-exec-1] BasicTypeRegistry - Adding type registration imm_date -> org.hibernate.type.AdaptedImmutableType@69ae8d53
[DEBUG] 2021-03-17 17:16:18.037 [http-nio-8080-exec-1] BasicTypeRegistry - Adding type registration imm_time -> org.hibernate.type.AdaptedImmutableType@dd4adb8
[DEBUG] 2021-03-17 17:16:18.037 [http-nio-8080-exec-1] BasicTypeRegistry - Adding type registration imm_timestamp -> org.hibernate.type.AdaptedImmutableType@1c57424e
[DEBUG] 2021-03-17 17:16:18.037 [http-nio-8080-exec-1] BasicTypeRegistry - Adding type registration imm_dbtimestamp -> org.hibernate.type.AdaptedImmutableType@60d4acfd
[DEBUG] 2021-03-17 17:16:18.037 [http-nio-8080-exec-1] BasicTypeRegistry - Adding type registration imm_calendar -> org.hibernate.type.AdaptedImmutableType@7d8d71a1
[DEBUG] 2021-03-17 17:16:18.037 [http-nio-8080-exec-1] BasicTypeRegistry - Adding type registration imm_calendar_date -> org.hibernate.type.AdaptedImmutableType@559cbac5
[DEBUG] 2021-03-17 17:16:18.037 [http-nio-8080-exec-1] BasicTypeRegistry - Adding type registration imm_binary -> org.hibernate.type.AdaptedImmutableType@73ffc70a
[DEBUG] 2021-03-17 17:16:18.038 [http-nio-8080-exec-1] BasicTypeRegistry - Adding type registration imm_serializable -> org.hibernate.type.AdaptedImmutableType@36893ecc
[DEBUG] 2021-03-17 17:16:18.179 [http-nio-8080-exec-1] DefaultIdentifierGeneratorFactory - Registering IdentifierGenerator strategy [uuid2] -> [org.hibernate.id.UUIDGenerator]
[DEBUG] 2021-03-17 17:16:18.181 [http-nio-8080-exec-1] DefaultIdentifierGeneratorFactory - Registering IdentifierGenerator strategy [guid] -> [org.hibernate.id.GUIDGenerator]
[DEBUG] 2021-03-17 17:16:18.184 [http-nio-8080-exec-1] DefaultIdentifierGeneratorFactory - Registering IdentifierGenerator strategy [uuid] -> [org.hibernate.id.UUIDHexGenerator]
[DEBUG] 2021-03-17 17:16:18.184 [http-nio-8080-exec-1] DefaultIdentifierGeneratorFactory - Registering IdentifierGenerator strategy [uuid.hex] -> [org.hibernate.id.UUIDHexGenerator]
[DEBUG] 2021-03-17 17:16:18.186 [http-nio-8080-exec-1] DefaultIdentifierGeneratorFactory - Registering IdentifierGenerator strategy [assigned] -> [org.hibernate.id.Assigned]
[DEBUG] 2021-03-17 17:16:18.193 [http-nio-8080-exec-1] DefaultIdentifierGeneratorFactory - Registering IdentifierGenerator strategy [identity] -> [org.hibernate.id.IdentityGenerator]
[DEBUG] 2021-03-17 17:16:18.195 [http-nio-8080-exec-1] DefaultIdentifierGeneratorFactory - Registering IdentifierGenerator strategy [select] -> [org.hibernate.id.SelectGenerator]
[DEBUG] 2021-03-17 17:16:18.202 [http-nio-8080-exec-1] DefaultIdentifierGeneratorFactory - Registering IdentifierGenerator strategy [sequence] -> [org.hibernate.id.enhanced.SequenceStyleGenerator]
[DEBUG] 2021-03-17 17:16:18.206 [http-nio-8080-exec-1] DefaultIdentifierGeneratorFactory - Registering IdentifierGenerator strategy [seqhilo] -> [org.hibernate.id.SequenceHiLoGenerator]
[DEBUG] 2021-03-17 17:16:18.208 [http-nio-8080-exec-1] DefaultIdentifierGeneratorFactory - Registering IdentifierGenerator strategy [increment] -> [org.hibernate.id.IncrementGenerator]
[DEBUG] 2021-03-17 17:16:18.210 [http-nio-8080-exec-1] DefaultIdentifierGeneratorFactory - Registering IdentifierGenerator strategy [foreign] -> [org.hibernate.id.ForeignGenerator]
[DEBUG] 2021-03-17 17:16:18.212 [http-nio-8080-exec-1] DefaultIdentifierGeneratorFactory - Registering IdentifierGenerator strategy [sequence-identity] -> [org.hibernate.id.SequenceIdentityGenerator]
[DEBUG] 2021-03-17 17:16:18.213 [http-nio-8080-exec-1] DefaultIdentifierGeneratorFactory - Registering IdentifierGenerator strategy [enhanced-sequence] -> [org.hibernate.id.enhanced.SequenceStyleGenerator]
[DEBUG] 2021-03-17 17:16:18.216 [http-nio-8080-exec-1] DefaultIdentifierGeneratorFactory - Registering IdentifierGenerator strategy [enhanced-table] -> [org.hibernate.id.enhanced.TableGenerator]
[INFO ] 2021-03-17 17:16:18.241 [http-nio-8080-exec-1] C3P0ConnectionProvider - HHH010002: C3P0 using driver: com.mysql.cj.jdbc.Driver at URL: jdbc:mysql://localhost:3306/foodresourcesdb
[INFO ] 2021-03-17 17:16:18.241 [http-nio-8080-exec-1] C3P0ConnectionProvider - HHH10001001: Connection properties: {password=****, user=root}
[INFO ] 2021-03-17 17:16:18.241 [http-nio-8080-exec-1] C3P0ConnectionProvider - HHH10001003: Autocommit mode: false
[INFO ] 2021-03-17 17:16:18.791 [http-nio-8080-exec-1] C3P0ConnectionProvider - HHH10001007: JDBC isolation level: <unknown>
[DEBUG] 2021-03-17 17:16:19.728 [http-nio-8080-exec-1] JdbcEnvironmentInitiator - Database ->
       name : MySQL
    version : 8.0.23
      major : 8
      minor : 0
[DEBUG] 2021-03-17 17:16:19.728 [http-nio-8080-exec-1] JdbcEnvironmentInitiator - Driver ->
       name : MySQL Connector/J
    version : mysql-connector-java-8.0.23 (Revision: 18bbd5e68195d0da083cbd5bd0d05d76320df7cd)
      major : 8
      minor : 0
[DEBUG] 2021-03-17 17:16:19.728 [http-nio-8080-exec-1] JdbcEnvironmentInitiator - JDBC version : 4.2
[INFO ] 2021-03-17 17:16:19.885 [http-nio-8080-exec-1] Dialect - HHH000400: Using dialect: org.hibernate.dialect.MySQL8Dialect
[DEBUG] 2021-03-17 17:16:19.978 [http-nio-8080-exec-1] IdentifierHelperBuilder - JDBC driver metadata reported database stores quoted identifiers in more than one case
[DEBUG] 2021-03-17 17:16:20.481 [http-nio-8080-exec-1] IdentifierHelperBuilder - IdentifierCaseStrategy for both quoted and unquoted identifiers was set to the same strategy [LOWER]; that will likely lead to problems in schema update and validation if using quoted identifiers
[DEBUG] 2021-03-17 17:16:20.614 [http-nio-8080-exec-1] Namespace - Created database namespace [logicalName=Name{catalog=null, schema=null}, physicalName=Name{catalog=null, schema=null}]
[DEBUG] 2021-03-17 17:16:20.631 [http-nio-8080-exec-1] TypeConfiguration$Scope - Scoping TypeConfiguration [org.hibernate.type.spi.TypeConfiguration@24b60187] to MetadataBuildingContext [org.hibernate.boot.internal.MetadataBuildingContextRootImpl@4fd2ab42]
[DEBUG] 2021-03-17 17:16:20.891 [http-nio-8080-exec-1] AnnotationBinder - Binding entity from annotated class: com.hmkurth.entity.User
[DEBUG] 2021-03-17 17:16:20.992 [http-nio-8080-exec-1] Ejb3Column - Binding column: Ejb3DiscriminatorColumn{logicalColumnName'DTYPE', discriminatorTypeName='string'}
[DEBUG] 2021-03-17 17:16:21.034 [http-nio-8080-exec-1] EntityBinder - Import with entity name User
[DEBUG] 2021-03-17 17:16:21.046 [http-nio-8080-exec-1] EntityBinder - Bind entity com.hmkurth.entity.User on table users
[DEBUG] 2021-03-17 17:16:21.222 [http-nio-8080-exec-1] Ejb3Column - Binding column: Ejb3Column{table=org.hibernate.mapping.Table(users), mappingColumn=id, insertable=true, updatable=true, unique=false}
[DEBUG] 2021-03-17 17:16:21.232 [http-nio-8080-exec-1] PropertyBinder - MetadataSourceProcessor property id with lazy=false
[DEBUG] 2021-03-17 17:16:21.236 [http-nio-8080-exec-1] AbstractPropertyHolder - Attempting to locate auto-apply AttributeConverter for property [com.hmkurth.entity.User:id]
[DEBUG] 2021-03-17 17:16:21.246 [http-nio-8080-exec-1] SimpleValueBinder - building SimpleValue for id
[DEBUG] 2021-03-17 17:16:21.254 [http-nio-8080-exec-1] PropertyBinder - Building property id
[DEBUG] 2021-03-17 17:16:21.274 [http-nio-8080-exec-1] BinderHelper - #makeIdGenerator(org.hibernate.mapping.SimpleValue([org.hibernate.mapping.Column(id)]), id, org.hibernate.id.enhanced.SequenceStyleGenerator, native, ...)
[DEBUG] 2021-03-17 17:16:21.278 [http-nio-8080-exec-1] Ejb3Column - Binding column: Ejb3Column{table=org.hibernate.mapping.Table(users), mappingColumn=email, insertable=true, updatable=true, unique=false}
[DEBUG] 2021-03-17 17:16:21.279 [http-nio-8080-exec-1] PropertyBinder - MetadataSourceProcessor property email with lazy=false
[DEBUG] 2021-03-17 17:16:21.279 [http-nio-8080-exec-1] AbstractPropertyHolder - Attempting to locate auto-apply AttributeConverter for property [com.hmkurth.entity.User:email]
[DEBUG] 2021-03-17 17:16:21.279 [http-nio-8080-exec-1] SimpleValueBinder - building SimpleValue for email
[DEBUG] 2021-03-17 17:16:21.279 [http-nio-8080-exec-1] PropertyBinder - Building property email
[DEBUG] 2021-03-17 17:16:21.279 [http-nio-8080-exec-1] Ejb3Column - Binding column: Ejb3Column{table=org.hibernate.mapping.Table(users), mappingColumn=first_name, insertable=true, updatable=true, unique=false}
[DEBUG] 2021-03-17 17:16:21.280 [http-nio-8080-exec-1] PropertyBinder - MetadataSourceProcessor property firstName with lazy=false
[DEBUG] 2021-03-17 17:16:21.280 [http-nio-8080-exec-1] AbstractPropertyHolder - Attempting to locate auto-apply AttributeConverter for property [com.hmkurth.entity.User:firstName]
[DEBUG] 2021-03-17 17:16:21.280 [http-nio-8080-exec-1] SimpleValueBinder - building SimpleValue for firstName
[DEBUG] 2021-03-17 17:16:21.280 [http-nio-8080-exec-1] PropertyBinder - Building property firstName
[DEBUG] 2021-03-17 17:16:21.280 [http-nio-8080-exec-1] Ejb3Column - Binding column: Ejb3Column{table=org.hibernate.mapping.Table(users), mappingColumn=last_name, insertable=true, updatable=true, unique=false}
[DEBUG] 2021-03-17 17:16:21.280 [http-nio-8080-exec-1] PropertyBinder - MetadataSourceProcessor property lastName with lazy=false
[DEBUG] 2021-03-17 17:16:21.281 [http-nio-8080-exec-1] AbstractPropertyHolder - Attempting to locate auto-apply AttributeConverter for property [com.hmkurth.entity.User:lastName]
[DEBUG] 2021-03-17 17:16:21.281 [http-nio-8080-exec-1] SimpleValueBinder - building SimpleValue for lastName
[DEBUG] 2021-03-17 17:16:21.281 [http-nio-8080-exec-1] PropertyBinder - Building property lastName
[DEBUG] 2021-03-17 17:16:21.281 [http-nio-8080-exec-1] Ejb3Column - Binding column: Ejb3Column{table=org.hibernate.mapping.Table(users), mappingColumn=user_password, insertable=true, updatable=true, unique=false}
[DEBUG] 2021-03-17 17:16:21.281 [http-nio-8080-exec-1] PropertyBinder - MetadataSourceProcessor property password with lazy=false
[DEBUG] 2021-03-17 17:16:21.281 [http-nio-8080-exec-1] AbstractPropertyHolder - Attempting to locate auto-apply AttributeConverter for property [com.hmkurth.entity.User:password]
[DEBUG] 2021-03-17 17:16:21.281 [http-nio-8080-exec-1] SimpleValueBinder - building SimpleValue for password
[DEBUG] 2021-03-17 17:16:21.282 [http-nio-8080-exec-1] PropertyBinder - Building property password
[DEBUG] 2021-03-17 17:16:21.286 [http-nio-8080-exec-1] Ejb3Column - Binding column: Ejb3JoinColumn{logicalColumnName='null', referencedColumn='null', mappedBy='user'}
[DEBUG] 2021-03-17 17:16:21.287 [http-nio-8080-exec-1] Ejb3Column - Binding column: Ejb3Column{table=org.hibernate.mapping.Table(users), mappingColumn=roles, insertable=true, updatable=true, unique=false}
[DEBUG] 2021-03-17 17:16:21.295 [http-nio-8080-exec-1] Ejb3Column - Binding column: Ejb3Column{table=org.hibernate.mapping.Table(users), mappingColumn=null, insertable=true, updatable=true, unique=false}
[DEBUG] 2021-03-17 17:16:21.335 [http-nio-8080-exec-1] Ejb3Column - Binding column: Ejb3Column{table=org.hibernate.mapping.Table(users), mappingColumn=element, insertable=true, updatable=true, unique=false}
[DEBUG] 2021-03-17 17:16:21.336 [http-nio-8080-exec-1] Ejb3Column - Binding column: Ejb3Column{table=org.hibernate.mapping.Table(users), mappingColumn=roles_KEY, insertable=true, updatable=true, unique=false}
[DEBUG] 2021-03-17 17:16:21.338 [http-nio-8080-exec-1] Ejb3Column - Binding column: Ejb3JoinColumn{logicalColumnName='roles_KEY', referencedColumn='null', mappedBy='null'}
[DEBUG] 2021-03-17 17:16:21.343 [http-nio-8080-exec-1] Ejb3Column - Binding column: Ejb3JoinColumn{logicalColumnName='null', referencedColumn='null', mappedBy='user'}
[DEBUG] 2021-03-17 17:16:21.343 [http-nio-8080-exec-1] Ejb3Column - Binding column: Ejb3JoinColumn{logicalColumnName='null', referencedColumn='null', mappedBy='user'}
[DEBUG] 2021-03-17 17:16:21.344 [http-nio-8080-exec-1] CollectionBinder - Collection role: com.hmkurth.entity.User.roles
[DEBUG] 2021-03-17 17:16:21.358 [http-nio-8080-exec-1] PropertyBinder - Building property roles
[DEBUG] 2021-03-17 17:16:21.358 [http-nio-8080-exec-1] Ejb3Column - Binding column: Ejb3Column{table=org.hibernate.mapping.Table(users), mappingColumn=user_name, insertable=true, updatable=true, unique=false}
[DEBUG] 2021-03-17 17:16:21.358 [http-nio-8080-exec-1] PropertyBinder - MetadataSourceProcessor property userName with lazy=false
[DEBUG] 2021-03-17 17:16:21.358 [http-nio-8080-exec-1] AbstractPropertyHolder - Attempting to locate auto-apply AttributeConverter for property [com.hmkurth.entity.User:userName]
[DEBUG] 2021-03-17 17:16:21.358 [http-nio-8080-exec-1] SimpleValueBinder - building SimpleValue for userName
[DEBUG] 2021-03-17 17:16:21.359 [http-nio-8080-exec-1] PropertyBinder - Building property userName
[DEBUG] 2021-03-17 17:16:21.362 [http-nio-8080-exec-1] AnnotationBinder - Binding entity from annotated class: com.hmkurth.entity.UserRoles
[DEBUG] 2021-03-17 17:16:21.363 [http-nio-8080-exec-1] Ejb3Column - Binding column: Ejb3DiscriminatorColumn{logicalColumnName'DTYPE', discriminatorTypeName='string'}
[DEBUG] 2021-03-17 17:16:21.363 [http-nio-8080-exec-1] EntityBinder - Import with entity name UserRoles
[DEBUG] 2021-03-17 17:16:21.363 [http-nio-8080-exec-1] EntityBinder - Bind entity com.hmkurth.entity.UserRoles on table user_roles
[DEBUG] 2021-03-17 17:16:21.368 [http-nio-8080-exec-1] Ejb3Column - Binding column: Ejb3Column{table=org.hibernate.mapping.Table(user_roles), mappingColumn=id, insertable=true, updatable=true, unique=false}
[DEBUG] 2021-03-17 17:16:21.369 [http-nio-8080-exec-1] PropertyBinder - MetadataSourceProcessor property id with lazy=false
[DEBUG] 2021-03-17 17:16:21.369 [http-nio-8080-exec-1] AbstractPropertyHolder - Attempting to locate auto-apply AttributeConverter for property [com.hmkurth.entity.UserRoles:id]
[DEBUG] 2021-03-17 17:16:21.369 [http-nio-8080-exec-1] SimpleValueBinder - building SimpleValue for id
[DEBUG] 2021-03-17 17:16:21.369 [http-nio-8080-exec-1] PropertyBinder - Building property id
[DEBUG] 2021-03-17 17:16:21.369 [http-nio-8080-exec-1] BinderHelper - #makeIdGenerator(org.hibernate.mapping.SimpleValue([org.hibernate.mapping.Column(id)]), id, org.hibernate.id.enhanced.SequenceStyleGenerator, native, ...)
[DEBUG] 2021-03-17 17:16:21.369 [http-nio-8080-exec-1] Ejb3Column - Binding column: Ejb3Column{table=org.hibernate.mapping.Table(user_roles), mappingColumn=role_name, insertable=true, updatable=true, unique=false}
[DEBUG] 2021-03-17 17:16:21.369 [http-nio-8080-exec-1] PropertyBinder - MetadataSourceProcessor property roleName with lazy=false
[DEBUG] 2021-03-17 17:16:21.369 [http-nio-8080-exec-1] AbstractPropertyHolder - Attempting to locate auto-apply AttributeConverter for property [com.hmkurth.entity.UserRoles:roleName]
[DEBUG] 2021-03-17 17:16:21.370 [http-nio-8080-exec-1] SimpleValueBinder - building SimpleValue for roleName
[DEBUG] 2021-03-17 17:16:21.370 [http-nio-8080-exec-1] PropertyBinder - Building property roleName
[DEBUG] 2021-03-17 17:16:21.370 [http-nio-8080-exec-1] Ejb3Column - Binding column: Ejb3JoinColumn{logicalColumnName='users_id', referencedColumn='', mappedBy=''}
[DEBUG] 2021-03-17 17:16:21.370 [http-nio-8080-exec-1] Ejb3Column - Binding column: Ejb3Column{table=org.hibernate.mapping.Table(user_roles), mappingColumn=user, insertable=true, updatable=true, unique=false}
[DEBUG] 2021-03-17 17:16:21.377 [http-nio-8080-exec-1] PropertyBinder - Building property user
[DEBUG] 2021-03-17 17:16:21.378 [http-nio-8080-exec-1] Ejb3Column - Binding column: Ejb3Column{table=org.hibernate.mapping.Table(user_roles), mappingColumn=user_name, insertable=true, updatable=true, unique=false}
[DEBUG] 2021-03-17 17:16:21.378 [http-nio-8080-exec-1] PropertyBinder - MetadataSourceProcessor property userName with lazy=false
[DEBUG] 2021-03-17 17:16:21.378 [http-nio-8080-exec-1] AbstractPropertyHolder - Attempting to locate auto-apply AttributeConverter for property [com.hmkurth.entity.UserRoles:userName]
[DEBUG] 2021-03-17 17:16:21.378 [http-nio-8080-exec-1] SimpleValueBinder - building SimpleValue for userName
[DEBUG] 2021-03-17 17:16:21.379 [http-nio-8080-exec-1] PropertyBinder - Building property userName
[DEBUG] 2021-03-17 17:16:21.385 [http-nio-8080-exec-1] SimpleValueBinder - Starting fillSimpleValue for id
[DEBUG] 2021-03-17 17:16:21.385 [http-nio-8080-exec-1] SimpleValueBinder - Starting fillSimpleValue for email
[DEBUG] 2021-03-17 17:16:21.385 [http-nio-8080-exec-1] SimpleValueBinder - Starting fillSimpleValue for firstName
[DEBUG] 2021-03-17 17:16:21.385 [http-nio-8080-exec-1] SimpleValueBinder - Starting fillSimpleValue for lastName
[DEBUG] 2021-03-17 17:16:21.385 [http-nio-8080-exec-1] SimpleValueBinder - Starting fillSimpleValue for password
[DEBUG] 2021-03-17 17:16:21.385 [http-nio-8080-exec-1] SimpleValueBinder - Starting fillSimpleValue for userName
[DEBUG] 2021-03-17 17:16:21.385 [http-nio-8080-exec-1] SimpleValueBinder - Starting fillSimpleValue for id
[DEBUG] 2021-03-17 17:16:21.385 [http-nio-8080-exec-1] SimpleValueBinder - Starting fillSimpleValue for roleName
[DEBUG] 2021-03-17 17:16:21.385 [http-nio-8080-exec-1] SimpleValueBinder - Starting fillSimpleValue for userName
[DEBUG] 2021-03-17 17:16:21.400 [http-nio-8080-exec-1] PrimaryKey - Forcing column [id] to be non-null as it is part of the primary key for table [users]
[DEBUG] 2021-03-17 17:16:21.400 [http-nio-8080-exec-1] PrimaryKey - Forcing column [id] to be non-null as it is part of the primary key for table [user_roles]
[DEBUG] 2021-03-17 17:16:21.400 [http-nio-8080-exec-1] CollectionSecondPass - Second pass for collection: com.hmkurth.entity.User.roles
[DEBUG] 2021-03-17 17:16:21.402 [http-nio-8080-exec-1] CollectionBinder - Binding a OneToMany: com.hmkurth.entity.User.roles through a foreign key
[DEBUG] 2021-03-17 17:16:21.405 [http-nio-8080-exec-1] CollectionBinder - Mapping collection: com.hmkurth.entity.User.roles -> user_roles
[DEBUG] 2021-03-17 17:16:21.412 [http-nio-8080-exec-1] TableBinder - Retrieving property com.hmkurth.entity.UserRoles.user
[DEBUG] 2021-03-17 17:16:21.412 [http-nio-8080-exec-1] CollectionSecondPass - Mapped collection key: users_id, one-to-many: com.hmkurth.entity.UserRoles
[DEBUG] 2021-03-17 17:16:21.412 [http-nio-8080-exec-1] InFlightMetadataCollectorImpl - Resolving reference to class: com.hmkurth.entity.User
[DEBUG] 2021-03-17 17:16:21.422 [http-nio-8080-exec-1] InFlightMetadataCollectorImpl - Resolving reference to class: com.hmkurth.entity.User
[DEBUG] 2021-03-17 17:16:21.571 [http-nio-8080-exec-1] SessionFactoryImpl - Building session factory
[DEBUG] 2021-03-17 17:16:21.575 [http-nio-8080-exec-1] Settings - SessionFactory name : null
[DEBUG] 2021-03-17 17:16:21.575 [http-nio-8080-exec-1] Settings - Automatic flush during beforeCompletion(): enabled
[DEBUG] 2021-03-17 17:16:21.575 [http-nio-8080-exec-1] Settings - Automatic session close at end of transaction: disabled
[DEBUG] 2021-03-17 17:16:21.575 [http-nio-8080-exec-1] Settings - Statistics: disabled
[DEBUG] 2021-03-17 17:16:21.575 [http-nio-8080-exec-1] Settings - Deleted entity synthetic identifier rollback: disabled
[DEBUG] 2021-03-17 17:16:21.575 [http-nio-8080-exec-1] Settings - Default entity-mode: pojo
[DEBUG] 2021-03-17 17:16:21.575 [http-nio-8080-exec-1] Settings - Check Nullability in Core (should be disabled when Bean Validation is on): enabled
[DEBUG] 2021-03-17 17:16:21.575 [http-nio-8080-exec-1] Settings - Allow initialization of lazy state outside session : disabled
[DEBUG] 2021-03-17 17:16:21.575 [http-nio-8080-exec-1] Settings - Using BatchFetchStyle : LEGACY
[DEBUG] 2021-03-17 17:16:21.575 [http-nio-8080-exec-1] Settings - Default batch fetch size: -1
[DEBUG] 2021-03-17 17:16:21.575 [http-nio-8080-exec-1] Settings - Maximum outer join fetch depth: 2
[DEBUG] 2021-03-17 17:16:21.576 [http-nio-8080-exec-1] Settings - Default null ordering: NONE
[DEBUG] 2021-03-17 17:16:21.576 [http-nio-8080-exec-1] Settings - Order SQL updates by primary key: disabled
[DEBUG] 2021-03-17 17:16:21.576 [http-nio-8080-exec-1] Settings - Order SQL inserts for batching: disabled
[DEBUG] 2021-03-17 17:16:21.576 [http-nio-8080-exec-1] Settings - multi-tenancy strategy : NONE
[DEBUG] 2021-03-17 17:16:21.576 [http-nio-8080-exec-1] Settings - JTA Track by Thread: enabled
[DEBUG] 2021-03-17 17:16:21.576 [http-nio-8080-exec-1] Settings - Query language substitutions: {}
[DEBUG] 2021-03-17 17:16:21.576 [http-nio-8080-exec-1] Settings - Named query checking : enabled
[DEBUG] 2021-03-17 17:16:21.576 [http-nio-8080-exec-1] Settings - Second-level cache: disabled
[DEBUG] 2021-03-17 17:16:21.576 [http-nio-8080-exec-1] Settings - Second-level query cache: disabled
[DEBUG] 2021-03-17 17:16:21.576 [http-nio-8080-exec-1] Settings - Second-level query cache factory: null
[DEBUG] 2021-03-17 17:16:21.576 [http-nio-8080-exec-1] Settings - Second-level cache region prefix: null
[DEBUG] 2021-03-17 17:16:21.576 [http-nio-8080-exec-1] Settings - Optimize second-level cache for minimal puts: disabled
[DEBUG] 2021-03-17 17:16:21.576 [http-nio-8080-exec-1] Settings - Structured second-level cache entries: disabled
[DEBUG] 2021-03-17 17:16:21.576 [http-nio-8080-exec-1] Settings - Second-level cache direct-reference entries: disabled
[DEBUG] 2021-03-17 17:16:21.576 [http-nio-8080-exec-1] Settings - Automatic eviction of collection cache: disabled
[DEBUG] 2021-03-17 17:16:21.576 [http-nio-8080-exec-1] Settings - JDBC batch size: 15
[DEBUG] 2021-03-17 17:16:21.577 [http-nio-8080-exec-1] Settings - JDBC batch updates for versioned data: enabled
[DEBUG] 2021-03-17 17:16:21.577 [http-nio-8080-exec-1] Settings - Scrollable result sets: enabled
[DEBUG] 2021-03-17 17:16:21.577 [http-nio-8080-exec-1] Settings - Wrap result sets: disabled
[DEBUG] 2021-03-17 17:16:21.577 [http-nio-8080-exec-1] Settings - JDBC3 getGeneratedKeys(): enabled
[DEBUG] 2021-03-17 17:16:21.577 [http-nio-8080-exec-1] Settings - JDBC result set fetch size: null
[DEBUG] 2021-03-17 17:16:21.577 [http-nio-8080-exec-1] Settings - Connection release mode: AFTER_TRANSACTION
[DEBUG] 2021-03-17 17:16:21.577 [http-nio-8080-exec-1] Settings - Generate SQL with comments: disabled
[DEBUG] 2021-03-17 17:16:21.577 [http-nio-8080-exec-1] Settings - JPA compliance - query : 
[DEBUG] 2021-03-17 17:16:21.577 [http-nio-8080-exec-1] Settings - JPA compliance - closed-handling : 
[DEBUG] 2021-03-17 17:16:21.577 [http-nio-8080-exec-1] Settings - JPA compliance - lists : 
[DEBUG] 2021-03-17 17:16:21.577 [http-nio-8080-exec-1] Settings - JPA compliance - transactions : 
[INFO ] 2021-03-17 17:16:21.847 [http-nio-8080-exec-1] beans - HHH10005002: No explicit CDI BeanManager reference was passed to Hibernate, but CDI is available on the Hibernate ClassLoader.
[DEBUG] 2021-03-17 17:16:21.935 [http-nio-8080-exec-1] SessionFactoryImpl - Session factory constructed with filter configurations : {}
[DEBUG] 2021-03-17 17:16:21.936 [http-nio-8080-exec-1] SessionFactoryImpl - Instantiating session factory with properties: {awt.toolkit=sun.awt.windows.WToolkit, java.specification.version=11, sun.cpu.isalist=amd64, hibernate.c3p0.idle_test_period=3000, sun.jnu.encoding=Cp1252, hibernate.c3p0.min_size=5, sun.arch.data.model=64, java.vendor.url=https://openjdk.java.net/, catalina.useNaming=true, openejb.provider.default=org.apache.tomee, sun.boot.library.path=C:\Program Files\Java\jdk-11.0.10\bin, com.sun.management.jmxremote.ssl=false, sun.java.command=org.apache.catalina.startup.Bootstrap start, jdk.debug=release, java.specification.vendor=Oracle Corporation, java.naming.factory.url.pkgs=org.apache.naming:org.apache.openejb.core.ivm.naming, openejb.embedder.source=ServerListener, java.version.date=2021-01-19, java.home=C:\Program Files\Java\jdk-11.0.10, ignore.endorsed.dirs=, file.separator=\, java.vm.compressedOopsMode=32-bit, line.separator=
, org.apache.activemq.broker.jmx.createConnector=false, hibernate.c3p0.timeout=300, java.specification.name=Java Platform API Specification, java.vm.specification.vendor=Oracle Corporation, openejb.scan.webapp.container=true, com.sun.management.jmxremote.password.file=C:\Users\heath\AppData\Local\JetBrains\IntelliJIdea2020.3\tomcat\20ac5fc8-dd0b-4747-8093-cd2659762bfa\jmxremote.password, package.definition=sun.,java.,org.apache.catalina.,org.apache.coyote.,org.apache.jasper.,org.apache.naming.,org.apache.tomcat., openejb.deployments.classpath.filter.systemapps=false, jdk.tls.ephemeralDHKeySize=2048, user.script=, java.util.logging.config.file=C:\Users\heath\AppData\Local\JetBrains\IntelliJIdea2020.3\tomcat\20ac5fc8-dd0b-4747-8093-cd2659762bfa\conf\logging.properties, java.protocol.handler.pkgs=org.apache.catalina.webresources, connection.password=moony777, sun.management.compiler=HotSpot 64-Bit Tiered Compilers, openejb.scan.webapp.container.excludes=, java.runtime.version=11.0.10+8-LTS-162, user.name=heath, org.apache.johnzon.max-string-length=8192, file.encoding=Cp1252, java.vendor.version=18.9, derby.system.home=C:\Users\heath\OneDrive\Desktop\Tomcat\bin, hibernate.connection.driver_class=com.mysql.cj.jdbc.Driver, java.io.tmpdir=C:\Users\heath\OneDrive\Desktop\Tomcat\temp, tomcat.util.scan.StandardJarScanFilter.jarsToScan=log4j-taglib*.jar,log4j-web*.jar,log4javascript*.jar,slf4j-taglib*.jar, java.version=11.0.10, com.sun.management.jmxremote.port=1099, tomcat.util.scan.StandardJarScanFilter.jarsToSkip=annotations-api.jar,ant-junit*.jar,ant-launcher.jar,ant.jar,asm-*.jar,aspectj*.jar,bootstrap.jar,catalina-ant.jar,catalina-ha.jar,catalina-jmx-remote.jar,catalina-storeconfig.jar,catalina-tribes.jar,catalina-ws.jar,catalina.jar,cglib-*.jar,cobertura-*.jar,commons-beanutils*.jar,commons-codec*.jar,commons-collections*.jar,commons-daemon.jar,commons-dbcp*.jar,commons-digester*.jar,commons-fileupload*.jar,commons-httpclient*.jar,commons-io*.jar,commons-lang*.jar,commons-logging*.jar,commons-math*.jar,commons-pool*.jar,dom4j-*.jar,easymock-*.jar,ecj-*.jar,el-api.jar,geronimo-spec-jaxrpc*.jar,h2*.jar,hamcrest-*.jar,hibernate*.jar,httpclient*.jar,icu4j-*.jar,jasper-el.jar,jasper.jar,jaspic-api.jar,jaxb-*.jar,jaxen-*.jar,jdom-*.jar,jetty-*.jar,jmx-tools.jar,jmx.jar,jsp-api.jar,jstl.jar,jta*.jar,junit-*.jar,junit.jar,log4j*.jar,mail*.jar,objenesis-*.jar,oraclepki.jar,oro-*.jar,servlet-api-*.jar,servlet-api.jar,slf4j*.jar,taglibs-standard-spec-*.jar,tagsoup-*.jar,tomcat-api.jar,tomcat-coyote.jar,tomcat-dbcp.jar,tomcat-i18n-*.jar,tomcat-jdbc.jar,tomcat-jni.jar,tomcat-juli-adapters.jar,tomcat-juli.jar,tomcat-util-scan.jar,tomcat-util.jar,tomcat-websocket.jar,tools.jar,websocket-api.jar,wsdl4j*.jar,xercesImpl.jar,xml-apis.jar,xmlParserAPIs-*.jar,xmlParserAPIs.jar,xom-*.jar, connection.username=root, java.vm.specification.name=Java Virtual Machine Specification, java.awt.printerjob=sun.awt.windows.WPrinterJob, sun.os.patch.level=, connection.driver_class=com.mysql.cj.jdbc.Driver, tomcat.built=Jun 30 2020 21:49:10 UTC, java.library.path=C:\Program Files\Java\jdk-11.0.10\bin;C:\windows\Sun\Java\bin;C:\windows\system32;C:\windows;C:\Program Files\Common Files\Oracle\Java\javapath;C:\Python39\Scripts\;C:\Python39\;C:\Program Files\Java\jdk1.8.0_241\bin;C:\windows\system32;C:\windows;C:\windows\System32\Wbem;C:\windows\System32\WindowsPowerShell\v1.0\;C:\windows\System32\OpenSSH\;C:\Program Files\nodejs\;C:\ProgramData\chocolatey\bin;C:\Program Files\Git\cmd;C:\Program Files (x86)\PuTTY\;C:\Users\heath\AppData\Local\Microsoft\WindowsApps;C:\Users\heath\AppData\Local\atom\bin;C:\Users\heath\AppData\Roaming\npm;C:\Users\heath\AppData\Local\Programs\Microsoft VS Code\bin;C:\Users\heath\AppData\Local\GitHubDesktop\bin;., java.vendor=Oracle Corporation, tomee.version=7.1.4, java.rmi.server.randomIDs=true, sun.io.unicode.encoding=UnicodeLittle, tomcat.util.buf.StringCache.byte.enabled=true, sun.desktop=windows, java.class.path=C:\Users\heath\OneDrive\Desktop\Tomcat\bin\bootstrap.jar;C:\Users\heath\OneDrive\Desktop\Tomcat\bin\tomcat-juli.jar, tomcat.version=8.5.57.0, java.vm.vendor=Oracle Corporation, openejb.home=C:\Users\heath\OneDrive\Desktop\Tomcat, user.variant=, openejb.system.apps=true, user.timezone=America/Chicago, os.name=Windows 10, java.vm.specification.version=11, sun.java.launcher=SUN_STANDARD, user.country=US, openejb.base=C:\Users\heath\AppData\Local\JetBrains\IntelliJIdea2020.3\tomcat\20ac5fc8-dd0b-4747-8093-cd2659762bfa, com.sun.management.jmxremote=, sun.cpu.endian=little, user.home=C:\Users\heath, hibernate.c3p0.max_statements=50, user.language=en, openejb.deployments.classpath=false, java.awt.graphicsenv=sun.awt.Win32GraphicsEnvironment, package.access=sun.,org.apache.catalina.,org.apache.coyote.,org.apache.jasper.,org.apache.tomcat., openejb.loader=tomcat-system, server.loader=, com.sun.management.jmxremote.access.file=C:\Users\heath\AppData\Local\JetBrains\IntelliJIdea2020.3\tomcat\20ac5fc8-dd0b-4747-8093-cd2659762bfa\jmxremote.access, hibernate.c3p0.max_size=20, java.naming.factory.initial=org.apache.naming.java.javaURLContextFactory, path.separator=;, org.apache.openejb.core.security.JaccProvider=org.apache.openejb.core.security.jacc.BasicJaccProvider, common.loader="C:/Users/heath/OneDrive/Desktop/Tomcat/lib","C:/Users/heath/OneDrive/Desktop/Tomcat/lib/*.jar","C:\Users\heath\OneDrive\Desktop\Tomcat/lib","C:\Users\heath\OneDrive\Desktop\Tomcat/lib/*.jar", hibernate.connection.username=****, os.version=10.0, openejb.version=7.1.4, org.apache.security.jacc.EJBMethodPermission.methodInterfaces=BusinessLocalHome,BusinessRemoteHome,BusinessRemote,BusinessLocal, java.runtime.name=Java(TM) SE Runtime Environment, hibernate.connection.url=jdbc:mysql://localhost:3306/foodresourcesdb, java.vm.name=Java HotSpot(TM) 64-Bit Server VM, openejb.scan.webapp.container.includes=.*(geronimo|mp-jwt|failsafe).*, tomee.remote.support=true, java.vendor.url.bug=https://bugreport.java.com/bugreport/, catalina.home=C:\Users\heath\OneDrive\Desktop\Tomcat, user.dir=C:\Users\heath\OneDrive\Desktop\Tomcat\bin, bval.in-container=true, os.arch=amd64, openjpa.Log=org.apache.openejb.openjpa.JULOpenJPALogFactory, hibernate.connection.password=****, tomee.serialization.class.blacklist=-, tomee.serialization.class.whitelist=, shared.loader=, catalina.base=C:\Users\heath\AppData\Local\JetBrains\IntelliJIdea2020.3\tomcat\20ac5fc8-dd0b-4747-8093-cd2659762bfa, hibernate.boot.CfgXmlAccessService.key=org.hibernate.boot.cfgxml.spi.LoadedConfig@58bf7915, noBanner=true, java.util.logging.manager=org.apache.juli.ClassLoaderLogManager, org.apache.webbeans.logger.WebBeansLoggerFacade=org.apache.openejb.cdi.logging.ContainerJULLoggerFactory, java.vm.info=mixed mode, java.vm.version=11.0.10+8-LTS-162, hibernate.bytecode.use_reflection_optimizer=false, java.rmi.server.hostname=127.0.0.1, javax.security.jacc.PolicyConfigurationFactory.provider=org.apache.openejb.core.security.JaccProvider$Factory, connection.url=jdbc:mysql://localhost:3306/foodresourcesdb, java.class.version=55.0, authconfigprovider.factory=false}
[DEBUG] 2021-03-17 17:16:22.017 [http-nio-8080-exec-1] ClassLoaderAccessImpl - Not known whether passed class name [com.hmkurth.entity.UserRoles] is safe
[DEBUG] 2021-03-17 17:16:22.017 [http-nio-8080-exec-1] ClassLoaderAccessImpl - No temp ClassLoader provided; using live ClassLoader for loading potentially unsafe class : com.hmkurth.entity.UserRoles
[DEBUG] 2021-03-17 17:16:22.042 [http-nio-8080-exec-1] ClassLoaderAccessImpl - Not known whether passed class name [com.hmkurth.entity.User] is safe
[DEBUG] 2021-03-17 17:16:22.042 [http-nio-8080-exec-1] ClassLoaderAccessImpl - No temp ClassLoader provided; using live ClassLoader for loading potentially unsafe class : com.hmkurth.entity.User
[DEBUG] 2021-03-17 17:16:22.050 [http-nio-8080-exec-1] JaccIntegrator - Skipping JACC integration as it was not enabled
[DEBUG] 2021-03-17 17:16:22.051 [http-nio-8080-exec-1] SessionFactoryImpl - Instantiated session factory
[DEBUG] 2021-03-17 17:16:22.051 [http-nio-8080-exec-1] TypeConfiguration$Scope - Scoping TypeConfiguration [org.hibernate.type.spi.TypeConfiguration@24b60187] to SessionFactoryImpl [org.hibernate.internal.SessionFactoryImpl@755d6ef8]
[DEBUG] 2021-03-17 17:16:22.281 [http-nio-8080-exec-1] ClassLoaderAccessImpl - Not known whether passed class name [com.hmkurth.entity.UserRoles] is safe
[DEBUG] 2021-03-17 17:16:22.281 [http-nio-8080-exec-1] ClassLoaderAccessImpl - No temp ClassLoader provided; using live ClassLoader for loading potentially unsafe class : com.hmkurth.entity.UserRoles
[DEBUG] 2021-03-17 17:16:22.411 [http-nio-8080-exec-1] ClassLoaderAccessImpl - Not known whether passed class name [com.hmkurth.entity.UserRoles] is safe
[DEBUG] 2021-03-17 17:16:22.411 [http-nio-8080-exec-1] ClassLoaderAccessImpl - No temp ClassLoader provided; using live ClassLoader for loading potentially unsafe class : com.hmkurth.entity.UserRoles
[DEBUG] 2021-03-17 17:16:23.417 [http-nio-8080-exec-1] ClassLoaderAccessImpl - Not known whether passed class name [com.hmkurth.entity.User] is safe
[DEBUG] 2021-03-17 17:16:23.417 [http-nio-8080-exec-1] ClassLoaderAccessImpl - No temp ClassLoader provided; using live ClassLoader for loading potentially unsafe class : com.hmkurth.entity.User
[DEBUG] 2021-03-17 17:16:23.420 [http-nio-8080-exec-1] ClassLoaderAccessImpl - Not known whether passed class name [com.hmkurth.entity.User] is safe
[DEBUG] 2021-03-17 17:16:23.420 [http-nio-8080-exec-1] ClassLoaderAccessImpl - No temp ClassLoader provided; using live ClassLoader for loading potentially unsafe class : com.hmkurth.entity.User
[DEBUG] 2021-03-17 17:16:23.495 [http-nio-8080-exec-1] AbstractCollectionPersister - Static SQL for collection: com.hmkurth.entity.User.roles
[DEBUG] 2021-03-17 17:16:23.495 [http-nio-8080-exec-1] AbstractCollectionPersister -  Row insert: update user_roles set users_id=? where id=?
[DEBUG] 2021-03-17 17:16:23.495 [http-nio-8080-exec-1] AbstractCollectionPersister -  Row update: update user_roles set  where id=?
[DEBUG] 2021-03-17 17:16:23.495 [http-nio-8080-exec-1] AbstractCollectionPersister -  Row delete: update user_roles set users_id=null where users_id=? and id=?
[DEBUG] 2021-03-17 17:16:23.495 [http-nio-8080-exec-1] AbstractCollectionPersister -  One-shot delete: update user_roles set users_id=null where users_id=?
[DEBUG] 2021-03-17 17:16:23.508 [http-nio-8080-exec-1] AbstractEntityPersister - Static SQL for entity: com.hmkurth.entity.UserRoles
[DEBUG] 2021-03-17 17:16:23.508 [http-nio-8080-exec-1] AbstractEntityPersister -  Version select: select id from user_roles where id =?
[DEBUG] 2021-03-17 17:16:23.508 [http-nio-8080-exec-1] AbstractEntityPersister -  Snapshot select: select userroles_.id, userroles_.role_name as role_nam2_0_, userroles_.users_id as users_id4_0_, userroles_.user_name as user_nam3_0_ from user_roles userroles_ where userroles_.id=?
[DEBUG] 2021-03-17 17:16:23.508 [http-nio-8080-exec-1] AbstractEntityPersister -  Insert 0: insert into user_roles (role_name, users_id, user_name, id) values (?, ?, ?, ?)
[DEBUG] 2021-03-17 17:16:23.508 [http-nio-8080-exec-1] AbstractEntityPersister -  Update 0: update user_roles set role_name=?, users_id=?, user_name=? where id=?
[DEBUG] 2021-03-17 17:16:23.508 [http-nio-8080-exec-1] AbstractEntityPersister -  Delete 0: delete from user_roles where id=?
[DEBUG] 2021-03-17 17:16:23.508 [http-nio-8080-exec-1] AbstractEntityPersister -  Identity insert: insert into user_roles (role_name, users_id, user_name) values (?, ?, ?)
[DEBUG] 2021-03-17 17:16:23.652 [http-nio-8080-exec-1] QuerySpacesImpl - Adding QuerySpace : uid = <gen:0> -> org.hibernate.loader.plan.build.internal.spaces.EntityQuerySpaceImpl@38c33285]
[DEBUG] 2021-03-17 17:16:23.658 [http-nio-8080-exec-1] MetamodelGraphWalker - Visiting attribute path : roleName
[DEBUG] 2021-03-17 17:16:23.658 [http-nio-8080-exec-1] MetamodelGraphWalker - Visiting attribute path : user
[DEBUG] 2021-03-17 17:16:23.698 [http-nio-8080-exec-1] QuerySpacesImpl - Adding QuerySpace : uid = <gen:1> -> org.hibernate.loader.plan.build.internal.spaces.EntityQuerySpaceImpl@2a8b6aaa]
[DEBUG] 2021-03-17 17:16:23.706 [http-nio-8080-exec-1] MetamodelGraphWalker - Visiting attribute path : user.email
[DEBUG] 2021-03-17 17:16:23.706 [http-nio-8080-exec-1] MetamodelGraphWalker - Visiting attribute path : user.firstName
[DEBUG] 2021-03-17 17:16:23.706 [http-nio-8080-exec-1] MetamodelGraphWalker - Visiting attribute path : user.lastName
[DEBUG] 2021-03-17 17:16:23.706 [http-nio-8080-exec-1] MetamodelGraphWalker - Visiting attribute path : user.password
[DEBUG] 2021-03-17 17:16:23.706 [http-nio-8080-exec-1] MetamodelGraphWalker - Visiting attribute path : user.roles
[DEBUG] 2021-03-17 17:16:23.706 [http-nio-8080-exec-1] MetamodelGraphWalker - Property path deemed to be circular : user.roles
[DEBUG] 2021-03-17 17:16:23.708 [http-nio-8080-exec-1] MetamodelGraphWalker - Visiting attribute path : user.userName
[DEBUG] 2021-03-17 17:16:23.709 [http-nio-8080-exec-1] MetamodelGraphWalker - Visiting attribute path : userName
[DEBUG] 2021-03-17 17:16:23.709 [http-nio-8080-exec-1] FetchStyleLoadPlanBuildingAssociationVisitationStrategy - Building LoadPlan...
[DEBUG] 2021-03-17 17:16:23.776 [http-nio-8080-exec-1] LoadQueryJoinAndFetchProcessor - processing queryspace <gen:0>
[DEBUG] 2021-03-17 17:16:23.800 [http-nio-8080-exec-1] LoadPlanTreePrinter - LoadPlan(entity=com.hmkurth.entity.UserRoles)
    - Returns
       - EntityReturnImpl(entity=com.hmkurth.entity.UserRoles, querySpaceUid=<gen:0>, path=com.hmkurth.entity.UserRoles)
          - EntityAttributeFetchImpl(entity=com.hmkurth.entity.User, querySpaceUid=<gen:1>, path=com.hmkurth.entity.UserRoles.user)
    - QuerySpaces
       - EntityQuerySpaceImpl(uid=<gen:0>, entity=com.hmkurth.entity.UserRoles)
          - SQL table alias mapping - userroles0_
          - alias suffix - 0_
          - suffixed key columns - {id1_0_0_}
          - JOIN (JoinDefinedByMetadata(user)) : <gen:0> -> <gen:1>
             - EntityQuerySpaceImpl(uid=<gen:1>, entity=com.hmkurth.entity.User)
                - SQL table alias mapping - user1_
                - alias suffix - 1_
                - suffixed key columns - {id1_1_1_}

[DEBUG] 2021-03-17 17:16:23.809 [http-nio-8080-exec-1] EntityLoader - Static select for entity com.hmkurth.entity.UserRoles [NONE]: select userroles0_.id as id1_0_0_, userroles0_.role_name as role_nam2_0_0_, userroles0_.users_id as users_id4_0_0_, userroles0_.user_name as user_nam3_0_0_, user1_.id as id1_1_1_, user1_.email as email2_1_1_, user1_.first_name as first_na3_1_1_, user1_.last_name as last_nam4_1_1_, user1_.user_password as user_pas5_1_1_, user1_.user_name as user_nam6_1_1_ from user_roles userroles0_ left outer join users user1_ on userroles0_.users_id=user1_.id where userroles0_.id=?
[DEBUG] 2021-03-17 17:16:23.809 [http-nio-8080-exec-1] QuerySpacesImpl - Adding QuerySpace : uid = <gen:0> -> org.hibernate.loader.plan.build.internal.spaces.EntityQuerySpaceImpl@7cf299bc]
[DEBUG] 2021-03-17 17:16:23.810 [http-nio-8080-exec-1] MetamodelGraphWalker - Visiting attribute path : roleName
[DEBUG] 2021-03-17 17:16:23.810 [http-nio-8080-exec-1] MetamodelGraphWalker - Visiting attribute path : user
[DEBUG] 2021-03-17 17:16:23.810 [http-nio-8080-exec-1] QuerySpacesImpl - Adding QuerySpace : uid = <gen:1> -> org.hibernate.loader.plan.build.internal.spaces.EntityQuerySpaceImpl@3482fd74]
[DEBUG] 2021-03-17 17:16:23.810 [http-nio-8080-exec-1] MetamodelGraphWalker - Visiting attribute path : user.email
[DEBUG] 2021-03-17 17:16:23.810 [http-nio-8080-exec-1] MetamodelGraphWalker - Visiting attribute path : user.firstName
[DEBUG] 2021-03-17 17:16:23.810 [http-nio-8080-exec-1] MetamodelGraphWalker - Visiting attribute path : user.lastName
[DEBUG] 2021-03-17 17:16:23.810 [http-nio-8080-exec-1] MetamodelGraphWalker - Visiting attribute path : user.password
[DEBUG] 2021-03-17 17:16:23.810 [http-nio-8080-exec-1] MetamodelGraphWalker - Visiting attribute path : user.roles
[DEBUG] 2021-03-17 17:16:23.810 [http-nio-8080-exec-1] MetamodelGraphWalker - Property path deemed to be circular : user.roles
[DEBUG] 2021-03-17 17:16:23.811 [http-nio-8080-exec-1] MetamodelGraphWalker - Visiting attribute path : user.userName
[DEBUG] 2021-03-17 17:16:23.811 [http-nio-8080-exec-1] MetamodelGraphWalker - Visiting attribute path : userName
[DEBUG] 2021-03-17 17:16:23.811 [http-nio-8080-exec-1] FetchStyleLoadPlanBuildingAssociationVisitationStrategy - Building LoadPlan...
[DEBUG] 2021-03-17 17:16:23.811 [http-nio-8080-exec-1] LoadQueryJoinAndFetchProcessor - processing queryspace <gen:0>
[DEBUG] 2021-03-17 17:16:23.811 [http-nio-8080-exec-1] LoadPlanTreePrinter - LoadPlan(entity=com.hmkurth.entity.UserRoles)
    - Returns
       - EntityReturnImpl(entity=com.hmkurth.entity.UserRoles, querySpaceUid=<gen:0>, path=com.hmkurth.entity.UserRoles)
          - EntityAttributeFetchImpl(entity=com.hmkurth.entity.User, querySpaceUid=<gen:1>, path=com.hmkurth.entity.UserRoles.user)
    - QuerySpaces
       - EntityQuerySpaceImpl(uid=<gen:0>, entity=com.hmkurth.entity.UserRoles)
          - SQL table alias mapping - userroles0_
          - alias suffix - 0_
          - suffixed key columns - {id1_0_0_}
          - JOIN (JoinDefinedByMetadata(user)) : <gen:0> -> <gen:1>
             - EntityQuerySpaceImpl(uid=<gen:1>, entity=com.hmkurth.entity.User)
                - SQL table alias mapping - user1_
                - alias suffix - 1_
                - suffixed key columns - {id1_1_1_}

[DEBUG] 2021-03-17 17:16:23.812 [http-nio-8080-exec-1] EntityLoader - Static select for entity com.hmkurth.entity.UserRoles [READ]: select userroles0_.id as id1_0_0_, userroles0_.role_name as role_nam2_0_0_, userroles0_.users_id as users_id4_0_0_, userroles0_.user_name as user_nam3_0_0_, user1_.id as id1_1_1_, user1_.email as email2_1_1_, user1_.first_name as first_na3_1_1_, user1_.last_name as last_nam4_1_1_, user1_.user_password as user_pas5_1_1_, user1_.user_name as user_nam6_1_1_ from user_roles userroles0_ left outer join users user1_ on userroles0_.users_id=user1_.id where userroles0_.id=?
[DEBUG] 2021-03-17 17:16:23.885 [http-nio-8080-exec-1] Loader - Static select for action ACTION_MERGE on entity com.hmkurth.entity.UserRoles: select userroles0_.id as id1_0_0_, userroles0_.role_name as role_nam2_0_0_, userroles0_.users_id as users_id4_0_0_, userroles0_.user_name as user_nam3_0_0_ from user_roles userroles0_ where userroles0_.id=?
[DEBUG] 2021-03-17 17:16:23.886 [http-nio-8080-exec-1] Loader - Static select for action ACTION_REFRESH on entity com.hmkurth.entity.UserRoles: select userroles0_.id as id1_0_0_, userroles0_.role_name as role_nam2_0_0_, userroles0_.users_id as users_id4_0_0_, userroles0_.user_name as user_nam3_0_0_ from user_roles userroles0_ where userroles0_.id=?
[DEBUG] 2021-03-17 17:16:23.886 [http-nio-8080-exec-1] AbstractEntityPersister - Static SQL for entity: com.hmkurth.entity.User
[DEBUG] 2021-03-17 17:16:23.886 [http-nio-8080-exec-1] AbstractEntityPersister -  Version select: select id from users where id =?
[DEBUG] 2021-03-17 17:16:23.887 [http-nio-8080-exec-1] AbstractEntityPersister -  Snapshot select: select user_.id, user_.email as email2_1_, user_.first_name as first_na3_1_, user_.last_name as last_nam4_1_, user_.user_password as user_pas5_1_, user_.user_name as user_nam6_1_ from users user_ where user_.id=?
[DEBUG] 2021-03-17 17:16:23.887 [http-nio-8080-exec-1] AbstractEntityPersister -  Insert 0: insert into users (email, first_name, last_name, user_password, user_name, id) values (?, ?, ?, ?, ?, ?)
[DEBUG] 2021-03-17 17:16:23.887 [http-nio-8080-exec-1] AbstractEntityPersister -  Update 0: update users set email=?, first_name=?, last_name=?, user_password=?, user_name=? where id=?
[DEBUG] 2021-03-17 17:16:23.887 [http-nio-8080-exec-1] AbstractEntityPersister -  Delete 0: delete from users where id=?
[DEBUG] 2021-03-17 17:16:23.887 [http-nio-8080-exec-1] AbstractEntityPersister -  Identity insert: insert into users (email, first_name, last_name, user_password, user_name) values (?, ?, ?, ?, ?)
[DEBUG] 2021-03-17 17:16:23.887 [http-nio-8080-exec-1] QuerySpacesImpl - Adding QuerySpace : uid = <gen:0> -> org.hibernate.loader.plan.build.internal.spaces.EntityQuerySpaceImpl@b012603]
[DEBUG] 2021-03-17 17:16:23.887 [http-nio-8080-exec-1] MetamodelGraphWalker - Visiting attribute path : email
[DEBUG] 2021-03-17 17:16:23.887 [http-nio-8080-exec-1] MetamodelGraphWalker - Visiting attribute path : firstName
[DEBUG] 2021-03-17 17:16:23.888 [http-nio-8080-exec-1] MetamodelGraphWalker - Visiting attribute path : lastName
[DEBUG] 2021-03-17 17:16:23.888 [http-nio-8080-exec-1] MetamodelGraphWalker - Visiting attribute path : password
[DEBUG] 2021-03-17 17:16:23.888 [http-nio-8080-exec-1] MetamodelGraphWalker - Visiting attribute path : roles
[DEBUG] 2021-03-17 17:16:23.891 [http-nio-8080-exec-1] QuerySpacesImpl - Adding QuerySpace : uid = <gen:1> -> org.hibernate.loader.plan.build.internal.spaces.CollectionQuerySpaceImpl@561b12c4]
[DEBUG] 2021-03-17 17:16:23.902 [http-nio-8080-exec-1] QuerySpacesImpl - Adding QuerySpace : uid = <gen:2> -> org.hibernate.loader.plan.build.internal.spaces.EntityQuerySpaceImpl@4ed21cab]
[DEBUG] 2021-03-17 17:16:23.910 [http-nio-8080-exec-1] MetamodelGraphWalker - Visiting attribute path : roles.roleName
[DEBUG] 2021-03-17 17:16:23.910 [http-nio-8080-exec-1] MetamodelGraphWalker - Visiting attribute path : roles.user
[DEBUG] 2021-03-17 17:16:23.911 [http-nio-8080-exec-1] MetamodelGraphWalker - Property path deemed to be circular : roles.user
[DEBUG] 2021-03-17 17:16:23.914 [http-nio-8080-exec-1] MetamodelGraphWalker - Visiting attribute path : roles.userName
[DEBUG] 2021-03-17 17:16:23.914 [http-nio-8080-exec-1] MetamodelGraphWalker - Visiting attribute path : userName
[DEBUG] 2021-03-17 17:16:23.914 [http-nio-8080-exec-1] FetchStyleLoadPlanBuildingAssociationVisitationStrategy - Building LoadPlan...
[DEBUG] 2021-03-17 17:16:23.915 [http-nio-8080-exec-1] LoadQueryJoinAndFetchProcessor - processing queryspace <gen:0>
[DEBUG] 2021-03-17 17:16:23.925 [http-nio-8080-exec-1] LoadPlanTreePrinter - LoadPlan(entity=com.hmkurth.entity.User)
    - Returns
       - EntityReturnImpl(entity=com.hmkurth.entity.User, querySpaceUid=<gen:0>, path=com.hmkurth.entity.User)
          - CollectionAttributeFetchImpl(collection=com.hmkurth.entity.User.roles, querySpaceUid=<gen:1>, path=com.hmkurth.entity.User.roles)
             - (collection element) CollectionFetchableElementEntityGraph(entity=com.hmkurth.entity.UserRoles, querySpaceUid=<gen:2>, path=com.hmkurth.entity.User.roles.<elements>)
    - QuerySpaces
       - EntityQuerySpaceImpl(uid=<gen:0>, entity=com.hmkurth.entity.User)
          - SQL table alias mapping - user0_
          - alias suffix - 0_
          - suffixed key columns - {id1_1_0_}
          - JOIN (JoinDefinedByMetadata(roles)) : <gen:0> -> <gen:1>
             - CollectionQuerySpaceImpl(uid=<gen:1>, collection=com.hmkurth.entity.User.roles)
                - SQL table alias mapping - roles1_
                - alias suffix - 1_
                - suffixed key columns - {users_id4_0_1_}
                - entity-element alias suffix - 2_
                - 2_entity-element suffixed key columns - id1_0_2_
                - JOIN (JoinDefinedByMetadata(elements)) : <gen:1> -> <gen:2>
                   - EntityQuerySpaceImpl(uid=<gen:2>, entity=com.hmkurth.entity.UserRoles)
                      - SQL table alias mapping - roles1_
                      - alias suffix - 2_
                      - suffixed key columns - {id1_0_2_}

[DEBUG] 2021-03-17 17:16:23.926 [http-nio-8080-exec-1] EntityLoader - Static select for entity com.hmkurth.entity.User [NONE]: select user0_.id as id1_1_0_, user0_.email as email2_1_0_, user0_.first_name as first_na3_1_0_, user0_.last_name as last_nam4_1_0_, user0_.user_password as user_pas5_1_0_, user0_.user_name as user_nam6_1_0_, roles1_.users_id as users_id4_0_1_, roles1_.id as id1_0_1_, roles1_.id as id1_0_2_, roles1_.role_name as role_nam2_0_2_, roles1_.users_id as users_id4_0_2_, roles1_.user_name as user_nam3_0_2_ from users user0_ left outer join user_roles roles1_ on user0_.id=roles1_.users_id where user0_.id=?
[DEBUG] 2021-03-17 17:16:23.926 [http-nio-8080-exec-1] QuerySpacesImpl - Adding QuerySpace : uid = <gen:0> -> org.hibernate.loader.plan.build.internal.spaces.EntityQuerySpaceImpl@3d3c4ff0]
[DEBUG] 2021-03-17 17:16:23.926 [http-nio-8080-exec-1] MetamodelGraphWalker - Visiting attribute path : email
[DEBUG] 2021-03-17 17:16:23.926 [http-nio-8080-exec-1] MetamodelGraphWalker - Visiting attribute path : firstName
[DEBUG] 2021-03-17 17:16:23.927 [http-nio-8080-exec-1] MetamodelGraphWalker - Visiting attribute path : lastName
[DEBUG] 2021-03-17 17:16:23.927 [http-nio-8080-exec-1] MetamodelGraphWalker - Visiting attribute path : password
[DEBUG] 2021-03-17 17:16:23.927 [http-nio-8080-exec-1] MetamodelGraphWalker - Visiting attribute path : roles
[DEBUG] 2021-03-17 17:16:23.927 [http-nio-8080-exec-1] QuerySpacesImpl - Adding QuerySpace : uid = <gen:1> -> org.hibernate.loader.plan.build.internal.spaces.CollectionQuerySpaceImpl@5434bfa9]
[DEBUG] 2021-03-17 17:16:23.927 [http-nio-8080-exec-1] QuerySpacesImpl - Adding QuerySpace : uid = <gen:2> -> org.hibernate.loader.plan.build.internal.spaces.EntityQuerySpaceImpl@5de81d56]
[DEBUG] 2021-03-17 17:16:23.927 [http-nio-8080-exec-1] MetamodelGraphWalker - Visiting attribute path : roles.roleName
[DEBUG] 2021-03-17 17:16:23.927 [http-nio-8080-exec-1] MetamodelGraphWalker - Visiting attribute path : roles.user
[DEBUG] 2021-03-17 17:16:23.927 [http-nio-8080-exec-1] MetamodelGraphWalker - Property path deemed to be circular : roles.user
[DEBUG] 2021-03-17 17:16:23.927 [http-nio-8080-exec-1] MetamodelGraphWalker - Visiting attribute path : roles.userName
[DEBUG] 2021-03-17 17:16:23.928 [http-nio-8080-exec-1] MetamodelGraphWalker - Visiting attribute path : userName
[DEBUG] 2021-03-17 17:16:23.928 [http-nio-8080-exec-1] FetchStyleLoadPlanBuildingAssociationVisitationStrategy - Building LoadPlan...
[DEBUG] 2021-03-17 17:16:23.928 [http-nio-8080-exec-1] LoadQueryJoinAndFetchProcessor - processing queryspace <gen:0>
[DEBUG] 2021-03-17 17:16:23.929 [http-nio-8080-exec-1] LoadPlanTreePrinter - LoadPlan(entity=com.hmkurth.entity.User)
    - Returns
       - EntityReturnImpl(entity=com.hmkurth.entity.User, querySpaceUid=<gen:0>, path=com.hmkurth.entity.User)
          - CollectionAttributeFetchImpl(collection=com.hmkurth.entity.User.roles, querySpaceUid=<gen:1>, path=com.hmkurth.entity.User.roles)
             - (collection element) CollectionFetchableElementEntityGraph(entity=com.hmkurth.entity.UserRoles, querySpaceUid=<gen:2>, path=com.hmkurth.entity.User.roles.<elements>)
    - QuerySpaces
       - EntityQuerySpaceImpl(uid=<gen:0>, entity=com.hmkurth.entity.User)
          - SQL table alias mapping - user0_
          - alias suffix - 0_
          - suffixed key columns - {id1_1_0_}
          - JOIN (JoinDefinedByMetadata(roles)) : <gen:0> -> <gen:1>
             - CollectionQuerySpaceImpl(uid=<gen:1>, collection=com.hmkurth.entity.User.roles)
                - SQL table alias mapping - roles1_
                - alias suffix - 1_
                - suffixed key columns - {users_id4_0_1_}
                - entity-element alias suffix - 2_
                - 2_entity-element suffixed key columns - id1_0_2_
                - JOIN (JoinDefinedByMetadata(elements)) : <gen:1> -> <gen:2>
                   - EntityQuerySpaceImpl(uid=<gen:2>, entity=com.hmkurth.entity.UserRoles)
                      - SQL table alias mapping - roles1_
                      - alias suffix - 2_
                      - suffixed key columns - {id1_0_2_}

[DEBUG] 2021-03-17 17:16:23.929 [http-nio-8080-exec-1] EntityLoader - Static select for entity com.hmkurth.entity.User [READ]: select user0_.id as id1_1_0_, user0_.email as email2_1_0_, user0_.first_name as first_na3_1_0_, user0_.last_name as last_nam4_1_0_, user0_.user_password as user_pas5_1_0_, user0_.user_name as user_nam6_1_0_, roles1_.users_id as users_id4_0_1_, roles1_.id as id1_0_1_, roles1_.id as id1_0_2_, roles1_.role_name as role_nam2_0_2_, roles1_.users_id as users_id4_0_2_, roles1_.user_name as user_nam3_0_2_ from users user0_ left outer join user_roles roles1_ on user0_.id=roles1_.users_id where user0_.id=?
[DEBUG] 2021-03-17 17:16:23.932 [http-nio-8080-exec-1] Loader - Static select for action ACTION_MERGE on entity com.hmkurth.entity.User: select user0_.id as id1_1_1_, user0_.email as email2_1_1_, user0_.first_name as first_na3_1_1_, user0_.last_name as last_nam4_1_1_, user0_.user_password as user_pas5_1_1_, user0_.user_name as user_nam6_1_1_, roles1_.users_id as users_id4_0_3_, roles1_.id as id1_0_3_, roles1_.id as id1_0_0_, roles1_.role_name as role_nam2_0_0_, roles1_.users_id as users_id4_0_0_, roles1_.user_name as user_nam3_0_0_ from users user0_ left outer join user_roles roles1_ on user0_.id=roles1_.users_id where user0_.id=?
[DEBUG] 2021-03-17 17:16:23.933 [http-nio-8080-exec-1] Loader - Static select for action ACTION_REFRESH on entity com.hmkurth.entity.User: select user0_.id as id1_1_1_, user0_.email as email2_1_1_, user0_.first_name as first_na3_1_1_, user0_.last_name as last_nam4_1_1_, user0_.user_password as user_pas5_1_1_, user0_.user_name as user_nam6_1_1_, roles1_.users_id as users_id4_0_3_, roles1_.id as id1_0_3_, roles1_.id as id1_0_0_, roles1_.role_name as role_nam2_0_0_, roles1_.users_id as users_id4_0_0_, roles1_.user_name as user_nam3_0_0_ from users user0_ left outer join user_roles roles1_ on user0_.id=roles1_.users_id where user0_.id=?
[DEBUG] 2021-03-17 17:16:23.961 [http-nio-8080-exec-1] QuerySpacesImpl - Adding QuerySpace : uid = <gen:0> -> org.hibernate.loader.plan.build.internal.spaces.CollectionQuerySpaceImpl@648b8501]
[DEBUG] 2021-03-17 17:16:23.961 [http-nio-8080-exec-1] QuerySpacesImpl - Adding QuerySpace : uid = <gen:1> -> org.hibernate.loader.plan.build.internal.spaces.EntityQuerySpaceImpl@6e29fded]
[DEBUG] 2021-03-17 17:16:23.962 [http-nio-8080-exec-1] MetamodelGraphWalker - Visiting attribute path : roleName
[DEBUG] 2021-03-17 17:16:23.962 [http-nio-8080-exec-1] MetamodelGraphWalker - Visiting attribute path : user
[DEBUG] 2021-03-17 17:16:23.962 [http-nio-8080-exec-1] MetamodelGraphWalker - Property path deemed to be circular : user
[DEBUG] 2021-03-17 17:16:23.962 [http-nio-8080-exec-1] MetamodelGraphWalker - Visiting attribute path : userName
[DEBUG] 2021-03-17 17:16:23.962 [http-nio-8080-exec-1] FetchStyleLoadPlanBuildingAssociationVisitationStrategy - Building LoadPlan...
[DEBUG] 2021-03-17 17:16:23.973 [http-nio-8080-exec-1] LoadQueryJoinAndFetchProcessor - processing queryspace <gen:0>
[DEBUG] 2021-03-17 17:16:23.973 [http-nio-8080-exec-1] LoadPlanTreePrinter - LoadPlan(collection=com.hmkurth.entity.User.roles)
    - Returns
       - CollectionReturnImpl(collection=com.hmkurth.entity.User.roles, querySpaceUid=<gen:0>, path=[com.hmkurth.entity.User.roles])
          - (collection element) CollectionFetchableElementEntityGraph(entity=com.hmkurth.entity.UserRoles, querySpaceUid=<gen:1>, path=[com.hmkurth.entity.User.roles].<elements>)
    - QuerySpaces
       - CollectionQuerySpaceImpl(uid=<gen:0>, collection=com.hmkurth.entity.User.roles)
          - SQL table alias mapping - roles0_
          - alias suffix - 0_
          - suffixed key columns - {users_id4_0_0_}
          - entity-element alias suffix - 1_
          - 1_entity-element suffixed key columns - id1_0_1_
          - JOIN (JoinDefinedByMetadata(elements)) : <gen:0> -> <gen:1>
             - EntityQuerySpaceImpl(uid=<gen:1>, entity=com.hmkurth.entity.UserRoles)
                - SQL table alias mapping - roles0_
                - alias suffix - 1_
                - suffixed key columns - {id1_0_1_}

[DEBUG] 2021-03-17 17:16:23.976 [http-nio-8080-exec-1] CollectionLoader - Static select for collection com.hmkurth.entity.User.roles: select roles0_.users_id as users_id4_0_0_, roles0_.id as id1_0_0_, roles0_.id as id1_0_1_, roles0_.role_name as role_nam2_0_1_, roles0_.users_id as users_id4_0_1_, roles0_.user_name as user_nam3_0_1_ from user_roles roles0_ where roles0_.users_id=?
[DEBUG] 2021-03-17 17:16:24.169 [http-nio-8080-exec-1] SchemaManagementToolCoordinator - No actions specified; doing nothing
[DEBUG] 2021-03-17 17:16:24.169 [http-nio-8080-exec-1] JtaPlatformInitiator - No JtaPlatform was specified, checking resolver
[DEBUG] 2021-03-17 17:16:24.171 [http-nio-8080-exec-1] JtaPlatformResolverInitiator - No JtaPlatformResolver was specified, using default [org.hibernate.engine.transaction.jta.platform.internal.StandardJtaPlatformResolver]
[DEBUG] 2021-03-17 17:16:24.211 [http-nio-8080-exec-1] StandardJtaPlatformResolver - Could not resolve JtaPlatform, using default [org.hibernate.engine.transaction.jta.platform.internal.NoJtaPlatform]
[INFO ] 2021-03-17 17:16:24.212 [http-nio-8080-exec-1] JtaPlatformInitiator - HHH000490: Using JtaPlatform implementation: [org.hibernate.engine.transaction.jta.platform.internal.NoJtaPlatform]
[DEBUG] 2021-03-17 17:16:24.213 [http-nio-8080-exec-1] NamedQueryRepository - Checking 0 named HQL queries
[DEBUG] 2021-03-17 17:16:24.213 [http-nio-8080-exec-1] NamedQueryRepository - Checking 0 named SQL queries
[DEBUG] 2021-03-17 17:16:24.224 [http-nio-8080-exec-1] SessionFactoryRegistry - Initializing SessionFactoryRegistry : org.hibernate.internal.SessionFactoryRegistry@249e0979
[DEBUG] 2021-03-17 17:16:24.230 [http-nio-8080-exec-1] SessionFactoryRegistry - Registering SessionFactory: 684ed404-d0e4-48c9-a184-979445620de5 (<unnamed>)
[DEBUG] 2021-03-17 17:16:24.230 [http-nio-8080-exec-1] SessionFactoryRegistry - Not binding SessionFactory to JNDI, no JNDI name configured
[DEBUG] 2021-03-17 17:16:24.634 [http-nio-8080-exec-1] StatisticsInitiator - Statistics initialized [enabled=false]
[DEBUG] 2021-03-17 17:16:24.773 [http-nio-8080-exec-1] CriteriaQueryImpl - Rendered criteria query -> select generatedAlias0 from User as generatedAlias0 where generatedAlias0.lastName like :param0
[DEBUG] 2021-03-17 17:16:24.839 [http-nio-8080-exec-1] QueryTranslatorFactoryInitiator - QueryTranslatorFactory: org.hibernate.hql.internal.ast.ASTQueryTranslatorFactory@613356c0
[DEBUG] 2021-03-17 17:16:24.958 [http-nio-8080-exec-1] QueryTranslatorImpl - parse() - HQL: select generatedAlias0 from com.hmkurth.entity.User as generatedAlias0 where generatedAlias0.lastName like :param0
[DEBUG] 2021-03-17 17:16:24.977 [http-nio-8080-exec-1] ErrorTracker - throwQueryException() : no errors
[DEBUG] 2021-03-17 17:16:25.000 [http-nio-8080-exec-1] QueryTranslatorImpl - --- HQL AST ---
 \-[QUERY] Node: 'query'
    +-[SELECT_FROM] Node: 'SELECT_FROM'
    |  +-[FROM] Node: 'from'
    |  |  \-[RANGE] Node: 'RANGE'
    |  |     +-[DOT] Node: '.'
    |  |     |  +-[DOT] Node: '.'
    |  |     |  |  +-[DOT] Node: '.'
    |  |     |  |  |  +-[IDENT] Node: 'com'
    |  |     |  |  |  \-[IDENT] Node: 'hmkurth'
    |  |     |  |  \-[IDENT] Node: 'entity'
    |  |     |  \-[IDENT] Node: 'User'
    |  |     \-[ALIAS] Node: 'generatedAlias0'
    |  \-[SELECT] Node: 'select'
    |     \-[IDENT] Node: 'generatedAlias0'
    \-[WHERE] Node: 'where'
       \-[LIKE] Node: 'like'
          +-[DOT] Node: '.'
          |  +-[IDENT] Node: 'generatedAlias0'
          |  \-[IDENT] Node: 'lastName'
          \-[COLON] Node: ':'
             \-[IDENT] Node: 'param0'

[DEBUG] 2021-03-17 17:16:25.085 [http-nio-8080-exec-1] HqlSqlBaseWalker - select << begin [level=1, statement=select]
[DEBUG] 2021-03-17 17:16:25.141 [http-nio-8080-exec-1] FromElement - FromClause{level=1} : com.hmkurth.entity.User (generatedAlias0) -> user0_
[DEBUG] 2021-03-17 17:16:25.144 [http-nio-8080-exec-1] FromReferenceNode - Resolved : generatedAlias0 -> user0_.id
[DEBUG] 2021-03-17 17:16:25.155 [http-nio-8080-exec-1] FromReferenceNode - Resolved : generatedAlias0 -> user0_.id
[DEBUG] 2021-03-17 17:16:25.160 [http-nio-8080-exec-1] DotNode - getDataType() : lastName -> org.hibernate.type.StringType@1b6c1bbf
[DEBUG] 2021-03-17 17:16:25.163 [http-nio-8080-exec-1] FromReferenceNode - Resolved : generatedAlias0.lastName -> user0_.last_name
[DEBUG] 2021-03-17 17:16:25.172 [http-nio-8080-exec-1] HqlSqlBaseWalker - select : finishing up [level=1, statement=select]
[DEBUG] 2021-03-17 17:16:25.172 [http-nio-8080-exec-1] HqlSqlWalker - processQuery() :  ( SELECT ( {select clause} user0_.id ) ( FromClause{level=1} users user0_ ) ( where ( like ( user0_.last_name user0_.id lastName ) ? ) ) )
[DEBUG] 2021-03-17 17:16:25.209 [http-nio-8080-exec-1] JoinProcessor - Using FROM fragment [users user0_]
[DEBUG] 2021-03-17 17:16:25.209 [http-nio-8080-exec-1] HqlSqlBaseWalker - select >> end [level=1, statement=select]
[DEBUG] 2021-03-17 17:16:25.210 [http-nio-8080-exec-1] QueryTranslatorImpl - --- SQL AST ---
 \-[SELECT] QueryNode: 'SELECT'  querySpaces (users)
    +-[SELECT_CLAUSE] SelectClause: '{select clause}'
    |  +-[ALIAS_REF] IdentNode: 'user0_.id as id1_1_' {alias=generatedAlias0, className=com.hmkurth.entity.User, tableAlias=user0_}
    |  \-[SQL_TOKEN] SqlFragment: 'user0_.email as email2_1_, user0_.first_name as first_na3_1_, user0_.last_name as last_nam4_1_, user0_.user_password as user_pas5_1_, user0_.user_name as user_nam6_1_'
    +-[FROM] FromClause: 'from' FromClause{level=1, fromElementCounter=1, fromElements=1, fromElementByClassAlias=[generatedAlias0], fromElementByTableAlias=[user0_], fromElementsByPath=[], collectionJoinFromElementsByPath=[], impliedElements=[]}
    |  \-[FROM_FRAGMENT] FromElement: 'users user0_' FromElement{explicit,not a collection join,not a fetch join,fetch non-lazy properties,classAlias=generatedAlias0,role=null,tableName=users,tableAlias=user0_,origin=null,columns={,className=com.hmkurth.entity.User}}
    \-[WHERE] SqlNode: 'where'
       \-[LIKE] BinaryLogicOperatorNode: 'like'
          +-[DOT] DotNode: 'user0_.last_name' {propertyName=lastName,dereferenceType=PRIMITIVE,getPropertyPath=lastName,path=generatedAlias0.lastName,tableAlias=user0_,className=com.hmkurth.entity.User,classAlias=generatedAlias0}
          |  +-[ALIAS_REF] IdentNode: 'user0_.id' {alias=generatedAlias0, className=com.hmkurth.entity.User, tableAlias=user0_}
          |  \-[IDENT] IdentNode: 'lastName' {originalText=lastName}
          \-[NAMED_PARAM] ParameterNode: '?' {name=param0, expectedType=org.hibernate.type.StringType@1b6c1bbf}

[DEBUG] 2021-03-17 17:16:25.210 [http-nio-8080-exec-1] ErrorTracker - throwQueryException() : no errors
[DEBUG] 2021-03-17 17:16:25.222 [http-nio-8080-exec-1] QueryTranslatorImpl - HQL: select generatedAlias0 from com.hmkurth.entity.User as generatedAlias0 where generatedAlias0.lastName like :param0
[DEBUG] 2021-03-17 17:16:25.222 [http-nio-8080-exec-1] QueryTranslatorImpl - SQL: select user0_.id as id1_1_, user0_.email as email2_1_, user0_.first_name as first_na3_1_, user0_.last_name as last_nam4_1_, user0_.user_password as user_pas5_1_, user0_.user_name as user_nam6_1_ from users user0_ where user0_.last_name like ?
[DEBUG] 2021-03-17 17:16:25.222 [http-nio-8080-exec-1] ErrorTracker - throwQueryException() : no errors
[DEBUG] 2021-03-17 17:16:25.298 [http-nio-8080-exec-1] SQL - select user0_.id as id1_1_, user0_.email as email2_1_, user0_.first_name as first_na3_1_, user0_.last_name as last_nam4_1_, user0_.user_password as user_pas5_1_, user0_.user_name as user_nam6_1_ from users user0_ where user0_.last_name like ?
[DEBUG] 2021-03-17 17:16:25.460 [http-nio-8080-exec-1] Loader - Result set row: 0
[DEBUG] 2021-03-17 17:16:25.471 [http-nio-8080-exec-1] Loader - Result row: EntityKey[com.hmkurth.entity.User#4]
[DEBUG] 2021-03-17 17:16:25.508 [http-nio-8080-exec-1] TwoPhaseLoad - Resolving attributes for [com.hmkurth.entity.User#4]
[DEBUG] 2021-03-17 17:16:25.512 [http-nio-8080-exec-1] TwoPhaseLoad - Processing attribute `email` : value = least@mail
[DEBUG] 2021-03-17 17:16:25.512 [http-nio-8080-exec-1] TwoPhaseLoad - Attribute (`email`)  - enhanced for lazy-loading? - false
[DEBUG] 2021-03-17 17:16:25.512 [http-nio-8080-exec-1] TwoPhaseLoad - Processing attribute `firstName` : value = Karen
[DEBUG] 2021-03-17 17:16:25.513 [http-nio-8080-exec-1] TwoPhaseLoad - Attribute (`firstName`)  - enhanced for lazy-loading? - false
[DEBUG] 2021-03-17 17:16:25.513 [http-nio-8080-exec-1] TwoPhaseLoad - Processing attribute `lastName` : value = Mack
[DEBUG] 2021-03-17 17:16:25.513 [http-nio-8080-exec-1] TwoPhaseLoad - Attribute (`lastName`)  - enhanced for lazy-loading? - false
[DEBUG] 2021-03-17 17:16:25.513 [http-nio-8080-exec-1] TwoPhaseLoad - Processing attribute `password` : value = supersecret4
[DEBUG] 2021-03-17 17:16:25.513 [http-nio-8080-exec-1] TwoPhaseLoad - Attribute (`password`)  - enhanced for lazy-loading? - false
[DEBUG] 2021-03-17 17:16:25.513 [http-nio-8080-exec-1] TwoPhaseLoad - Processing attribute `roles` : value = NOT NULL COLLECTION
[DEBUG] 2021-03-17 17:16:25.513 [http-nio-8080-exec-1] TwoPhaseLoad - Attribute (`roles`)  - enhanced for lazy-loading? - false
[DEBUG] 2021-03-17 17:16:25.539 [http-nio-8080-exec-1] TwoPhaseLoad - Processing attribute `userName` : value = kmack
[DEBUG] 2021-03-17 17:16:25.539 [http-nio-8080-exec-1] TwoPhaseLoad - Attribute (`userName`)  - enhanced for lazy-loading? - false
[DEBUG] 2021-03-17 17:16:25.542 [http-nio-8080-exec-1] TwoPhaseLoad - Done materializing entity [com.hmkurth.entity.User#4]
[DEBUG] 2021-03-17 17:16:25.551 [http-nio-8080-exec-1] AbstractLoadPlanBasedCollectionInitializer - Loading collection: [com.hmkurth.entity.User.roles#4]
[DEBUG] 2021-03-17 17:16:25.551 [http-nio-8080-exec-1] SQL - select roles0_.users_id as users_id4_0_0_, roles0_.id as id1_0_0_, roles0_.id as id1_0_1_, roles0_.role_name as role_nam2_0_1_, roles0_.users_id as users_id4_0_1_, roles0_.user_name as user_nam3_0_1_ from user_roles roles0_ where roles0_.users_id=?
[DEBUG] 2021-03-17 17:16:25.584 [http-nio-8080-exec-1] ResultSetProcessorImpl - Preparing collection initializer : [com.hmkurth.entity.User.roles#4]
[DEBUG] 2021-03-17 17:16:25.594 [http-nio-8080-exec-1] ResultSetProcessorImpl - Starting ResultSet row #0
[DEBUG] 2021-03-17 17:16:25.598 [http-nio-8080-exec-1] CollectionReferenceInitializerImpl - Found row of collection: [com.hmkurth.entity.User.roles#4]
[DEBUG] 2021-03-17 17:16:25.612 [http-nio-8080-exec-1] TwoPhaseLoad - Resolving attributes for [com.hmkurth.entity.UserRoles#4]
[DEBUG] 2021-03-17 17:16:25.612 [http-nio-8080-exec-1] TwoPhaseLoad - Processing attribute `roleName` : value = regular
[DEBUG] 2021-03-17 17:16:25.612 [http-nio-8080-exec-1] TwoPhaseLoad - Attribute (`roleName`)  - enhanced for lazy-loading? - false
[DEBUG] 2021-03-17 17:16:25.612 [http-nio-8080-exec-1] TwoPhaseLoad - Processing attribute `user` : value = 4
[DEBUG] 2021-03-17 17:16:25.612 [http-nio-8080-exec-1] TwoPhaseLoad - Attribute (`user`)  - enhanced for lazy-loading? - false
[DEBUG] 2021-03-17 17:16:25.612 [http-nio-8080-exec-1] TwoPhaseLoad - Processing attribute `userName` : value = kmack
[DEBUG] 2021-03-17 17:16:25.612 [http-nio-8080-exec-1] TwoPhaseLoad - Attribute (`userName`)  - enhanced for lazy-loading? - false
[DEBUG] 2021-03-17 17:16:25.612 [http-nio-8080-exec-1] TwoPhaseLoad - Done materializing entity [com.hmkurth.entity.UserRoles#4]
[DEBUG] 2021-03-17 17:16:25.613 [http-nio-8080-exec-1] CollectionLoadContext - 1 collections were found in result set for role: com.hmkurth.entity.User.roles
[DEBUG] 2021-03-17 17:16:25.613 [http-nio-8080-exec-1] CollectionLoadContext - Collection fully initialized: [com.hmkurth.entity.User.roles#4]
[DEBUG] 2021-03-17 17:16:25.613 [http-nio-8080-exec-1] CollectionLoadContext - 1 collections initialized for role: com.hmkurth.entity.User.roles
[DEBUG] 2021-03-17 17:16:25.613 [http-nio-8080-exec-1] ResourceRegistryStandardImpl - HHH000387: ResultSet's statement was not registered
[DEBUG] 2021-03-17 17:16:25.613 [http-nio-8080-exec-1] AbstractLoadPlanBasedCollectionInitializer - Done loading collection
[DEBUG] 2021-03-17 17:16:25.616 [http-nio-8080-exec-1] LogicalConnectionManagedImpl - Initiating JDBC connection release from afterTransaction
