[DEBUG] 2021-03-24 18:32:52.712 [main] IntegratorServiceImpl - Adding Integrator [org.hibernate.cfg.beanvalidation.BeanValidationIntegrator].
[DEBUG] 2021-03-24 18:32:52.719 [main] IntegratorServiceImpl - Adding Integrator [org.hibernate.secure.spi.JaccIntegrator].
[DEBUG] 2021-03-24 18:32:52.723 [main] IntegratorServiceImpl - Adding Integrator [org.hibernate.cache.internal.CollectionCacheInvalidator].
[INFO ] 2021-03-24 18:32:52.828 [main] Version - HHH000412: Hibernate Core {5.4.4.Final}
[DEBUG] 2021-03-24 18:32:52.832 [main] Environment - HHH000206: hibernate.properties not found
[DEBUG] 2021-03-24 18:32:53.045 [main] LocalXmlResourceResolver - Interpreting public/system identifier : [null] - [http://www.hibernate.org/dtd/hibernate-configuration-3.0.dtd]
[DEBUG] 2021-03-24 18:32:53.046 [main] LocalXmlResourceResolver - Recognized hibernate-configuration identifier; attempting to resolve on classpath under org/hibernate/
[DEBUG] 2021-03-24 18:32:53.051 [main] JaxbCfgProcessor - cfg.xml document did not define namespaces; wrapping in custom event reader to introduce namespace information
[DEBUG] 2021-03-24 18:32:53.394 [main] ServiceBinding - Overriding existing service binding [org.hibernate.secure.spi.JaccService]
[DEBUG] 2021-03-24 18:32:53.420 [main] RegionFactoryInitiator - Cannot default RegionFactory based on registered strategies as `[]` RegionFactory strategies were registered
[DEBUG] 2021-03-24 18:32:53.421 [main] RegionFactoryInitiator - Cache region factory : org.hibernate.cache.internal.NoCachingRegionFactory
[INFO ] 2021-03-24 18:32:53.447 [main] Version - HCANN000001: Hibernate Commons Annotations {5.1.0.Final}
[DEBUG] 2021-03-24 18:32:53.496 [main] BasicTypeRegistry - Adding type registration boolean -> org.hibernate.type.BooleanType@339a3670
[DEBUG] 2021-03-24 18:32:53.497 [main] BasicTypeRegistry - Adding type registration boolean -> org.hibernate.type.BooleanType@339a3670
[DEBUG] 2021-03-24 18:32:53.497 [main] BasicTypeRegistry - Adding type registration java.lang.Boolean -> org.hibernate.type.BooleanType@339a3670
[DEBUG] 2021-03-24 18:32:53.497 [main] BasicTypeRegistry - Adding type registration numeric_boolean -> org.hibernate.type.NumericBooleanType@720bf653
[DEBUG] 2021-03-24 18:32:53.498 [main] BasicTypeRegistry - Adding type registration true_false -> org.hibernate.type.TrueFalseType@70c53dbe
[DEBUG] 2021-03-24 18:32:53.498 [main] BasicTypeRegistry - Adding type registration yes_no -> org.hibernate.type.YesNoType@2a331b46
[DEBUG] 2021-03-24 18:32:53.500 [main] BasicTypeRegistry - Adding type registration byte -> org.hibernate.type.ByteType@1d23ff23
[DEBUG] 2021-03-24 18:32:53.500 [main] BasicTypeRegistry - Adding type registration byte -> org.hibernate.type.ByteType@1d23ff23
[DEBUG] 2021-03-24 18:32:53.500 [main] BasicTypeRegistry - Adding type registration java.lang.Byte -> org.hibernate.type.ByteType@1d23ff23
[DEBUG] 2021-03-24 18:32:53.502 [main] BasicTypeRegistry - Adding type registration character -> org.hibernate.type.CharacterType@68d651f2
[DEBUG] 2021-03-24 18:32:53.502 [main] BasicTypeRegistry - Adding type registration char -> org.hibernate.type.CharacterType@68d651f2
[DEBUG] 2021-03-24 18:32:53.502 [main] BasicTypeRegistry - Adding type registration java.lang.Character -> org.hibernate.type.CharacterType@68d651f2
[DEBUG] 2021-03-24 18:32:53.504 [main] BasicTypeRegistry - Adding type registration short -> org.hibernate.type.ShortType@79fd6f95
[DEBUG] 2021-03-24 18:32:53.504 [main] BasicTypeRegistry - Adding type registration short -> org.hibernate.type.ShortType@79fd6f95
[DEBUG] 2021-03-24 18:32:53.504 [main] BasicTypeRegistry - Adding type registration java.lang.Short -> org.hibernate.type.ShortType@79fd6f95
[DEBUG] 2021-03-24 18:32:53.505 [main] BasicTypeRegistry - Adding type registration integer -> org.hibernate.type.IntegerType@113e13f9
[DEBUG] 2021-03-24 18:32:53.506 [main] BasicTypeRegistry - Adding type registration int -> org.hibernate.type.IntegerType@113e13f9
[DEBUG] 2021-03-24 18:32:53.506 [main] BasicTypeRegistry - Adding type registration java.lang.Integer -> org.hibernate.type.IntegerType@113e13f9
[DEBUG] 2021-03-24 18:32:53.507 [main] BasicTypeRegistry - Adding type registration long -> org.hibernate.type.LongType@124ac145
[DEBUG] 2021-03-24 18:32:53.508 [main] BasicTypeRegistry - Adding type registration long -> org.hibernate.type.LongType@124ac145
[DEBUG] 2021-03-24 18:32:53.508 [main] BasicTypeRegistry - Adding type registration java.lang.Long -> org.hibernate.type.LongType@124ac145
[DEBUG] 2021-03-24 18:32:53.509 [main] BasicTypeRegistry - Adding type registration float -> org.hibernate.type.FloatType@37e0292a
[DEBUG] 2021-03-24 18:32:53.510 [main] BasicTypeRegistry - Adding type registration float -> org.hibernate.type.FloatType@37e0292a
[DEBUG] 2021-03-24 18:32:53.510 [main] BasicTypeRegistry - Adding type registration java.lang.Float -> org.hibernate.type.FloatType@37e0292a
[DEBUG] 2021-03-24 18:32:53.511 [main] BasicTypeRegistry - Adding type registration double -> org.hibernate.type.DoubleType@9b21bd3
[DEBUG] 2021-03-24 18:32:53.511 [main] BasicTypeRegistry - Adding type registration double -> org.hibernate.type.DoubleType@9b21bd3
[DEBUG] 2021-03-24 18:32:53.512 [main] BasicTypeRegistry - Adding type registration java.lang.Double -> org.hibernate.type.DoubleType@9b21bd3
[DEBUG] 2021-03-24 18:32:53.513 [main] BasicTypeRegistry - Adding type registration big_decimal -> org.hibernate.type.BigDecimalType@42ea287
[DEBUG] 2021-03-24 18:32:53.513 [main] BasicTypeRegistry - Adding type registration java.math.BigDecimal -> org.hibernate.type.BigDecimalType@42ea287
[DEBUG] 2021-03-24 18:32:53.515 [main] BasicTypeRegistry - Adding type registration big_integer -> org.hibernate.type.BigIntegerType@5ec4ff02
[DEBUG] 2021-03-24 18:32:53.515 [main] BasicTypeRegistry - Adding type registration java.math.BigInteger -> org.hibernate.type.BigIntegerType@5ec4ff02
[DEBUG] 2021-03-24 18:32:53.517 [main] BasicTypeRegistry - Adding type registration string -> org.hibernate.type.StringType@7efd28bd
[DEBUG] 2021-03-24 18:32:53.517 [main] BasicTypeRegistry - Adding type registration java.lang.String -> org.hibernate.type.StringType@7efd28bd
[DEBUG] 2021-03-24 18:32:53.518 [main] BasicTypeRegistry - Adding type registration nstring -> org.hibernate.type.StringNVarcharType@26844abb
[DEBUG] 2021-03-24 18:32:53.518 [main] BasicTypeRegistry - Adding type registration ncharacter -> org.hibernate.type.CharacterNCharType@44bd4b0a
[DEBUG] 2021-03-24 18:32:53.520 [main] BasicTypeRegistry - Adding type registration url -> org.hibernate.type.UrlType@2b8bb184
[DEBUG] 2021-03-24 18:32:53.521 [main] BasicTypeRegistry - Adding type registration java.net.URL -> org.hibernate.type.UrlType@2b8bb184
[DEBUG] 2021-03-24 18:32:53.522 [main] BasicTypeRegistry - Adding type registration Duration -> org.hibernate.type.DurationType@1e0895f5
[DEBUG] 2021-03-24 18:32:53.522 [main] BasicTypeRegistry - Adding type registration java.time.Duration -> org.hibernate.type.DurationType@1e0895f5
[DEBUG] 2021-03-24 18:32:53.538 [main] BasicTypeRegistry - Adding type registration Instant -> org.hibernate.type.InstantType@1292071f
[DEBUG] 2021-03-24 18:32:53.538 [main] BasicTypeRegistry - Adding type registration java.time.Instant -> org.hibernate.type.InstantType@1292071f
[DEBUG] 2021-03-24 18:32:53.541 [main] BasicTypeRegistry - Adding type registration LocalDateTime -> org.hibernate.type.LocalDateTimeType@1e8ab90f
[DEBUG] 2021-03-24 18:32:53.541 [main] BasicTypeRegistry - Adding type registration java.time.LocalDateTime -> org.hibernate.type.LocalDateTimeType@1e8ab90f
[DEBUG] 2021-03-24 18:32:53.545 [main] BasicTypeRegistry - Adding type registration LocalDate -> org.hibernate.type.LocalDateType@5b9396d3
[DEBUG] 2021-03-24 18:32:53.545 [main] BasicTypeRegistry - Adding type registration java.time.LocalDate -> org.hibernate.type.LocalDateType@5b9396d3
[DEBUG] 2021-03-24 18:32:53.547 [main] BasicTypeRegistry - Adding type registration LocalTime -> org.hibernate.type.LocalTimeType@2d9dff65
[DEBUG] 2021-03-24 18:32:53.547 [main] BasicTypeRegistry - Adding type registration java.time.LocalTime -> org.hibernate.type.LocalTimeType@2d9dff65
[DEBUG] 2021-03-24 18:32:53.550 [main] BasicTypeRegistry - Adding type registration OffsetDateTime -> org.hibernate.type.OffsetDateTimeType@6eb17ec8
[DEBUG] 2021-03-24 18:32:53.550 [main] BasicTypeRegistry - Adding type registration java.time.OffsetDateTime -> org.hibernate.type.OffsetDateTimeType@6eb17ec8
[DEBUG] 2021-03-24 18:32:53.553 [main] BasicTypeRegistry - Adding type registration OffsetTime -> org.hibernate.type.OffsetTimeType@4beaf6bd
[DEBUG] 2021-03-24 18:32:53.553 [main] BasicTypeRegistry - Adding type registration java.time.OffsetTime -> org.hibernate.type.OffsetTimeType@4beaf6bd
[DEBUG] 2021-03-24 18:32:53.557 [main] BasicTypeRegistry - Adding type registration ZonedDateTime -> org.hibernate.type.ZonedDateTimeType@7a0ef219
[DEBUG] 2021-03-24 18:32:53.557 [main] BasicTypeRegistry - Adding type registration java.time.ZonedDateTime -> org.hibernate.type.ZonedDateTimeType@7a0ef219
[DEBUG] 2021-03-24 18:32:53.559 [main] BasicTypeRegistry - Adding type registration date -> org.hibernate.type.DateType@3d904e9c
[DEBUG] 2021-03-24 18:32:53.559 [main] BasicTypeRegistry - Adding type registration java.sql.Date -> org.hibernate.type.DateType@3d904e9c
[DEBUG] 2021-03-24 18:32:53.561 [main] BasicTypeRegistry - Adding type registration time -> org.hibernate.type.TimeType@4649d70a
[DEBUG] 2021-03-24 18:32:53.561 [main] BasicTypeRegistry - Adding type registration java.sql.Time -> org.hibernate.type.TimeType@4649d70a
[DEBUG] 2021-03-24 18:32:53.563 [main] BasicTypeRegistry - Adding type registration timestamp -> org.hibernate.type.TimestampType@51c959a4
[DEBUG] 2021-03-24 18:32:53.563 [main] BasicTypeRegistry - Adding type registration java.sql.Timestamp -> org.hibernate.type.TimestampType@51c959a4
[DEBUG] 2021-03-24 18:32:53.563 [main] BasicTypeRegistry - Adding type registration java.util.Date -> org.hibernate.type.TimestampType@51c959a4
[DEBUG] 2021-03-24 18:32:53.565 [main] BasicTypeRegistry - Adding type registration dbtimestamp -> org.hibernate.type.DbTimestampType@60f70249
[DEBUG] 2021-03-24 18:32:53.566 [main] BasicTypeRegistry - Adding type registration calendar -> org.hibernate.type.CalendarType@558756be
[DEBUG] 2021-03-24 18:32:53.567 [main] BasicTypeRegistry - Adding type registration java.util.Calendar -> org.hibernate.type.CalendarType@558756be
[DEBUG] 2021-03-24 18:32:53.567 [main] BasicTypeRegistry - Adding type registration java.util.GregorianCalendar -> org.hibernate.type.CalendarType@558756be
[DEBUG] 2021-03-24 18:32:53.568 [main] BasicTypeRegistry - Adding type registration calendar_date -> org.hibernate.type.CalendarDateType@26dc9bd5
[DEBUG] 2021-03-24 18:32:53.569 [main] BasicTypeRegistry - Adding type registration locale -> org.hibernate.type.LocaleType@767a014e
[DEBUG] 2021-03-24 18:32:53.570 [main] BasicTypeRegistry - Adding type registration java.util.Locale -> org.hibernate.type.LocaleType@767a014e
[DEBUG] 2021-03-24 18:32:53.572 [main] BasicTypeRegistry - Adding type registration currency -> org.hibernate.type.CurrencyType@70228253
[DEBUG] 2021-03-24 18:32:53.572 [main] BasicTypeRegistry - Adding type registration java.util.Currency -> org.hibernate.type.CurrencyType@70228253
[DEBUG] 2021-03-24 18:32:53.573 [main] BasicTypeRegistry - Adding type registration timezone -> org.hibernate.type.TimeZoneType@65b97f47
[DEBUG] 2021-03-24 18:32:53.573 [main] BasicTypeRegistry - Adding type registration java.util.TimeZone -> org.hibernate.type.TimeZoneType@65b97f47
[DEBUG] 2021-03-24 18:32:53.574 [main] BasicTypeRegistry - Adding type registration class -> org.hibernate.type.ClassType@352c44a8
[DEBUG] 2021-03-24 18:32:53.575 [main] BasicTypeRegistry - Adding type registration java.lang.Class -> org.hibernate.type.ClassType@352c44a8
[DEBUG] 2021-03-24 18:32:53.576 [main] BasicTypeRegistry - Adding type registration uuid-binary -> org.hibernate.type.UUIDBinaryType@5df778c3
[DEBUG] 2021-03-24 18:32:53.576 [main] BasicTypeRegistry - Adding type registration java.util.UUID -> org.hibernate.type.UUIDBinaryType@5df778c3
[DEBUG] 2021-03-24 18:32:53.577 [main] BasicTypeRegistry - Adding type registration uuid-char -> org.hibernate.type.UUIDCharType@6edcad64
[DEBUG] 2021-03-24 18:32:53.578 [main] BasicTypeRegistry - Adding type registration binary -> org.hibernate.type.BinaryType@646c0a67
[DEBUG] 2021-03-24 18:32:53.578 [main] BasicTypeRegistry - Adding type registration byte[] -> org.hibernate.type.BinaryType@646c0a67
[DEBUG] 2021-03-24 18:32:53.578 [main] BasicTypeRegistry - Adding type registration [B -> org.hibernate.type.BinaryType@646c0a67
[DEBUG] 2021-03-24 18:32:53.580 [main] BasicTypeRegistry - Adding type registration wrapper-binary -> org.hibernate.type.WrapperBinaryType@6dd1c3ed
[DEBUG] 2021-03-24 18:32:53.580 [main] BasicTypeRegistry - Adding type registration Byte[] -> org.hibernate.type.WrapperBinaryType@6dd1c3ed
[DEBUG] 2021-03-24 18:32:53.580 [main] BasicTypeRegistry - Adding type registration [Ljava.lang.Byte; -> org.hibernate.type.WrapperBinaryType@6dd1c3ed
[DEBUG] 2021-03-24 18:32:53.581 [main] BasicTypeRegistry - Adding type registration row_version -> org.hibernate.type.RowVersionType@3dffc764
[DEBUG] 2021-03-24 18:32:53.582 [main] BasicTypeRegistry - Adding type registration image -> org.hibernate.type.ImageType@26cb5207
[DEBUG] 2021-03-24 18:32:53.585 [main] BasicTypeRegistry - Adding type registration characters -> org.hibernate.type.CharArrayType@6cd64ee8
[DEBUG] 2021-03-24 18:32:53.585 [main] BasicTypeRegistry - Adding type registration char[] -> org.hibernate.type.CharArrayType@6cd64ee8
[DEBUG] 2021-03-24 18:32:53.585 [main] BasicTypeRegistry - Adding type registration [C -> org.hibernate.type.CharArrayType@6cd64ee8
[DEBUG] 2021-03-24 18:32:53.587 [main] BasicTypeRegistry - Adding type registration wrapper-characters -> org.hibernate.type.CharacterArrayType@1a2bcd56
[DEBUG] 2021-03-24 18:32:53.587 [main] BasicTypeRegistry - Adding type registration [Ljava.lang.Character; -> org.hibernate.type.CharacterArrayType@1a2bcd56
[DEBUG] 2021-03-24 18:32:53.587 [main] BasicTypeRegistry - Adding type registration Character[] -> org.hibernate.type.CharacterArrayType@1a2bcd56
[DEBUG] 2021-03-24 18:32:53.588 [main] BasicTypeRegistry - Adding type registration text -> org.hibernate.type.TextType@5679e96b
[DEBUG] 2021-03-24 18:32:53.589 [main] BasicTypeRegistry - Adding type registration ntext -> org.hibernate.type.NTextType@56a4f272
[DEBUG] 2021-03-24 18:32:53.591 [main] BasicTypeRegistry - Adding type registration blob -> org.hibernate.type.BlobType@49faf066
[DEBUG] 2021-03-24 18:32:53.591 [main] BasicTypeRegistry - Adding type registration java.sql.Blob -> org.hibernate.type.BlobType@49faf066
[DEBUG] 2021-03-24 18:32:53.592 [main] BasicTypeRegistry - Adding type registration materialized_blob -> org.hibernate.type.MaterializedBlobType@1422ac7f
[DEBUG] 2021-03-24 18:32:53.593 [main] BasicTypeRegistry - Adding type registration clob -> org.hibernate.type.ClobType@5e5af8e1
[DEBUG] 2021-03-24 18:32:53.593 [main] BasicTypeRegistry - Adding type registration java.sql.Clob -> org.hibernate.type.ClobType@5e5af8e1
[DEBUG] 2021-03-24 18:32:53.596 [main] BasicTypeRegistry - Adding type registration nclob -> org.hibernate.type.NClobType@6cc86152
[DEBUG] 2021-03-24 18:32:53.596 [main] BasicTypeRegistry - Adding type registration java.sql.NClob -> org.hibernate.type.NClobType@6cc86152
[DEBUG] 2021-03-24 18:32:53.597 [main] BasicTypeRegistry - Adding type registration materialized_clob -> org.hibernate.type.MaterializedClobType@50850539
[DEBUG] 2021-03-24 18:32:53.597 [main] BasicTypeRegistry - Adding type registration materialized_nclob -> org.hibernate.type.MaterializedNClobType@2aff9dff
[DEBUG] 2021-03-24 18:32:53.600 [main] BasicTypeRegistry - Adding type registration serializable -> org.hibernate.type.SerializableType@5fcfde70
[DEBUG] 2021-03-24 18:32:53.613 [main] BasicTypeRegistry - Adding type registration object -> org.hibernate.type.ObjectType@733aa9d8
[DEBUG] 2021-03-24 18:32:53.613 [main] BasicTypeRegistry - Adding type registration java.lang.Object -> org.hibernate.type.ObjectType@733aa9d8
[DEBUG] 2021-03-24 18:32:53.613 [main] BasicTypeRegistry - Adding type registration imm_date -> org.hibernate.type.AdaptedImmutableType@56da7487
[DEBUG] 2021-03-24 18:32:53.614 [main] BasicTypeRegistry - Adding type registration imm_time -> org.hibernate.type.AdaptedImmutableType@599e4d41
[DEBUG] 2021-03-24 18:32:53.614 [main] BasicTypeRegistry - Adding type registration imm_timestamp -> org.hibernate.type.AdaptedImmutableType@328d044f
[DEBUG] 2021-03-24 18:32:53.614 [main] BasicTypeRegistry - Adding type registration imm_dbtimestamp -> org.hibernate.type.AdaptedImmutableType@10f7c76
[DEBUG] 2021-03-24 18:32:53.614 [main] BasicTypeRegistry - Adding type registration imm_calendar -> org.hibernate.type.AdaptedImmutableType@4745e9c
[DEBUG] 2021-03-24 18:32:53.614 [main] BasicTypeRegistry - Adding type registration imm_calendar_date -> org.hibernate.type.AdaptedImmutableType@2f2bff16
[DEBUG] 2021-03-24 18:32:53.614 [main] BasicTypeRegistry - Adding type registration imm_binary -> org.hibernate.type.AdaptedImmutableType@75de29c0
[DEBUG] 2021-03-24 18:32:53.614 [main] BasicTypeRegistry - Adding type registration imm_serializable -> org.hibernate.type.AdaptedImmutableType@fc807c1
[DEBUG] 2021-03-24 18:32:53.668 [main] DefaultIdentifierGeneratorFactory - Registering IdentifierGenerator strategy [uuid2] -> [org.hibernate.id.UUIDGenerator]
[DEBUG] 2021-03-24 18:32:53.669 [main] DefaultIdentifierGeneratorFactory - Registering IdentifierGenerator strategy [guid] -> [org.hibernate.id.GUIDGenerator]
[DEBUG] 2021-03-24 18:32:53.671 [main] DefaultIdentifierGeneratorFactory - Registering IdentifierGenerator strategy [uuid] -> [org.hibernate.id.UUIDHexGenerator]
[DEBUG] 2021-03-24 18:32:53.671 [main] DefaultIdentifierGeneratorFactory - Registering IdentifierGenerator strategy [uuid.hex] -> [org.hibernate.id.UUIDHexGenerator]
[DEBUG] 2021-03-24 18:32:53.672 [main] DefaultIdentifierGeneratorFactory - Registering IdentifierGenerator strategy [assigned] -> [org.hibernate.id.Assigned]
[DEBUG] 2021-03-24 18:32:53.674 [main] DefaultIdentifierGeneratorFactory - Registering IdentifierGenerator strategy [identity] -> [org.hibernate.id.IdentityGenerator]
[DEBUG] 2021-03-24 18:32:53.675 [main] DefaultIdentifierGeneratorFactory - Registering IdentifierGenerator strategy [select] -> [org.hibernate.id.SelectGenerator]
[DEBUG] 2021-03-24 18:32:53.677 [main] DefaultIdentifierGeneratorFactory - Registering IdentifierGenerator strategy [sequence] -> [org.hibernate.id.enhanced.SequenceStyleGenerator]
[DEBUG] 2021-03-24 18:32:53.679 [main] DefaultIdentifierGeneratorFactory - Registering IdentifierGenerator strategy [seqhilo] -> [org.hibernate.id.SequenceHiLoGenerator]
[DEBUG] 2021-03-24 18:32:53.680 [main] DefaultIdentifierGeneratorFactory - Registering IdentifierGenerator strategy [increment] -> [org.hibernate.id.IncrementGenerator]
[DEBUG] 2021-03-24 18:32:53.681 [main] DefaultIdentifierGeneratorFactory - Registering IdentifierGenerator strategy [foreign] -> [org.hibernate.id.ForeignGenerator]
[DEBUG] 2021-03-24 18:32:53.681 [main] DefaultIdentifierGeneratorFactory - Registering IdentifierGenerator strategy [sequence-identity] -> [org.hibernate.id.SequenceIdentityGenerator]
[DEBUG] 2021-03-24 18:32:53.681 [main] DefaultIdentifierGeneratorFactory - Registering IdentifierGenerator strategy [enhanced-sequence] -> [org.hibernate.id.enhanced.SequenceStyleGenerator]
[DEBUG] 2021-03-24 18:32:53.683 [main] DefaultIdentifierGeneratorFactory - Registering IdentifierGenerator strategy [enhanced-table] -> [org.hibernate.id.enhanced.TableGenerator]
[INFO ] 2021-03-24 18:32:53.690 [main] C3P0ConnectionProvider - HHH010002: C3P0 using driver: com.mysql.cj.jdbc.Driver at URL: jdbc:mysql://localhost:3306/testschema
[INFO ] 2021-03-24 18:32:53.691 [main] C3P0ConnectionProvider - HHH10001001: Connection properties: {password=****, user=root}
[INFO ] 2021-03-24 18:32:53.691 [main] C3P0ConnectionProvider - HHH10001003: Autocommit mode: false
[INFO ] 2021-03-24 18:32:53.861 [main] C3P0ConnectionProvider - HHH10001007: JDBC isolation level: <unknown>
[DEBUG] 2021-03-24 18:32:53.999 [main] JdbcEnvironmentInitiator - Database ->
       name : MySQL
    version : 8.0.23
      major : 8
      minor : 0
[DEBUG] 2021-03-24 18:32:54.000 [main] JdbcEnvironmentInitiator - Driver ->
       name : MySQL Connector/J
    version : mysql-connector-java-8.0.23 (Revision: 18bbd5e68195d0da083cbd5bd0d05d76320df7cd)
      major : 8
      minor : 0
[DEBUG] 2021-03-24 18:32:54.000 [main] JdbcEnvironmentInitiator - JDBC version : 4.2
[INFO ] 2021-03-24 18:32:54.062 [main] Dialect - HHH000400: Using dialect: org.hibernate.dialect.MySQL8Dialect
[DEBUG] 2021-03-24 18:32:54.098 [main] IdentifierHelperBuilder - JDBC driver metadata reported database stores quoted identifiers in more than one case
[DEBUG] 2021-03-24 18:32:54.316 [main] IdentifierHelperBuilder - IdentifierCaseStrategy for both quoted and unquoted identifiers was set to the same strategy [LOWER]; that will likely lead to problems in schema update and validation if using quoted identifiers
[DEBUG] 2021-03-24 18:32:54.384 [main] Namespace - Created database namespace [logicalName=Name{catalog=null, schema=null}, physicalName=Name{catalog=null, schema=null}]
[DEBUG] 2021-03-24 18:32:54.389 [main] TypeConfiguration$Scope - Scoping TypeConfiguration [org.hibernate.type.spi.TypeConfiguration@939ff41] to MetadataBuildingContext [org.hibernate.boot.internal.MetadataBuildingContextRootImpl@6e0e5dec]
[DEBUG] 2021-03-24 18:32:54.487 [main] AnnotationBinder - Binding entity from annotated class: com.hmkurth.entity.User
[DEBUG] 2021-03-24 18:32:54.523 [main] Ejb3Column - Binding column: Ejb3DiscriminatorColumn{logicalColumnName'DTYPE', discriminatorTypeName='string'}
[DEBUG] 2021-03-24 18:32:54.533 [main] EntityBinder - Import with entity name User
[DEBUG] 2021-03-24 18:32:54.536 [main] EntityBinder - Bind entity com.hmkurth.entity.User on table users
[DEBUG] 2021-03-24 18:32:54.570 [main] Ejb3Column - Binding column: Ejb3Column{table=org.hibernate.mapping.Table(users), mappingColumn=id, insertable=true, updatable=true, unique=false}
[DEBUG] 2021-03-24 18:32:54.574 [main] PropertyBinder - MetadataSourceProcessor property id with lazy=false
[DEBUG] 2021-03-24 18:32:54.576 [main] AbstractPropertyHolder - Attempting to locate auto-apply AttributeConverter for property [com.hmkurth.entity.User:id]
[DEBUG] 2021-03-24 18:32:54.579 [main] SimpleValueBinder - building SimpleValue for id
[DEBUG] 2021-03-24 18:32:54.581 [main] PropertyBinder - Building property id
[DEBUG] 2021-03-24 18:32:54.586 [main] BinderHelper - #makeIdGenerator(org.hibernate.mapping.SimpleValue([org.hibernate.mapping.Column(id)]), id, org.hibernate.id.enhanced.SequenceStyleGenerator, native, ...)
[DEBUG] 2021-03-24 18:32:54.588 [main] Ejb3Column - Binding column: Ejb3Column{table=org.hibernate.mapping.Table(users), mappingColumn=email, insertable=true, updatable=true, unique=false}
[DEBUG] 2021-03-24 18:32:54.588 [main] PropertyBinder - MetadataSourceProcessor property email with lazy=false
[DEBUG] 2021-03-24 18:32:54.588 [main] AbstractPropertyHolder - Attempting to locate auto-apply AttributeConverter for property [com.hmkurth.entity.User:email]
[DEBUG] 2021-03-24 18:32:54.588 [main] SimpleValueBinder - building SimpleValue for email
[DEBUG] 2021-03-24 18:32:54.589 [main] PropertyBinder - Building property email
[DEBUG] 2021-03-24 18:32:54.589 [main] Ejb3Column - Binding column: Ejb3Column{table=org.hibernate.mapping.Table(users), mappingColumn=first_name, insertable=true, updatable=true, unique=false}
[DEBUG] 2021-03-24 18:32:54.589 [main] PropertyBinder - MetadataSourceProcessor property firstName with lazy=false
[DEBUG] 2021-03-24 18:32:54.589 [main] AbstractPropertyHolder - Attempting to locate auto-apply AttributeConverter for property [com.hmkurth.entity.User:firstName]
[DEBUG] 2021-03-24 18:32:54.589 [main] SimpleValueBinder - building SimpleValue for firstName
[DEBUG] 2021-03-24 18:32:54.589 [main] PropertyBinder - Building property firstName
[DEBUG] 2021-03-24 18:32:54.590 [main] Ejb3Column - Binding column: Ejb3Column{table=org.hibernate.mapping.Table(users), mappingColumn=last_name, insertable=true, updatable=true, unique=false}
[DEBUG] 2021-03-24 18:32:54.590 [main] PropertyBinder - MetadataSourceProcessor property lastName with lazy=false
[DEBUG] 2021-03-24 18:32:54.590 [main] AbstractPropertyHolder - Attempting to locate auto-apply AttributeConverter for property [com.hmkurth.entity.User:lastName]
[DEBUG] 2021-03-24 18:32:54.590 [main] SimpleValueBinder - building SimpleValue for lastName
[DEBUG] 2021-03-24 18:32:54.590 [main] PropertyBinder - Building property lastName
[DEBUG] 2021-03-24 18:32:54.591 [main] Ejb3Column - Binding column: Ejb3Column{table=org.hibernate.mapping.Table(users), mappingColumn=user_password, insertable=true, updatable=true, unique=false}
[DEBUG] 2021-03-24 18:32:54.591 [main] PropertyBinder - MetadataSourceProcessor property password with lazy=false
[DEBUG] 2021-03-24 18:32:54.591 [main] AbstractPropertyHolder - Attempting to locate auto-apply AttributeConverter for property [com.hmkurth.entity.User:password]
[DEBUG] 2021-03-24 18:32:54.591 [main] SimpleValueBinder - building SimpleValue for password
[DEBUG] 2021-03-24 18:32:54.591 [main] PropertyBinder - Building property password
[DEBUG] 2021-03-24 18:32:54.593 [main] Ejb3Column - Binding column: Ejb3JoinColumn{logicalColumnName='null', referencedColumn='null', mappedBy='user'}
[DEBUG] 2021-03-24 18:32:54.594 [main] Ejb3Column - Binding column: Ejb3Column{table=org.hibernate.mapping.Table(users), mappingColumn=roles, insertable=true, updatable=true, unique=false}
[DEBUG] 2021-03-24 18:32:54.597 [main] Ejb3Column - Binding column: Ejb3Column{table=org.hibernate.mapping.Table(users), mappingColumn=null, insertable=true, updatable=true, unique=false}
[DEBUG] 2021-03-24 18:32:54.609 [main] Ejb3Column - Binding column: Ejb3Column{table=org.hibernate.mapping.Table(users), mappingColumn=element, insertable=true, updatable=true, unique=false}
[DEBUG] 2021-03-24 18:32:54.610 [main] Ejb3Column - Binding column: Ejb3Column{table=org.hibernate.mapping.Table(users), mappingColumn=roles_KEY, insertable=true, updatable=true, unique=false}
[DEBUG] 2021-03-24 18:32:54.611 [main] Ejb3Column - Binding column: Ejb3JoinColumn{logicalColumnName='roles_KEY', referencedColumn='null', mappedBy='null'}
[DEBUG] 2021-03-24 18:32:54.612 [main] Ejb3Column - Binding column: Ejb3JoinColumn{logicalColumnName='null', referencedColumn='null', mappedBy='user'}
[DEBUG] 2021-03-24 18:32:54.612 [main] Ejb3Column - Binding column: Ejb3JoinColumn{logicalColumnName='null', referencedColumn='null', mappedBy='user'}
[DEBUG] 2021-03-24 18:32:54.613 [main] CollectionBinder - Collection role: com.hmkurth.entity.User.roles
[DEBUG] 2021-03-24 18:32:54.616 [main] PropertyBinder - Building property roles
[DEBUG] 2021-03-24 18:32:54.617 [main] Ejb3Column - Binding column: Ejb3Column{table=org.hibernate.mapping.Table(users), mappingColumn=user_name, insertable=true, updatable=true, unique=false}
[DEBUG] 2021-03-24 18:32:54.617 [main] PropertyBinder - MetadataSourceProcessor property userName with lazy=false
[DEBUG] 2021-03-24 18:32:54.617 [main] AbstractPropertyHolder - Attempting to locate auto-apply AttributeConverter for property [com.hmkurth.entity.User:userName]
[DEBUG] 2021-03-24 18:32:54.617 [main] SimpleValueBinder - building SimpleValue for userName
[DEBUG] 2021-03-24 18:32:54.617 [main] PropertyBinder - Building property userName
[DEBUG] 2021-03-24 18:32:54.618 [main] AnnotationBinder - Binding entity from annotated class: com.hmkurth.entity.UserRoles
[DEBUG] 2021-03-24 18:32:54.619 [main] Ejb3Column - Binding column: Ejb3DiscriminatorColumn{logicalColumnName'DTYPE', discriminatorTypeName='string'}
[DEBUG] 2021-03-24 18:32:54.619 [main] EntityBinder - Import with entity name UserRoles
[DEBUG] 2021-03-24 18:32:54.619 [main] EntityBinder - Bind entity com.hmkurth.entity.UserRoles on table user_roles
[DEBUG] 2021-03-24 18:32:54.626 [main] Ejb3Column - Binding column: Ejb3Column{table=org.hibernate.mapping.Table(user_roles), mappingColumn=id, insertable=true, updatable=true, unique=false}
[DEBUG] 2021-03-24 18:32:54.626 [main] PropertyBinder - MetadataSourceProcessor property id with lazy=false
[DEBUG] 2021-03-24 18:32:54.626 [main] AbstractPropertyHolder - Attempting to locate auto-apply AttributeConverter for property [com.hmkurth.entity.UserRoles:id]
[DEBUG] 2021-03-24 18:32:54.626 [main] SimpleValueBinder - building SimpleValue for id
[DEBUG] 2021-03-24 18:32:54.626 [main] PropertyBinder - Building property id
[DEBUG] 2021-03-24 18:32:54.627 [main] BinderHelper - #makeIdGenerator(org.hibernate.mapping.SimpleValue([org.hibernate.mapping.Column(id)]), id, org.hibernate.id.enhanced.SequenceStyleGenerator, native, ...)
[DEBUG] 2021-03-24 18:32:54.627 [main] Ejb3Column - Binding column: Ejb3Column{table=org.hibernate.mapping.Table(user_roles), mappingColumn=role_name, insertable=true, updatable=true, unique=false}
[DEBUG] 2021-03-24 18:32:54.627 [main] PropertyBinder - MetadataSourceProcessor property roleName with lazy=false
[DEBUG] 2021-03-24 18:32:54.627 [main] AbstractPropertyHolder - Attempting to locate auto-apply AttributeConverter for property [com.hmkurth.entity.UserRoles:roleName]
[DEBUG] 2021-03-24 18:32:54.627 [main] SimpleValueBinder - building SimpleValue for roleName
[DEBUG] 2021-03-24 18:32:54.627 [main] PropertyBinder - Building property roleName
[DEBUG] 2021-03-24 18:32:54.627 [main] Ejb3Column - Binding column: Ejb3JoinColumn{logicalColumnName='users_id', referencedColumn='', mappedBy=''}
[DEBUG] 2021-03-24 18:32:54.627 [main] Ejb3Column - Binding column: Ejb3Column{table=org.hibernate.mapping.Table(user_roles), mappingColumn=user, insertable=true, updatable=true, unique=false}
[DEBUG] 2021-03-24 18:32:54.630 [main] PropertyBinder - Building property user
[DEBUG] 2021-03-24 18:32:54.630 [main] Ejb3Column - Binding column: Ejb3Column{table=org.hibernate.mapping.Table(user_roles), mappingColumn=user_name, insertable=true, updatable=true, unique=false}
[DEBUG] 2021-03-24 18:32:54.630 [main] PropertyBinder - MetadataSourceProcessor property userName with lazy=false
[DEBUG] 2021-03-24 18:32:54.630 [main] AbstractPropertyHolder - Attempting to locate auto-apply AttributeConverter for property [com.hmkurth.entity.UserRoles:userName]
[DEBUG] 2021-03-24 18:32:54.630 [main] SimpleValueBinder - building SimpleValue for userName
[DEBUG] 2021-03-24 18:32:54.630 [main] PropertyBinder - Building property userName
[DEBUG] 2021-03-24 18:32:54.633 [main] SimpleValueBinder - Starting fillSimpleValue for id
[DEBUG] 2021-03-24 18:32:54.633 [main] SimpleValueBinder - Starting fillSimpleValue for email
[DEBUG] 2021-03-24 18:32:54.633 [main] SimpleValueBinder - Starting fillSimpleValue for firstName
[DEBUG] 2021-03-24 18:32:54.633 [main] SimpleValueBinder - Starting fillSimpleValue for lastName
[DEBUG] 2021-03-24 18:32:54.633 [main] SimpleValueBinder - Starting fillSimpleValue for password
[DEBUG] 2021-03-24 18:32:54.633 [main] SimpleValueBinder - Starting fillSimpleValue for userName
[DEBUG] 2021-03-24 18:32:54.633 [main] SimpleValueBinder - Starting fillSimpleValue for id
[DEBUG] 2021-03-24 18:32:54.633 [main] SimpleValueBinder - Starting fillSimpleValue for roleName
[DEBUG] 2021-03-24 18:32:54.633 [main] SimpleValueBinder - Starting fillSimpleValue for userName
[DEBUG] 2021-03-24 18:32:54.638 [main] PrimaryKey - Forcing column [id] to be non-null as it is part of the primary key for table [users]
[DEBUG] 2021-03-24 18:32:54.639 [main] PrimaryKey - Forcing column [id] to be non-null as it is part of the primary key for table [user_roles]
[DEBUG] 2021-03-24 18:32:54.639 [main] CollectionSecondPass - Second pass for collection: com.hmkurth.entity.User.roles
[DEBUG] 2021-03-24 18:32:54.640 [main] CollectionBinder - Binding a OneToMany: com.hmkurth.entity.User.roles through a foreign key
[DEBUG] 2021-03-24 18:32:54.641 [main] CollectionBinder - Mapping collection: com.hmkurth.entity.User.roles -> user_roles
[DEBUG] 2021-03-24 18:32:54.643 [main] TableBinder - Retrieving property com.hmkurth.entity.UserRoles.user
[DEBUG] 2021-03-24 18:32:54.643 [main] CollectionSecondPass - Mapped collection key: users_id, one-to-many: com.hmkurth.entity.UserRoles
[DEBUG] 2021-03-24 18:32:54.643 [main] InFlightMetadataCollectorImpl - Resolving reference to class: com.hmkurth.entity.User
[DEBUG] 2021-03-24 18:32:54.646 [main] InFlightMetadataCollectorImpl - Resolving reference to class: com.hmkurth.entity.User
[DEBUG] 2021-03-24 18:32:54.691 [main] SessionFactoryImpl - Building session factory
[DEBUG] 2021-03-24 18:32:54.692 [main] Settings - SessionFactory name : null
[DEBUG] 2021-03-24 18:32:54.692 [main] Settings - Automatic flush during beforeCompletion(): enabled
[DEBUG] 2021-03-24 18:32:54.692 [main] Settings - Automatic session close at end of transaction: disabled
[DEBUG] 2021-03-24 18:32:54.692 [main] Settings - Statistics: disabled
[DEBUG] 2021-03-24 18:32:54.692 [main] Settings - Deleted entity synthetic identifier rollback: disabled
[DEBUG] 2021-03-24 18:32:54.693 [main] Settings - Default entity-mode: pojo
[DEBUG] 2021-03-24 18:32:54.693 [main] Settings - Check Nullability in Core (should be disabled when Bean Validation is on): enabled
[DEBUG] 2021-03-24 18:32:54.693 [main] Settings - Allow initialization of lazy state outside session : disabled
[DEBUG] 2021-03-24 18:32:54.693 [main] Settings - Using BatchFetchStyle : LEGACY
[DEBUG] 2021-03-24 18:32:54.693 [main] Settings - Default batch fetch size: -1
[DEBUG] 2021-03-24 18:32:54.693 [main] Settings - Maximum outer join fetch depth: 2
[DEBUG] 2021-03-24 18:32:54.693 [main] Settings - Default null ordering: NONE
[DEBUG] 2021-03-24 18:32:54.693 [main] Settings - Order SQL updates by primary key: disabled
[DEBUG] 2021-03-24 18:32:54.693 [main] Settings - Order SQL inserts for batching: disabled
[DEBUG] 2021-03-24 18:32:54.693 [main] Settings - multi-tenancy strategy : NONE
[DEBUG] 2021-03-24 18:32:54.693 [main] Settings - JTA Track by Thread: enabled
[DEBUG] 2021-03-24 18:32:54.693 [main] Settings - Query language substitutions: {}
[DEBUG] 2021-03-24 18:32:54.693 [main] Settings - Named query checking : enabled
[DEBUG] 2021-03-24 18:32:54.693 [main] Settings - Second-level cache: disabled
[DEBUG] 2021-03-24 18:32:54.693 [main] Settings - Second-level query cache: disabled
[DEBUG] 2021-03-24 18:32:54.693 [main] Settings - Second-level query cache factory: null
[DEBUG] 2021-03-24 18:32:54.693 [main] Settings - Second-level cache region prefix: null
[DEBUG] 2021-03-24 18:32:54.694 [main] Settings - Optimize second-level cache for minimal puts: disabled
[DEBUG] 2021-03-24 18:32:54.694 [main] Settings - Structured second-level cache entries: disabled
[DEBUG] 2021-03-24 18:32:54.694 [main] Settings - Second-level cache direct-reference entries: disabled
[DEBUG] 2021-03-24 18:32:54.694 [main] Settings - Automatic eviction of collection cache: disabled
[DEBUG] 2021-03-24 18:32:54.694 [main] Settings - JDBC batch size: 15
[DEBUG] 2021-03-24 18:32:54.694 [main] Settings - JDBC batch updates for versioned data: enabled
[DEBUG] 2021-03-24 18:32:54.694 [main] Settings - Scrollable result sets: enabled
[DEBUG] 2021-03-24 18:32:54.694 [main] Settings - Wrap result sets: disabled
[DEBUG] 2021-03-24 18:32:54.694 [main] Settings - JDBC3 getGeneratedKeys(): enabled
[DEBUG] 2021-03-24 18:32:54.694 [main] Settings - JDBC result set fetch size: null
[DEBUG] 2021-03-24 18:32:54.694 [main] Settings - Connection release mode: AFTER_TRANSACTION
[DEBUG] 2021-03-24 18:32:54.694 [main] Settings - Generate SQL with comments: disabled
[DEBUG] 2021-03-24 18:32:54.694 [main] Settings - JPA compliance - query : 
[DEBUG] 2021-03-24 18:32:54.694 [main] Settings - JPA compliance - closed-handling : 
[DEBUG] 2021-03-24 18:32:54.694 [main] Settings - JPA compliance - lists : 
[DEBUG] 2021-03-24 18:32:54.694 [main] Settings - JPA compliance - transactions : 
[INFO ] 2021-03-24 18:32:54.762 [main] beans - HHH10005002: No explicit CDI BeanManager reference was passed to Hibernate, but CDI is available on the Hibernate ClassLoader.
[DEBUG] 2021-03-24 18:32:54.787 [main] SessionFactoryImpl - Session factory constructed with filter configurations : {}
[DEBUG] 2021-03-24 18:32:54.787 [main] SessionFactoryImpl - Instantiating session factory with properties: {sun.desktop=windows, awt.toolkit=sun.awt.windows.WToolkit, java.specification.version=11, sun.cpu.isalist=amd64, hibernate.c3p0.idle_test_period=3000, sun.jnu.encoding=Cp1252, hibernate.c3p0.min_size=5, java.class.path=C:\Program Files\JetBrains\IntelliJ IDEA 2020.3.1\lib\idea_rt.jar;C:\Program Files\JetBrains\IntelliJ IDEA 2020.3.1\plugins\junit\lib\junit5-rt.jar;C:\Program Files\JetBrains\IntelliJ IDEA 2020.3.1\plugins\junit\lib\junit-rt.jar;C:\Users\heath\IdeaProjects\CommunityFoodResources\CommunityFoodResources\target\test-classes;C:\Users\heath\IdeaProjects\CommunityFoodResources\CommunityFoodResources\target\classes;C:\Users\heath\.m2\repository\javax\servlet\jstl\1.2\jstl-1.2.jar;C:\Users\heath\.m2\repository\com\fasterxml\jackson\core\jackson-core\2.10.0\jackson-core-2.10.0.jar;C:\Users\heath\.m2\repository\com\fasterxml\jackson\core\jackson-annotations\2.10.0\jackson-annotations-2.10.0.jar;C:\Users\heath\.m2\repository\com\fasterxml\jackson\core\jackson-databind\2.10.0\jackson-databind-2.10.0.jar;C:\Users\heath\.m2\repository\org\glassfish\jersey\core\jersey-client\2.29.1\jersey-client-2.29.1.jar;C:\Users\heath\.m2\repository\jakarta\ws\rs\jakarta.ws.rs-api\2.1.6\jakarta.ws.rs-api-2.1.6.jar;C:\Users\heath\.m2\repository\org\glassfish\jersey\core\jersey-common\2.29.1\jersey-common-2.29.1.jar;C:\Users\heath\.m2\repository\jakarta\annotation\jakarta.annotation-api\1.3.5\jakarta.annotation-api-1.3.5.jar;C:\Users\heath\.m2\repository\org\glassfish\hk2\osgi-resource-locator\1.0.3\osgi-resource-locator-1.0.3.jar;C:\Users\heath\.m2\repository\com\sun\activation\jakarta.activation\1.2.1\jakarta.activation-1.2.1.jar;C:\Users\heath\.m2\repository\org\glassfish\hk2\external\jakarta.inject\2.6.1\jakarta.inject-2.6.1.jar;C:\Users\heath\.m2\repository\org\glassfish\jersey\inject\jersey-hk2\2.29.1\jersey-hk2-2.29.1.jar;C:\Users\heath\.m2\repository\org\glassfish\hk2\hk2-locator\2.6.1\hk2-locator-2.6.1.jar;C:\Users\heath\.m2\repository\org\glassfish\hk2\external\aopalliance-repackaged\2.6.1\aopalliance-repackaged-2.6.1.jar;C:\Users\heath\.m2\repository\org\glassfish\hk2\hk2-api\2.6.1\hk2-api-2.6.1.jar;C:\Users\heath\.m2\repository\org\glassfish\hk2\hk2-utils\2.6.1\hk2-utils-2.6.1.jar;C:\Users\heath\.m2\repository\org\hibernate\hibernate-core\5.4.4.Final\hibernate-core-5.4.4.Final.jar;C:\Users\heath\.m2\repository\org\jboss\logging\jboss-logging\3.3.2.Final\jboss-logging-3.3.2.Final.jar;C:\Users\heath\.m2\repository\javax\persistence\javax.persistence-api\2.2\javax.persistence-api-2.2.jar;C:\Users\heath\.m2\repository\org\javassist\javassist\3.24.0-GA\javassist-3.24.0-GA.jar;C:\Users\heath\.m2\repository\net\bytebuddy\byte-buddy\1.9.11\byte-buddy-1.9.11.jar;C:\Users\heath\.m2\repository\antlr\antlr\2.7.7\antlr-2.7.7.jar;C:\Users\heath\.m2\repository\org\jboss\spec\javax\transaction\jboss-transaction-api_1.2_spec\1.1.1.Final\jboss-transaction-api_1.2_spec-1.1.1.Final.jar;C:\Users\heath\.m2\repository\org\jboss\jandex\2.0.5.Final\jandex-2.0.5.Final.jar;C:\Users\heath\.m2\repository\com\fasterxml\classmate\1.3.4\classmate-1.3.4.jar;C:\Users\heath\.m2\repository\javax\activation\javax.activation-api\1.2.0\javax.activation-api-1.2.0.jar;C:\Users\heath\.m2\repository\org\dom4j\dom4j\2.1.1\dom4j-2.1.1.jar;C:\Users\heath\.m2\repository\org\hibernate\common\hibernate-commons-annotations\5.1.0.Final\hibernate-commons-annotations-5.1.0.Final.jar;C:\Users\heath\.m2\repository\javax\xml\bind\jaxb-api\2.3.1\jaxb-api-2.3.1.jar;C:\Users\heath\.m2\repository\org\glassfish\jaxb\jaxb-runtime\2.3.1\jaxb-runtime-2.3.1.jar;C:\Users\heath\.m2\repository\org\glassfish\jaxb\txw2\2.3.1\txw2-2.3.1.jar;C:\Users\heath\.m2\repository\com\sun\istack\istack-commons-runtime\3.0.7\istack-commons-runtime-3.0.7.jar;C:\Users\heath\.m2\repository\org\jvnet\staxex\stax-ex\1.8\stax-ex-1.8.jar;C:\Users\heath\.m2\repository\com\sun\xml\fastinfoset\FastInfoset\1.2.15\FastInfoset-1.2.15.jar;C:\Users\heath\.m2\repository\org\hibernate\hibernate-c3p0\5.4.4.Final\hibernate-c3p0-5.4.4.Final.jar;C:\Users\heath\.m2\repository\com\mchange\c3p0\0.9.5.3\c3p0-0.9.5.3.jar;C:\Users\heath\.m2\repository\com\mchange\mchange-commons-java\0.2.15\mchange-commons-java-0.2.15.jar;C:\Users\heath\.m2\repository\org\apache\logging\log4j\log4j-api\2.10.0\log4j-api-2.10.0.jar;C:\Users\heath\.m2\repository\org\apache\logging\log4j\log4j-core\2.10.0\log4j-core-2.10.0.jar;C:\Users\heath\.m2\repository\javax\javaee-web-api\7.0\javaee-web-api-7.0.jar;C:\Users\heath\.m2\repository\mysql\mysql-connector-java\8.0.23\mysql-connector-java-8.0.23.jar;C:\Users\heath\.m2\repository\com\google\protobuf\protobuf-java\3.11.4\protobuf-java-3.11.4.jar;C:\Users\heath\.m2\repository\org\junit\platform\junit-platform-runner\1.0.0\junit-platform-runner-1.0.0.jar;C:\Users\heath\.m2\repository\org\apiguardian\apiguardian-api\1.0.0\apiguardian-api-1.0.0.jar;C:\Users\heath\.m2\repository\org\junit\platform\junit-platform-launcher\1.0.0\junit-platform-launcher-1.0.0.jar;C:\Users\heath\.m2\repository\org\junit\platform\junit-platform-suite-api\1.0.0\junit-platform-suite-api-1.0.0.jar;C:\Users\heath\.m2\repository\org\junit\platform\junit-platform-commons\1.0.0\junit-platform-commons-1.0.0.jar;C:\Users\heath\.m2\repository\org\junit\vintage\junit-vintage-engine\4.12.0\junit-vintage-engine-4.12.0.jar;C:\Users\heath\.m2\repository\org\junit\platform\junit-platform-engine\1.0.0\junit-platform-engine-1.0.0.jar;C:\Users\heath\.m2\repository\org\opentest4j\opentest4j\1.0.0\opentest4j-1.0.0.jar;C:\Users\heath\.m2\repository\org\junit\jupiter\junit-jupiter-engine\5.0.0\junit-jupiter-engine-5.0.0.jar;C:\Users\heath\.m2\repository\org\junit\jupiter\junit-jupiter-api\5.0.0\junit-jupiter-api-5.0.0.jar;C:\Users\heath\.m2\repository\junit\junit\4.12\junit-4.12.jar;C:\Users\heath\.m2\repository\org\hamcrest\hamcrest-core\1.3\hamcrest-core-1.3.jar, java.vm.vendor=Oracle Corporation, sun.arch.data.model=64, idea.test.cyclic.buffer.size=1048576, user.variant=, java.vendor.url=https://openjdk.java.net/, user.timezone=America/Chicago, os.name=Windows 10, java.vm.specification.version=11, sun.java.launcher=SUN_STANDARD, user.country=US, sun.boot.library.path=C:\Program Files\Java\jdk-11.0.10\bin, sun.java.command=com.intellij.rt.junit.JUnitStarter -ideVersion5 -junit5 com.hmkurth.persistence.UserDaoTest,deleteWithRolesSuccess, jdk.debug=release, sun.cpu.endian=little, user.home=C:\Users\heath, hibernate.c3p0.max_statements=50, user.language=en, java.specification.vendor=Oracle Corporation, java.version.date=2021-01-19, java.home=C:\Program Files\Java\jdk-11.0.10, file.separator=\, java.vm.compressedOopsMode=32-bit, line.separator=
, hibernate.c3p0.timeout=300, java.specification.name=Java Platform API Specification, java.vm.specification.vendor=Oracle Corporation, java.awt.graphicsenv=sun.awt.Win32GraphicsEnvironment, user.script=, connection.password=moony777, sun.management.compiler=HotSpot 64-Bit Tiered Compilers, hibernate.c3p0.max_size=20, java.runtime.version=11.0.10+8-LTS-162, user.name=heath, path.separator=;, hibernate.connection.username=****, os.version=10.0, java.runtime.name=Java(TM) SE Runtime Environment, hibernate.connection.url=jdbc:mysql://localhost:3306/testschema, file.encoding=UTF-8, java.vm.name=Java HotSpot(TM) 64-Bit Server VM, java.vendor.version=18.9, hibernate.connection.driver_class=com.mysql.cj.jdbc.Driver, java.vendor.url.bug=https://bugreport.java.com/bugreport/, java.io.tmpdir=C:\Users\heath\AppData\Local\Temp\, java.version=11.0.10, user.dir=C:\Users\heath\IdeaProjects\CommunityFoodResources\CommunityFoodResources, os.arch=amd64, connection.username=root, java.vm.specification.name=Java Virtual Machine Specification, java.awt.printerjob=sun.awt.windows.WPrinterJob, hibernate.connection.password=****, sun.os.patch.level=, connection.driver_class=com.mysql.cj.jdbc.Driver, hibernate.boot.CfgXmlAccessService.key=org.hibernate.boot.cfgxml.spi.LoadedConfig@77724cbe, java.library.path=C:\Program Files\Java\jdk-11.0.10\bin;C:\WINDOWS\Sun\Java\bin;C:\WINDOWS\system32;C:\WINDOWS;C:\Program Files\Common Files\Oracle\Java\javapath;C:\Python39\Scripts\;C:\Python39\;C:\Program Files\Java\jdk1.8.0_241\bin;C:\WINDOWS\system32;C:\WINDOWS;C:\WINDOWS\System32\Wbem;C:\WINDOWS\System32\WindowsPowerShell\v1.0\;C:\WINDOWS\System32\OpenSSH\;C:\Program Files\nodejs\;C:\ProgramData\chocolatey\bin;C:\Program Files\Git\cmd;C:\Program Files (x86)\PuTTY\;C:\Users\heath\AppData\Local\Microsoft\WindowsApps;C:\Users\heath\AppData\Local\atom\bin;C:\Users\heath\AppData\Roaming\npm;C:\Users\heath\AppData\Local\Programs\Microsoft VS Code\bin;C:\Users\heath\AppData\Local\GitHubDesktop\bin;%USERPROFILE%\AppData\Local\Microsoft\WindowsApps;;., java.vendor=Oracle Corporation, java.vm.info=mixed mode, java.vm.version=11.0.10+8-LTS-162, hibernate.bytecode.use_reflection_optimizer=false, sun.io.unicode.encoding=UnicodeLittle, connection.url=jdbc:mysql://localhost:3306/testschema, java.class.version=55.0}
[DEBUG] 2021-03-24 18:32:54.814 [main] TypeSafeActivator - Unable to acquire Bean Validation ValidatorFactory, skipping activation
[DEBUG] 2021-03-24 18:32:54.814 [main] JaccIntegrator - Skipping JACC integration as it was not enabled
[DEBUG] 2021-03-24 18:32:54.815 [main] SessionFactoryImpl - Instantiated session factory
[DEBUG] 2021-03-24 18:32:54.815 [main] TypeConfiguration$Scope - Scoping TypeConfiguration [org.hibernate.type.spi.TypeConfiguration@939ff41] to SessionFactoryImpl [org.hibernate.internal.SessionFactoryImpl@171dc7c3]
[DEBUG] 2021-03-24 18:32:54.891 [main] ClassLoaderAccessImpl - Not known whether passed class name [com.hmkurth.entity.UserRoles] is safe
[DEBUG] 2021-03-24 18:32:54.891 [main] ClassLoaderAccessImpl - No temp ClassLoader provided; using live ClassLoader for loading potentially unsafe class : com.hmkurth.entity.UserRoles
[DEBUG] 2021-03-24 18:32:54.923 [main] ClassLoaderAccessImpl - Not known whether passed class name [com.hmkurth.entity.UserRoles] is safe
[DEBUG] 2021-03-24 18:32:54.924 [main] ClassLoaderAccessImpl - No temp ClassLoader provided; using live ClassLoader for loading potentially unsafe class : com.hmkurth.entity.UserRoles
[DEBUG] 2021-03-24 18:32:55.242 [main] ClassLoaderAccessImpl - Not known whether passed class name [com.hmkurth.entity.User] is safe
[DEBUG] 2021-03-24 18:32:55.243 [main] ClassLoaderAccessImpl - No temp ClassLoader provided; using live ClassLoader for loading potentially unsafe class : com.hmkurth.entity.User
[DEBUG] 2021-03-24 18:32:55.243 [main] ClassLoaderAccessImpl - Not known whether passed class name [com.hmkurth.entity.User] is safe
[DEBUG] 2021-03-24 18:32:55.243 [main] ClassLoaderAccessImpl - No temp ClassLoader provided; using live ClassLoader for loading potentially unsafe class : com.hmkurth.entity.User
[DEBUG] 2021-03-24 18:32:55.279 [main] AbstractCollectionPersister - Static SQL for collection: com.hmkurth.entity.User.roles
[DEBUG] 2021-03-24 18:32:55.279 [main] AbstractCollectionPersister -  Row insert: update user_roles set users_id=? where id=?
[DEBUG] 2021-03-24 18:32:55.279 [main] AbstractCollectionPersister -  Row update: update user_roles set  where id=?
[DEBUG] 2021-03-24 18:32:55.279 [main] AbstractCollectionPersister -  Row delete: update user_roles set users_id=null where users_id=? and id=?
[DEBUG] 2021-03-24 18:32:55.279 [main] AbstractCollectionPersister -  One-shot delete: update user_roles set users_id=null where users_id=?
[DEBUG] 2021-03-24 18:32:55.285 [main] AbstractEntityPersister - Static SQL for entity: com.hmkurth.entity.UserRoles
[DEBUG] 2021-03-24 18:32:55.285 [main] AbstractEntityPersister -  Version select: select id from user_roles where id =?
[DEBUG] 2021-03-24 18:32:55.285 [main] AbstractEntityPersister -  Snapshot select: select userroles_.id, userroles_.role_name as role_nam2_0_, userroles_.users_id as users_id4_0_, userroles_.user_name as user_nam3_0_ from user_roles userroles_ where userroles_.id=?
[DEBUG] 2021-03-24 18:32:55.285 [main] AbstractEntityPersister -  Insert 0: insert into user_roles (role_name, users_id, user_name, id) values (?, ?, ?, ?)
[DEBUG] 2021-03-24 18:32:55.285 [main] AbstractEntityPersister -  Update 0: update user_roles set role_name=?, users_id=?, user_name=? where id=?
[DEBUG] 2021-03-24 18:32:55.285 [main] AbstractEntityPersister -  Delete 0: delete from user_roles where id=?
[DEBUG] 2021-03-24 18:32:55.285 [main] AbstractEntityPersister -  Identity insert: insert into user_roles (role_name, users_id, user_name) values (?, ?, ?)
[DEBUG] 2021-03-24 18:32:55.313 [main] QuerySpacesImpl - Adding QuerySpace : uid = <gen:0> -> org.hibernate.loader.plan.build.internal.spaces.EntityQuerySpaceImpl@2c60ce47]
[DEBUG] 2021-03-24 18:32:55.315 [main] MetamodelGraphWalker - Visiting attribute path : roleName
[DEBUG] 2021-03-24 18:32:55.315 [main] MetamodelGraphWalker - Visiting attribute path : user
[DEBUG] 2021-03-24 18:32:55.320 [main] QuerySpacesImpl - Adding QuerySpace : uid = <gen:1> -> org.hibernate.loader.plan.build.internal.spaces.EntityQuerySpaceImpl@6c8efde4]
[DEBUG] 2021-03-24 18:32:55.321 [main] MetamodelGraphWalker - Visiting attribute path : user.email
[DEBUG] 2021-03-24 18:32:55.322 [main] MetamodelGraphWalker - Visiting attribute path : user.firstName
[DEBUG] 2021-03-24 18:32:55.322 [main] MetamodelGraphWalker - Visiting attribute path : user.lastName
[DEBUG] 2021-03-24 18:32:55.322 [main] MetamodelGraphWalker - Visiting attribute path : user.password
[DEBUG] 2021-03-24 18:32:55.322 [main] MetamodelGraphWalker - Visiting attribute path : user.roles
[DEBUG] 2021-03-24 18:32:55.322 [main] MetamodelGraphWalker - Property path deemed to be circular : user.roles
[DEBUG] 2021-03-24 18:32:55.322 [main] MetamodelGraphWalker - Visiting attribute path : user.userName
[DEBUG] 2021-03-24 18:32:55.322 [main] MetamodelGraphWalker - Visiting attribute path : userName
[DEBUG] 2021-03-24 18:32:55.322 [main] FetchStyleLoadPlanBuildingAssociationVisitationStrategy - Building LoadPlan...
[DEBUG] 2021-03-24 18:32:55.337 [main] LoadQueryJoinAndFetchProcessor - processing queryspace <gen:0>
[DEBUG] 2021-03-24 18:32:55.342 [main] LoadPlanTreePrinter - LoadPlan(entity=com.hmkurth.entity.UserRoles)
    - Returns
       - EntityReturnImpl(entity=com.hmkurth.entity.UserRoles, querySpaceUid=<gen:0>, path=com.hmkurth.entity.UserRoles)
          - EntityAttributeFetchImpl(entity=com.hmkurth.entity.User, querySpaceUid=<gen:1>, path=com.hmkurth.entity.UserRoles.user)
    - QuerySpaces
       - EntityQuerySpaceImpl(uid=<gen:0>, entity=com.hmkurth.entity.UserRoles)
          - SQL table alias mapping - userroles0_
          - alias suffix - 0_
          - suffixed key columns - {id1_0_0_}
          - JOIN (JoinDefinedByMetadata(user)) : <gen:0> -> <gen:1>
             - EntityQuerySpaceImpl(uid=<gen:1>, entity=com.hmkurth.entity.User)
                - SQL table alias mapping - user1_
                - alias suffix - 1_
                - suffixed key columns - {id1_1_1_}

[DEBUG] 2021-03-24 18:32:55.345 [main] EntityLoader - Static select for entity com.hmkurth.entity.UserRoles [NONE]: select userroles0_.id as id1_0_0_, userroles0_.role_name as role_nam2_0_0_, userroles0_.users_id as users_id4_0_0_, userroles0_.user_name as user_nam3_0_0_, user1_.id as id1_1_1_, user1_.email as email2_1_1_, user1_.first_name as first_na3_1_1_, user1_.last_name as last_nam4_1_1_, user1_.user_password as user_pas5_1_1_, user1_.user_name as user_nam6_1_1_ from user_roles userroles0_ left outer join users user1_ on userroles0_.users_id=user1_.id where userroles0_.id=?
[DEBUG] 2021-03-24 18:32:55.345 [main] QuerySpacesImpl - Adding QuerySpace : uid = <gen:0> -> org.hibernate.loader.plan.build.internal.spaces.EntityQuerySpaceImpl@4861cca9]
[DEBUG] 2021-03-24 18:32:55.345 [main] MetamodelGraphWalker - Visiting attribute path : roleName
[DEBUG] 2021-03-24 18:32:55.345 [main] MetamodelGraphWalker - Visiting attribute path : user
[DEBUG] 2021-03-24 18:32:55.345 [main] QuerySpacesImpl - Adding QuerySpace : uid = <gen:1> -> org.hibernate.loader.plan.build.internal.spaces.EntityQuerySpaceImpl@714e861f]
[DEBUG] 2021-03-24 18:32:55.345 [main] MetamodelGraphWalker - Visiting attribute path : user.email
[DEBUG] 2021-03-24 18:32:55.345 [main] MetamodelGraphWalker - Visiting attribute path : user.firstName
[DEBUG] 2021-03-24 18:32:55.345 [main] MetamodelGraphWalker - Visiting attribute path : user.lastName
[DEBUG] 2021-03-24 18:32:55.345 [main] MetamodelGraphWalker - Visiting attribute path : user.password
[DEBUG] 2021-03-24 18:32:55.345 [main] MetamodelGraphWalker - Visiting attribute path : user.roles
[DEBUG] 2021-03-24 18:32:55.345 [main] MetamodelGraphWalker - Property path deemed to be circular : user.roles
[DEBUG] 2021-03-24 18:32:55.345 [main] MetamodelGraphWalker - Visiting attribute path : user.userName
[DEBUG] 2021-03-24 18:32:55.346 [main] MetamodelGraphWalker - Visiting attribute path : userName
[DEBUG] 2021-03-24 18:32:55.346 [main] FetchStyleLoadPlanBuildingAssociationVisitationStrategy - Building LoadPlan...
[DEBUG] 2021-03-24 18:32:55.346 [main] LoadQueryJoinAndFetchProcessor - processing queryspace <gen:0>
[DEBUG] 2021-03-24 18:32:55.346 [main] LoadPlanTreePrinter - LoadPlan(entity=com.hmkurth.entity.UserRoles)
    - Returns
       - EntityReturnImpl(entity=com.hmkurth.entity.UserRoles, querySpaceUid=<gen:0>, path=com.hmkurth.entity.UserRoles)
          - EntityAttributeFetchImpl(entity=com.hmkurth.entity.User, querySpaceUid=<gen:1>, path=com.hmkurth.entity.UserRoles.user)
    - QuerySpaces
       - EntityQuerySpaceImpl(uid=<gen:0>, entity=com.hmkurth.entity.UserRoles)
          - SQL table alias mapping - userroles0_
          - alias suffix - 0_
          - suffixed key columns - {id1_0_0_}
          - JOIN (JoinDefinedByMetadata(user)) : <gen:0> -> <gen:1>
             - EntityQuerySpaceImpl(uid=<gen:1>, entity=com.hmkurth.entity.User)
                - SQL table alias mapping - user1_
                - alias suffix - 1_
                - suffixed key columns - {id1_1_1_}

[DEBUG] 2021-03-24 18:32:55.346 [main] EntityLoader - Static select for entity com.hmkurth.entity.UserRoles [READ]: select userroles0_.id as id1_0_0_, userroles0_.role_name as role_nam2_0_0_, userroles0_.users_id as users_id4_0_0_, userroles0_.user_name as user_nam3_0_0_, user1_.id as id1_1_1_, user1_.email as email2_1_1_, user1_.first_name as first_na3_1_1_, user1_.last_name as last_nam4_1_1_, user1_.user_password as user_pas5_1_1_, user1_.user_name as user_nam6_1_1_ from user_roles userroles0_ left outer join users user1_ on userroles0_.users_id=user1_.id where userroles0_.id=?
[DEBUG] 2021-03-24 18:32:55.362 [main] Loader - Static select for action ACTION_MERGE on entity com.hmkurth.entity.UserRoles: select userroles0_.id as id1_0_0_, userroles0_.role_name as role_nam2_0_0_, userroles0_.users_id as users_id4_0_0_, userroles0_.user_name as user_nam3_0_0_ from user_roles userroles0_ where userroles0_.id=?
[DEBUG] 2021-03-24 18:32:55.363 [main] Loader - Static select for action ACTION_REFRESH on entity com.hmkurth.entity.UserRoles: select userroles0_.id as id1_0_0_, userroles0_.role_name as role_nam2_0_0_, userroles0_.users_id as users_id4_0_0_, userroles0_.user_name as user_nam3_0_0_ from user_roles userroles0_ where userroles0_.id=?
[DEBUG] 2021-03-24 18:32:55.363 [main] AbstractEntityPersister - Static SQL for entity: com.hmkurth.entity.User
[DEBUG] 2021-03-24 18:32:55.363 [main] AbstractEntityPersister -  Version select: select id from users where id =?
[DEBUG] 2021-03-24 18:32:55.363 [main] AbstractEntityPersister -  Snapshot select: select user_.id, user_.email as email2_1_, user_.first_name as first_na3_1_, user_.last_name as last_nam4_1_, user_.user_password as user_pas5_1_, user_.user_name as user_nam6_1_ from users user_ where user_.id=?
[DEBUG] 2021-03-24 18:32:55.363 [main] AbstractEntityPersister -  Insert 0: insert into users (email, first_name, last_name, user_password, user_name, id) values (?, ?, ?, ?, ?, ?)
[DEBUG] 2021-03-24 18:32:55.363 [main] AbstractEntityPersister -  Update 0: update users set email=?, first_name=?, last_name=?, user_password=?, user_name=? where id=?
[DEBUG] 2021-03-24 18:32:55.363 [main] AbstractEntityPersister -  Delete 0: delete from users where id=?
[DEBUG] 2021-03-24 18:32:55.363 [main] AbstractEntityPersister -  Identity insert: insert into users (email, first_name, last_name, user_password, user_name) values (?, ?, ?, ?, ?)
[DEBUG] 2021-03-24 18:32:55.364 [main] QuerySpacesImpl - Adding QuerySpace : uid = <gen:0> -> org.hibernate.loader.plan.build.internal.spaces.EntityQuerySpaceImpl@43c39321]
[DEBUG] 2021-03-24 18:32:55.364 [main] MetamodelGraphWalker - Visiting attribute path : email
[DEBUG] 2021-03-24 18:32:55.364 [main] MetamodelGraphWalker - Visiting attribute path : firstName
[DEBUG] 2021-03-24 18:32:55.364 [main] MetamodelGraphWalker - Visiting attribute path : lastName
[DEBUG] 2021-03-24 18:32:55.364 [main] MetamodelGraphWalker - Visiting attribute path : password
[DEBUG] 2021-03-24 18:32:55.364 [main] MetamodelGraphWalker - Visiting attribute path : roles
[DEBUG] 2021-03-24 18:32:55.365 [main] QuerySpacesImpl - Adding QuerySpace : uid = <gen:1> -> org.hibernate.loader.plan.build.internal.spaces.CollectionQuerySpaceImpl@6bcdd6e4]
[DEBUG] 2021-03-24 18:32:55.367 [main] QuerySpacesImpl - Adding QuerySpace : uid = <gen:2> -> org.hibernate.loader.plan.build.internal.spaces.EntityQuerySpaceImpl@b56ec6c]
[DEBUG] 2021-03-24 18:32:55.369 [main] MetamodelGraphWalker - Visiting attribute path : roles.roleName
[DEBUG] 2021-03-24 18:32:55.369 [main] MetamodelGraphWalker - Visiting attribute path : roles.user
[DEBUG] 2021-03-24 18:32:55.369 [main] MetamodelGraphWalker - Property path deemed to be circular : roles.user
[DEBUG] 2021-03-24 18:32:55.370 [main] MetamodelGraphWalker - Visiting attribute path : roles.userName
[DEBUG] 2021-03-24 18:32:55.370 [main] MetamodelGraphWalker - Visiting attribute path : userName
[DEBUG] 2021-03-24 18:32:55.370 [main] FetchStyleLoadPlanBuildingAssociationVisitationStrategy - Building LoadPlan...
[DEBUG] 2021-03-24 18:32:55.370 [main] LoadQueryJoinAndFetchProcessor - processing queryspace <gen:0>
[DEBUG] 2021-03-24 18:32:55.373 [main] LoadPlanTreePrinter - LoadPlan(entity=com.hmkurth.entity.User)
    - Returns
       - EntityReturnImpl(entity=com.hmkurth.entity.User, querySpaceUid=<gen:0>, path=com.hmkurth.entity.User)
          - CollectionAttributeFetchImpl(collection=com.hmkurth.entity.User.roles, querySpaceUid=<gen:1>, path=com.hmkurth.entity.User.roles)
             - (collection element) CollectionFetchableElementEntityGraph(entity=com.hmkurth.entity.UserRoles, querySpaceUid=<gen:2>, path=com.hmkurth.entity.User.roles.<elements>)
    - QuerySpaces
       - EntityQuerySpaceImpl(uid=<gen:0>, entity=com.hmkurth.entity.User)
          - SQL table alias mapping - user0_
          - alias suffix - 0_
          - suffixed key columns - {id1_1_0_}
          - JOIN (JoinDefinedByMetadata(roles)) : <gen:0> -> <gen:1>
             - CollectionQuerySpaceImpl(uid=<gen:1>, collection=com.hmkurth.entity.User.roles)
                - SQL table alias mapping - roles1_
                - alias suffix - 1_
                - suffixed key columns - {users_id4_0_1_}
                - entity-element alias suffix - 2_
                - 2_entity-element suffixed key columns - id1_0_2_
                - JOIN (JoinDefinedByMetadata(elements)) : <gen:1> -> <gen:2>
                   - EntityQuerySpaceImpl(uid=<gen:2>, entity=com.hmkurth.entity.UserRoles)
                      - SQL table alias mapping - roles1_
                      - alias suffix - 2_
                      - suffixed key columns - {id1_0_2_}

[DEBUG] 2021-03-24 18:32:55.374 [main] EntityLoader - Static select for entity com.hmkurth.entity.User [NONE]: select user0_.id as id1_1_0_, user0_.email as email2_1_0_, user0_.first_name as first_na3_1_0_, user0_.last_name as last_nam4_1_0_, user0_.user_password as user_pas5_1_0_, user0_.user_name as user_nam6_1_0_, roles1_.users_id as users_id4_0_1_, roles1_.id as id1_0_1_, roles1_.id as id1_0_2_, roles1_.role_name as role_nam2_0_2_, roles1_.users_id as users_id4_0_2_, roles1_.user_name as user_nam3_0_2_ from users user0_ left outer join user_roles roles1_ on user0_.id=roles1_.users_id where user0_.id=?
[DEBUG] 2021-03-24 18:32:55.374 [main] QuerySpacesImpl - Adding QuerySpace : uid = <gen:0> -> org.hibernate.loader.plan.build.internal.spaces.EntityQuerySpaceImpl@26d0ece6]
[DEBUG] 2021-03-24 18:32:55.374 [main] MetamodelGraphWalker - Visiting attribute path : email
[DEBUG] 2021-03-24 18:32:55.374 [main] MetamodelGraphWalker - Visiting attribute path : firstName
[DEBUG] 2021-03-24 18:32:55.374 [main] MetamodelGraphWalker - Visiting attribute path : lastName
[DEBUG] 2021-03-24 18:32:55.374 [main] MetamodelGraphWalker - Visiting attribute path : password
[DEBUG] 2021-03-24 18:32:55.374 [main] MetamodelGraphWalker - Visiting attribute path : roles
[DEBUG] 2021-03-24 18:32:55.374 [main] QuerySpacesImpl - Adding QuerySpace : uid = <gen:1> -> org.hibernate.loader.plan.build.internal.spaces.CollectionQuerySpaceImpl@4ae280da]
[DEBUG] 2021-03-24 18:32:55.374 [main] QuerySpacesImpl - Adding QuerySpace : uid = <gen:2> -> org.hibernate.loader.plan.build.internal.spaces.EntityQuerySpaceImpl@76d0ecd7]
[DEBUG] 2021-03-24 18:32:55.374 [main] MetamodelGraphWalker - Visiting attribute path : roles.roleName
[DEBUG] 2021-03-24 18:32:55.374 [main] MetamodelGraphWalker - Visiting attribute path : roles.user
[DEBUG] 2021-03-24 18:32:55.374 [main] MetamodelGraphWalker - Property path deemed to be circular : roles.user
[DEBUG] 2021-03-24 18:32:55.374 [main] MetamodelGraphWalker - Visiting attribute path : roles.userName
[DEBUG] 2021-03-24 18:32:55.374 [main] MetamodelGraphWalker - Visiting attribute path : userName
[DEBUG] 2021-03-24 18:32:55.375 [main] FetchStyleLoadPlanBuildingAssociationVisitationStrategy - Building LoadPlan...
[DEBUG] 2021-03-24 18:32:55.375 [main] LoadQueryJoinAndFetchProcessor - processing queryspace <gen:0>
[DEBUG] 2021-03-24 18:32:55.375 [main] LoadPlanTreePrinter - LoadPlan(entity=com.hmkurth.entity.User)
    - Returns
       - EntityReturnImpl(entity=com.hmkurth.entity.User, querySpaceUid=<gen:0>, path=com.hmkurth.entity.User)
          - CollectionAttributeFetchImpl(collection=com.hmkurth.entity.User.roles, querySpaceUid=<gen:1>, path=com.hmkurth.entity.User.roles)
             - (collection element) CollectionFetchableElementEntityGraph(entity=com.hmkurth.entity.UserRoles, querySpaceUid=<gen:2>, path=com.hmkurth.entity.User.roles.<elements>)
    - QuerySpaces
       - EntityQuerySpaceImpl(uid=<gen:0>, entity=com.hmkurth.entity.User)
          - SQL table alias mapping - user0_
          - alias suffix - 0_
          - suffixed key columns - {id1_1_0_}
          - JOIN (JoinDefinedByMetadata(roles)) : <gen:0> -> <gen:1>
             - CollectionQuerySpaceImpl(uid=<gen:1>, collection=com.hmkurth.entity.User.roles)
                - SQL table alias mapping - roles1_
                - alias suffix - 1_
                - suffixed key columns - {users_id4_0_1_}
                - entity-element alias suffix - 2_
                - 2_entity-element suffixed key columns - id1_0_2_
                - JOIN (JoinDefinedByMetadata(elements)) : <gen:1> -> <gen:2>
                   - EntityQuerySpaceImpl(uid=<gen:2>, entity=com.hmkurth.entity.UserRoles)
                      - SQL table alias mapping - roles1_
                      - alias suffix - 2_
                      - suffixed key columns - {id1_0_2_}

[DEBUG] 2021-03-24 18:32:55.375 [main] EntityLoader - Static select for entity com.hmkurth.entity.User [READ]: select user0_.id as id1_1_0_, user0_.email as email2_1_0_, user0_.first_name as first_na3_1_0_, user0_.last_name as last_nam4_1_0_, user0_.user_password as user_pas5_1_0_, user0_.user_name as user_nam6_1_0_, roles1_.users_id as users_id4_0_1_, roles1_.id as id1_0_1_, roles1_.id as id1_0_2_, roles1_.role_name as role_nam2_0_2_, roles1_.users_id as users_id4_0_2_, roles1_.user_name as user_nam3_0_2_ from users user0_ left outer join user_roles roles1_ on user0_.id=roles1_.users_id where user0_.id=?
[DEBUG] 2021-03-24 18:32:55.376 [main] Loader - Static select for action ACTION_MERGE on entity com.hmkurth.entity.User: select user0_.id as id1_1_1_, user0_.email as email2_1_1_, user0_.first_name as first_na3_1_1_, user0_.last_name as last_nam4_1_1_, user0_.user_password as user_pas5_1_1_, user0_.user_name as user_nam6_1_1_, roles1_.users_id as users_id4_0_3_, roles1_.id as id1_0_3_, roles1_.id as id1_0_0_, roles1_.role_name as role_nam2_0_0_, roles1_.users_id as users_id4_0_0_, roles1_.user_name as user_nam3_0_0_ from users user0_ left outer join user_roles roles1_ on user0_.id=roles1_.users_id where user0_.id=?
[DEBUG] 2021-03-24 18:32:55.377 [main] Loader - Static select for action ACTION_REFRESH on entity com.hmkurth.entity.User: select user0_.id as id1_1_1_, user0_.email as email2_1_1_, user0_.first_name as first_na3_1_1_, user0_.last_name as last_nam4_1_1_, user0_.user_password as user_pas5_1_1_, user0_.user_name as user_nam6_1_1_, roles1_.users_id as users_id4_0_3_, roles1_.id as id1_0_3_, roles1_.id as id1_0_0_, roles1_.role_name as role_nam2_0_0_, roles1_.users_id as users_id4_0_0_, roles1_.user_name as user_nam3_0_0_ from users user0_ left outer join user_roles roles1_ on user0_.id=roles1_.users_id where user0_.id=?
[DEBUG] 2021-03-24 18:32:55.382 [main] QuerySpacesImpl - Adding QuerySpace : uid = <gen:0> -> org.hibernate.loader.plan.build.internal.spaces.CollectionQuerySpaceImpl@2cc75b25]
[DEBUG] 2021-03-24 18:32:55.382 [main] QuerySpacesImpl - Adding QuerySpace : uid = <gen:1> -> org.hibernate.loader.plan.build.internal.spaces.EntityQuerySpaceImpl@30036a18]
[DEBUG] 2021-03-24 18:32:55.383 [main] MetamodelGraphWalker - Visiting attribute path : roleName
[DEBUG] 2021-03-24 18:32:55.383 [main] MetamodelGraphWalker - Visiting attribute path : user
[DEBUG] 2021-03-24 18:32:55.383 [main] MetamodelGraphWalker - Property path deemed to be circular : user
[DEBUG] 2021-03-24 18:32:55.383 [main] MetamodelGraphWalker - Visiting attribute path : userName
[DEBUG] 2021-03-24 18:32:55.383 [main] FetchStyleLoadPlanBuildingAssociationVisitationStrategy - Building LoadPlan...
[DEBUG] 2021-03-24 18:32:55.385 [main] LoadQueryJoinAndFetchProcessor - processing queryspace <gen:0>
[DEBUG] 2021-03-24 18:32:55.386 [main] LoadPlanTreePrinter - LoadPlan(collection=com.hmkurth.entity.User.roles)
    - Returns
       - CollectionReturnImpl(collection=com.hmkurth.entity.User.roles, querySpaceUid=<gen:0>, path=[com.hmkurth.entity.User.roles])
          - (collection element) CollectionFetchableElementEntityGraph(entity=com.hmkurth.entity.UserRoles, querySpaceUid=<gen:1>, path=[com.hmkurth.entity.User.roles].<elements>)
    - QuerySpaces
       - CollectionQuerySpaceImpl(uid=<gen:0>, collection=com.hmkurth.entity.User.roles)
          - SQL table alias mapping - roles0_
          - alias suffix - 0_
          - suffixed key columns - {users_id4_0_0_}
          - entity-element alias suffix - 1_
          - 1_entity-element suffixed key columns - id1_0_1_
          - JOIN (JoinDefinedByMetadata(elements)) : <gen:0> -> <gen:1>
             - EntityQuerySpaceImpl(uid=<gen:1>, entity=com.hmkurth.entity.UserRoles)
                - SQL table alias mapping - roles0_
                - alias suffix - 1_
                - suffixed key columns - {id1_0_1_}

[DEBUG] 2021-03-24 18:32:55.386 [main] CollectionLoader - Static select for collection com.hmkurth.entity.User.roles: select roles0_.users_id as users_id4_0_0_, roles0_.id as id1_0_0_, roles0_.id as id1_0_1_, roles0_.role_name as role_nam2_0_1_, roles0_.users_id as users_id4_0_1_, roles0_.user_name as user_nam3_0_1_ from user_roles roles0_ where roles0_.users_id=?
[DEBUG] 2021-03-24 18:32:55.425 [main] SchemaManagementToolCoordinator - No actions specified; doing nothing
[DEBUG] 2021-03-24 18:32:55.425 [main] JtaPlatformInitiator - No JtaPlatform was specified, checking resolver
[DEBUG] 2021-03-24 18:32:55.426 [main] JtaPlatformResolverInitiator - No JtaPlatformResolver was specified, using default [org.hibernate.engine.transaction.jta.platform.internal.StandardJtaPlatformResolver]
[DEBUG] 2021-03-24 18:32:55.433 [main] StandardJtaPlatformResolver - Could not resolve JtaPlatform, using default [org.hibernate.engine.transaction.jta.platform.internal.NoJtaPlatform]
[INFO ] 2021-03-24 18:32:55.433 [main] JtaPlatformInitiator - HHH000490: Using JtaPlatform implementation: [org.hibernate.engine.transaction.jta.platform.internal.NoJtaPlatform]
[DEBUG] 2021-03-24 18:32:55.435 [main] NamedQueryRepository - Checking 0 named HQL queries
[DEBUG] 2021-03-24 18:32:55.435 [main] NamedQueryRepository - Checking 0 named SQL queries
[DEBUG] 2021-03-24 18:32:55.437 [main] SessionFactoryRegistry - Initializing SessionFactoryRegistry : org.hibernate.internal.SessionFactoryRegistry@7aae1170
[DEBUG] 2021-03-24 18:32:55.439 [main] SessionFactoryRegistry - Registering SessionFactory: fb2db300-78d6-4b90-b4e1-ec95d60fabf4 (<unnamed>)
[DEBUG] 2021-03-24 18:32:55.439 [main] SessionFactoryRegistry - Not binding SessionFactory to JNDI, no JNDI name configured
[DEBUG] 2021-03-24 18:32:55.528 [main] StatisticsInitiator - Statistics initialized [enabled=false]
[DEBUG] 2021-03-24 18:32:55.546 [main] SQL - select user0_.id as id1_1_0_, user0_.email as email2_1_0_, user0_.first_name as first_na3_1_0_, user0_.last_name as last_nam4_1_0_, user0_.user_password as user_pas5_1_0_, user0_.user_name as user_nam6_1_0_, roles1_.users_id as users_id4_0_1_, roles1_.id as id1_0_1_, roles1_.id as id1_0_2_, roles1_.role_name as role_nam2_0_2_, roles1_.users_id as users_id4_0_2_, roles1_.user_name as user_nam3_0_2_ from users user0_ left outer join user_roles roles1_ on user0_.id=roles1_.users_id where user0_.id=?
[DEBUG] 2021-03-24 18:32:55.620 [main] ResultSetProcessorImpl - Starting ResultSet row #0
[DEBUG] 2021-03-24 18:32:55.624 [main] EntityReferenceInitializerImpl - On call to EntityIdentifierReaderImpl#resolve, EntityKey was already known; should only happen on root returns with an optional identifier specified
[DEBUG] 2021-03-24 18:32:55.638 [main] CollectionReferenceInitializerImpl - Found row of collection: [com.hmkurth.entity.User.roles#3]
[DEBUG] 2021-03-24 18:32:55.649 [main] TwoPhaseLoad - Resolving attributes for [com.hmkurth.entity.User#3]
[DEBUG] 2021-03-24 18:32:55.650 [main] TwoPhaseLoad - Processing attribute `email` : value = seast@mail
[DEBUG] 2021-03-24 18:32:55.650 [main] TwoPhaseLoad - Attribute (`email`)  - enhanced for lazy-loading? - false
[DEBUG] 2021-03-24 18:32:55.650 [main] TwoPhaseLoad - Processing attribute `firstName` : value = Barney
[DEBUG] 2021-03-24 18:32:55.650 [main] TwoPhaseLoad - Attribute (`firstName`)  - enhanced for lazy-loading? - false
[DEBUG] 2021-03-24 18:32:55.650 [main] TwoPhaseLoad - Processing attribute `lastName` : value = Curry
[DEBUG] 2021-03-24 18:32:55.650 [main] TwoPhaseLoad - Attribute (`lastName`)  - enhanced for lazy-loading? - false
[DEBUG] 2021-03-24 18:32:55.650 [main] TwoPhaseLoad - Processing attribute `password` : value = supersecret3
[DEBUG] 2021-03-24 18:32:55.650 [main] TwoPhaseLoad - Attribute (`password`)  - enhanced for lazy-loading? - false
[DEBUG] 2021-03-24 18:32:55.650 [main] TwoPhaseLoad - Processing attribute `roles` : value = NOT NULL COLLECTION
[DEBUG] 2021-03-24 18:32:55.650 [main] TwoPhaseLoad - Attribute (`roles`)  - enhanced for lazy-loading? - false
[DEBUG] 2021-03-24 18:32:55.650 [main] TwoPhaseLoad - Processing attribute `userName` : value = bcurry
[DEBUG] 2021-03-24 18:32:55.650 [main] TwoPhaseLoad - Attribute (`userName`)  - enhanced for lazy-loading? - false
[DEBUG] 2021-03-24 18:32:55.651 [main] TwoPhaseLoad - Done materializing entity [com.hmkurth.entity.User#3]
[DEBUG] 2021-03-24 18:32:55.651 [main] TwoPhaseLoad - Resolving attributes for [com.hmkurth.entity.UserRoles#3]
[DEBUG] 2021-03-24 18:32:55.651 [main] TwoPhaseLoad - Processing attribute `roleName` : value = admin
[DEBUG] 2021-03-24 18:32:55.651 [main] TwoPhaseLoad - Attribute (`roleName`)  - enhanced for lazy-loading? - false
[DEBUG] 2021-03-24 18:32:55.651 [main] TwoPhaseLoad - Processing attribute `user` : value = 3
[DEBUG] 2021-03-24 18:32:55.651 [main] TwoPhaseLoad - Attribute (`user`)  - enhanced for lazy-loading? - false
[DEBUG] 2021-03-24 18:32:55.651 [main] TwoPhaseLoad - Processing attribute `userName` : value = bcurry
[DEBUG] 2021-03-24 18:32:55.651 [main] TwoPhaseLoad - Attribute (`userName`)  - enhanced for lazy-loading? - false
[DEBUG] 2021-03-24 18:32:55.651 [main] TwoPhaseLoad - Done materializing entity [com.hmkurth.entity.UserRoles#3]
[DEBUG] 2021-03-24 18:32:55.652 [main] CollectionLoadContext - 1 collections were found in result set for role: com.hmkurth.entity.User.roles
[DEBUG] 2021-03-24 18:32:55.654 [main] CollectionLoadContext - Collection fully initialized: [com.hmkurth.entity.User.roles#3]
[DEBUG] 2021-03-24 18:32:55.654 [main] CollectionLoadContext - 1 collections initialized for role: com.hmkurth.entity.User.roles
[DEBUG] 2021-03-24 18:32:55.655 [main] ResourceRegistryStandardImpl - HHH000387: ResultSet's statement was not registered
[DEBUG] 2021-03-24 18:32:55.655 [main] AbstractLoadPlanBasedEntityLoader - Done entity load : com.hmkurth.entity.User#3
[DEBUG] 2021-03-24 18:32:55.655 [main] LogicalConnectionManagedImpl - Initiating JDBC connection release from afterTransaction
