[DEBUG] 2021-04-28 17:28:12.982 [main] IntegratorServiceImpl - Adding Integrator [org.hibernate.cfg.beanvalidation.BeanValidationIntegrator].
[DEBUG] 2021-04-28 17:28:12.985 [main] IntegratorServiceImpl - Adding Integrator [org.hibernate.secure.spi.JaccIntegrator].
[DEBUG] 2021-04-28 17:28:12.993 [main] IntegratorServiceImpl - Adding Integrator [org.hibernate.cache.internal.CollectionCacheInvalidator].
[INFO ] 2021-04-28 17:28:13.140 [main] Version - HHH000412: Hibernate Core {5.4.4.Final}
[DEBUG] 2021-04-28 17:28:13.144 [main] Environment - HHH000206: hibernate.properties not found
[DEBUG] 2021-04-28 17:28:13.442 [main] LocalXmlResourceResolver - Interpreting public/system identifier : [null] - [http://www.hibernate.org/dtd/hibernate-configuration-3.0.dtd]
[DEBUG] 2021-04-28 17:28:13.443 [main] LocalXmlResourceResolver - Recognized hibernate-configuration identifier; attempting to resolve on classpath under org/hibernate/
[DEBUG] 2021-04-28 17:28:13.449 [main] JaxbCfgProcessor - cfg.xml document did not define namespaces; wrapping in custom event reader to introduce namespace information
[DEBUG] 2021-04-28 17:28:13.937 [main] ServiceBinding - Overriding existing service binding [org.hibernate.secure.spi.JaccService]
[DEBUG] 2021-04-28 17:28:13.970 [main] RegionFactoryInitiator - Cannot default RegionFactory based on registered strategies as `[]` RegionFactory strategies were registered
[DEBUG] 2021-04-28 17:28:13.972 [main] RegionFactoryInitiator - Cache region factory : org.hibernate.cache.internal.NoCachingRegionFactory
[INFO ] 2021-04-28 17:28:14.001 [main] Version - HCANN000001: Hibernate Commons Annotations {5.1.0.Final}
[DEBUG] 2021-04-28 17:28:14.108 [main] BasicTypeRegistry - Adding type registration boolean -> org.hibernate.type.BooleanType@5f038248
[DEBUG] 2021-04-28 17:28:14.108 [main] BasicTypeRegistry - Adding type registration boolean -> org.hibernate.type.BooleanType@5f038248
[DEBUG] 2021-04-28 17:28:14.108 [main] BasicTypeRegistry - Adding type registration java.lang.Boolean -> org.hibernate.type.BooleanType@5f038248
[DEBUG] 2021-04-28 17:28:14.110 [main] BasicTypeRegistry - Adding type registration numeric_boolean -> org.hibernate.type.NumericBooleanType@1aabf50d
[DEBUG] 2021-04-28 17:28:14.111 [main] BasicTypeRegistry - Adding type registration true_false -> org.hibernate.type.TrueFalseType@582a764a
[DEBUG] 2021-04-28 17:28:14.112 [main] BasicTypeRegistry - Adding type registration yes_no -> org.hibernate.type.YesNoType@58ff8d79
[DEBUG] 2021-04-28 17:28:14.114 [main] BasicTypeRegistry - Adding type registration byte -> org.hibernate.type.ByteType@61cd1c71
[DEBUG] 2021-04-28 17:28:14.115 [main] BasicTypeRegistry - Adding type registration byte -> org.hibernate.type.ByteType@61cd1c71
[DEBUG] 2021-04-28 17:28:14.115 [main] BasicTypeRegistry - Adding type registration java.lang.Byte -> org.hibernate.type.ByteType@61cd1c71
[DEBUG] 2021-04-28 17:28:14.118 [main] BasicTypeRegistry - Adding type registration character -> org.hibernate.type.CharacterType@4674d90
[DEBUG] 2021-04-28 17:28:14.118 [main] BasicTypeRegistry - Adding type registration char -> org.hibernate.type.CharacterType@4674d90
[DEBUG] 2021-04-28 17:28:14.118 [main] BasicTypeRegistry - Adding type registration java.lang.Character -> org.hibernate.type.CharacterType@4674d90
[DEBUG] 2021-04-28 17:28:14.120 [main] BasicTypeRegistry - Adding type registration short -> org.hibernate.type.ShortType@30364216
[DEBUG] 2021-04-28 17:28:14.120 [main] BasicTypeRegistry - Adding type registration short -> org.hibernate.type.ShortType@30364216
[DEBUG] 2021-04-28 17:28:14.120 [main] BasicTypeRegistry - Adding type registration java.lang.Short -> org.hibernate.type.ShortType@30364216
[DEBUG] 2021-04-28 17:28:14.122 [main] BasicTypeRegistry - Adding type registration integer -> org.hibernate.type.IntegerType@1f7076bc
[DEBUG] 2021-04-28 17:28:14.122 [main] BasicTypeRegistry - Adding type registration int -> org.hibernate.type.IntegerType@1f7076bc
[DEBUG] 2021-04-28 17:28:14.122 [main] BasicTypeRegistry - Adding type registration java.lang.Integer -> org.hibernate.type.IntegerType@1f7076bc
[DEBUG] 2021-04-28 17:28:14.124 [main] BasicTypeRegistry - Adding type registration long -> org.hibernate.type.LongType@5b3a7ef5
[DEBUG] 2021-04-28 17:28:14.124 [main] BasicTypeRegistry - Adding type registration long -> org.hibernate.type.LongType@5b3a7ef5
[DEBUG] 2021-04-28 17:28:14.124 [main] BasicTypeRegistry - Adding type registration java.lang.Long -> org.hibernate.type.LongType@5b3a7ef5
[DEBUG] 2021-04-28 17:28:14.126 [main] BasicTypeRegistry - Adding type registration float -> org.hibernate.type.FloatType@5d21202d
[DEBUG] 2021-04-28 17:28:14.126 [main] BasicTypeRegistry - Adding type registration float -> org.hibernate.type.FloatType@5d21202d
[DEBUG] 2021-04-28 17:28:14.126 [main] BasicTypeRegistry - Adding type registration java.lang.Float -> org.hibernate.type.FloatType@5d21202d
[DEBUG] 2021-04-28 17:28:14.128 [main] BasicTypeRegistry - Adding type registration double -> org.hibernate.type.DoubleType@65bdd558
[DEBUG] 2021-04-28 17:28:14.129 [main] BasicTypeRegistry - Adding type registration double -> org.hibernate.type.DoubleType@65bdd558
[DEBUG] 2021-04-28 17:28:14.129 [main] BasicTypeRegistry - Adding type registration java.lang.Double -> org.hibernate.type.DoubleType@65bdd558
[DEBUG] 2021-04-28 17:28:14.130 [main] BasicTypeRegistry - Adding type registration big_decimal -> org.hibernate.type.BigDecimalType@2af69643
[DEBUG] 2021-04-28 17:28:14.131 [main] BasicTypeRegistry - Adding type registration java.math.BigDecimal -> org.hibernate.type.BigDecimalType@2af69643
[DEBUG] 2021-04-28 17:28:14.132 [main] BasicTypeRegistry - Adding type registration big_integer -> org.hibernate.type.BigIntegerType@22587507
[DEBUG] 2021-04-28 17:28:14.132 [main] BasicTypeRegistry - Adding type registration java.math.BigInteger -> org.hibernate.type.BigIntegerType@22587507
[DEBUG] 2021-04-28 17:28:14.134 [main] BasicTypeRegistry - Adding type registration string -> org.hibernate.type.StringType@4760f169
[DEBUG] 2021-04-28 17:28:14.135 [main] BasicTypeRegistry - Adding type registration java.lang.String -> org.hibernate.type.StringType@4760f169
[DEBUG] 2021-04-28 17:28:14.135 [main] BasicTypeRegistry - Adding type registration nstring -> org.hibernate.type.StringNVarcharType@25290bca
[DEBUG] 2021-04-28 17:28:14.137 [main] BasicTypeRegistry - Adding type registration ncharacter -> org.hibernate.type.CharacterNCharType@508a65bf
[DEBUG] 2021-04-28 17:28:14.138 [main] BasicTypeRegistry - Adding type registration url -> org.hibernate.type.UrlType@4649d70a
[DEBUG] 2021-04-28 17:28:14.138 [main] BasicTypeRegistry - Adding type registration java.net.URL -> org.hibernate.type.UrlType@4649d70a
[DEBUG] 2021-04-28 17:28:14.140 [main] BasicTypeRegistry - Adding type registration Duration -> org.hibernate.type.DurationType@e5cbff2
[DEBUG] 2021-04-28 17:28:14.140 [main] BasicTypeRegistry - Adding type registration java.time.Duration -> org.hibernate.type.DurationType@e5cbff2
[DEBUG] 2021-04-28 17:28:14.154 [main] BasicTypeRegistry - Adding type registration Instant -> org.hibernate.type.InstantType@80bfdc6
[DEBUG] 2021-04-28 17:28:14.155 [main] BasicTypeRegistry - Adding type registration java.time.Instant -> org.hibernate.type.InstantType@80bfdc6
[DEBUG] 2021-04-28 17:28:14.157 [main] BasicTypeRegistry - Adding type registration LocalDateTime -> org.hibernate.type.LocalDateTimeType@e84fb85
[DEBUG] 2021-04-28 17:28:14.157 [main] BasicTypeRegistry - Adding type registration java.time.LocalDateTime -> org.hibernate.type.LocalDateTimeType@e84fb85
[DEBUG] 2021-04-28 17:28:14.160 [main] BasicTypeRegistry - Adding type registration LocalDate -> org.hibernate.type.LocalDateType@46963479
[DEBUG] 2021-04-28 17:28:14.161 [main] BasicTypeRegistry - Adding type registration java.time.LocalDate -> org.hibernate.type.LocalDateType@46963479
[DEBUG] 2021-04-28 17:28:14.163 [main] BasicTypeRegistry - Adding type registration LocalTime -> org.hibernate.type.LocalTimeType@78054f54
[DEBUG] 2021-04-28 17:28:14.163 [main] BasicTypeRegistry - Adding type registration java.time.LocalTime -> org.hibernate.type.LocalTimeType@78054f54
[DEBUG] 2021-04-28 17:28:14.166 [main] BasicTypeRegistry - Adding type registration OffsetDateTime -> org.hibernate.type.OffsetDateTimeType@15400fff
[DEBUG] 2021-04-28 17:28:14.167 [main] BasicTypeRegistry - Adding type registration java.time.OffsetDateTime -> org.hibernate.type.OffsetDateTimeType@15400fff
[DEBUG] 2021-04-28 17:28:14.169 [main] BasicTypeRegistry - Adding type registration OffsetTime -> org.hibernate.type.OffsetTimeType@620c8641
[DEBUG] 2021-04-28 17:28:14.170 [main] BasicTypeRegistry - Adding type registration java.time.OffsetTime -> org.hibernate.type.OffsetTimeType@620c8641
[DEBUG] 2021-04-28 17:28:14.173 [main] BasicTypeRegistry - Adding type registration ZonedDateTime -> org.hibernate.type.ZonedDateTimeType@3ee0b4f7
[DEBUG] 2021-04-28 17:28:14.173 [main] BasicTypeRegistry - Adding type registration java.time.ZonedDateTime -> org.hibernate.type.ZonedDateTimeType@3ee0b4f7
[DEBUG] 2021-04-28 17:28:14.175 [main] BasicTypeRegistry - Adding type registration date -> org.hibernate.type.DateType@455c1d8c
[DEBUG] 2021-04-28 17:28:14.175 [main] BasicTypeRegistry - Adding type registration java.sql.Date -> org.hibernate.type.DateType@455c1d8c
[DEBUG] 2021-04-28 17:28:14.177 [main] BasicTypeRegistry - Adding type registration time -> org.hibernate.type.TimeType@53e800f9
[DEBUG] 2021-04-28 17:28:14.177 [main] BasicTypeRegistry - Adding type registration java.sql.Time -> org.hibernate.type.TimeType@53e800f9
[DEBUG] 2021-04-28 17:28:14.179 [main] BasicTypeRegistry - Adding type registration timestamp -> org.hibernate.type.TimestampType@5b5e7036
[DEBUG] 2021-04-28 17:28:14.180 [main] BasicTypeRegistry - Adding type registration java.sql.Timestamp -> org.hibernate.type.TimestampType@5b5e7036
[DEBUG] 2021-04-28 17:28:14.180 [main] BasicTypeRegistry - Adding type registration java.util.Date -> org.hibernate.type.TimestampType@5b5e7036
[DEBUG] 2021-04-28 17:28:14.183 [main] BasicTypeRegistry - Adding type registration dbtimestamp -> org.hibernate.type.DbTimestampType@467b684d
[DEBUG] 2021-04-28 17:28:14.185 [main] BasicTypeRegistry - Adding type registration calendar -> org.hibernate.type.CalendarType@6c3659be
[DEBUG] 2021-04-28 17:28:14.186 [main] BasicTypeRegistry - Adding type registration java.util.Calendar -> org.hibernate.type.CalendarType@6c3659be
[DEBUG] 2021-04-28 17:28:14.186 [main] BasicTypeRegistry - Adding type registration java.util.GregorianCalendar -> org.hibernate.type.CalendarType@6c3659be
[DEBUG] 2021-04-28 17:28:14.187 [main] BasicTypeRegistry - Adding type registration calendar_date -> org.hibernate.type.CalendarDateType@c3edf4c
[DEBUG] 2021-04-28 17:28:14.189 [main] BasicTypeRegistry - Adding type registration locale -> org.hibernate.type.LocaleType@5fcfde70
[DEBUG] 2021-04-28 17:28:14.190 [main] BasicTypeRegistry - Adding type registration java.util.Locale -> org.hibernate.type.LocaleType@5fcfde70
[DEBUG] 2021-04-28 17:28:14.192 [main] BasicTypeRegistry - Adding type registration currency -> org.hibernate.type.CurrencyType@726aa968
[DEBUG] 2021-04-28 17:28:14.193 [main] BasicTypeRegistry - Adding type registration java.util.Currency -> org.hibernate.type.CurrencyType@726aa968
[DEBUG] 2021-04-28 17:28:14.194 [main] BasicTypeRegistry - Adding type registration timezone -> org.hibernate.type.TimeZoneType@1cd3b138
[DEBUG] 2021-04-28 17:28:14.195 [main] BasicTypeRegistry - Adding type registration java.util.TimeZone -> org.hibernate.type.TimeZoneType@1cd3b138
[DEBUG] 2021-04-28 17:28:14.196 [main] BasicTypeRegistry - Adding type registration class -> org.hibernate.type.ClassType@6dcc40f5
[DEBUG] 2021-04-28 17:28:14.196 [main] BasicTypeRegistry - Adding type registration java.lang.Class -> org.hibernate.type.ClassType@6dcc40f5
[DEBUG] 2021-04-28 17:28:14.197 [main] BasicTypeRegistry - Adding type registration uuid-binary -> org.hibernate.type.UUIDBinaryType@4745e9c
[DEBUG] 2021-04-28 17:28:14.198 [main] BasicTypeRegistry - Adding type registration java.util.UUID -> org.hibernate.type.UUIDBinaryType@4745e9c
[DEBUG] 2021-04-28 17:28:14.199 [main] BasicTypeRegistry - Adding type registration uuid-char -> org.hibernate.type.UUIDCharType@296e281a
[DEBUG] 2021-04-28 17:28:14.200 [main] BasicTypeRegistry - Adding type registration binary -> org.hibernate.type.BinaryType@588f63c
[DEBUG] 2021-04-28 17:28:14.201 [main] BasicTypeRegistry - Adding type registration byte[] -> org.hibernate.type.BinaryType@588f63c
[DEBUG] 2021-04-28 17:28:14.201 [main] BasicTypeRegistry - Adding type registration [B -> org.hibernate.type.BinaryType@588f63c
[DEBUG] 2021-04-28 17:28:14.202 [main] BasicTypeRegistry - Adding type registration wrapper-binary -> org.hibernate.type.WrapperBinaryType@dc4a691
[DEBUG] 2021-04-28 17:28:14.202 [main] BasicTypeRegistry - Adding type registration Byte[] -> org.hibernate.type.WrapperBinaryType@dc4a691
[DEBUG] 2021-04-28 17:28:14.203 [main] BasicTypeRegistry - Adding type registration [Ljava.lang.Byte; -> org.hibernate.type.WrapperBinaryType@dc4a691
[DEBUG] 2021-04-28 17:28:14.204 [main] BasicTypeRegistry - Adding type registration row_version -> org.hibernate.type.RowVersionType@ec8f4b9
[DEBUG] 2021-04-28 17:28:14.205 [main] BasicTypeRegistry - Adding type registration image -> org.hibernate.type.ImageType@7efb53af
[DEBUG] 2021-04-28 17:28:14.207 [main] BasicTypeRegistry - Adding type registration characters -> org.hibernate.type.CharArrayType@443effcb
[DEBUG] 2021-04-28 17:28:14.207 [main] BasicTypeRegistry - Adding type registration char[] -> org.hibernate.type.CharArrayType@443effcb
[DEBUG] 2021-04-28 17:28:14.207 [main] BasicTypeRegistry - Adding type registration [C -> org.hibernate.type.CharArrayType@443effcb
[DEBUG] 2021-04-28 17:28:14.216 [main] BasicTypeRegistry - Adding type registration wrapper-characters -> org.hibernate.type.CharacterArrayType@41eb94bc
[DEBUG] 2021-04-28 17:28:14.217 [main] BasicTypeRegistry - Adding type registration [Ljava.lang.Character; -> org.hibernate.type.CharacterArrayType@41eb94bc
[DEBUG] 2021-04-28 17:28:14.217 [main] BasicTypeRegistry - Adding type registration Character[] -> org.hibernate.type.CharacterArrayType@41eb94bc
[DEBUG] 2021-04-28 17:28:14.218 [main] BasicTypeRegistry - Adding type registration text -> org.hibernate.type.TextType@43af351a
[DEBUG] 2021-04-28 17:28:14.219 [main] BasicTypeRegistry - Adding type registration ntext -> org.hibernate.type.NTextType@762637be
[DEBUG] 2021-04-28 17:28:14.221 [main] BasicTypeRegistry - Adding type registration blob -> org.hibernate.type.BlobType@119aa36
[DEBUG] 2021-04-28 17:28:14.221 [main] BasicTypeRegistry - Adding type registration java.sql.Blob -> org.hibernate.type.BlobType@119aa36
[DEBUG] 2021-04-28 17:28:14.222 [main] BasicTypeRegistry - Adding type registration materialized_blob -> org.hibernate.type.MaterializedBlobType@6caf7803
[DEBUG] 2021-04-28 17:28:14.224 [main] BasicTypeRegistry - Adding type registration clob -> org.hibernate.type.ClobType@38eb0f4d
[DEBUG] 2021-04-28 17:28:14.231 [main] BasicTypeRegistry - Adding type registration java.sql.Clob -> org.hibernate.type.ClobType@38eb0f4d
[DEBUG] 2021-04-28 17:28:14.234 [main] BasicTypeRegistry - Adding type registration nclob -> org.hibernate.type.NClobType@18b8d173
[DEBUG] 2021-04-28 17:28:14.234 [main] BasicTypeRegistry - Adding type registration java.sql.NClob -> org.hibernate.type.NClobType@18b8d173
[DEBUG] 2021-04-28 17:28:14.235 [main] BasicTypeRegistry - Adding type registration materialized_clob -> org.hibernate.type.MaterializedClobType@46349b95
[DEBUG] 2021-04-28 17:28:14.236 [main] BasicTypeRegistry - Adding type registration materialized_nclob -> org.hibernate.type.MaterializedNClobType@748d2277
[DEBUG] 2021-04-28 17:28:14.239 [main] BasicTypeRegistry - Adding type registration serializable -> org.hibernate.type.SerializableType@58f39564
[DEBUG] 2021-04-28 17:28:14.244 [main] BasicTypeRegistry - Adding type registration object -> org.hibernate.type.ObjectType@671d1157
[DEBUG] 2021-04-28 17:28:14.245 [main] BasicTypeRegistry - Adding type registration java.lang.Object -> org.hibernate.type.ObjectType@671d1157
[DEBUG] 2021-04-28 17:28:14.246 [main] BasicTypeRegistry - Adding type registration imm_date -> org.hibernate.type.AdaptedImmutableType@25aeb5ac
[DEBUG] 2021-04-28 17:28:14.246 [main] BasicTypeRegistry - Adding type registration imm_time -> org.hibernate.type.AdaptedImmutableType@c755b2
[DEBUG] 2021-04-28 17:28:14.246 [main] BasicTypeRegistry - Adding type registration imm_timestamp -> org.hibernate.type.AdaptedImmutableType@3bd2af5b
[DEBUG] 2021-04-28 17:28:14.246 [main] BasicTypeRegistry - Adding type registration imm_dbtimestamp -> org.hibernate.type.AdaptedImmutableType@250a500b
[DEBUG] 2021-04-28 17:28:14.246 [main] BasicTypeRegistry - Adding type registration imm_calendar -> org.hibernate.type.AdaptedImmutableType@75d982d3
[DEBUG] 2021-04-28 17:28:14.246 [main] BasicTypeRegistry - Adding type registration imm_calendar_date -> org.hibernate.type.AdaptedImmutableType@4f89331f
[DEBUG] 2021-04-28 17:28:14.246 [main] BasicTypeRegistry - Adding type registration imm_binary -> org.hibernate.type.AdaptedImmutableType@618ff5c2
[DEBUG] 2021-04-28 17:28:14.247 [main] BasicTypeRegistry - Adding type registration imm_serializable -> org.hibernate.type.AdaptedImmutableType@16727bf0
[DEBUG] 2021-04-28 17:28:14.297 [main] DefaultIdentifierGeneratorFactory - Registering IdentifierGenerator strategy [uuid2] -> [org.hibernate.id.UUIDGenerator]
[DEBUG] 2021-04-28 17:28:14.299 [main] DefaultIdentifierGeneratorFactory - Registering IdentifierGenerator strategy [guid] -> [org.hibernate.id.GUIDGenerator]
[DEBUG] 2021-04-28 17:28:14.300 [main] DefaultIdentifierGeneratorFactory - Registering IdentifierGenerator strategy [uuid] -> [org.hibernate.id.UUIDHexGenerator]
[DEBUG] 2021-04-28 17:28:14.301 [main] DefaultIdentifierGeneratorFactory - Registering IdentifierGenerator strategy [uuid.hex] -> [org.hibernate.id.UUIDHexGenerator]
[DEBUG] 2021-04-28 17:28:14.302 [main] DefaultIdentifierGeneratorFactory - Registering IdentifierGenerator strategy [assigned] -> [org.hibernate.id.Assigned]
[DEBUG] 2021-04-28 17:28:14.304 [main] DefaultIdentifierGeneratorFactory - Registering IdentifierGenerator strategy [identity] -> [org.hibernate.id.IdentityGenerator]
[DEBUG] 2021-04-28 17:28:14.305 [main] DefaultIdentifierGeneratorFactory - Registering IdentifierGenerator strategy [select] -> [org.hibernate.id.SelectGenerator]
[DEBUG] 2021-04-28 17:28:14.308 [main] DefaultIdentifierGeneratorFactory - Registering IdentifierGenerator strategy [sequence] -> [org.hibernate.id.enhanced.SequenceStyleGenerator]
[DEBUG] 2021-04-28 17:28:14.310 [main] DefaultIdentifierGeneratorFactory - Registering IdentifierGenerator strategy [seqhilo] -> [org.hibernate.id.SequenceHiLoGenerator]
[DEBUG] 2021-04-28 17:28:14.311 [main] DefaultIdentifierGeneratorFactory - Registering IdentifierGenerator strategy [increment] -> [org.hibernate.id.IncrementGenerator]
[DEBUG] 2021-04-28 17:28:14.312 [main] DefaultIdentifierGeneratorFactory - Registering IdentifierGenerator strategy [foreign] -> [org.hibernate.id.ForeignGenerator]
[DEBUG] 2021-04-28 17:28:14.313 [main] DefaultIdentifierGeneratorFactory - Registering IdentifierGenerator strategy [sequence-identity] -> [org.hibernate.id.SequenceIdentityGenerator]
[DEBUG] 2021-04-28 17:28:14.313 [main] DefaultIdentifierGeneratorFactory - Registering IdentifierGenerator strategy [enhanced-sequence] -> [org.hibernate.id.enhanced.SequenceStyleGenerator]
[DEBUG] 2021-04-28 17:28:14.315 [main] DefaultIdentifierGeneratorFactory - Registering IdentifierGenerator strategy [enhanced-table] -> [org.hibernate.id.enhanced.TableGenerator]
[INFO ] 2021-04-28 17:28:14.324 [main] C3P0ConnectionProvider - HHH010002: C3P0 using driver: com.mysql.cj.jdbc.Driver at URL: jdbc:mysql://localhost:3306/testschema
[INFO ] 2021-04-28 17:28:14.324 [main] C3P0ConnectionProvider - HHH10001001: Connection properties: {password=****, user=root}
[INFO ] 2021-04-28 17:28:14.324 [main] C3P0ConnectionProvider - HHH10001003: Autocommit mode: false
[INFO ] 2021-04-28 17:28:14.513 [main] C3P0ConnectionProvider - HHH10001007: JDBC isolation level: <unknown>
[DEBUG] 2021-04-28 17:28:14.709 [main] JdbcEnvironmentInitiator - Database ->
       name : MySQL
    version : 8.0.23
      major : 8
      minor : 0
[DEBUG] 2021-04-28 17:28:14.710 [main] JdbcEnvironmentInitiator - Driver ->
       name : MySQL Connector/J
    version : mysql-connector-java-8.0.23 (Revision: 18bbd5e68195d0da083cbd5bd0d05d76320df7cd)
      major : 8
      minor : 0
[DEBUG] 2021-04-28 17:28:14.710 [main] JdbcEnvironmentInitiator - JDBC version : 4.2
[INFO ] 2021-04-28 17:28:14.768 [main] Dialect - HHH000400: Using dialect: org.hibernate.dialect.MySQL8Dialect
[DEBUG] 2021-04-28 17:28:14.800 [main] IdentifierHelperBuilder - JDBC driver metadata reported database stores quoted identifiers in more than one case
[DEBUG] 2021-04-28 17:28:14.939 [main] IdentifierHelperBuilder - IdentifierCaseStrategy for both quoted and unquoted identifiers was set to the same strategy [LOWER]; that will likely lead to problems in schema update and validation if using quoted identifiers
[DEBUG] 2021-04-28 17:28:14.987 [main] Namespace - Created database namespace [logicalName=Name{catalog=null, schema=null}, physicalName=Name{catalog=null, schema=null}]
[DEBUG] 2021-04-28 17:28:14.992 [main] TypeConfiguration$Scope - Scoping TypeConfiguration [org.hibernate.type.spi.TypeConfiguration@3b2553d9] to MetadataBuildingContext [org.hibernate.boot.internal.MetadataBuildingContextRootImpl@753fd7a1]
[DEBUG] 2021-04-28 17:28:15.100 [main] AnnotationBinder - Binding entity from annotated class: com.hmkurth.entity.User
[DEBUG] 2021-04-28 17:28:15.137 [main] Ejb3Column - Binding column: Ejb3DiscriminatorColumn{logicalColumnName'DTYPE', discriminatorTypeName='string'}
[DEBUG] 2021-04-28 17:28:15.145 [main] EntityBinder - Import with entity name User
[DEBUG] 2021-04-28 17:28:15.148 [main] EntityBinder - Bind entity com.hmkurth.entity.User on table users
[DEBUG] 2021-04-28 17:28:15.181 [main] Ejb3Column - Binding column: Ejb3Column{table=org.hibernate.mapping.Table(users), mappingColumn=id, insertable=true, updatable=true, unique=false}
[DEBUG] 2021-04-28 17:28:15.184 [main] PropertyBinder - MetadataSourceProcessor property id with lazy=false
[DEBUG] 2021-04-28 17:28:15.186 [main] AbstractPropertyHolder - Attempting to locate auto-apply AttributeConverter for property [com.hmkurth.entity.User:id]
[DEBUG] 2021-04-28 17:28:15.189 [main] SimpleValueBinder - building SimpleValue for id
[DEBUG] 2021-04-28 17:28:15.192 [main] PropertyBinder - Building property id
[DEBUG] 2021-04-28 17:28:15.197 [main] BinderHelper - #makeIdGenerator(org.hibernate.mapping.SimpleValue([org.hibernate.mapping.Column(id)]), id, org.hibernate.id.enhanced.SequenceStyleGenerator, native, ...)
[DEBUG] 2021-04-28 17:28:15.199 [main] Ejb3Column - Binding column: Ejb3Column{table=org.hibernate.mapping.Table(users), mappingColumn=email, insertable=true, updatable=true, unique=false}
[DEBUG] 2021-04-28 17:28:15.199 [main] PropertyBinder - MetadataSourceProcessor property email with lazy=false
[DEBUG] 2021-04-28 17:28:15.199 [main] AbstractPropertyHolder - Attempting to locate auto-apply AttributeConverter for property [com.hmkurth.entity.User:email]
[DEBUG] 2021-04-28 17:28:15.199 [main] SimpleValueBinder - building SimpleValue for email
[DEBUG] 2021-04-28 17:28:15.199 [main] PropertyBinder - Building property email
[DEBUG] 2021-04-28 17:28:15.199 [main] Ejb3Column - Binding column: Ejb3Column{table=org.hibernate.mapping.Table(users), mappingColumn=first_name, insertable=true, updatable=true, unique=false}
[DEBUG] 2021-04-28 17:28:15.199 [main] PropertyBinder - MetadataSourceProcessor property firstName with lazy=false
[DEBUG] 2021-04-28 17:28:15.199 [main] AbstractPropertyHolder - Attempting to locate auto-apply AttributeConverter for property [com.hmkurth.entity.User:firstName]
[DEBUG] 2021-04-28 17:28:15.199 [main] SimpleValueBinder - building SimpleValue for firstName
[DEBUG] 2021-04-28 17:28:15.200 [main] PropertyBinder - Building property firstName
[DEBUG] 2021-04-28 17:28:15.200 [main] Ejb3Column - Binding column: Ejb3Column{table=org.hibernate.mapping.Table(users), mappingColumn=last_name, insertable=true, updatable=true, unique=false}
[DEBUG] 2021-04-28 17:28:15.200 [main] PropertyBinder - MetadataSourceProcessor property lastName with lazy=false
[DEBUG] 2021-04-28 17:28:15.200 [main] AbstractPropertyHolder - Attempting to locate auto-apply AttributeConverter for property [com.hmkurth.entity.User:lastName]
[DEBUG] 2021-04-28 17:28:15.200 [main] SimpleValueBinder - building SimpleValue for lastName
[DEBUG] 2021-04-28 17:28:15.200 [main] PropertyBinder - Building property lastName
[DEBUG] 2021-04-28 17:28:15.200 [main] Ejb3Column - Binding column: Ejb3Column{table=org.hibernate.mapping.Table(users), mappingColumn=user_password, insertable=true, updatable=true, unique=false}
[DEBUG] 2021-04-28 17:28:15.200 [main] PropertyBinder - MetadataSourceProcessor property password with lazy=false
[DEBUG] 2021-04-28 17:28:15.200 [main] AbstractPropertyHolder - Attempting to locate auto-apply AttributeConverter for property [com.hmkurth.entity.User:password]
[DEBUG] 2021-04-28 17:28:15.200 [main] SimpleValueBinder - building SimpleValue for password
[DEBUG] 2021-04-28 17:28:15.200 [main] PropertyBinder - Building property password
[DEBUG] 2021-04-28 17:28:15.202 [main] Ejb3Column - Binding column: Ejb3JoinColumn{logicalColumnName='null', referencedColumn='null', mappedBy='user'}
[DEBUG] 2021-04-28 17:28:15.202 [main] Ejb3Column - Binding column: Ejb3Column{table=org.hibernate.mapping.Table(users), mappingColumn=roles, insertable=true, updatable=true, unique=false}
[DEBUG] 2021-04-28 17:28:15.205 [main] Ejb3Column - Binding column: Ejb3Column{table=org.hibernate.mapping.Table(users), mappingColumn=null, insertable=true, updatable=true, unique=false}
[DEBUG] 2021-04-28 17:28:15.215 [main] Ejb3Column - Binding column: Ejb3Column{table=org.hibernate.mapping.Table(users), mappingColumn=element, insertable=true, updatable=true, unique=false}
[DEBUG] 2021-04-28 17:28:15.216 [main] Ejb3Column - Binding column: Ejb3Column{table=org.hibernate.mapping.Table(users), mappingColumn=roles_KEY, insertable=true, updatable=true, unique=false}
[DEBUG] 2021-04-28 17:28:15.217 [main] Ejb3Column - Binding column: Ejb3JoinColumn{logicalColumnName='roles_KEY', referencedColumn='null', mappedBy='null'}
[DEBUG] 2021-04-28 17:28:15.218 [main] Ejb3Column - Binding column: Ejb3JoinColumn{logicalColumnName='null', referencedColumn='null', mappedBy='user'}
[DEBUG] 2021-04-28 17:28:15.218 [main] Ejb3Column - Binding column: Ejb3JoinColumn{logicalColumnName='null', referencedColumn='null', mappedBy='user'}
[DEBUG] 2021-04-28 17:28:15.219 [main] CollectionBinder - Collection role: com.hmkurth.entity.User.roles
[DEBUG] 2021-04-28 17:28:15.222 [main] PropertyBinder - Building property roles
[DEBUG] 2021-04-28 17:28:15.223 [main] Ejb3Column - Binding column: Ejb3Column{table=org.hibernate.mapping.Table(users), mappingColumn=user_name, insertable=true, updatable=true, unique=false}
[DEBUG] 2021-04-28 17:28:15.223 [main] PropertyBinder - MetadataSourceProcessor property userName with lazy=false
[DEBUG] 2021-04-28 17:28:15.223 [main] AbstractPropertyHolder - Attempting to locate auto-apply AttributeConverter for property [com.hmkurth.entity.User:userName]
[DEBUG] 2021-04-28 17:28:15.223 [main] SimpleValueBinder - building SimpleValue for userName
[DEBUG] 2021-04-28 17:28:15.223 [main] PropertyBinder - Building property userName
[DEBUG] 2021-04-28 17:28:15.225 [main] AnnotationBinder - Binding entity from annotated class: com.hmkurth.entity.UserRoles
[DEBUG] 2021-04-28 17:28:15.225 [main] Ejb3Column - Binding column: Ejb3DiscriminatorColumn{logicalColumnName'DTYPE', discriminatorTypeName='string'}
[DEBUG] 2021-04-28 17:28:15.225 [main] EntityBinder - Import with entity name UserRoles
[DEBUG] 2021-04-28 17:28:15.225 [main] EntityBinder - Bind entity com.hmkurth.entity.UserRoles on table user_roles
[DEBUG] 2021-04-28 17:28:15.229 [main] Ejb3Column - Binding column: Ejb3Column{table=org.hibernate.mapping.Table(user_roles), mappingColumn=id, insertable=true, updatable=true, unique=false}
[DEBUG] 2021-04-28 17:28:15.230 [main] PropertyBinder - MetadataSourceProcessor property id with lazy=false
[DEBUG] 2021-04-28 17:28:15.230 [main] AbstractPropertyHolder - Attempting to locate auto-apply AttributeConverter for property [com.hmkurth.entity.UserRoles:id]
[DEBUG] 2021-04-28 17:28:15.230 [main] SimpleValueBinder - building SimpleValue for id
[DEBUG] 2021-04-28 17:28:15.230 [main] PropertyBinder - Building property id
[DEBUG] 2021-04-28 17:28:15.230 [main] BinderHelper - #makeIdGenerator(org.hibernate.mapping.SimpleValue([org.hibernate.mapping.Column(id)]), id, org.hibernate.id.enhanced.SequenceStyleGenerator, native, ...)
[DEBUG] 2021-04-28 17:28:15.230 [main] Ejb3Column - Binding column: Ejb3Column{table=org.hibernate.mapping.Table(user_roles), mappingColumn=role_name, insertable=true, updatable=true, unique=false}
[DEBUG] 2021-04-28 17:28:15.230 [main] PropertyBinder - MetadataSourceProcessor property roleName with lazy=false
[DEBUG] 2021-04-28 17:28:15.230 [main] AbstractPropertyHolder - Attempting to locate auto-apply AttributeConverter for property [com.hmkurth.entity.UserRoles:roleName]
[DEBUG] 2021-04-28 17:28:15.230 [main] SimpleValueBinder - building SimpleValue for roleName
[DEBUG] 2021-04-28 17:28:15.230 [main] PropertyBinder - Building property roleName
[DEBUG] 2021-04-28 17:28:15.231 [main] Ejb3Column - Binding column: Ejb3JoinColumn{logicalColumnName='users_id', referencedColumn='', mappedBy=''}
[DEBUG] 2021-04-28 17:28:15.231 [main] Ejb3Column - Binding column: Ejb3Column{table=org.hibernate.mapping.Table(user_roles), mappingColumn=user, insertable=true, updatable=true, unique=false}
[DEBUG] 2021-04-28 17:28:15.233 [main] PropertyBinder - Building property user
[DEBUG] 2021-04-28 17:28:15.233 [main] Ejb3Column - Binding column: Ejb3Column{table=org.hibernate.mapping.Table(user_roles), mappingColumn=user_name, insertable=true, updatable=true, unique=false}
[DEBUG] 2021-04-28 17:28:15.233 [main] PropertyBinder - MetadataSourceProcessor property userName with lazy=false
[DEBUG] 2021-04-28 17:28:15.233 [main] AbstractPropertyHolder - Attempting to locate auto-apply AttributeConverter for property [com.hmkurth.entity.UserRoles:userName]
[DEBUG] 2021-04-28 17:28:15.234 [main] SimpleValueBinder - building SimpleValue for userName
[DEBUG] 2021-04-28 17:28:15.234 [main] PropertyBinder - Building property userName
[DEBUG] 2021-04-28 17:28:15.234 [main] AnnotationBinder - Binding entity from annotated class: com.hmkurth.entity.Contact
[DEBUG] 2021-04-28 17:28:15.234 [main] Ejb3Column - Binding column: Ejb3DiscriminatorColumn{logicalColumnName'DTYPE', discriminatorTypeName='string'}
[DEBUG] 2021-04-28 17:28:15.234 [main] EntityBinder - Import with entity name Contact
[DEBUG] 2021-04-28 17:28:15.234 [main] EntityBinder - Bind entity com.hmkurth.entity.Contact on table contact_details
[DEBUG] 2021-04-28 17:28:15.235 [main] Ejb3Column - Binding column: Ejb3Column{table=org.hibernate.mapping.Table(contact_details), mappingColumn=id, insertable=true, updatable=true, unique=false}
[DEBUG] 2021-04-28 17:28:15.235 [main] PropertyBinder - MetadataSourceProcessor property id with lazy=false
[DEBUG] 2021-04-28 17:28:15.235 [main] AbstractPropertyHolder - Attempting to locate auto-apply AttributeConverter for property [com.hmkurth.entity.Contact:id]
[DEBUG] 2021-04-28 17:28:15.235 [main] SimpleValueBinder - building SimpleValue for id
[DEBUG] 2021-04-28 17:28:15.235 [main] PropertyBinder - Building property id
[DEBUG] 2021-04-28 17:28:15.236 [main] BinderHelper - #makeIdGenerator(org.hibernate.mapping.SimpleValue([org.hibernate.mapping.Column(id)]), id, org.hibernate.id.enhanced.SequenceStyleGenerator, native, ...)
[DEBUG] 2021-04-28 17:28:15.236 [main] Ejb3Column - Binding column: Ejb3Column{table=org.hibernate.mapping.Table(contact_details), mappingColumn=email, insertable=true, updatable=true, unique=false}
[DEBUG] 2021-04-28 17:28:15.236 [main] PropertyBinder - MetadataSourceProcessor property email with lazy=false
[DEBUG] 2021-04-28 17:28:15.236 [main] AbstractPropertyHolder - Attempting to locate auto-apply AttributeConverter for property [com.hmkurth.entity.Contact:email]
[DEBUG] 2021-04-28 17:28:15.236 [main] SimpleValueBinder - building SimpleValue for email
[DEBUG] 2021-04-28 17:28:15.236 [main] PropertyBinder - Building property email
[DEBUG] 2021-04-28 17:28:15.236 [main] Ejb3Column - Binding column: Ejb3Column{table=org.hibernate.mapping.Table(contact_details), mappingColumn=first_name, insertable=true, updatable=true, unique=false}
[DEBUG] 2021-04-28 17:28:15.236 [main] PropertyBinder - MetadataSourceProcessor property firstName with lazy=false
[DEBUG] 2021-04-28 17:28:15.236 [main] AbstractPropertyHolder - Attempting to locate auto-apply AttributeConverter for property [com.hmkurth.entity.Contact:firstName]
[DEBUG] 2021-04-28 17:28:15.236 [main] SimpleValueBinder - building SimpleValue for firstName
[DEBUG] 2021-04-28 17:28:15.236 [main] PropertyBinder - Building property firstName
[DEBUG] 2021-04-28 17:28:15.237 [main] Ejb3Column - Binding column: Ejb3Column{table=org.hibernate.mapping.Table(contact_details), mappingColumn=last_name, insertable=true, updatable=true, unique=false}
[DEBUG] 2021-04-28 17:28:15.237 [main] PropertyBinder - MetadataSourceProcessor property lastName with lazy=false
[DEBUG] 2021-04-28 17:28:15.237 [main] AbstractPropertyHolder - Attempting to locate auto-apply AttributeConverter for property [com.hmkurth.entity.Contact:lastName]
[DEBUG] 2021-04-28 17:28:15.237 [main] SimpleValueBinder - building SimpleValue for lastName
[DEBUG] 2021-04-28 17:28:15.237 [main] PropertyBinder - Building property lastName
[DEBUG] 2021-04-28 17:28:15.237 [main] Ejb3Column - Binding column: Ejb3JoinColumn{logicalColumnName='owner_id', referencedColumn='', mappedBy=''}
[DEBUG] 2021-04-28 17:28:15.237 [main] Ejb3Column - Binding column: Ejb3Column{table=org.hibernate.mapping.Table(contact_details), mappingColumn=owner, insertable=true, updatable=true, unique=false}
[DEBUG] 2021-04-28 17:28:15.237 [main] PropertyBinder - Building property owner
[DEBUG] 2021-04-28 17:28:15.237 [main] Ejb3Column - Binding column: Ejb3Column{table=org.hibernate.mapping.Table(contact_details), mappingColumn=phone, insertable=true, updatable=true, unique=false}
[DEBUG] 2021-04-28 17:28:15.237 [main] PropertyBinder - MetadataSourceProcessor property phone with lazy=false
[DEBUG] 2021-04-28 17:28:15.237 [main] AbstractPropertyHolder - Attempting to locate auto-apply AttributeConverter for property [com.hmkurth.entity.Contact:phone]
[DEBUG] 2021-04-28 17:28:15.237 [main] SimpleValueBinder - building SimpleValue for phone
[DEBUG] 2021-04-28 17:28:15.238 [main] PropertyBinder - Building property phone
[DEBUG] 2021-04-28 17:28:15.238 [main] AnnotationBinder - Binding entity from annotated class: com.hmkurth.entity.FoodResource
[DEBUG] 2021-04-28 17:28:15.238 [main] Ejb3Column - Binding column: Ejb3DiscriminatorColumn{logicalColumnName'DTYPE', discriminatorTypeName='string'}
[DEBUG] 2021-04-28 17:28:15.238 [main] EntityBinder - Import with entity name FoodResource
[DEBUG] 2021-04-28 17:28:15.238 [main] EntityBinder - Bind entity com.hmkurth.entity.FoodResource on table food_resources
[DEBUG] 2021-04-28 17:28:15.241 [main] Ejb3Column - Binding column: Ejb3Column{table=org.hibernate.mapping.Table(food_resources), mappingColumn=id, insertable=true, updatable=true, unique=false}
[DEBUG] 2021-04-28 17:28:15.242 [main] PropertyBinder - MetadataSourceProcessor property id with lazy=false
[DEBUG] 2021-04-28 17:28:15.242 [main] AbstractPropertyHolder - Attempting to locate auto-apply AttributeConverter for property [com.hmkurth.entity.FoodResource:id]
[DEBUG] 2021-04-28 17:28:15.242 [main] SimpleValueBinder - building SimpleValue for id
[DEBUG] 2021-04-28 17:28:15.242 [main] PropertyBinder - Building property id
[DEBUG] 2021-04-28 17:28:15.242 [main] BinderHelper - #makeIdGenerator(org.hibernate.mapping.SimpleValue([org.hibernate.mapping.Column(id)]), id, org.hibernate.id.enhanced.SequenceStyleGenerator, native, ...)
[DEBUG] 2021-04-28 17:28:15.242 [main] Ejb3Column - Binding column: Ejb3Column{table=org.hibernate.mapping.Table(food_resources), mappingColumn=comments, insertable=true, updatable=true, unique=false}
[DEBUG] 2021-04-28 17:28:15.242 [main] PropertyBinder - MetadataSourceProcessor property comments with lazy=false
[DEBUG] 2021-04-28 17:28:15.242 [main] AbstractPropertyHolder - Attempting to locate auto-apply AttributeConverter for property [com.hmkurth.entity.FoodResource:comments]
[DEBUG] 2021-04-28 17:28:15.242 [main] SimpleValueBinder - building SimpleValue for comments
[DEBUG] 2021-04-28 17:28:15.242 [main] PropertyBinder - Building property comments
[DEBUG] 2021-04-28 17:28:15.243 [main] Ejb3Column - Binding column: Ejb3JoinColumn{logicalColumnName='contact_id', referencedColumn='', mappedBy=''}
[DEBUG] 2021-04-28 17:28:15.243 [main] Ejb3Column - Binding column: Ejb3Column{table=org.hibernate.mapping.Table(food_resources), mappingColumn=contactId, insertable=true, updatable=true, unique=false}
[DEBUG] 2021-04-28 17:28:15.243 [main] PropertyBinder - Building property contactId
[DEBUG] 2021-04-28 17:28:15.243 [main] Ejb3Column - Binding column: Ejb3Column{table=org.hibernate.mapping.Table(food_resources), mappingColumn=day_of_week_offered, insertable=true, updatable=true, unique=false}
[DEBUG] 2021-04-28 17:28:15.243 [main] PropertyBinder - MetadataSourceProcessor property daysOfWeek with lazy=false
[DEBUG] 2021-04-28 17:28:15.243 [main] AbstractPropertyHolder - Attempting to locate auto-apply AttributeConverter for property [com.hmkurth.entity.FoodResource:daysOfWeek]
[DEBUG] 2021-04-28 17:28:15.243 [main] SimpleValueBinder - building SimpleValue for daysOfWeek
[DEBUG] 2021-04-28 17:28:15.243 [main] PropertyBinder - Building property daysOfWeek
[DEBUG] 2021-04-28 17:28:15.243 [main] Ejb3Column - Binding column: Ejb3Column{table=org.hibernate.mapping.Table(food_resources), mappingColumn=delivery_desc, insertable=true, updatable=true, unique=false}
[DEBUG] 2021-04-28 17:28:15.243 [main] PropertyBinder - MetadataSourceProcessor property deliveryDescription with lazy=false
[DEBUG] 2021-04-28 17:28:15.243 [main] AbstractPropertyHolder - Attempting to locate auto-apply AttributeConverter for property [com.hmkurth.entity.FoodResource:deliveryDescription]
[DEBUG] 2021-04-28 17:28:15.244 [main] SimpleValueBinder - building SimpleValue for deliveryDescription
[DEBUG] 2021-04-28 17:28:15.244 [main] PropertyBinder - Building property deliveryDescription
[DEBUG] 2021-04-28 17:28:15.244 [main] Ejb3Column - Binding column: Ejb3Column{table=org.hibernate.mapping.Table(food_resources), mappingColumn=delivery_offered, insertable=true, updatable=true, unique=false}
[DEBUG] 2021-04-28 17:28:15.244 [main] PropertyBinder - MetadataSourceProcessor property deliveryOffered with lazy=false
[DEBUG] 2021-04-28 17:28:15.244 [main] AbstractPropertyHolder - Attempting to locate auto-apply AttributeConverter for property [com.hmkurth.entity.FoodResource:deliveryOffered]
[DEBUG] 2021-04-28 17:28:15.244 [main] SimpleValueBinder - building SimpleValue for deliveryOffered
[DEBUG] 2021-04-28 17:28:15.244 [main] PropertyBinder - Building property deliveryOffered
[DEBUG] 2021-04-28 17:28:15.244 [main] Ejb3Column - Binding column: Ejb3Column{table=org.hibernate.mapping.Table(food_resources), mappingColumn=description, insertable=true, updatable=true, unique=false}
[DEBUG] 2021-04-28 17:28:15.244 [main] PropertyBinder - MetadataSourceProcessor property description with lazy=false
[DEBUG] 2021-04-28 17:28:15.244 [main] AbstractPropertyHolder - Attempting to locate auto-apply AttributeConverter for property [com.hmkurth.entity.FoodResource:description]
[DEBUG] 2021-04-28 17:28:15.244 [main] SimpleValueBinder - building SimpleValue for description
[DEBUG] 2021-04-28 17:28:15.244 [main] PropertyBinder - Building property description
[DEBUG] 2021-04-28 17:28:15.244 [main] Ejb3Column - Binding column: Ejb3Column{table=org.hibernate.mapping.Table(food_resources), mappingColumn=dietary_considerations, insertable=true, updatable=true, unique=false}
[DEBUG] 2021-04-28 17:28:15.244 [main] PropertyBinder - MetadataSourceProcessor property dietaryConsiderations with lazy=false
[DEBUG] 2021-04-28 17:28:15.245 [main] AbstractPropertyHolder - Attempting to locate auto-apply AttributeConverter for property [com.hmkurth.entity.FoodResource:dietaryConsiderations]
[DEBUG] 2021-04-28 17:28:15.245 [main] SimpleValueBinder - building SimpleValue for dietaryConsiderations
[DEBUG] 2021-04-28 17:28:15.245 [main] PropertyBinder - Building property dietaryConsiderations
[DEBUG] 2021-04-28 17:28:15.245 [main] Ejb3Column - Binding column: Ejb3Column{table=org.hibernate.mapping.Table(food_resources), mappingColumn=documentation_needed, insertable=true, updatable=true, unique=false}
[DEBUG] 2021-04-28 17:28:15.245 [main] PropertyBinder - MetadataSourceProcessor property documentation with lazy=false
[DEBUG] 2021-04-28 17:28:15.245 [main] AbstractPropertyHolder - Attempting to locate auto-apply AttributeConverter for property [com.hmkurth.entity.FoodResource:documentation]
[DEBUG] 2021-04-28 17:28:15.245 [main] SimpleValueBinder - building SimpleValue for documentation
[DEBUG] 2021-04-28 17:28:15.245 [main] PropertyBinder - Building property documentation
[DEBUG] 2021-04-28 17:28:15.245 [main] Ejb3Column - Binding column: Ejb3JoinColumn{logicalColumnName='null', referencedColumn='null', mappedBy=''}
[DEBUG] 2021-04-28 17:28:15.245 [main] Ejb3Column - Binding column: Ejb3Column{table=org.hibernate.mapping.Table(food_resources), mappingColumn=location, insertable=true, updatable=true, unique=false}
[DEBUG] 2021-04-28 17:28:15.247 [main] Ejb3Column - Binding column: Ejb3Column{table=org.hibernate.mapping.Table(food_resources), mappingColumn=resource_name, insertable=true, updatable=true, unique=false}
[DEBUG] 2021-04-28 17:28:15.247 [main] PropertyBinder - MetadataSourceProcessor property name with lazy=false
[DEBUG] 2021-04-28 17:28:15.248 [main] AbstractPropertyHolder - Attempting to locate auto-apply AttributeConverter for property [com.hmkurth.entity.FoodResource:name]
[DEBUG] 2021-04-28 17:28:15.248 [main] SimpleValueBinder - building SimpleValue for name
[DEBUG] 2021-04-28 17:28:15.248 [main] PropertyBinder - Building property name
[DEBUG] 2021-04-28 17:28:15.248 [main] Ejb3Column - Binding column: Ejb3JoinColumn{logicalColumnName='null', referencedColumn='null', mappedBy=''}
[DEBUG] 2021-04-28 17:28:15.248 [main] Ejb3Column - Binding column: Ejb3Column{table=org.hibernate.mapping.Table(food_resources), mappingColumn=owner, insertable=true, updatable=true, unique=false}
[DEBUG] 2021-04-28 17:28:15.248 [main] Ejb3Column - Binding column: Ejb3Column{table=org.hibernate.mapping.Table(food_resources), mappingColumn=service_area, insertable=true, updatable=true, unique=false}
[DEBUG] 2021-04-28 17:28:15.249 [main] PropertyBinder - MetadataSourceProcessor property serviceArea with lazy=false
[DEBUG] 2021-04-28 17:28:15.249 [main] AbstractPropertyHolder - Attempting to locate auto-apply AttributeConverter for property [com.hmkurth.entity.FoodResource:serviceArea]
[DEBUG] 2021-04-28 17:28:15.249 [main] SimpleValueBinder - building SimpleValue for serviceArea
[DEBUG] 2021-04-28 17:28:15.249 [main] PropertyBinder - Building property serviceArea
[DEBUG] 2021-04-28 17:28:15.249 [main] Ejb3Column - Binding column: Ejb3JoinColumn{logicalColumnName='null', referencedColumn='null', mappedBy=''}
[DEBUG] 2021-04-28 17:28:15.249 [main] Ejb3Column - Binding column: Ejb3Column{table=org.hibernate.mapping.Table(food_resources), mappingColumn=type_id, insertable=true, updatable=true, unique=false}
[DEBUG] 2021-04-28 17:28:15.250 [main] Ejb3Column - Binding column: Ejb3Column{table=org.hibernate.mapping.Table(food_resources), mappingColumn=website, insertable=true, updatable=true, unique=false}
[DEBUG] 2021-04-28 17:28:15.250 [main] PropertyBinder - MetadataSourceProcessor property website with lazy=false
[DEBUG] 2021-04-28 17:28:15.250 [main] AbstractPropertyHolder - Attempting to locate auto-apply AttributeConverter for property [com.hmkurth.entity.FoodResource:website]
[DEBUG] 2021-04-28 17:28:15.250 [main] SimpleValueBinder - building SimpleValue for website
[DEBUG] 2021-04-28 17:28:15.250 [main] PropertyBinder - Building property website
[DEBUG] 2021-04-28 17:28:15.251 [main] AnnotationBinder - Binding entity from annotated class: com.hmkurth.entity.ResourceOwner
[DEBUG] 2021-04-28 17:28:15.251 [main] Ejb3Column - Binding column: Ejb3DiscriminatorColumn{logicalColumnName'DTYPE', discriminatorTypeName='string'}
[DEBUG] 2021-04-28 17:28:15.251 [main] EntityBinder - Import with entity name ResourceOwner
[DEBUG] 2021-04-28 17:28:15.251 [main] EntityBinder - Bind entity com.hmkurth.entity.ResourceOwner on table resource_owners
[DEBUG] 2021-04-28 17:28:15.253 [main] Ejb3Column - Binding column: Ejb3Column{table=org.hibernate.mapping.Table(resource_owners), mappingColumn=id, insertable=true, updatable=true, unique=false}
[DEBUG] 2021-04-28 17:28:15.253 [main] PropertyBinder - MetadataSourceProcessor property id with lazy=false
[DEBUG] 2021-04-28 17:28:15.253 [main] AbstractPropertyHolder - Attempting to locate auto-apply AttributeConverter for property [com.hmkurth.entity.ResourceOwner:id]
[DEBUG] 2021-04-28 17:28:15.253 [main] SimpleValueBinder - building SimpleValue for id
[DEBUG] 2021-04-28 17:28:15.253 [main] PropertyBinder - Building property id
[DEBUG] 2021-04-28 17:28:15.253 [main] BinderHelper - #makeIdGenerator(org.hibernate.mapping.SimpleValue([org.hibernate.mapping.Column(id)]), id, org.hibernate.id.enhanced.SequenceStyleGenerator, native, ...)
[DEBUG] 2021-04-28 17:28:15.254 [main] Ejb3Column - Binding column: Ejb3JoinColumn{logicalColumnName='null', referencedColumn='null', mappedBy='resource_owners'}
[DEBUG] 2021-04-28 17:28:15.254 [main] Ejb3Column - Binding column: Ejb3Column{table=org.hibernate.mapping.Table(resource_owners), mappingColumn=contacts, insertable=true, updatable=true, unique=false}
[DEBUG] 2021-04-28 17:28:15.254 [main] Ejb3Column - Binding column: Ejb3Column{table=org.hibernate.mapping.Table(resource_owners), mappingColumn=null, insertable=true, updatable=true, unique=false}
[DEBUG] 2021-04-28 17:28:15.254 [main] Ejb3Column - Binding column: Ejb3Column{table=org.hibernate.mapping.Table(resource_owners), mappingColumn=element, insertable=true, updatable=true, unique=false}
[DEBUG] 2021-04-28 17:28:15.254 [main] Ejb3Column - Binding column: Ejb3Column{table=org.hibernate.mapping.Table(resource_owners), mappingColumn=contacts_KEY, insertable=true, updatable=true, unique=false}
[DEBUG] 2021-04-28 17:28:15.254 [main] Ejb3Column - Binding column: Ejb3JoinColumn{logicalColumnName='contacts_KEY', referencedColumn='null', mappedBy='null'}
[DEBUG] 2021-04-28 17:28:15.255 [main] Ejb3Column - Binding column: Ejb3JoinColumn{logicalColumnName='null', referencedColumn='null', mappedBy='resource_owners'}
[DEBUG] 2021-04-28 17:28:15.255 [main] Ejb3Column - Binding column: Ejb3JoinColumn{logicalColumnName='null', referencedColumn='null', mappedBy='resource_owners'}
[DEBUG] 2021-04-28 17:28:15.255 [main] CollectionBinder - Collection role: com.hmkurth.entity.ResourceOwner.contacts
[DEBUG] 2021-04-28 17:28:15.255 [main] PropertyBinder - Building property contacts
[DEBUG] 2021-04-28 17:28:15.255 [main] Ejb3Column - Binding column: Ejb3Column{table=org.hibernate.mapping.Table(resource_owners), mappingColumn=org_name, insertable=true, updatable=true, unique=false}
[DEBUG] 2021-04-28 17:28:15.255 [main] PropertyBinder - MetadataSourceProcessor property name with lazy=false
[DEBUG] 2021-04-28 17:28:15.255 [main] AbstractPropertyHolder - Attempting to locate auto-apply AttributeConverter for property [com.hmkurth.entity.ResourceOwner:name]
[DEBUG] 2021-04-28 17:28:15.255 [main] SimpleValueBinder - building SimpleValue for name
[DEBUG] 2021-04-28 17:28:15.255 [main] PropertyBinder - Building property name
[DEBUG] 2021-04-28 17:28:15.256 [main] Ejb3Column - Binding column: Ejb3Column{table=org.hibernate.mapping.Table(resource_owners), mappingColumn=website, insertable=true, updatable=true, unique=false}
[DEBUG] 2021-04-28 17:28:15.256 [main] PropertyBinder - MetadataSourceProcessor property website with lazy=false
[DEBUG] 2021-04-28 17:28:15.256 [main] AbstractPropertyHolder - Attempting to locate auto-apply AttributeConverter for property [com.hmkurth.entity.ResourceOwner:website]
[DEBUG] 2021-04-28 17:28:15.256 [main] SimpleValueBinder - building SimpleValue for website
[DEBUG] 2021-04-28 17:28:15.256 [main] PropertyBinder - Building property website
[DEBUG] 2021-04-28 17:28:15.256 [main] AnnotationBinder - Binding entity from annotated class: com.hmkurth.entity.Location
[DEBUG] 2021-04-28 17:28:15.256 [main] Ejb3Column - Binding column: Ejb3DiscriminatorColumn{logicalColumnName'DTYPE', discriminatorTypeName='string'}
[DEBUG] 2021-04-28 17:28:15.256 [main] EntityBinder - Import with entity name Location
[DEBUG] 2021-04-28 17:28:15.256 [main] EntityBinder - Bind entity com.hmkurth.entity.Location on table location
[DEBUG] 2021-04-28 17:28:15.258 [main] Ejb3Column - Binding column: Ejb3Column{table=org.hibernate.mapping.Table(location), mappingColumn=id, insertable=true, updatable=true, unique=false}
[DEBUG] 2021-04-28 17:28:15.258 [main] PropertyBinder - MetadataSourceProcessor property id with lazy=false
[DEBUG] 2021-04-28 17:28:15.258 [main] AbstractPropertyHolder - Attempting to locate auto-apply AttributeConverter for property [com.hmkurth.entity.Location:id]
[DEBUG] 2021-04-28 17:28:15.258 [main] SimpleValueBinder - building SimpleValue for id
[DEBUG] 2021-04-28 17:28:15.258 [main] PropertyBinder - Building property id
[DEBUG] 2021-04-28 17:28:15.259 [main] BinderHelper - #makeIdGenerator(org.hibernate.mapping.SimpleValue([org.hibernate.mapping.Column(id)]), id, org.hibernate.id.enhanced.SequenceStyleGenerator, native, ...)
[DEBUG] 2021-04-28 17:28:15.259 [main] Ejb3Column - Binding column: Ejb3Column{table=org.hibernate.mapping.Table(location), mappingColumn=bus_info, insertable=true, updatable=true, unique=false}
[DEBUG] 2021-04-28 17:28:15.259 [main] PropertyBinder - MetadataSourceProcessor property busInfo with lazy=false
[DEBUG] 2021-04-28 17:28:15.259 [main] AbstractPropertyHolder - Attempting to locate auto-apply AttributeConverter for property [com.hmkurth.entity.Location:busInfo]
[DEBUG] 2021-04-28 17:28:15.259 [main] SimpleValueBinder - building SimpleValue for busInfo
[DEBUG] 2021-04-28 17:28:15.259 [main] PropertyBinder - Building property busInfo
[DEBUG] 2021-04-28 17:28:15.259 [main] Ejb3Column - Binding column: Ejb3Column{table=org.hibernate.mapping.Table(location), mappingColumn=city, insertable=true, updatable=true, unique=false}
[DEBUG] 2021-04-28 17:28:15.259 [main] PropertyBinder - MetadataSourceProcessor property city with lazy=false
[DEBUG] 2021-04-28 17:28:15.259 [main] AbstractPropertyHolder - Attempting to locate auto-apply AttributeConverter for property [com.hmkurth.entity.Location:city]
[DEBUG] 2021-04-28 17:28:15.259 [main] SimpleValueBinder - building SimpleValue for city
[DEBUG] 2021-04-28 17:28:15.260 [main] PropertyBinder - Building property city
[DEBUG] 2021-04-28 17:28:15.260 [main] Ejb3Column - Binding column: Ejb3Column{table=org.hibernate.mapping.Table(location), mappingColumn=comments, insertable=true, updatable=true, unique=false}
[DEBUG] 2021-04-28 17:28:15.260 [main] PropertyBinder - MetadataSourceProcessor property comments with lazy=false
[DEBUG] 2021-04-28 17:28:15.260 [main] AbstractPropertyHolder - Attempting to locate auto-apply AttributeConverter for property [com.hmkurth.entity.Location:comments]
[DEBUG] 2021-04-28 17:28:15.260 [main] SimpleValueBinder - building SimpleValue for comments
[DEBUG] 2021-04-28 17:28:15.260 [main] PropertyBinder - Building property comments
[DEBUG] 2021-04-28 17:28:15.260 [main] Ejb3Column - Binding column: Ejb3Column{table=org.hibernate.mapping.Table(location), mappingColumn=lat, insertable=true, updatable=true, unique=false}
[DEBUG] 2021-04-28 17:28:15.260 [main] PropertyBinder - MetadataSourceProcessor property lat with lazy=false
[DEBUG] 2021-04-28 17:28:15.260 [main] AbstractPropertyHolder - Attempting to locate auto-apply AttributeConverter for property [com.hmkurth.entity.Location:lat]
[DEBUG] 2021-04-28 17:28:15.260 [main] SimpleValueBinder - building SimpleValue for lat
[DEBUG] 2021-04-28 17:28:15.261 [main] PropertyBinder - Building property lat
[DEBUG] 2021-04-28 17:28:15.261 [main] Ejb3Column - Binding column: Ejb3Column{table=org.hibernate.mapping.Table(location), mappingColumn=lng, insertable=true, updatable=true, unique=false}
[DEBUG] 2021-04-28 17:28:15.261 [main] PropertyBinder - MetadataSourceProcessor property lng with lazy=false
[DEBUG] 2021-04-28 17:28:15.261 [main] AbstractPropertyHolder - Attempting to locate auto-apply AttributeConverter for property [com.hmkurth.entity.Location:lng]
[DEBUG] 2021-04-28 17:28:15.261 [main] SimpleValueBinder - building SimpleValue for lng
[DEBUG] 2021-04-28 17:28:15.261 [main] PropertyBinder - Building property lng
[DEBUG] 2021-04-28 17:28:15.261 [main] Ejb3Column - Binding column: Ejb3Column{table=org.hibernate.mapping.Table(location), mappingColumn=name_description, insertable=true, updatable=true, unique=false}
[DEBUG] 2021-04-28 17:28:15.261 [main] PropertyBinder - MetadataSourceProcessor property nameDesc with lazy=false
[DEBUG] 2021-04-28 17:28:15.261 [main] AbstractPropertyHolder - Attempting to locate auto-apply AttributeConverter for property [com.hmkurth.entity.Location:nameDesc]
[DEBUG] 2021-04-28 17:28:15.261 [main] SimpleValueBinder - building SimpleValue for nameDesc
[DEBUG] 2021-04-28 17:28:15.261 [main] PropertyBinder - Building property nameDesc
[DEBUG] 2021-04-28 17:28:15.261 [main] Ejb3Column - Binding column: Ejb3JoinColumn{logicalColumnName='null', referencedColumn='null', mappedBy=''}
[DEBUG] 2021-04-28 17:28:15.262 [main] Ejb3Column - Binding column: Ejb3Column{table=org.hibernate.mapping.Table(location), mappingColumn=resourceId, insertable=true, updatable=true, unique=false}
[DEBUG] 2021-04-28 17:28:15.262 [main] Ejb3Column - Binding column: Ejb3Column{table=org.hibernate.mapping.Table(location), mappingColumn=state, insertable=true, updatable=true, unique=false}
[DEBUG] 2021-04-28 17:28:15.262 [main] PropertyBinder - MetadataSourceProcessor property state with lazy=false
[DEBUG] 2021-04-28 17:28:15.262 [main] AbstractPropertyHolder - Attempting to locate auto-apply AttributeConverter for property [com.hmkurth.entity.Location:state]
[DEBUG] 2021-04-28 17:28:15.262 [main] SimpleValueBinder - building SimpleValue for state
[DEBUG] 2021-04-28 17:28:15.262 [main] PropertyBinder - Building property state
[DEBUG] 2021-04-28 17:28:15.262 [main] Ejb3Column - Binding column: Ejb3Column{table=org.hibernate.mapping.Table(location), mappingColumn=streetaddr_or_intersection, insertable=true, updatable=true, unique=false}
[DEBUG] 2021-04-28 17:28:15.262 [main] PropertyBinder - MetadataSourceProcessor property streetAddressOrIntersection with lazy=false
[DEBUG] 2021-04-28 17:28:15.262 [main] AbstractPropertyHolder - Attempting to locate auto-apply AttributeConverter for property [com.hmkurth.entity.Location:streetAddressOrIntersection]
[DEBUG] 2021-04-28 17:28:15.262 [main] SimpleValueBinder - building SimpleValue for streetAddressOrIntersection
[DEBUG] 2021-04-28 17:28:15.262 [main] PropertyBinder - Building property streetAddressOrIntersection
[DEBUG] 2021-04-28 17:28:15.262 [main] Ejb3Column - Binding column: Ejb3Column{table=org.hibernate.mapping.Table(location), mappingColumn=zip, insertable=true, updatable=true, unique=false}
[DEBUG] 2021-04-28 17:28:15.262 [main] PropertyBinder - MetadataSourceProcessor property zip with lazy=false
[DEBUG] 2021-04-28 17:28:15.262 [main] AbstractPropertyHolder - Attempting to locate auto-apply AttributeConverter for property [com.hmkurth.entity.Location:zip]
[DEBUG] 2021-04-28 17:28:15.263 [main] SimpleValueBinder - building SimpleValue for zip
[DEBUG] 2021-04-28 17:28:15.263 [main] PropertyBinder - Building property zip
[DEBUG] 2021-04-28 17:28:15.263 [main] AnnotationBinder - Binding entity from annotated class: com.hmkurth.entity.Type
[DEBUG] 2021-04-28 17:28:15.263 [main] Ejb3Column - Binding column: Ejb3DiscriminatorColumn{logicalColumnName'DTYPE', discriminatorTypeName='string'}
[DEBUG] 2021-04-28 17:28:15.263 [main] EntityBinder - Import with entity name Type
[DEBUG] 2021-04-28 17:28:15.263 [main] EntityBinder - Bind entity com.hmkurth.entity.Type on table resource_type
[DEBUG] 2021-04-28 17:28:15.264 [main] Ejb3Column - Binding column: Ejb3Column{table=org.hibernate.mapping.Table(resource_type), mappingColumn=id, insertable=true, updatable=true, unique=false}
[DEBUG] 2021-04-28 17:28:15.264 [main] PropertyBinder - MetadataSourceProcessor property id with lazy=false
[DEBUG] 2021-04-28 17:28:15.264 [main] AbstractPropertyHolder - Attempting to locate auto-apply AttributeConverter for property [com.hmkurth.entity.Type:id]
[DEBUG] 2021-04-28 17:28:15.264 [main] SimpleValueBinder - building SimpleValue for id
[DEBUG] 2021-04-28 17:28:15.264 [main] PropertyBinder - Building property id
[DEBUG] 2021-04-28 17:28:15.264 [main] BinderHelper - #makeIdGenerator(org.hibernate.mapping.SimpleValue([org.hibernate.mapping.Column(id)]), id, org.hibernate.id.enhanced.SequenceStyleGenerator, native, ...)
[DEBUG] 2021-04-28 17:28:15.264 [main] Ejb3Column - Binding column: Ejb3Column{table=org.hibernate.mapping.Table(resource_type), mappingColumn=type_name, insertable=true, updatable=true, unique=false}
[DEBUG] 2021-04-28 17:28:15.265 [main] PropertyBinder - MetadataSourceProcessor property name with lazy=false
[DEBUG] 2021-04-28 17:28:15.265 [main] AbstractPropertyHolder - Attempting to locate auto-apply AttributeConverter for property [com.hmkurth.entity.Type:name]
[DEBUG] 2021-04-28 17:28:15.265 [main] SimpleValueBinder - building SimpleValue for name
[DEBUG] 2021-04-28 17:28:15.265 [main] PropertyBinder - Building property name
[DEBUG] 2021-04-28 17:28:15.267 [main] SimpleValueBinder - Starting fillSimpleValue for id
[DEBUG] 2021-04-28 17:28:15.267 [main] SimpleValueBinder - Starting fillSimpleValue for email
[DEBUG] 2021-04-28 17:28:15.267 [main] SimpleValueBinder - Starting fillSimpleValue for firstName
[DEBUG] 2021-04-28 17:28:15.267 [main] SimpleValueBinder - Starting fillSimpleValue for lastName
[DEBUG] 2021-04-28 17:28:15.267 [main] SimpleValueBinder - Starting fillSimpleValue for password
[DEBUG] 2021-04-28 17:28:15.267 [main] SimpleValueBinder - Starting fillSimpleValue for userName
[DEBUG] 2021-04-28 17:28:15.267 [main] SimpleValueBinder - Starting fillSimpleValue for id
[DEBUG] 2021-04-28 17:28:15.268 [main] SimpleValueBinder - Starting fillSimpleValue for roleName
[DEBUG] 2021-04-28 17:28:15.268 [main] SimpleValueBinder - Starting fillSimpleValue for userName
[DEBUG] 2021-04-28 17:28:15.268 [main] SimpleValueBinder - Starting fillSimpleValue for id
[DEBUG] 2021-04-28 17:28:15.268 [main] SimpleValueBinder - Starting fillSimpleValue for email
[DEBUG] 2021-04-28 17:28:15.268 [main] SimpleValueBinder - Starting fillSimpleValue for firstName
[DEBUG] 2021-04-28 17:28:15.268 [main] SimpleValueBinder - Starting fillSimpleValue for lastName
[DEBUG] 2021-04-28 17:28:15.268 [main] SimpleValueBinder - Starting fillSimpleValue for phone
[DEBUG] 2021-04-28 17:28:15.268 [main] SimpleValueBinder - Starting fillSimpleValue for id
[DEBUG] 2021-04-28 17:28:15.268 [main] SimpleValueBinder - Starting fillSimpleValue for comments
[DEBUG] 2021-04-28 17:28:15.268 [main] SimpleValueBinder - Starting fillSimpleValue for daysOfWeek
[DEBUG] 2021-04-28 17:28:15.268 [main] SimpleValueBinder - Starting fillSimpleValue for deliveryDescription
[DEBUG] 2021-04-28 17:28:15.268 [main] SimpleValueBinder - Starting fillSimpleValue for deliveryOffered
[DEBUG] 2021-04-28 17:28:15.268 [main] SimpleValueBinder - Starting fillSimpleValue for description
[DEBUG] 2021-04-28 17:28:15.268 [main] SimpleValueBinder - Starting fillSimpleValue for dietaryConsiderations
[DEBUG] 2021-04-28 17:28:15.268 [main] SimpleValueBinder - Starting fillSimpleValue for documentation
[DEBUG] 2021-04-28 17:28:15.268 [main] SimpleValueBinder - Starting fillSimpleValue for name
[DEBUG] 2021-04-28 17:28:15.268 [main] SimpleValueBinder - Starting fillSimpleValue for serviceArea
[DEBUG] 2021-04-28 17:28:15.268 [main] SimpleValueBinder - Starting fillSimpleValue for website
[DEBUG] 2021-04-28 17:28:15.268 [main] SimpleValueBinder - Starting fillSimpleValue for id
[DEBUG] 2021-04-28 17:28:15.268 [main] SimpleValueBinder - Starting fillSimpleValue for name
[DEBUG] 2021-04-28 17:28:15.268 [main] SimpleValueBinder - Starting fillSimpleValue for website
[DEBUG] 2021-04-28 17:28:15.268 [main] SimpleValueBinder - Starting fillSimpleValue for id
[DEBUG] 2021-04-28 17:28:15.268 [main] SimpleValueBinder - Starting fillSimpleValue for busInfo
[DEBUG] 2021-04-28 17:28:15.268 [main] SimpleValueBinder - Starting fillSimpleValue for city
[DEBUG] 2021-04-28 17:28:15.268 [main] SimpleValueBinder - Starting fillSimpleValue for comments
[DEBUG] 2021-04-28 17:28:15.269 [main] SimpleValueBinder - Starting fillSimpleValue for lat
[DEBUG] 2021-04-28 17:28:15.269 [main] SimpleValueBinder - Starting fillSimpleValue for lng
[DEBUG] 2021-04-28 17:28:15.269 [main] SimpleValueBinder - Starting fillSimpleValue for nameDesc
[DEBUG] 2021-04-28 17:28:15.269 [main] SimpleValueBinder - Starting fillSimpleValue for state
[DEBUG] 2021-04-28 17:28:15.269 [main] SimpleValueBinder - Starting fillSimpleValue for streetAddressOrIntersection
[DEBUG] 2021-04-28 17:28:15.269 [main] SimpleValueBinder - Starting fillSimpleValue for zip
[DEBUG] 2021-04-28 17:28:15.269 [main] SimpleValueBinder - Starting fillSimpleValue for id
[DEBUG] 2021-04-28 17:28:15.269 [main] SimpleValueBinder - Starting fillSimpleValue for name
[DEBUG] 2021-04-28 17:28:15.273 [main] PrimaryKey - Forcing column [id] to be non-null as it is part of the primary key for table [users]
[DEBUG] 2021-04-28 17:28:15.273 [main] PrimaryKey - Forcing column [id] to be non-null as it is part of the primary key for table [user_roles]
[DEBUG] 2021-04-28 17:28:15.273 [main] PrimaryKey - Forcing column [id] to be non-null as it is part of the primary key for table [contact_details]
[DEBUG] 2021-04-28 17:28:15.273 [main] PrimaryKey - Forcing column [id] to be non-null as it is part of the primary key for table [food_resources]
[DEBUG] 2021-04-28 17:28:15.273 [main] PrimaryKey - Forcing column [id] to be non-null as it is part of the primary key for table [resource_owners]
[DEBUG] 2021-04-28 17:28:15.274 [main] PrimaryKey - Forcing column [id] to be non-null as it is part of the primary key for table [location]
[DEBUG] 2021-04-28 17:28:15.274 [main] PrimaryKey - Forcing column [id] to be non-null as it is part of the primary key for table [resource_type]
[DEBUG] 2021-04-28 17:28:15.275 [main] PropertyBinder - Building property resourceId
[DEBUG] 2021-04-28 17:28:15.275 [main] PropertyBinder - Building property type_id
[DEBUG] 2021-04-28 17:28:15.275 [main] PropertyBinder - Building property owner
[DEBUG] 2021-04-28 17:28:15.275 [main] PropertyBinder - Building property location
[DEBUG] 2021-04-28 17:28:15.275 [main] CollectionSecondPass - Second pass for collection: com.hmkurth.entity.User.roles
[DEBUG] 2021-04-28 17:28:15.276 [main] CollectionBinder - Binding a OneToMany: com.hmkurth.entity.User.roles through a foreign key
[DEBUG] 2021-04-28 17:28:15.277 [main] CollectionBinder - Mapping collection: com.hmkurth.entity.User.roles -> user_roles
[DEBUG] 2021-04-28 17:28:15.279 [main] TableBinder - Retrieving property com.hmkurth.entity.UserRoles.user
[DEBUG] 2021-04-28 17:28:15.279 [main] CollectionSecondPass - Mapped collection key: users_id, one-to-many: com.hmkurth.entity.UserRoles
[DEBUG] 2021-04-28 17:28:15.279 [main] CollectionSecondPass - Second pass for collection: com.hmkurth.entity.ResourceOwner.contacts
