[DEBUG] 2021-04-01 14:18:58.961 [main] IntegratorServiceImpl - Adding Integrator [org.hibernate.cfg.beanvalidation.BeanValidationIntegrator].
[DEBUG] 2021-04-01 14:18:58.961 [main] IntegratorServiceImpl - Adding Integrator [org.hibernate.secure.spi.JaccIntegrator].
[DEBUG] 2021-04-01 14:18:58.976 [main] IntegratorServiceImpl - Adding Integrator [org.hibernate.cache.internal.CollectionCacheInvalidator].
[INFO ] 2021-04-01 14:18:59.179 [main] Version - HHH000412: Hibernate Core {5.4.4.Final}
[DEBUG] 2021-04-01 14:18:59.179 [main] Environment - HHH000206: hibernate.properties not found
[DEBUG] 2021-04-01 14:18:59.617 [main] LocalXmlResourceResolver - Interpreting public/system identifier : [null] - [http://www.hibernate.org/dtd/hibernate-configuration-3.0.dtd]
[DEBUG] 2021-04-01 14:18:59.617 [main] LocalXmlResourceResolver - Recognized hibernate-configuration identifier; attempting to resolve on classpath under org/hibernate/
[DEBUG] 2021-04-01 14:18:59.633 [main] JaxbCfgProcessor - cfg.xml document did not define namespaces; wrapping in custom event reader to introduce namespace information
[DEBUG] 2021-04-01 14:19:00.133 [main] ServiceBinding - Overriding existing service binding [org.hibernate.secure.spi.JaccService]
[DEBUG] 2021-04-01 14:19:00.195 [main] RegionFactoryInitiator - Cannot default RegionFactory based on registered strategies as `[]` RegionFactory strategies were registered
[DEBUG] 2021-04-01 14:19:00.195 [main] RegionFactoryInitiator - Cache region factory : org.hibernate.cache.internal.NoCachingRegionFactory
[INFO ] 2021-04-01 14:19:00.242 [main] Version - HCANN000001: Hibernate Commons Annotations {5.1.0.Final}
[DEBUG] 2021-04-01 14:19:00.336 [main] BasicTypeRegistry - Adding type registration boolean -> org.hibernate.type.BooleanType@733aa9d8
[DEBUG] 2021-04-01 14:19:00.336 [main] BasicTypeRegistry - Adding type registration boolean -> org.hibernate.type.BooleanType@733aa9d8
[DEBUG] 2021-04-01 14:19:00.336 [main] BasicTypeRegistry - Adding type registration java.lang.Boolean -> org.hibernate.type.BooleanType@733aa9d8
[DEBUG] 2021-04-01 14:19:00.336 [main] BasicTypeRegistry - Adding type registration numeric_boolean -> org.hibernate.type.NumericBooleanType@56da7487
[DEBUG] 2021-04-01 14:19:00.336 [main] BasicTypeRegistry - Adding type registration true_false -> org.hibernate.type.TrueFalseType@4745e9c
[DEBUG] 2021-04-01 14:19:00.336 [main] BasicTypeRegistry - Adding type registration yes_no -> org.hibernate.type.YesNoType@296e281a
[DEBUG] 2021-04-01 14:19:00.351 [main] BasicTypeRegistry - Adding type registration byte -> org.hibernate.type.ByteType@588f63c
[DEBUG] 2021-04-01 14:19:00.351 [main] BasicTypeRegistry - Adding type registration byte -> org.hibernate.type.ByteType@588f63c
[DEBUG] 2021-04-01 14:19:00.351 [main] BasicTypeRegistry - Adding type registration java.lang.Byte -> org.hibernate.type.ByteType@588f63c
[DEBUG] 2021-04-01 14:19:00.351 [main] BasicTypeRegistry - Adding type registration character -> org.hibernate.type.CharacterType@dc4a691
[DEBUG] 2021-04-01 14:19:00.351 [main] BasicTypeRegistry - Adding type registration char -> org.hibernate.type.CharacterType@dc4a691
[DEBUG] 2021-04-01 14:19:00.351 [main] BasicTypeRegistry - Adding type registration java.lang.Character -> org.hibernate.type.CharacterType@dc4a691
[DEBUG] 2021-04-01 14:19:00.351 [main] BasicTypeRegistry - Adding type registration short -> org.hibernate.type.ShortType@ec8f4b9
[DEBUG] 2021-04-01 14:19:00.351 [main] BasicTypeRegistry - Adding type registration short -> org.hibernate.type.ShortType@ec8f4b9
[DEBUG] 2021-04-01 14:19:00.351 [main] BasicTypeRegistry - Adding type registration java.lang.Short -> org.hibernate.type.ShortType@ec8f4b9
[DEBUG] 2021-04-01 14:19:00.367 [main] BasicTypeRegistry - Adding type registration integer -> org.hibernate.type.IntegerType@4ce94d2f
[DEBUG] 2021-04-01 14:19:00.367 [main] BasicTypeRegistry - Adding type registration int -> org.hibernate.type.IntegerType@4ce94d2f
[DEBUG] 2021-04-01 14:19:00.367 [main] BasicTypeRegistry - Adding type registration java.lang.Integer -> org.hibernate.type.IntegerType@4ce94d2f
[DEBUG] 2021-04-01 14:19:00.367 [main] BasicTypeRegistry - Adding type registration long -> org.hibernate.type.LongType@53b7ce6
[DEBUG] 2021-04-01 14:19:00.367 [main] BasicTypeRegistry - Adding type registration long -> org.hibernate.type.LongType@53b7ce6
[DEBUG] 2021-04-01 14:19:00.367 [main] BasicTypeRegistry - Adding type registration java.lang.Long -> org.hibernate.type.LongType@53b7ce6
[DEBUG] 2021-04-01 14:19:00.367 [main] BasicTypeRegistry - Adding type registration float -> org.hibernate.type.FloatType@5e7c141d
[DEBUG] 2021-04-01 14:19:00.367 [main] BasicTypeRegistry - Adding type registration float -> org.hibernate.type.FloatType@5e7c141d
[DEBUG] 2021-04-01 14:19:00.367 [main] BasicTypeRegistry - Adding type registration java.lang.Float -> org.hibernate.type.FloatType@5e7c141d
[DEBUG] 2021-04-01 14:19:00.367 [main] BasicTypeRegistry - Adding type registration double -> org.hibernate.type.DoubleType@7640a5b1
[DEBUG] 2021-04-01 14:19:00.367 [main] BasicTypeRegistry - Adding type registration double -> org.hibernate.type.DoubleType@7640a5b1
[DEBUG] 2021-04-01 14:19:00.367 [main] BasicTypeRegistry - Adding type registration java.lang.Double -> org.hibernate.type.DoubleType@7640a5b1
[DEBUG] 2021-04-01 14:19:00.367 [main] BasicTypeRegistry - Adding type registration big_decimal -> org.hibernate.type.BigDecimalType@70972170
[DEBUG] 2021-04-01 14:19:00.367 [main] BasicTypeRegistry - Adding type registration java.math.BigDecimal -> org.hibernate.type.BigDecimalType@70972170
[DEBUG] 2021-04-01 14:19:00.367 [main] BasicTypeRegistry - Adding type registration big_integer -> org.hibernate.type.BigIntegerType@698fee9a
[DEBUG] 2021-04-01 14:19:00.367 [main] BasicTypeRegistry - Adding type registration java.math.BigInteger -> org.hibernate.type.BigIntegerType@698fee9a
[DEBUG] 2021-04-01 14:19:00.383 [main] BasicTypeRegistry - Adding type registration string -> org.hibernate.type.StringType@181b8c4b
[DEBUG] 2021-04-01 14:19:00.383 [main] BasicTypeRegistry - Adding type registration java.lang.String -> org.hibernate.type.StringType@181b8c4b
[DEBUG] 2021-04-01 14:19:00.383 [main] BasicTypeRegistry - Adding type registration nstring -> org.hibernate.type.StringNVarcharType@518bfd90
[DEBUG] 2021-04-01 14:19:00.383 [main] BasicTypeRegistry - Adding type registration ncharacter -> org.hibernate.type.CharacterNCharType@7fb29ca9
[DEBUG] 2021-04-01 14:19:00.383 [main] BasicTypeRegistry - Adding type registration url -> org.hibernate.type.UrlType@46349b95
[DEBUG] 2021-04-01 14:19:00.383 [main] BasicTypeRegistry - Adding type registration java.net.URL -> org.hibernate.type.UrlType@46349b95
[DEBUG] 2021-04-01 14:19:00.383 [main] BasicTypeRegistry - Adding type registration Duration -> org.hibernate.type.DurationType@242b6e1a
[DEBUG] 2021-04-01 14:19:00.383 [main] BasicTypeRegistry - Adding type registration java.time.Duration -> org.hibernate.type.DurationType@242b6e1a
[DEBUG] 2021-04-01 14:19:00.414 [main] BasicTypeRegistry - Adding type registration Instant -> org.hibernate.type.InstantType@5ea4300e
[DEBUG] 2021-04-01 14:19:00.414 [main] BasicTypeRegistry - Adding type registration java.time.Instant -> org.hibernate.type.InstantType@5ea4300e
[DEBUG] 2021-04-01 14:19:00.414 [main] BasicTypeRegistry - Adding type registration LocalDateTime -> org.hibernate.type.LocalDateTimeType@423b2b62
[DEBUG] 2021-04-01 14:19:00.414 [main] BasicTypeRegistry - Adding type registration java.time.LocalDateTime -> org.hibernate.type.LocalDateTimeType@423b2b62
[DEBUG] 2021-04-01 14:19:00.414 [main] BasicTypeRegistry - Adding type registration LocalDate -> org.hibernate.type.LocalDateType@48b4a043
[DEBUG] 2021-04-01 14:19:00.414 [main] BasicTypeRegistry - Adding type registration java.time.LocalDate -> org.hibernate.type.LocalDateType@48b4a043
[DEBUG] 2021-04-01 14:19:00.414 [main] BasicTypeRegistry - Adding type registration LocalTime -> org.hibernate.type.LocalTimeType@1b956cfa
[DEBUG] 2021-04-01 14:19:00.414 [main] BasicTypeRegistry - Adding type registration java.time.LocalTime -> org.hibernate.type.LocalTimeType@1b956cfa
[DEBUG] 2021-04-01 14:19:00.429 [main] BasicTypeRegistry - Adding type registration OffsetDateTime -> org.hibernate.type.OffsetDateTimeType@51d387d3
[DEBUG] 2021-04-01 14:19:00.429 [main] BasicTypeRegistry - Adding type registration java.time.OffsetDateTime -> org.hibernate.type.OffsetDateTimeType@51d387d3
[DEBUG] 2021-04-01 14:19:00.429 [main] BasicTypeRegistry - Adding type registration OffsetTime -> org.hibernate.type.OffsetTimeType@31ddb930
[DEBUG] 2021-04-01 14:19:00.429 [main] BasicTypeRegistry - Adding type registration java.time.OffsetTime -> org.hibernate.type.OffsetTimeType@31ddb930
[DEBUG] 2021-04-01 14:19:00.429 [main] BasicTypeRegistry - Adding type registration ZonedDateTime -> org.hibernate.type.ZonedDateTimeType@26586b74
[DEBUG] 2021-04-01 14:19:00.429 [main] BasicTypeRegistry - Adding type registration java.time.ZonedDateTime -> org.hibernate.type.ZonedDateTimeType@26586b74
[DEBUG] 2021-04-01 14:19:00.429 [main] BasicTypeRegistry - Adding type registration date -> org.hibernate.type.DateType@3a37a501
[DEBUG] 2021-04-01 14:19:00.429 [main] BasicTypeRegistry - Adding type registration java.sql.Date -> org.hibernate.type.DateType@3a37a501
[DEBUG] 2021-04-01 14:19:00.429 [main] BasicTypeRegistry - Adding type registration time -> org.hibernate.type.TimeType@64d4f7c7
[DEBUG] 2021-04-01 14:19:00.429 [main] BasicTypeRegistry - Adding type registration java.sql.Time -> org.hibernate.type.TimeType@64d4f7c7
[DEBUG] 2021-04-01 14:19:00.429 [main] BasicTypeRegistry - Adding type registration timestamp -> org.hibernate.type.TimestampType@2bfb6b49
[DEBUG] 2021-04-01 14:19:00.429 [main] BasicTypeRegistry - Adding type registration java.sql.Timestamp -> org.hibernate.type.TimestampType@2bfb6b49
[DEBUG] 2021-04-01 14:19:00.429 [main] BasicTypeRegistry - Adding type registration java.util.Date -> org.hibernate.type.TimestampType@2bfb6b49
[DEBUG] 2021-04-01 14:19:00.445 [main] BasicTypeRegistry - Adding type registration dbtimestamp -> org.hibernate.type.DbTimestampType@ae2db25
[DEBUG] 2021-04-01 14:19:00.445 [main] BasicTypeRegistry - Adding type registration calendar -> org.hibernate.type.CalendarType@6812fa3a
[DEBUG] 2021-04-01 14:19:00.445 [main] BasicTypeRegistry - Adding type registration java.util.Calendar -> org.hibernate.type.CalendarType@6812fa3a
[DEBUG] 2021-04-01 14:19:00.445 [main] BasicTypeRegistry - Adding type registration java.util.GregorianCalendar -> org.hibernate.type.CalendarType@6812fa3a
[DEBUG] 2021-04-01 14:19:00.445 [main] BasicTypeRegistry - Adding type registration calendar_date -> org.hibernate.type.CalendarDateType@1a22e0ef
[DEBUG] 2021-04-01 14:19:00.445 [main] BasicTypeRegistry - Adding type registration locale -> org.hibernate.type.LocaleType@623ebac7
[DEBUG] 2021-04-01 14:19:00.445 [main] BasicTypeRegistry - Adding type registration java.util.Locale -> org.hibernate.type.LocaleType@623ebac7
[DEBUG] 2021-04-01 14:19:00.445 [main] BasicTypeRegistry - Adding type registration currency -> org.hibernate.type.CurrencyType@4437ac07
[DEBUG] 2021-04-01 14:19:00.445 [main] BasicTypeRegistry - Adding type registration java.util.Currency -> org.hibernate.type.CurrencyType@4437ac07
[DEBUG] 2021-04-01 14:19:00.445 [main] BasicTypeRegistry - Adding type registration timezone -> org.hibernate.type.TimeZoneType@31c628e7
[DEBUG] 2021-04-01 14:19:00.445 [main] BasicTypeRegistry - Adding type registration java.util.TimeZone -> org.hibernate.type.TimeZoneType@31c628e7
[DEBUG] 2021-04-01 14:19:00.445 [main] BasicTypeRegistry - Adding type registration class -> org.hibernate.type.ClassType@8bd86c8
[DEBUG] 2021-04-01 14:19:00.445 [main] BasicTypeRegistry - Adding type registration java.lang.Class -> org.hibernate.type.ClassType@8bd86c8
[DEBUG] 2021-04-01 14:19:00.445 [main] BasicTypeRegistry - Adding type registration uuid-binary -> org.hibernate.type.UUIDBinaryType@74e6094b
[DEBUG] 2021-04-01 14:19:00.445 [main] BasicTypeRegistry - Adding type registration java.util.UUID -> org.hibernate.type.UUIDBinaryType@74e6094b
[DEBUG] 2021-04-01 14:19:00.445 [main] BasicTypeRegistry - Adding type registration uuid-char -> org.hibernate.type.UUIDCharType@26350ea2
[DEBUG] 2021-04-01 14:19:00.445 [main] BasicTypeRegistry - Adding type registration binary -> org.hibernate.type.BinaryType@5f69e2b
[DEBUG] 2021-04-01 14:19:00.445 [main] BasicTypeRegistry - Adding type registration byte[] -> org.hibernate.type.BinaryType@5f69e2b
[DEBUG] 2021-04-01 14:19:00.461 [main] BasicTypeRegistry - Adding type registration [B -> org.hibernate.type.BinaryType@5f69e2b
[DEBUG] 2021-04-01 14:19:00.461 [main] BasicTypeRegistry - Adding type registration wrapper-binary -> org.hibernate.type.WrapperBinaryType@b1534d3
[DEBUG] 2021-04-01 14:19:00.461 [main] BasicTypeRegistry - Adding type registration Byte[] -> org.hibernate.type.WrapperBinaryType@b1534d3
[DEBUG] 2021-04-01 14:19:00.461 [main] BasicTypeRegistry - Adding type registration [Ljava.lang.Byte; -> org.hibernate.type.WrapperBinaryType@b1534d3
[DEBUG] 2021-04-01 14:19:00.461 [main] BasicTypeRegistry - Adding type registration row_version -> org.hibernate.type.RowVersionType@7b122839
[DEBUG] 2021-04-01 14:19:00.461 [main] BasicTypeRegistry - Adding type registration image -> org.hibernate.type.ImageType@378f002a
[DEBUG] 2021-04-01 14:19:00.461 [main] BasicTypeRegistry - Adding type registration characters -> org.hibernate.type.CharArrayType@75181b50
[DEBUG] 2021-04-01 14:19:00.461 [main] BasicTypeRegistry - Adding type registration char[] -> org.hibernate.type.CharArrayType@75181b50
[DEBUG] 2021-04-01 14:19:00.461 [main] BasicTypeRegistry - Adding type registration [C -> org.hibernate.type.CharArrayType@75181b50
[DEBUG] 2021-04-01 14:19:00.461 [main] BasicTypeRegistry - Adding type registration wrapper-characters -> org.hibernate.type.CharacterArrayType@15c4af7a
[DEBUG] 2021-04-01 14:19:00.461 [main] BasicTypeRegistry - Adding type registration [Ljava.lang.Character; -> org.hibernate.type.CharacterArrayType@15c4af7a
[DEBUG] 2021-04-01 14:19:00.461 [main] BasicTypeRegistry - Adding type registration Character[] -> org.hibernate.type.CharacterArrayType@15c4af7a
[DEBUG] 2021-04-01 14:19:00.461 [main] BasicTypeRegistry - Adding type registration text -> org.hibernate.type.TextType@29a98d9f
[DEBUG] 2021-04-01 14:19:00.461 [main] BasicTypeRegistry - Adding type registration ntext -> org.hibernate.type.NTextType@1a96d94c
[DEBUG] 2021-04-01 14:19:00.461 [main] BasicTypeRegistry - Adding type registration blob -> org.hibernate.type.BlobType@298f0a0b
[DEBUG] 2021-04-01 14:19:00.461 [main] BasicTypeRegistry - Adding type registration java.sql.Blob -> org.hibernate.type.BlobType@298f0a0b
[DEBUG] 2021-04-01 14:19:00.461 [main] BasicTypeRegistry - Adding type registration materialized_blob -> org.hibernate.type.MaterializedBlobType@663bb8ef
[DEBUG] 2021-04-01 14:19:00.461 [main] BasicTypeRegistry - Adding type registration clob -> org.hibernate.type.ClobType@4acc5dff
[DEBUG] 2021-04-01 14:19:00.461 [main] BasicTypeRegistry - Adding type registration java.sql.Clob -> org.hibernate.type.ClobType@4acc5dff
[DEBUG] 2021-04-01 14:19:00.476 [main] BasicTypeRegistry - Adding type registration nclob -> org.hibernate.type.NClobType@f6de586
[DEBUG] 2021-04-01 14:19:00.476 [main] BasicTypeRegistry - Adding type registration java.sql.NClob -> org.hibernate.type.NClobType@f6de586
[DEBUG] 2021-04-01 14:19:00.476 [main] BasicTypeRegistry - Adding type registration materialized_clob -> org.hibernate.type.MaterializedClobType@23f86d8a
[DEBUG] 2021-04-01 14:19:00.476 [main] BasicTypeRegistry - Adding type registration materialized_nclob -> org.hibernate.type.MaterializedNClobType@11900483
[DEBUG] 2021-04-01 14:19:00.476 [main] BasicTypeRegistry - Adding type registration serializable -> org.hibernate.type.SerializableType@30ca0779
[DEBUG] 2021-04-01 14:19:00.476 [main] BasicTypeRegistry - Adding type registration object -> org.hibernate.type.ObjectType@6f70a21b
[DEBUG] 2021-04-01 14:19:00.476 [main] BasicTypeRegistry - Adding type registration java.lang.Object -> org.hibernate.type.ObjectType@6f70a21b
[DEBUG] 2021-04-01 14:19:00.476 [main] BasicTypeRegistry - Adding type registration imm_date -> org.hibernate.type.AdaptedImmutableType@5d497a91
[DEBUG] 2021-04-01 14:19:00.476 [main] BasicTypeRegistry - Adding type registration imm_time -> org.hibernate.type.AdaptedImmutableType@617389a
[DEBUG] 2021-04-01 14:19:00.476 [main] BasicTypeRegistry - Adding type registration imm_timestamp -> org.hibernate.type.AdaptedImmutableType@1c8f6a90
[DEBUG] 2021-04-01 14:19:00.476 [main] BasicTypeRegistry - Adding type registration imm_dbtimestamp -> org.hibernate.type.AdaptedImmutableType@3050ac2f
[DEBUG] 2021-04-01 14:19:00.476 [main] BasicTypeRegistry - Adding type registration imm_calendar -> org.hibernate.type.AdaptedImmutableType@265bd546
[DEBUG] 2021-04-01 14:19:00.476 [main] BasicTypeRegistry - Adding type registration imm_calendar_date -> org.hibernate.type.AdaptedImmutableType@1937eaff
[DEBUG] 2021-04-01 14:19:00.476 [main] BasicTypeRegistry - Adding type registration imm_binary -> org.hibernate.type.AdaptedImmutableType@7e0bc8a3
[DEBUG] 2021-04-01 14:19:00.476 [main] BasicTypeRegistry - Adding type registration imm_serializable -> org.hibernate.type.AdaptedImmutableType@4b0f2299
[DEBUG] 2021-04-01 14:19:00.523 [main] DefaultIdentifierGeneratorFactory - Registering IdentifierGenerator strategy [uuid2] -> [org.hibernate.id.UUIDGenerator]
[DEBUG] 2021-04-01 14:19:00.523 [main] DefaultIdentifierGeneratorFactory - Registering IdentifierGenerator strategy [guid] -> [org.hibernate.id.GUIDGenerator]
[DEBUG] 2021-04-01 14:19:00.523 [main] DefaultIdentifierGeneratorFactory - Registering IdentifierGenerator strategy [uuid] -> [org.hibernate.id.UUIDHexGenerator]
[DEBUG] 2021-04-01 14:19:00.523 [main] DefaultIdentifierGeneratorFactory - Registering IdentifierGenerator strategy [uuid.hex] -> [org.hibernate.id.UUIDHexGenerator]
[DEBUG] 2021-04-01 14:19:00.523 [main] DefaultIdentifierGeneratorFactory - Registering IdentifierGenerator strategy [assigned] -> [org.hibernate.id.Assigned]
[DEBUG] 2021-04-01 14:19:00.539 [main] DefaultIdentifierGeneratorFactory - Registering IdentifierGenerator strategy [identity] -> [org.hibernate.id.IdentityGenerator]
[DEBUG] 2021-04-01 14:19:00.539 [main] DefaultIdentifierGeneratorFactory - Registering IdentifierGenerator strategy [select] -> [org.hibernate.id.SelectGenerator]
[DEBUG] 2021-04-01 14:19:00.539 [main] DefaultIdentifierGeneratorFactory - Registering IdentifierGenerator strategy [sequence] -> [org.hibernate.id.enhanced.SequenceStyleGenerator]
[DEBUG] 2021-04-01 14:19:00.539 [main] DefaultIdentifierGeneratorFactory - Registering IdentifierGenerator strategy [seqhilo] -> [org.hibernate.id.SequenceHiLoGenerator]
[DEBUG] 2021-04-01 14:19:00.539 [main] DefaultIdentifierGeneratorFactory - Registering IdentifierGenerator strategy [increment] -> [org.hibernate.id.IncrementGenerator]
[DEBUG] 2021-04-01 14:19:00.539 [main] DefaultIdentifierGeneratorFactory - Registering IdentifierGenerator strategy [foreign] -> [org.hibernate.id.ForeignGenerator]
[DEBUG] 2021-04-01 14:19:00.539 [main] DefaultIdentifierGeneratorFactory - Registering IdentifierGenerator strategy [sequence-identity] -> [org.hibernate.id.SequenceIdentityGenerator]
[DEBUG] 2021-04-01 14:19:00.539 [main] DefaultIdentifierGeneratorFactory - Registering IdentifierGenerator strategy [enhanced-sequence] -> [org.hibernate.id.enhanced.SequenceStyleGenerator]
[DEBUG] 2021-04-01 14:19:00.539 [main] DefaultIdentifierGeneratorFactory - Registering IdentifierGenerator strategy [enhanced-table] -> [org.hibernate.id.enhanced.TableGenerator]
[INFO ] 2021-04-01 14:19:00.554 [main] C3P0ConnectionProvider - HHH010002: C3P0 using driver: com.mysql.cj.jdbc.Driver at URL: jdbc:mysql://localhost:3306/testschema
[INFO ] 2021-04-01 14:19:00.554 [main] C3P0ConnectionProvider - HHH10001001: Connection properties: {password=****, user=root}
[INFO ] 2021-04-01 14:19:00.554 [main] C3P0ConnectionProvider - HHH10001003: Autocommit mode: false
[INFO ] 2021-04-01 14:19:00.758 [main] C3P0ConnectionProvider - HHH10001007: JDBC isolation level: <unknown>
[DEBUG] 2021-04-01 14:19:02.226 [main] JdbcEnvironmentInitiator - Database ->
       name : MySQL
    version : 8.0.23
      major : 8
      minor : 0
[DEBUG] 2021-04-01 14:19:02.226 [main] JdbcEnvironmentInitiator - Driver ->
       name : MySQL Connector/J
    version : mysql-connector-java-8.0.23 (Revision: 18bbd5e68195d0da083cbd5bd0d05d76320df7cd)
      major : 8
      minor : 0
[DEBUG] 2021-04-01 14:19:02.226 [main] JdbcEnvironmentInitiator - JDBC version : 4.2
[INFO ] 2021-04-01 14:19:02.336 [main] Dialect - HHH000400: Using dialect: org.hibernate.dialect.MySQL8Dialect
[DEBUG] 2021-04-01 14:19:02.383 [main] IdentifierHelperBuilder - JDBC driver metadata reported database stores quoted identifiers in more than one case
[DEBUG] 2021-04-01 14:19:03.414 [main] IdentifierHelperBuilder - IdentifierCaseStrategy for both quoted and unquoted identifiers was set to the same strategy [LOWER]; that will likely lead to problems in schema update and validation if using quoted identifiers
[DEBUG] 2021-04-01 14:19:03.492 [main] Namespace - Created database namespace [logicalName=Name{catalog=null, schema=null}, physicalName=Name{catalog=null, schema=null}]
[DEBUG] 2021-04-01 14:19:03.492 [main] TypeConfiguration$Scope - Scoping TypeConfiguration [org.hibernate.type.spi.TypeConfiguration@5d94a2dc] to MetadataBuildingContext [org.hibernate.boot.internal.MetadataBuildingContextRootImpl@cedee22]
[DEBUG] 2021-04-01 14:19:03.633 [main] AnnotationBinder - Binding entity from annotated class: com.hmkurth.entity.User
[DEBUG] 2021-04-01 14:19:03.679 [main] Ejb3Column - Binding column: Ejb3DiscriminatorColumn{logicalColumnName'DTYPE', discriminatorTypeName='string'}
[DEBUG] 2021-04-01 14:19:03.679 [main] EntityBinder - Import with entity name User
[DEBUG] 2021-04-01 14:19:03.695 [main] EntityBinder - Bind entity com.hmkurth.entity.User on table users
[DEBUG] 2021-04-01 14:19:03.726 [main] Ejb3Column - Binding column: Ejb3Column{table=org.hibernate.mapping.Table(users), mappingColumn=id, insertable=true, updatable=true, unique=false}
[DEBUG] 2021-04-01 14:19:03.742 [main] PropertyBinder - MetadataSourceProcessor property id with lazy=false
[DEBUG] 2021-04-01 14:19:03.742 [main] AbstractPropertyHolder - Attempting to locate auto-apply AttributeConverter for property [com.hmkurth.entity.User:id]
[DEBUG] 2021-04-01 14:19:03.742 [main] SimpleValueBinder - building SimpleValue for id
[DEBUG] 2021-04-01 14:19:03.742 [main] PropertyBinder - Building property id
[DEBUG] 2021-04-01 14:19:03.758 [main] BinderHelper - #makeIdGenerator(org.hibernate.mapping.SimpleValue([org.hibernate.mapping.Column(id)]), id, org.hibernate.id.enhanced.SequenceStyleGenerator, native, ...)
[DEBUG] 2021-04-01 14:19:03.758 [main] Ejb3Column - Binding column: Ejb3Column{table=org.hibernate.mapping.Table(users), mappingColumn=email, insertable=true, updatable=true, unique=false}
[DEBUG] 2021-04-01 14:19:03.758 [main] PropertyBinder - MetadataSourceProcessor property email with lazy=false
[DEBUG] 2021-04-01 14:19:03.758 [main] AbstractPropertyHolder - Attempting to locate auto-apply AttributeConverter for property [com.hmkurth.entity.User:email]
[DEBUG] 2021-04-01 14:19:03.758 [main] SimpleValueBinder - building SimpleValue for email
[DEBUG] 2021-04-01 14:19:03.758 [main] PropertyBinder - Building property email
[DEBUG] 2021-04-01 14:19:03.758 [main] Ejb3Column - Binding column: Ejb3Column{table=org.hibernate.mapping.Table(users), mappingColumn=first_name, insertable=true, updatable=true, unique=false}
[DEBUG] 2021-04-01 14:19:03.758 [main] PropertyBinder - MetadataSourceProcessor property firstName with lazy=false
[DEBUG] 2021-04-01 14:19:03.758 [main] AbstractPropertyHolder - Attempting to locate auto-apply AttributeConverter for property [com.hmkurth.entity.User:firstName]
[DEBUG] 2021-04-01 14:19:03.758 [main] SimpleValueBinder - building SimpleValue for firstName
[DEBUG] 2021-04-01 14:19:03.758 [main] PropertyBinder - Building property firstName
[DEBUG] 2021-04-01 14:19:03.758 [main] Ejb3Column - Binding column: Ejb3Column{table=org.hibernate.mapping.Table(users), mappingColumn=last_name, insertable=true, updatable=true, unique=false}
[DEBUG] 2021-04-01 14:19:03.758 [main] PropertyBinder - MetadataSourceProcessor property lastName with lazy=false
[DEBUG] 2021-04-01 14:19:03.758 [main] AbstractPropertyHolder - Attempting to locate auto-apply AttributeConverter for property [com.hmkurth.entity.User:lastName]
[DEBUG] 2021-04-01 14:19:03.758 [main] SimpleValueBinder - building SimpleValue for lastName
[DEBUG] 2021-04-01 14:19:03.758 [main] PropertyBinder - Building property lastName
[DEBUG] 2021-04-01 14:19:03.758 [main] Ejb3Column - Binding column: Ejb3Column{table=org.hibernate.mapping.Table(users), mappingColumn=user_password, insertable=true, updatable=true, unique=false}
[DEBUG] 2021-04-01 14:19:03.758 [main] PropertyBinder - MetadataSourceProcessor property password with lazy=false
[DEBUG] 2021-04-01 14:19:03.758 [main] AbstractPropertyHolder - Attempting to locate auto-apply AttributeConverter for property [com.hmkurth.entity.User:password]
[DEBUG] 2021-04-01 14:19:03.758 [main] SimpleValueBinder - building SimpleValue for password
[DEBUG] 2021-04-01 14:19:03.758 [main] PropertyBinder - Building property password
[DEBUG] 2021-04-01 14:19:03.758 [main] Ejb3Column - Binding column: Ejb3JoinColumn{logicalColumnName='null', referencedColumn='null', mappedBy='user'}
[DEBUG] 2021-04-01 14:19:03.758 [main] Ejb3Column - Binding column: Ejb3Column{table=org.hibernate.mapping.Table(users), mappingColumn=roles, insertable=true, updatable=true, unique=false}
[DEBUG] 2021-04-01 14:19:03.758 [main] Ejb3Column - Binding column: Ejb3Column{table=org.hibernate.mapping.Table(users), mappingColumn=null, insertable=true, updatable=true, unique=false}
[DEBUG] 2021-04-01 14:19:03.773 [main] Ejb3Column - Binding column: Ejb3Column{table=org.hibernate.mapping.Table(users), mappingColumn=element, insertable=true, updatable=true, unique=false}
[DEBUG] 2021-04-01 14:19:03.789 [main] Ejb3Column - Binding column: Ejb3Column{table=org.hibernate.mapping.Table(users), mappingColumn=roles_KEY, insertable=true, updatable=true, unique=false}
[DEBUG] 2021-04-01 14:19:03.789 [main] Ejb3Column - Binding column: Ejb3JoinColumn{logicalColumnName='roles_KEY', referencedColumn='null', mappedBy='null'}
[DEBUG] 2021-04-01 14:19:03.789 [main] Ejb3Column - Binding column: Ejb3JoinColumn{logicalColumnName='null', referencedColumn='null', mappedBy='user'}
[DEBUG] 2021-04-01 14:19:03.789 [main] Ejb3Column - Binding column: Ejb3JoinColumn{logicalColumnName='null', referencedColumn='null', mappedBy='user'}
[DEBUG] 2021-04-01 14:19:03.789 [main] CollectionBinder - Collection role: com.hmkurth.entity.User.roles
[DEBUG] 2021-04-01 14:19:03.789 [main] PropertyBinder - Building property roles
[DEBUG] 2021-04-01 14:19:03.789 [main] Ejb3Column - Binding column: Ejb3Column{table=org.hibernate.mapping.Table(users), mappingColumn=user_name, insertable=true, updatable=true, unique=false}
[DEBUG] 2021-04-01 14:19:03.789 [main] PropertyBinder - MetadataSourceProcessor property userName with lazy=false
[DEBUG] 2021-04-01 14:19:03.789 [main] AbstractPropertyHolder - Attempting to locate auto-apply AttributeConverter for property [com.hmkurth.entity.User:userName]
[DEBUG] 2021-04-01 14:19:03.789 [main] SimpleValueBinder - building SimpleValue for userName
[DEBUG] 2021-04-01 14:19:03.789 [main] PropertyBinder - Building property userName
[DEBUG] 2021-04-01 14:19:03.789 [main] AnnotationBinder - Binding entity from annotated class: com.hmkurth.entity.UserRoles
[DEBUG] 2021-04-01 14:19:03.789 [main] Ejb3Column - Binding column: Ejb3DiscriminatorColumn{logicalColumnName'DTYPE', discriminatorTypeName='string'}
[DEBUG] 2021-04-01 14:19:03.789 [main] EntityBinder - Import with entity name UserRoles
[DEBUG] 2021-04-01 14:19:03.789 [main] EntityBinder - Bind entity com.hmkurth.entity.UserRoles on table user_roles
[DEBUG] 2021-04-01 14:19:03.804 [main] Ejb3Column - Binding column: Ejb3Column{table=org.hibernate.mapping.Table(user_roles), mappingColumn=id, insertable=true, updatable=true, unique=false}
[DEBUG] 2021-04-01 14:19:03.804 [main] PropertyBinder - MetadataSourceProcessor property id with lazy=false
[DEBUG] 2021-04-01 14:19:03.804 [main] AbstractPropertyHolder - Attempting to locate auto-apply AttributeConverter for property [com.hmkurth.entity.UserRoles:id]
[DEBUG] 2021-04-01 14:19:03.804 [main] SimpleValueBinder - building SimpleValue for id
[DEBUG] 2021-04-01 14:19:03.804 [main] PropertyBinder - Building property id
[DEBUG] 2021-04-01 14:19:03.804 [main] BinderHelper - #makeIdGenerator(org.hibernate.mapping.SimpleValue([org.hibernate.mapping.Column(id)]), id, org.hibernate.id.enhanced.SequenceStyleGenerator, native, ...)
[DEBUG] 2021-04-01 14:19:03.804 [main] Ejb3Column - Binding column: Ejb3Column{table=org.hibernate.mapping.Table(user_roles), mappingColumn=role_name, insertable=true, updatable=true, unique=false}
[DEBUG] 2021-04-01 14:19:03.804 [main] PropertyBinder - MetadataSourceProcessor property roleName with lazy=false
[DEBUG] 2021-04-01 14:19:03.804 [main] AbstractPropertyHolder - Attempting to locate auto-apply AttributeConverter for property [com.hmkurth.entity.UserRoles:roleName]
[DEBUG] 2021-04-01 14:19:03.804 [main] SimpleValueBinder - building SimpleValue for roleName
[DEBUG] 2021-04-01 14:19:03.804 [main] PropertyBinder - Building property roleName
[DEBUG] 2021-04-01 14:19:03.804 [main] Ejb3Column - Binding column: Ejb3JoinColumn{logicalColumnName='users_id', referencedColumn='', mappedBy=''}
[DEBUG] 2021-04-01 14:19:03.804 [main] Ejb3Column - Binding column: Ejb3Column{table=org.hibernate.mapping.Table(user_roles), mappingColumn=user, insertable=true, updatable=true, unique=false}
[DEBUG] 2021-04-01 14:19:03.804 [main] PropertyBinder - Building property user
[DEBUG] 2021-04-01 14:19:03.820 [main] Ejb3Column - Binding column: Ejb3Column{table=org.hibernate.mapping.Table(user_roles), mappingColumn=user_name, insertable=true, updatable=true, unique=false}
[DEBUG] 2021-04-01 14:19:03.820 [main] PropertyBinder - MetadataSourceProcessor property userName with lazy=false
[DEBUG] 2021-04-01 14:19:03.820 [main] AbstractPropertyHolder - Attempting to locate auto-apply AttributeConverter for property [com.hmkurth.entity.UserRoles:userName]
[DEBUG] 2021-04-01 14:19:03.820 [main] SimpleValueBinder - building SimpleValue for userName
[DEBUG] 2021-04-01 14:19:03.820 [main] PropertyBinder - Building property userName
[DEBUG] 2021-04-01 14:19:03.820 [main] AnnotationBinder - Binding entity from annotated class: com.hmkurth.entity.Contact
[DEBUG] 2021-04-01 14:19:03.820 [main] Ejb3Column - Binding column: Ejb3DiscriminatorColumn{logicalColumnName'DTYPE', discriminatorTypeName='string'}
[DEBUG] 2021-04-01 14:19:03.820 [main] EntityBinder - Import with entity name Contact
[DEBUG] 2021-04-01 14:19:03.820 [main] EntityBinder - Bind entity com.hmkurth.entity.Contact on table contact_details
[DEBUG] 2021-04-01 14:19:03.820 [main] Ejb3Column - Binding column: Ejb3Column{table=org.hibernate.mapping.Table(contact_details), mappingColumn=id, insertable=true, updatable=true, unique=false}
[DEBUG] 2021-04-01 14:19:03.820 [main] PropertyBinder - MetadataSourceProcessor property id with lazy=false
[DEBUG] 2021-04-01 14:19:03.820 [main] AbstractPropertyHolder - Attempting to locate auto-apply AttributeConverter for property [com.hmkurth.entity.Contact:id]
[DEBUG] 2021-04-01 14:19:03.820 [main] SimpleValueBinder - building SimpleValue for id
[DEBUG] 2021-04-01 14:19:03.820 [main] PropertyBinder - Building property id
[DEBUG] 2021-04-01 14:19:03.820 [main] BinderHelper - #makeIdGenerator(org.hibernate.mapping.SimpleValue([org.hibernate.mapping.Column(id)]), id, org.hibernate.id.enhanced.SequenceStyleGenerator, native, ...)
[DEBUG] 2021-04-01 14:19:03.820 [main] Ejb3Column - Binding column: Ejb3Column{table=org.hibernate.mapping.Table(contact_details), mappingColumn=email, insertable=true, updatable=true, unique=false}
[DEBUG] 2021-04-01 14:19:03.820 [main] PropertyBinder - MetadataSourceProcessor property email with lazy=false
[DEBUG] 2021-04-01 14:19:03.820 [main] AbstractPropertyHolder - Attempting to locate auto-apply AttributeConverter for property [com.hmkurth.entity.Contact:email]
[DEBUG] 2021-04-01 14:19:03.820 [main] SimpleValueBinder - building SimpleValue for email
[DEBUG] 2021-04-01 14:19:03.820 [main] PropertyBinder - Building property email
[DEBUG] 2021-04-01 14:19:03.820 [main] Ejb3Column - Binding column: Ejb3Column{table=org.hibernate.mapping.Table(contact_details), mappingColumn=first_name, insertable=true, updatable=true, unique=false}
[DEBUG] 2021-04-01 14:19:03.820 [main] PropertyBinder - MetadataSourceProcessor property firstName with lazy=false
[DEBUG] 2021-04-01 14:19:03.820 [main] AbstractPropertyHolder - Attempting to locate auto-apply AttributeConverter for property [com.hmkurth.entity.Contact:firstName]
[DEBUG] 2021-04-01 14:19:03.820 [main] SimpleValueBinder - building SimpleValue for firstName
[DEBUG] 2021-04-01 14:19:03.820 [main] PropertyBinder - Building property firstName
[DEBUG] 2021-04-01 14:19:03.820 [main] Ejb3Column - Binding column: Ejb3Column{table=org.hibernate.mapping.Table(contact_details), mappingColumn=last_name, insertable=true, updatable=true, unique=false}
[DEBUG] 2021-04-01 14:19:03.820 [main] PropertyBinder - MetadataSourceProcessor property lastName with lazy=false
[DEBUG] 2021-04-01 14:19:03.820 [main] AbstractPropertyHolder - Attempting to locate auto-apply AttributeConverter for property [com.hmkurth.entity.Contact:lastName]
[DEBUG] 2021-04-01 14:19:03.820 [main] SimpleValueBinder - building SimpleValue for lastName
[DEBUG] 2021-04-01 14:19:03.820 [main] PropertyBinder - Building property lastName
[DEBUG] 2021-04-01 14:19:03.820 [main] Ejb3Column - Binding column: Ejb3Column{table=org.hibernate.mapping.Table(contact_details), mappingColumn=phone, insertable=true, updatable=true, unique=false}
[DEBUG] 2021-04-01 14:19:03.820 [main] PropertyBinder - MetadataSourceProcessor property phone with lazy=false
[DEBUG] 2021-04-01 14:19:03.820 [main] AbstractPropertyHolder - Attempting to locate auto-apply AttributeConverter for property [com.hmkurth.entity.Contact:phone]
[DEBUG] 2021-04-01 14:19:03.820 [main] SimpleValueBinder - building SimpleValue for phone
[DEBUG] 2021-04-01 14:19:03.820 [main] PropertyBinder - Building property phone
[DEBUG] 2021-04-01 14:19:03.820 [main] AnnotationBinder - Binding entity from annotated class: com.hmkurth.entity.FoodResource
[DEBUG] 2021-04-01 14:19:03.820 [main] Ejb3Column - Binding column: Ejb3DiscriminatorColumn{logicalColumnName'DTYPE', discriminatorTypeName='string'}
[DEBUG] 2021-04-01 14:19:03.820 [main] EntityBinder - Import with entity name FoodResource
[DEBUG] 2021-04-01 14:19:03.820 [main] EntityBinder - Bind entity com.hmkurth.entity.FoodResource on table food_resources
[DEBUG] 2021-04-01 14:19:03.836 [main] Ejb3Column - Binding column: Ejb3Column{table=org.hibernate.mapping.Table(food_resources), mappingColumn=id, insertable=true, updatable=true, unique=false}
[DEBUG] 2021-04-01 14:19:03.836 [main] PropertyBinder - MetadataSourceProcessor property id with lazy=false
[DEBUG] 2021-04-01 14:19:03.836 [main] AbstractPropertyHolder - Attempting to locate auto-apply AttributeConverter for property [com.hmkurth.entity.FoodResource:id]
[DEBUG] 2021-04-01 14:19:03.836 [main] SimpleValueBinder - building SimpleValue for id
[DEBUG] 2021-04-01 14:19:03.836 [main] PropertyBinder - Building property id
[DEBUG] 2021-04-01 14:19:03.836 [main] BinderHelper - #makeIdGenerator(org.hibernate.mapping.SimpleValue([org.hibernate.mapping.Column(id)]), id, org.hibernate.id.enhanced.SequenceStyleGenerator, native, ...)
[DEBUG] 2021-04-01 14:19:03.836 [main] Ejb3Column - Binding column: Ejb3Column{table=org.hibernate.mapping.Table(food_resources), mappingColumn=comments, insertable=true, updatable=true, unique=false}
[DEBUG] 2021-04-01 14:19:03.836 [main] PropertyBinder - MetadataSourceProcessor property comments with lazy=false
[DEBUG] 2021-04-01 14:19:03.836 [main] AbstractPropertyHolder - Attempting to locate auto-apply AttributeConverter for property [com.hmkurth.entity.FoodResource:comments]
[DEBUG] 2021-04-01 14:19:03.836 [main] SimpleValueBinder - building SimpleValue for comments
[DEBUG] 2021-04-01 14:19:03.836 [main] PropertyBinder - Building property comments
[DEBUG] 2021-04-01 14:19:03.836 [main] Ejb3Column - Binding column: Ejb3JoinColumn{logicalColumnName='null', referencedColumn='null', mappedBy=''}
[DEBUG] 2021-04-01 14:19:03.836 [main] Ejb3Column - Binding column: Ejb3Column{table=org.hibernate.mapping.Table(food_resources), mappingColumn=contactId, insertable=true, updatable=true, unique=false}
[DEBUG] 2021-04-01 14:19:03.836 [main] Ejb3Column - Binding column: Ejb3Column{table=org.hibernate.mapping.Table(food_resources), mappingColumn=day_of_week_offered, insertable=true, updatable=true, unique=false}
[DEBUG] 2021-04-01 14:19:03.836 [main] PropertyBinder - MetadataSourceProcessor property daysOfWeek with lazy=false
[DEBUG] 2021-04-01 14:19:03.836 [main] AbstractPropertyHolder - Attempting to locate auto-apply AttributeConverter for property [com.hmkurth.entity.FoodResource:daysOfWeek]
[DEBUG] 2021-04-01 14:19:03.836 [main] SimpleValueBinder - building SimpleValue for daysOfWeek
[DEBUG] 2021-04-01 14:19:03.836 [main] PropertyBinder - Building property daysOfWeek
[DEBUG] 2021-04-01 14:19:03.836 [main] Ejb3Column - Binding column: Ejb3Column{table=org.hibernate.mapping.Table(food_resources), mappingColumn=delivery_desc, insertable=true, updatable=true, unique=false}
[DEBUG] 2021-04-01 14:19:03.836 [main] PropertyBinder - MetadataSourceProcessor property deliveryDescription with lazy=false
[DEBUG] 2021-04-01 14:19:03.836 [main] AbstractPropertyHolder - Attempting to locate auto-apply AttributeConverter for property [com.hmkurth.entity.FoodResource:deliveryDescription]
[DEBUG] 2021-04-01 14:19:03.836 [main] SimpleValueBinder - building SimpleValue for deliveryDescription
[DEBUG] 2021-04-01 14:19:03.836 [main] PropertyBinder - Building property deliveryDescription
[DEBUG] 2021-04-01 14:19:03.836 [main] Ejb3Column - Binding column: Ejb3Column{table=org.hibernate.mapping.Table(food_resources), mappingColumn=delivery_offered, insertable=true, updatable=true, unique=false}
[DEBUG] 2021-04-01 14:19:03.836 [main] PropertyBinder - MetadataSourceProcessor property deliveryOffered with lazy=false
[DEBUG] 2021-04-01 14:19:03.836 [main] AbstractPropertyHolder - Attempting to locate auto-apply AttributeConverter for property [com.hmkurth.entity.FoodResource:deliveryOffered]
[DEBUG] 2021-04-01 14:19:03.836 [main] SimpleValueBinder - building SimpleValue for deliveryOffered
[DEBUG] 2021-04-01 14:19:03.836 [main] PropertyBinder - Building property deliveryOffered
[DEBUG] 2021-04-01 14:19:03.836 [main] Ejb3Column - Binding column: Ejb3Column{table=org.hibernate.mapping.Table(food_resources), mappingColumn=description, insertable=true, updatable=true, unique=false}
[DEBUG] 2021-04-01 14:19:03.836 [main] PropertyBinder - MetadataSourceProcessor property description with lazy=false
[DEBUG] 2021-04-01 14:19:03.836 [main] AbstractPropertyHolder - Attempting to locate auto-apply AttributeConverter for property [com.hmkurth.entity.FoodResource:description]
[DEBUG] 2021-04-01 14:19:03.836 [main] SimpleValueBinder - building SimpleValue for description
[DEBUG] 2021-04-01 14:19:03.836 [main] PropertyBinder - Building property description
[DEBUG] 2021-04-01 14:19:03.836 [main] Ejb3Column - Binding column: Ejb3Column{table=org.hibernate.mapping.Table(food_resources), mappingColumn=dietary_considerations, insertable=true, updatable=true, unique=false}
[DEBUG] 2021-04-01 14:19:03.836 [main] PropertyBinder - MetadataSourceProcessor property dietaryConsiderations with lazy=false
[DEBUG] 2021-04-01 14:19:03.836 [main] AbstractPropertyHolder - Attempting to locate auto-apply AttributeConverter for property [com.hmkurth.entity.FoodResource:dietaryConsiderations]
[DEBUG] 2021-04-01 14:19:03.836 [main] SimpleValueBinder - building SimpleValue for dietaryConsiderations
[DEBUG] 2021-04-01 14:19:03.836 [main] PropertyBinder - Building property dietaryConsiderations
[DEBUG] 2021-04-01 14:19:03.836 [main] Ejb3Column - Binding column: Ejb3Column{table=org.hibernate.mapping.Table(food_resources), mappingColumn=documentation_needed, insertable=true, updatable=true, unique=false}
[DEBUG] 2021-04-01 14:19:03.836 [main] PropertyBinder - MetadataSourceProcessor property documentation with lazy=false
[DEBUG] 2021-04-01 14:19:03.836 [main] AbstractPropertyHolder - Attempting to locate auto-apply AttributeConverter for property [com.hmkurth.entity.FoodResource:documentation]
[DEBUG] 2021-04-01 14:19:03.836 [main] SimpleValueBinder - building SimpleValue for documentation
[DEBUG] 2021-04-01 14:19:03.836 [main] PropertyBinder - Building property documentation
[DEBUG] 2021-04-01 14:19:03.836 [main] Ejb3Column - Binding column: Ejb3JoinColumn{logicalColumnName='null', referencedColumn='null', mappedBy=''}
[DEBUG] 2021-04-01 14:19:03.836 [main] Ejb3Column - Binding column: Ejb3Column{table=org.hibernate.mapping.Table(food_resources), mappingColumn=location, insertable=true, updatable=true, unique=false}
[DEBUG] 2021-04-01 14:19:03.836 [main] Ejb3Column - Binding column: Ejb3Column{table=org.hibernate.mapping.Table(food_resources), mappingColumn=resource_name, insertable=true, updatable=true, unique=false}
[DEBUG] 2021-04-01 14:19:03.836 [main] PropertyBinder - MetadataSourceProcessor property name with lazy=false
[DEBUG] 2021-04-01 14:19:03.836 [main] AbstractPropertyHolder - Attempting to locate auto-apply AttributeConverter for property [com.hmkurth.entity.FoodResource:name]
[DEBUG] 2021-04-01 14:19:03.836 [main] SimpleValueBinder - building SimpleValue for name
[DEBUG] 2021-04-01 14:19:03.836 [main] PropertyBinder - Building property name
[DEBUG] 2021-04-01 14:19:03.836 [main] Ejb3Column - Binding column: Ejb3JoinColumn{logicalColumnName='null', referencedColumn='null', mappedBy=''}
[DEBUG] 2021-04-01 14:19:03.836 [main] Ejb3Column - Binding column: Ejb3Column{table=org.hibernate.mapping.Table(food_resources), mappingColumn=owner, insertable=true, updatable=true, unique=false}
[DEBUG] 2021-04-01 14:19:03.836 [main] Ejb3Column - Binding column: Ejb3Column{table=org.hibernate.mapping.Table(food_resources), mappingColumn=service_area, insertable=true, updatable=true, unique=false}
[DEBUG] 2021-04-01 14:19:03.836 [main] PropertyBinder - MetadataSourceProcessor property serviceArea with lazy=false
[DEBUG] 2021-04-01 14:19:03.836 [main] AbstractPropertyHolder - Attempting to locate auto-apply AttributeConverter for property [com.hmkurth.entity.FoodResource:serviceArea]
[DEBUG] 2021-04-01 14:19:03.836 [main] SimpleValueBinder - building SimpleValue for serviceArea
[DEBUG] 2021-04-01 14:19:03.836 [main] PropertyBinder - Building property serviceArea
[DEBUG] 2021-04-01 14:19:03.836 [main] Ejb3Column - Binding column: Ejb3JoinColumn{logicalColumnName='null', referencedColumn='null', mappedBy=''}
[DEBUG] 2021-04-01 14:19:03.836 [main] Ejb3Column - Binding column: Ejb3Column{table=org.hibernate.mapping.Table(food_resources), mappingColumn=type_id, insertable=true, updatable=true, unique=false}
[DEBUG] 2021-04-01 14:19:03.836 [main] Ejb3Column - Binding column: Ejb3Column{table=org.hibernate.mapping.Table(food_resources), mappingColumn=website, insertable=true, updatable=true, unique=false}
[DEBUG] 2021-04-01 14:19:03.836 [main] PropertyBinder - MetadataSourceProcessor property website with lazy=false
[DEBUG] 2021-04-01 14:19:03.836 [main] AbstractPropertyHolder - Attempting to locate auto-apply AttributeConverter for property [com.hmkurth.entity.FoodResource:website]
[DEBUG] 2021-04-01 14:19:03.836 [main] SimpleValueBinder - building SimpleValue for website
[DEBUG] 2021-04-01 14:19:03.836 [main] PropertyBinder - Building property website
[DEBUG] 2021-04-01 14:19:03.836 [main] AnnotationBinder - Binding entity from annotated class: com.hmkurth.entity.ResourceOwner
[DEBUG] 2021-04-01 14:19:03.836 [main] Ejb3Column - Binding column: Ejb3DiscriminatorColumn{logicalColumnName'DTYPE', discriminatorTypeName='string'}
[DEBUG] 2021-04-01 14:19:03.836 [main] EntityBinder - Import with entity name ResourceOwner
[DEBUG] 2021-04-01 14:19:03.836 [main] EntityBinder - Bind entity com.hmkurth.entity.ResourceOwner on table resource_owners
[DEBUG] 2021-04-01 14:19:03.836 [main] Ejb3Column - Binding column: Ejb3Column{table=org.hibernate.mapping.Table(resource_owners), mappingColumn=id, insertable=true, updatable=true, unique=false}
[DEBUG] 2021-04-01 14:19:03.836 [main] PropertyBinder - MetadataSourceProcessor property id with lazy=false
[DEBUG] 2021-04-01 14:19:03.836 [main] AbstractPropertyHolder - Attempting to locate auto-apply AttributeConverter for property [com.hmkurth.entity.ResourceOwner:id]
[DEBUG] 2021-04-01 14:19:03.836 [main] SimpleValueBinder - building SimpleValue for id
[DEBUG] 2021-04-01 14:19:03.836 [main] PropertyBinder - Building property id
[DEBUG] 2021-04-01 14:19:03.836 [main] BinderHelper - #makeIdGenerator(org.hibernate.mapping.SimpleValue([org.hibernate.mapping.Column(id)]), id, org.hibernate.id.enhanced.SequenceStyleGenerator, native, ...)
[DEBUG] 2021-04-01 14:19:03.836 [main] Ejb3Column - Binding column: Ejb3JoinColumn{logicalColumnName='null', referencedColumn='null', mappedBy=''}
[DEBUG] 2021-04-01 14:19:03.836 [main] Ejb3Column - Binding column: Ejb3Column{table=org.hibernate.mapping.Table(resource_owners), mappingColumn=contactId, insertable=true, updatable=true, unique=false}
[DEBUG] 2021-04-01 14:19:03.836 [main] Ejb3Column - Binding column: Ejb3Column{table=org.hibernate.mapping.Table(resource_owners), mappingColumn=org_name, insertable=true, updatable=true, unique=false}
[DEBUG] 2021-04-01 14:19:03.836 [main] PropertyBinder - MetadataSourceProcessor property name with lazy=false
[DEBUG] 2021-04-01 14:19:03.836 [main] AbstractPropertyHolder - Attempting to locate auto-apply AttributeConverter for property [com.hmkurth.entity.ResourceOwner:name]
[DEBUG] 2021-04-01 14:19:03.836 [main] SimpleValueBinder - building SimpleValue for name
[DEBUG] 2021-04-01 14:19:03.836 [main] PropertyBinder - Building property name
[DEBUG] 2021-04-01 14:19:03.836 [main] Ejb3Column - Binding column: Ejb3Column{table=org.hibernate.mapping.Table(resource_owners), mappingColumn=website, insertable=true, updatable=true, unique=false}
[DEBUG] 2021-04-01 14:19:03.836 [main] PropertyBinder - MetadataSourceProcessor property website with lazy=false
[DEBUG] 2021-04-01 14:19:03.836 [main] AbstractPropertyHolder - Attempting to locate auto-apply AttributeConverter for property [com.hmkurth.entity.ResourceOwner:website]
[DEBUG] 2021-04-01 14:19:03.836 [main] SimpleValueBinder - building SimpleValue for website
[DEBUG] 2021-04-01 14:19:03.836 [main] PropertyBinder - Building property website
[DEBUG] 2021-04-01 14:19:03.836 [main] AnnotationBinder - Binding entity from annotated class: com.hmkurth.entity.Location
[DEBUG] 2021-04-01 14:19:03.836 [main] Ejb3Column - Binding column: Ejb3DiscriminatorColumn{logicalColumnName'DTYPE', discriminatorTypeName='string'}
[DEBUG] 2021-04-01 14:19:03.836 [main] EntityBinder - Import with entity name Location
[DEBUG] 2021-04-01 14:19:03.836 [main] EntityBinder - Bind entity com.hmkurth.entity.Location on table location
[DEBUG] 2021-04-01 14:19:03.836 [main] Ejb3Column - Binding column: Ejb3Column{table=org.hibernate.mapping.Table(location), mappingColumn=id, insertable=true, updatable=true, unique=false}
[DEBUG] 2021-04-01 14:19:03.836 [main] PropertyBinder - MetadataSourceProcessor property id with lazy=false
[DEBUG] 2021-04-01 14:19:03.836 [main] AbstractPropertyHolder - Attempting to locate auto-apply AttributeConverter for property [com.hmkurth.entity.Location:id]
[DEBUG] 2021-04-01 14:19:03.836 [main] SimpleValueBinder - building SimpleValue for id
[DEBUG] 2021-04-01 14:19:03.836 [main] PropertyBinder - Building property id
[DEBUG] 2021-04-01 14:19:03.836 [main] BinderHelper - #makeIdGenerator(org.hibernate.mapping.SimpleValue([org.hibernate.mapping.Column(id)]), id, org.hibernate.id.enhanced.SequenceStyleGenerator, native, ...)
[DEBUG] 2021-04-01 14:19:03.851 [main] Ejb3Column - Binding column: Ejb3Column{table=org.hibernate.mapping.Table(location), mappingColumn=bus_info, insertable=true, updatable=true, unique=false}
[DEBUG] 2021-04-01 14:19:03.851 [main] PropertyBinder - MetadataSourceProcessor property busInfo with lazy=false
[DEBUG] 2021-04-01 14:19:03.851 [main] AbstractPropertyHolder - Attempting to locate auto-apply AttributeConverter for property [com.hmkurth.entity.Location:busInfo]
[DEBUG] 2021-04-01 14:19:03.851 [main] SimpleValueBinder - building SimpleValue for busInfo
[DEBUG] 2021-04-01 14:19:03.851 [main] PropertyBinder - Building property busInfo
[DEBUG] 2021-04-01 14:19:03.851 [main] Ejb3Column - Binding column: Ejb3Column{table=org.hibernate.mapping.Table(location), mappingColumn=city, insertable=true, updatable=true, unique=false}
[DEBUG] 2021-04-01 14:19:03.851 [main] PropertyBinder - MetadataSourceProcessor property city with lazy=false
[DEBUG] 2021-04-01 14:19:03.851 [main] AbstractPropertyHolder - Attempting to locate auto-apply AttributeConverter for property [com.hmkurth.entity.Location:city]
[DEBUG] 2021-04-01 14:19:03.851 [main] SimpleValueBinder - building SimpleValue for city
[DEBUG] 2021-04-01 14:19:03.851 [main] PropertyBinder - Building property city
[DEBUG] 2021-04-01 14:19:03.851 [main] Ejb3Column - Binding column: Ejb3Column{table=org.hibernate.mapping.Table(location), mappingColumn=comments, insertable=true, updatable=true, unique=false}
[DEBUG] 2021-04-01 14:19:03.851 [main] PropertyBinder - MetadataSourceProcessor property comments with lazy=false
[DEBUG] 2021-04-01 14:19:03.851 [main] AbstractPropertyHolder - Attempting to locate auto-apply AttributeConverter for property [com.hmkurth.entity.Location:comments]
[DEBUG] 2021-04-01 14:19:03.851 [main] SimpleValueBinder - building SimpleValue for comments
[DEBUG] 2021-04-01 14:19:03.851 [main] PropertyBinder - Building property comments
[DEBUG] 2021-04-01 14:19:03.851 [main] Ejb3Column - Binding column: Ejb3Column{table=org.hibernate.mapping.Table(location), mappingColumn=name_description, insertable=true, updatable=true, unique=false}
[DEBUG] 2021-04-01 14:19:03.851 [main] PropertyBinder - MetadataSourceProcessor property nameDesc with lazy=false
[DEBUG] 2021-04-01 14:19:03.851 [main] AbstractPropertyHolder - Attempting to locate auto-apply AttributeConverter for property [com.hmkurth.entity.Location:nameDesc]
[DEBUG] 2021-04-01 14:19:03.851 [main] SimpleValueBinder - building SimpleValue for nameDesc
[DEBUG] 2021-04-01 14:19:03.851 [main] PropertyBinder - Building property nameDesc
[DEBUG] 2021-04-01 14:19:03.851 [main] Ejb3Column - Binding column: Ejb3JoinColumn{logicalColumnName='null', referencedColumn='null', mappedBy=''}
[DEBUG] 2021-04-01 14:19:03.851 [main] Ejb3Column - Binding column: Ejb3Column{table=org.hibernate.mapping.Table(location), mappingColumn=resourceId, insertable=true, updatable=true, unique=false}
[DEBUG] 2021-04-01 14:19:03.851 [main] Ejb3Column - Binding column: Ejb3Column{table=org.hibernate.mapping.Table(location), mappingColumn=state, insertable=true, updatable=true, unique=false}
[DEBUG] 2021-04-01 14:19:03.851 [main] PropertyBinder - MetadataSourceProcessor property state with lazy=false
[DEBUG] 2021-04-01 14:19:03.851 [main] AbstractPropertyHolder - Attempting to locate auto-apply AttributeConverter for property [com.hmkurth.entity.Location:state]
[DEBUG] 2021-04-01 14:19:03.851 [main] SimpleValueBinder - building SimpleValue for state
[DEBUG] 2021-04-01 14:19:03.851 [main] PropertyBinder - Building property state
[DEBUG] 2021-04-01 14:19:03.851 [main] Ejb3Column - Binding column: Ejb3Column{table=org.hibernate.mapping.Table(location), mappingColumn=streetaddr_or_intersection, insertable=true, updatable=true, unique=false}
[DEBUG] 2021-04-01 14:19:03.851 [main] PropertyBinder - MetadataSourceProcessor property streetAddressOrIntersection with lazy=false
[DEBUG] 2021-04-01 14:19:03.851 [main] AbstractPropertyHolder - Attempting to locate auto-apply AttributeConverter for property [com.hmkurth.entity.Location:streetAddressOrIntersection]
[DEBUG] 2021-04-01 14:19:03.851 [main] SimpleValueBinder - building SimpleValue for streetAddressOrIntersection
[DEBUG] 2021-04-01 14:19:03.851 [main] PropertyBinder - Building property streetAddressOrIntersection
[DEBUG] 2021-04-01 14:19:03.851 [main] Ejb3Column - Binding column: Ejb3Column{table=org.hibernate.mapping.Table(location), mappingColumn=zip, insertable=true, updatable=true, unique=false}
[DEBUG] 2021-04-01 14:19:03.851 [main] PropertyBinder - MetadataSourceProcessor property zip with lazy=false
[DEBUG] 2021-04-01 14:19:03.851 [main] AbstractPropertyHolder - Attempting to locate auto-apply AttributeConverter for property [com.hmkurth.entity.Location:zip]
[DEBUG] 2021-04-01 14:19:03.851 [main] SimpleValueBinder - building SimpleValue for zip
[DEBUG] 2021-04-01 14:19:03.851 [main] PropertyBinder - Building property zip
[DEBUG] 2021-04-01 14:19:03.851 [main] AnnotationBinder - Binding entity from annotated class: com.hmkurth.entity.Type
[DEBUG] 2021-04-01 14:19:03.851 [main] Ejb3Column - Binding column: Ejb3DiscriminatorColumn{logicalColumnName'DTYPE', discriminatorTypeName='string'}
[DEBUG] 2021-04-01 14:19:03.851 [main] EntityBinder - Import with entity name Type
[DEBUG] 2021-04-01 14:19:03.851 [main] EntityBinder - Bind entity com.hmkurth.entity.Type on table resource_type
[DEBUG] 2021-04-01 14:19:03.851 [main] Ejb3Column - Binding column: Ejb3Column{table=org.hibernate.mapping.Table(resource_type), mappingColumn=id, insertable=true, updatable=true, unique=false}
[DEBUG] 2021-04-01 14:19:03.851 [main] PropertyBinder - MetadataSourceProcessor property id with lazy=false
[DEBUG] 2021-04-01 14:19:03.851 [main] AbstractPropertyHolder - Attempting to locate auto-apply AttributeConverter for property [com.hmkurth.entity.Type:id]
[DEBUG] 2021-04-01 14:19:03.851 [main] SimpleValueBinder - building SimpleValue for id
[DEBUG] 2021-04-01 14:19:03.851 [main] PropertyBinder - Building property id
[DEBUG] 2021-04-01 14:19:03.851 [main] BinderHelper - #makeIdGenerator(org.hibernate.mapping.SimpleValue([org.hibernate.mapping.Column(id)]), id, org.hibernate.id.enhanced.SequenceStyleGenerator, native, ...)
[DEBUG] 2021-04-01 14:19:03.851 [main] Ejb3Column - Binding column: Ejb3Column{table=org.hibernate.mapping.Table(resource_type), mappingColumn=type_name, insertable=true, updatable=true, unique=false}
[DEBUG] 2021-04-01 14:19:03.851 [main] PropertyBinder - MetadataSourceProcessor property name with lazy=false
[DEBUG] 2021-04-01 14:19:03.851 [main] AbstractPropertyHolder - Attempting to locate auto-apply AttributeConverter for property [com.hmkurth.entity.Type:name]
[DEBUG] 2021-04-01 14:19:03.851 [main] SimpleValueBinder - building SimpleValue for name
[DEBUG] 2021-04-01 14:19:03.851 [main] PropertyBinder - Building property name
[DEBUG] 2021-04-01 14:19:03.851 [main] SimpleValueBinder - Starting fillSimpleValue for id
[DEBUG] 2021-04-01 14:19:03.851 [main] SimpleValueBinder - Starting fillSimpleValue for email
[DEBUG] 2021-04-01 14:19:03.851 [main] SimpleValueBinder - Starting fillSimpleValue for firstName
[DEBUG] 2021-04-01 14:19:03.851 [main] SimpleValueBinder - Starting fillSimpleValue for lastName
[DEBUG] 2021-04-01 14:19:03.851 [main] SimpleValueBinder - Starting fillSimpleValue for password
[DEBUG] 2021-04-01 14:19:03.851 [main] SimpleValueBinder - Starting fillSimpleValue for userName
[DEBUG] 2021-04-01 14:19:03.851 [main] SimpleValueBinder - Starting fillSimpleValue for id
[DEBUG] 2021-04-01 14:19:03.851 [main] SimpleValueBinder - Starting fillSimpleValue for roleName
[DEBUG] 2021-04-01 14:19:03.851 [main] SimpleValueBinder - Starting fillSimpleValue for userName
[DEBUG] 2021-04-01 14:19:03.851 [main] SimpleValueBinder - Starting fillSimpleValue for id
[DEBUG] 2021-04-01 14:19:03.851 [main] SimpleValueBinder - Starting fillSimpleValue for email
[DEBUG] 2021-04-01 14:19:03.851 [main] SimpleValueBinder - Starting fillSimpleValue for firstName
[DEBUG] 2021-04-01 14:19:03.851 [main] SimpleValueBinder - Starting fillSimpleValue for lastName
[DEBUG] 2021-04-01 14:19:03.851 [main] SimpleValueBinder - Starting fillSimpleValue for phone
[DEBUG] 2021-04-01 14:19:03.851 [main] SimpleValueBinder - Starting fillSimpleValue for id
[DEBUG] 2021-04-01 14:19:03.851 [main] SimpleValueBinder - Starting fillSimpleValue for comments
[DEBUG] 2021-04-01 14:19:03.851 [main] SimpleValueBinder - Starting fillSimpleValue for daysOfWeek
[DEBUG] 2021-04-01 14:19:03.851 [main] SimpleValueBinder - Starting fillSimpleValue for deliveryDescription
[DEBUG] 2021-04-01 14:19:03.851 [main] SimpleValueBinder - Starting fillSimpleValue for deliveryOffered
[DEBUG] 2021-04-01 14:19:03.851 [main] SimpleValueBinder - Starting fillSimpleValue for description
[DEBUG] 2021-04-01 14:19:03.851 [main] SimpleValueBinder - Starting fillSimpleValue for dietaryConsiderations
[DEBUG] 2021-04-01 14:19:03.851 [main] SimpleValueBinder - Starting fillSimpleValue for documentation
[DEBUG] 2021-04-01 14:19:03.851 [main] SimpleValueBinder - Starting fillSimpleValue for name
[DEBUG] 2021-04-01 14:19:03.851 [main] SimpleValueBinder - Starting fillSimpleValue for serviceArea
[DEBUG] 2021-04-01 14:19:03.851 [main] SimpleValueBinder - Starting fillSimpleValue for website
[DEBUG] 2021-04-01 14:19:03.851 [main] SimpleValueBinder - Starting fillSimpleValue for id
[DEBUG] 2021-04-01 14:19:03.851 [main] SimpleValueBinder - Starting fillSimpleValue for name
[DEBUG] 2021-04-01 14:19:03.851 [main] SimpleValueBinder - Starting fillSimpleValue for website
[DEBUG] 2021-04-01 14:19:03.851 [main] SimpleValueBinder - Starting fillSimpleValue for id
[DEBUG] 2021-04-01 14:19:03.851 [main] SimpleValueBinder - Starting fillSimpleValue for busInfo
[DEBUG] 2021-04-01 14:19:03.851 [main] SimpleValueBinder - Starting fillSimpleValue for city
[DEBUG] 2021-04-01 14:19:03.851 [main] SimpleValueBinder - Starting fillSimpleValue for comments
[DEBUG] 2021-04-01 14:19:03.851 [main] SimpleValueBinder - Starting fillSimpleValue for nameDesc
[DEBUG] 2021-04-01 14:19:03.851 [main] SimpleValueBinder - Starting fillSimpleValue for state
[DEBUG] 2021-04-01 14:19:03.851 [main] SimpleValueBinder - Starting fillSimpleValue for streetAddressOrIntersection
[DEBUG] 2021-04-01 14:19:03.851 [main] SimpleValueBinder - Starting fillSimpleValue for zip
[DEBUG] 2021-04-01 14:19:03.851 [main] SimpleValueBinder - Starting fillSimpleValue for id
[DEBUG] 2021-04-01 14:19:03.851 [main] SimpleValueBinder - Starting fillSimpleValue for name
[DEBUG] 2021-04-01 14:19:03.851 [main] PrimaryKey - Forcing column [id] to be non-null as it is part of the primary key for table [users]
[DEBUG] 2021-04-01 14:19:03.851 [main] PrimaryKey - Forcing column [id] to be non-null as it is part of the primary key for table [user_roles]
[DEBUG] 2021-04-01 14:19:03.851 [main] PrimaryKey - Forcing column [id] to be non-null as it is part of the primary key for table [contact_details]
[DEBUG] 2021-04-01 14:19:03.851 [main] PrimaryKey - Forcing column [id] to be non-null as it is part of the primary key for table [food_resources]
[DEBUG] 2021-04-01 14:19:03.851 [main] PrimaryKey - Forcing column [id] to be non-null as it is part of the primary key for table [resource_owners]
[DEBUG] 2021-04-01 14:19:03.851 [main] PrimaryKey - Forcing column [id] to be non-null as it is part of the primary key for table [location]
[DEBUG] 2021-04-01 14:19:03.851 [main] PrimaryKey - Forcing column [id] to be non-null as it is part of the primary key for table [resource_type]
[DEBUG] 2021-04-01 14:19:03.867 [main] PropertyBinder - Building property resourceId
[DEBUG] 2021-04-01 14:19:03.867 [main] PropertyBinder - Building property contactId
[DEBUG] 2021-04-01 14:19:03.867 [main] PropertyBinder - Building property type_id
[DEBUG] 2021-04-01 14:19:03.867 [main] PropertyBinder - Building property owner
[DEBUG] 2021-04-01 14:19:03.867 [main] PropertyBinder - Building property location
[DEBUG] 2021-04-01 14:19:03.867 [main] PropertyBinder - Building property contactId
[DEBUG] 2021-04-01 14:19:03.867 [main] CollectionSecondPass - Second pass for collection: com.hmkurth.entity.User.roles
[DEBUG] 2021-04-01 14:19:03.867 [main] CollectionBinder - Binding a OneToMany: com.hmkurth.entity.User.roles through a foreign key
[DEBUG] 2021-04-01 14:19:03.867 [main] CollectionBinder - Mapping collection: com.hmkurth.entity.User.roles -> user_roles
[DEBUG] 2021-04-01 14:19:03.867 [main] TableBinder - Retrieving property com.hmkurth.entity.UserRoles.user
[DEBUG] 2021-04-01 14:19:03.867 [main] CollectionSecondPass - Mapped collection key: users_id, one-to-many: com.hmkurth.entity.UserRoles
[DEBUG] 2021-04-01 14:19:03.867 [main] InFlightMetadataCollectorImpl - Resolving reference to class: com.hmkurth.entity.User
[DEBUG] 2021-04-01 14:19:03.867 [main] InFlightMetadataCollectorImpl - Resolving reference to class: com.hmkurth.entity.User
[DEBUG] 2021-04-01 14:19:03.929 [main] SessionFactoryImpl - Building session factory
[DEBUG] 2021-04-01 14:19:03.929 [main] Settings - SessionFactory name : null
[DEBUG] 2021-04-01 14:19:03.929 [main] Settings - Automatic flush during beforeCompletion(): enabled
[DEBUG] 2021-04-01 14:19:03.929 [main] Settings - Automatic session close at end of transaction: disabled
[DEBUG] 2021-04-01 14:19:03.929 [main] Settings - Statistics: disabled
[DEBUG] 2021-04-01 14:19:03.929 [main] Settings - Deleted entity synthetic identifier rollback: disabled
[DEBUG] 2021-04-01 14:19:03.929 [main] Settings - Default entity-mode: pojo
[DEBUG] 2021-04-01 14:19:03.929 [main] Settings - Check Nullability in Core (should be disabled when Bean Validation is on): enabled
[DEBUG] 2021-04-01 14:19:03.945 [main] Settings - Allow initialization of lazy state outside session : disabled
[DEBUG] 2021-04-01 14:19:03.945 [main] Settings - Using BatchFetchStyle : LEGACY
[DEBUG] 2021-04-01 14:19:03.945 [main] Settings - Default batch fetch size: -1
[DEBUG] 2021-04-01 14:19:03.945 [main] Settings - Maximum outer join fetch depth: 2
[DEBUG] 2021-04-01 14:19:03.945 [main] Settings - Default null ordering: NONE
[DEBUG] 2021-04-01 14:19:03.945 [main] Settings - Order SQL updates by primary key: disabled
[DEBUG] 2021-04-01 14:19:03.945 [main] Settings - Order SQL inserts for batching: disabled
[DEBUG] 2021-04-01 14:19:03.945 [main] Settings - multi-tenancy strategy : NONE
[DEBUG] 2021-04-01 14:19:03.945 [main] Settings - JTA Track by Thread: enabled
[DEBUG] 2021-04-01 14:19:03.945 [main] Settings - Query language substitutions: {}
[DEBUG] 2021-04-01 14:19:03.945 [main] Settings - Named query checking : enabled
[DEBUG] 2021-04-01 14:19:03.945 [main] Settings - Second-level cache: disabled
[DEBUG] 2021-04-01 14:19:03.945 [main] Settings - Second-level query cache: disabled
[DEBUG] 2021-04-01 14:19:03.945 [main] Settings - Second-level query cache factory: null
[DEBUG] 2021-04-01 14:19:03.945 [main] Settings - Second-level cache region prefix: null
[DEBUG] 2021-04-01 14:19:03.945 [main] Settings - Optimize second-level cache for minimal puts: disabled
[DEBUG] 2021-04-01 14:19:03.945 [main] Settings - Structured second-level cache entries: disabled
[DEBUG] 2021-04-01 14:19:03.945 [main] Settings - Second-level cache direct-reference entries: disabled
[DEBUG] 2021-04-01 14:19:03.945 [main] Settings - Automatic eviction of collection cache: disabled
[DEBUG] 2021-04-01 14:19:03.945 [main] Settings - JDBC batch size: 15
[DEBUG] 2021-04-01 14:19:03.945 [main] Settings - JDBC batch updates for versioned data: enabled
[DEBUG] 2021-04-01 14:19:03.945 [main] Settings - Scrollable result sets: enabled
[DEBUG] 2021-04-01 14:19:03.945 [main] Settings - Wrap result sets: disabled
[DEBUG] 2021-04-01 14:19:03.945 [main] Settings - JDBC3 getGeneratedKeys(): enabled
[DEBUG] 2021-04-01 14:19:03.945 [main] Settings - JDBC result set fetch size: null
[DEBUG] 2021-04-01 14:19:03.945 [main] Settings - Connection release mode: AFTER_TRANSACTION
[DEBUG] 2021-04-01 14:19:03.945 [main] Settings - Generate SQL with comments: disabled
[DEBUG] 2021-04-01 14:19:03.945 [main] Settings - JPA compliance - query : 
[DEBUG] 2021-04-01 14:19:03.945 [main] Settings - JPA compliance - closed-handling : 
[DEBUG] 2021-04-01 14:19:03.945 [main] Settings - JPA compliance - lists : 
[DEBUG] 2021-04-01 14:19:03.945 [main] Settings - JPA compliance - transactions : 
[INFO ] 2021-04-01 14:19:04.023 [main] beans - HHH10005002: No explicit CDI BeanManager reference was passed to Hibernate, but CDI is available on the Hibernate ClassLoader.
[DEBUG] 2021-04-01 14:19:04.070 [main] SessionFactoryImpl - Session factory constructed with filter configurations : {}
[DEBUG] 2021-04-01 14:19:04.070 [main] SessionFactoryImpl - Instantiating session factory with properties: {sun.desktop=windows, awt.toolkit=sun.awt.windows.WToolkit, java.specification.version=11, sun.cpu.isalist=amd64, hibernate.c3p0.idle_test_period=3000, sun.jnu.encoding=Cp1252, hibernate.c3p0.min_size=5, java.class.path=C:\Program Files\JetBrains\IntelliJ IDEA 2020.3.1\lib\idea_rt.jar;C:\Program Files\JetBrains\IntelliJ IDEA 2020.3.1\plugins\junit\lib\junit5-rt.jar;C:\Program Files\JetBrains\IntelliJ IDEA 2020.3.1\plugins\junit\lib\junit-rt.jar;C:\Users\heath\IdeaProjects\CommunityFoodResources\CommunityFoodResources\target\test-classes;C:\Users\heath\IdeaProjects\CommunityFoodResources\CommunityFoodResources\target\classes;C:\Users\heath\.m2\repository\javax\servlet\jstl\1.2\jstl-1.2.jar;C:\Users\heath\.m2\repository\org\projectlombok\lombok\1.18.16\lombok-1.18.16.jar;C:\Users\heath\.m2\repository\com\fasterxml\jackson\core\jackson-core\2.10.0\jackson-core-2.10.0.jar;C:\Users\heath\.m2\repository\com\fasterxml\jackson\core\jackson-annotations\2.10.0\jackson-annotations-2.10.0.jar;C:\Users\heath\.m2\repository\com\fasterxml\jackson\core\jackson-databind\2.10.0\jackson-databind-2.10.0.jar;C:\Users\heath\.m2\repository\org\glassfish\jersey\containers\jersey-container-servlet\2.29.1\jersey-container-servlet-2.29.1.jar;C:\Users\heath\.m2\repository\org\glassfish\jersey\containers\jersey-container-servlet-core\2.29.1\jersey-container-servlet-core-2.29.1.jar;C:\Users\heath\.m2\repository\org\glassfish\jersey\core\jersey-common\2.29.1\jersey-common-2.29.1.jar;C:\Users\heath\.m2\repository\jakarta\annotation\jakarta.annotation-api\1.3.5\jakarta.annotation-api-1.3.5.jar;C:\Users\heath\.m2\repository\org\glassfish\hk2\osgi-resource-locator\1.0.3\osgi-resource-locator-1.0.3.jar;C:\Users\heath\.m2\repository\com\sun\activation\jakarta.activation\1.2.1\jakarta.activation-1.2.1.jar;C:\Users\heath\.m2\repository\org\glassfish\jersey\core\jersey-server\2.29.1\jersey-server-2.29.1.jar;C:\Users\heath\.m2\repository\org\glassfish\jersey\media\jersey-media-jaxb\2.29.1\jersey-media-jaxb-2.29.1.jar;C:\Users\heath\.m2\repository\jakarta\validation\jakarta.validation-api\2.0.2\jakarta.validation-api-2.0.2.jar;C:\Users\heath\.m2\repository\jakarta\xml\bind\jakarta.xml.bind-api\2.3.2\jakarta.xml.bind-api-2.3.2.jar;C:\Users\heath\.m2\repository\jakarta\activation\jakarta.activation-api\1.2.1\jakarta.activation-api-1.2.1.jar;C:\Users\heath\.m2\repository\jakarta\ws\rs\jakarta.ws.rs-api\2.1.6\jakarta.ws.rs-api-2.1.6.jar;C:\Users\heath\.m2\repository\org\glassfish\jersey\inject\jersey-hk2\2.29.1\jersey-hk2-2.29.1.jar;C:\Users\heath\.m2\repository\org\glassfish\hk2\hk2-locator\2.6.1\hk2-locator-2.6.1.jar;C:\Users\heath\.m2\repository\org\glassfish\hk2\external\aopalliance-repackaged\2.6.1\aopalliance-repackaged-2.6.1.jar;C:\Users\heath\.m2\repository\org\glassfish\hk2\hk2-api\2.6.1\hk2-api-2.6.1.jar;C:\Users\heath\.m2\repository\org\glassfish\hk2\hk2-utils\2.6.1\hk2-utils-2.6.1.jar;C:\Users\heath\.m2\repository\org\glassfish\jersey\core\jersey-client\2.29.1\jersey-client-2.29.1.jar;C:\Users\heath\.m2\repository\org\glassfish\hk2\external\jakarta.inject\2.6.1\jakarta.inject-2.6.1.jar;C:\Users\heath\.m2\repository\org\hibernate\hibernate-core\5.4.4.Final\hibernate-core-5.4.4.Final.jar;C:\Users\heath\.m2\repository\org\jboss\logging\jboss-logging\3.3.2.Final\jboss-logging-3.3.2.Final.jar;C:\Users\heath\.m2\repository\javax\persistence\javax.persistence-api\2.2\javax.persistence-api-2.2.jar;C:\Users\heath\.m2\repository\org\javassist\javassist\3.24.0-GA\javassist-3.24.0-GA.jar;C:\Users\heath\.m2\repository\net\bytebuddy\byte-buddy\1.9.11\byte-buddy-1.9.11.jar;C:\Users\heath\.m2\repository\antlr\antlr\2.7.7\antlr-2.7.7.jar;C:\Users\heath\.m2\repository\org\jboss\spec\javax\transaction\jboss-transaction-api_1.2_spec\1.1.1.Final\jboss-transaction-api_1.2_spec-1.1.1.Final.jar;C:\Users\heath\.m2\repository\org\jboss\jandex\2.0.5.Final\jandex-2.0.5.Final.jar;C:\Users\heath\.m2\repository\com\fasterxml\classmate\1.3.4\classmate-1.3.4.jar;C:\Users\heath\.m2\repository\javax\activation\javax.activation-api\1.2.0\javax.activation-api-1.2.0.jar;C:\Users\heath\.m2\repository\org\dom4j\dom4j\2.1.1\dom4j-2.1.1.jar;C:\Users\heath\.m2\repository\org\hibernate\common\hibernate-commons-annotations\5.1.0.Final\hibernate-commons-annotations-5.1.0.Final.jar;C:\Users\heath\.m2\repository\javax\xml\bind\jaxb-api\2.3.1\jaxb-api-2.3.1.jar;C:\Users\heath\.m2\repository\org\glassfish\jaxb\jaxb-runtime\2.3.1\jaxb-runtime-2.3.1.jar;C:\Users\heath\.m2\repository\org\glassfish\jaxb\txw2\2.3.1\txw2-2.3.1.jar;C:\Users\heath\.m2\repository\com\sun\istack\istack-commons-runtime\3.0.7\istack-commons-runtime-3.0.7.jar;C:\Users\heath\.m2\repository\org\jvnet\staxex\stax-ex\1.8\stax-ex-1.8.jar;C:\Users\heath\.m2\repository\com\sun\xml\fastinfoset\FastInfoset\1.2.15\FastInfoset-1.2.15.jar;C:\Users\heath\.m2\repository\org\hibernate\hibernate-c3p0\5.4.4.Final\hibernate-c3p0-5.4.4.Final.jar;C:\Users\heath\.m2\repository\com\mchange\c3p0\0.9.5.3\c3p0-0.9.5.3.jar;C:\Users\heath\.m2\repository\com\mchange\mchange-commons-java\0.2.15\mchange-commons-java-0.2.15.jar;C:\Users\heath\.m2\repository\org\apache\logging\log4j\log4j-api\2.10.0\log4j-api-2.10.0.jar;C:\Users\heath\.m2\repository\org\apache\logging\log4j\log4j-core\2.10.0\log4j-core-2.10.0.jar;C:\Users\heath\.m2\repository\javax\javaee-web-api\7.0\javaee-web-api-7.0.jar;C:\Users\heath\.m2\repository\mysql\mysql-connector-java\8.0.23\mysql-connector-java-8.0.23.jar;C:\Users\heath\.m2\repository\com\google\protobuf\protobuf-java\3.11.4\protobuf-java-3.11.4.jar;C:\Users\heath\.m2\repository\org\junit\platform\junit-platform-runner\1.0.0\junit-platform-runner-1.0.0.jar;C:\Users\heath\.m2\repository\org\apiguardian\apiguardian-api\1.0.0\apiguardian-api-1.0.0.jar;C:\Users\heath\.m2\repository\org\junit\platform\junit-platform-launcher\1.0.0\junit-platform-launcher-1.0.0.jar;C:\Users\heath\.m2\repository\org\junit\platform\junit-platform-suite-api\1.0.0\junit-platform-suite-api-1.0.0.jar;C:\Users\heath\.m2\repository\org\junit\platform\junit-platform-commons\1.0.0\junit-platform-commons-1.0.0.jar;C:\Users\heath\.m2\repository\org\junit\vintage\junit-vintage-engine\4.12.0\junit-vintage-engine-4.12.0.jar;C:\Users\heath\.m2\repository\org\junit\platform\junit-platform-engine\1.0.0\junit-platform-engine-1.0.0.jar;C:\Users\heath\.m2\repository\org\opentest4j\opentest4j\1.0.0\opentest4j-1.0.0.jar;C:\Users\heath\.m2\repository\org\junit\jupiter\junit-jupiter-engine\5.0.0\junit-jupiter-engine-5.0.0.jar;C:\Users\heath\.m2\repository\org\junit\jupiter\junit-jupiter-api\5.0.0\junit-jupiter-api-5.0.0.jar;C:\Users\heath\.m2\repository\org\junit\platform\junit-platform-surefire-provider\1.0.0\junit-platform-surefire-provider-1.0.0.jar;C:\Users\heath\.m2\repository\org\apache\maven\surefire\surefire-api\2.19.1\surefire-api-2.19.1.jar;C:\Users\heath\.m2\repository\org\apache\maven\surefire\common-java5\2.19.1\common-java5-2.19.1.jar;C:\Users\heath\.m2\repository\junit\junit\4.12\junit-4.12.jar;C:\Users\heath\.m2\repository\org\hamcrest\hamcrest-core\1.3\hamcrest-core-1.3.jar, java.vm.vendor=Oracle Corporation, sun.arch.data.model=64, idea.test.cyclic.buffer.size=1048576, user.variant=, java.vendor.url=https://openjdk.java.net/, user.timezone=America/Chicago, os.name=Windows 10, java.vm.specification.version=11, sun.java.launcher=SUN_STANDARD, user.country=US, sun.boot.library.path=C:\Program Files\Java\jdk-11.0.10\bin, sun.java.command=com.intellij.rt.junit.JUnitStarter -ideVersion5 -junit5 com.hmkurth.persistence.FoodResourceTest,insertSuccess, jdk.debug=release, sun.cpu.endian=little, user.home=C:\Users\heath, hibernate.c3p0.max_statements=50, user.language=en, java.specification.vendor=Oracle Corporation, java.version.date=2021-01-19, java.home=C:\Program Files\Java\jdk-11.0.10, file.separator=\, java.vm.compressedOopsMode=32-bit, line.separator=
, hibernate.c3p0.timeout=300, java.specification.name=Java Platform API Specification, java.vm.specification.vendor=Oracle Corporation, intellij.debug.agent=true, java.awt.graphicsenv=sun.awt.Win32GraphicsEnvironment, user.script=, connection.password=moony777, sun.management.compiler=HotSpot 64-Bit Tiered Compilers, hibernate.c3p0.max_size=20, java.runtime.version=11.0.10+8-LTS-162, user.name=heath, path.separator=;, hibernate.connection.username=****, os.version=10.0, java.runtime.name=Java(TM) SE Runtime Environment, hibernate.connection.url=jdbc:mysql://localhost:3306/testschema, file.encoding=UTF-8, java.vm.name=Java HotSpot(TM) 64-Bit Server VM, java.vendor.version=18.9, hibernate.connection.driver_class=com.mysql.cj.jdbc.Driver, java.vendor.url.bug=https://bugreport.java.com/bugreport/, java.io.tmpdir=C:\Users\heath\AppData\Local\Temp\, java.version=11.0.10, jboss.modules.system.pkgs=com.intellij.rt, user.dir=C:\Users\heath\IdeaProjects\CommunityFoodResources\CommunityFoodResources, os.arch=amd64, connection.username=root, java.vm.specification.name=Java Virtual Machine Specification, java.awt.printerjob=sun.awt.windows.WPrinterJob, hibernate.connection.password=****, sun.os.patch.level=, connection.driver_class=com.mysql.cj.jdbc.Driver, hibernate.boot.CfgXmlAccessService.key=org.hibernate.boot.cfgxml.spi.LoadedConfig@b5b9333, java.library.path=C:\Program Files\Java\jdk-11.0.10\bin;C:\WINDOWS\Sun\Java\bin;C:\WINDOWS\system32;C:\WINDOWS;C:\Program Files\Common Files\Oracle\Java\javapath;C:\Python39\Scripts\;C:\Python39\;C:\Program Files\Java\jdk1.8.0_241\bin;C:\WINDOWS\system32;C:\WINDOWS;C:\WINDOWS\System32\Wbem;C:\WINDOWS\System32\WindowsPowerShell\v1.0\;C:\WINDOWS\System32\OpenSSH\;C:\Program Files\nodejs\;C:\ProgramData\chocolatey\bin;C:\Program Files\Git\cmd;C:\Program Files (x86)\PuTTY\;C:\Users\heath\AppData\Local\Microsoft\WindowsApps;C:\Users\heath\AppData\Local\atom\bin;C:\Users\heath\AppData\Roaming\npm;C:\Users\heath\AppData\Local\Programs\Microsoft VS Code\bin;C:\Users\heath\AppData\Local\GitHubDesktop\bin;%USERPROFILE%\AppData\Local\Microsoft\WindowsApps;;., java.vendor=Oracle Corporation, java.vm.info=mixed mode, java.vm.version=11.0.10+8-LTS-162, hibernate.bytecode.use_reflection_optimizer=false, sun.io.unicode.encoding=UnicodeLittle, connection.url=jdbc:mysql://localhost:3306/testschema, java.class.version=55.0}
[DEBUG] 2021-04-01 14:19:04.101 [main] TypeSafeActivator - Unable to acquire Bean Validation ValidatorFactory, skipping activation
[DEBUG] 2021-04-01 14:19:04.101 [main] JaccIntegrator - Skipping JACC integration as it was not enabled
[DEBUG] 2021-04-01 14:19:04.101 [main] SessionFactoryImpl - Instantiated session factory
[DEBUG] 2021-04-01 14:19:04.101 [main] TypeConfiguration$Scope - Scoping TypeConfiguration [org.hibernate.type.spi.TypeConfiguration@5d94a2dc] to SessionFactoryImpl [org.hibernate.internal.SessionFactoryImpl@5460edd3]
