[DEBUG] 2021-03-02 13:51:13.494 [main] IntegratorServiceImpl - Adding Integrator [org.hibernate.cfg.beanvalidation.BeanValidationIntegrator].
[DEBUG] 2021-03-02 13:51:13.505 [main] IntegratorServiceImpl - Adding Integrator [org.hibernate.secure.spi.JaccIntegrator].
[DEBUG] 2021-03-02 13:51:13.516 [main] IntegratorServiceImpl - Adding Integrator [org.hibernate.cache.internal.CollectionCacheInvalidator].
[INFO ] 2021-03-02 13:51:13.684 [main] Version - HHH000412: Hibernate Core {5.4.4.Final}
[DEBUG] 2021-03-02 13:51:13.686 [main] Environment - HHH000206: hibernate.properties not found
[DEBUG] 2021-03-02 13:51:14.028 [main] LocalXmlResourceResolver - Interpreting public/system identifier : [null] - [http://www.hibernate.org/dtd/hibernate-configuration-3.0.dtd]
[DEBUG] 2021-03-02 13:51:14.029 [main] LocalXmlResourceResolver - Recognized hibernate-configuration identifier; attempting to resolve on classpath under org/hibernate/
[DEBUG] 2021-03-02 13:51:14.036 [main] JaxbCfgProcessor - cfg.xml document did not define namespaces; wrapping in custom event reader to introduce namespace information
[DEBUG] 2021-03-02 13:51:14.448 [main] ServiceBinding - Overriding existing service binding [org.hibernate.secure.spi.JaccService]
[DEBUG] 2021-03-02 13:51:14.487 [main] RegionFactoryInitiator - Cannot default RegionFactory based on registered strategies as `[]` RegionFactory strategies were registered
[DEBUG] 2021-03-02 13:51:14.489 [main] RegionFactoryInitiator - Cache region factory : org.hibernate.cache.internal.NoCachingRegionFactory
[INFO ] 2021-03-02 13:51:14.529 [main] Version - HCANN000001: Hibernate Commons Annotations {5.1.0.Final}
[DEBUG] 2021-03-02 13:51:14.605 [main] BasicTypeRegistry - Adding type registration boolean -> org.hibernate.type.BooleanType@2c7a8af2
[DEBUG] 2021-03-02 13:51:14.605 [main] BasicTypeRegistry - Adding type registration boolean -> org.hibernate.type.BooleanType@2c7a8af2
[DEBUG] 2021-03-02 13:51:14.605 [main] BasicTypeRegistry - Adding type registration java.lang.Boolean -> org.hibernate.type.BooleanType@2c7a8af2
[DEBUG] 2021-03-02 13:51:14.606 [main] BasicTypeRegistry - Adding type registration numeric_boolean -> org.hibernate.type.NumericBooleanType@4edef76c
[DEBUG] 2021-03-02 13:51:14.607 [main] BasicTypeRegistry - Adding type registration true_false -> org.hibernate.type.TrueFalseType@21c815e4
[DEBUG] 2021-03-02 13:51:14.609 [main] BasicTypeRegistry - Adding type registration yes_no -> org.hibernate.type.YesNoType@743e66f7
[DEBUG] 2021-03-02 13:51:14.611 [main] BasicTypeRegistry - Adding type registration byte -> org.hibernate.type.ByteType@6c9320c2
[DEBUG] 2021-03-02 13:51:14.611 [main] BasicTypeRegistry - Adding type registration byte -> org.hibernate.type.ByteType@6c9320c2
[DEBUG] 2021-03-02 13:51:14.611 [main] BasicTypeRegistry - Adding type registration java.lang.Byte -> org.hibernate.type.ByteType@6c9320c2
[DEBUG] 2021-03-02 13:51:14.613 [main] BasicTypeRegistry - Adding type registration character -> org.hibernate.type.CharacterType@1e43e323
[DEBUG] 2021-03-02 13:51:14.613 [main] BasicTypeRegistry - Adding type registration char -> org.hibernate.type.CharacterType@1e43e323
[DEBUG] 2021-03-02 13:51:14.613 [main] BasicTypeRegistry - Adding type registration java.lang.Character -> org.hibernate.type.CharacterType@1e43e323
[DEBUG] 2021-03-02 13:51:14.615 [main] BasicTypeRegistry - Adding type registration short -> org.hibernate.type.ShortType@49c675f0
[DEBUG] 2021-03-02 13:51:14.616 [main] BasicTypeRegistry - Adding type registration short -> org.hibernate.type.ShortType@49c675f0
[DEBUG] 2021-03-02 13:51:14.616 [main] BasicTypeRegistry - Adding type registration java.lang.Short -> org.hibernate.type.ShortType@49c675f0
[DEBUG] 2021-03-02 13:51:14.617 [main] BasicTypeRegistry - Adding type registration integer -> org.hibernate.type.IntegerType@7979b8b7
[DEBUG] 2021-03-02 13:51:14.617 [main] BasicTypeRegistry - Adding type registration int -> org.hibernate.type.IntegerType@7979b8b7
[DEBUG] 2021-03-02 13:51:14.618 [main] BasicTypeRegistry - Adding type registration java.lang.Integer -> org.hibernate.type.IntegerType@7979b8b7
[DEBUG] 2021-03-02 13:51:14.620 [main] BasicTypeRegistry - Adding type registration long -> org.hibernate.type.LongType@24e83d19
[DEBUG] 2021-03-02 13:51:14.620 [main] BasicTypeRegistry - Adding type registration long -> org.hibernate.type.LongType@24e83d19
[DEBUG] 2021-03-02 13:51:14.620 [main] BasicTypeRegistry - Adding type registration java.lang.Long -> org.hibernate.type.LongType@24e83d19
[DEBUG] 2021-03-02 13:51:14.622 [main] BasicTypeRegistry - Adding type registration float -> org.hibernate.type.FloatType@35267fd4
[DEBUG] 2021-03-02 13:51:14.622 [main] BasicTypeRegistry - Adding type registration float -> org.hibernate.type.FloatType@35267fd4
[DEBUG] 2021-03-02 13:51:14.622 [main] BasicTypeRegistry - Adding type registration java.lang.Float -> org.hibernate.type.FloatType@35267fd4
[DEBUG] 2021-03-02 13:51:14.624 [main] BasicTypeRegistry - Adding type registration double -> org.hibernate.type.DoubleType@7661b5a
[DEBUG] 2021-03-02 13:51:14.624 [main] BasicTypeRegistry - Adding type registration double -> org.hibernate.type.DoubleType@7661b5a
[DEBUG] 2021-03-02 13:51:14.624 [main] BasicTypeRegistry - Adding type registration java.lang.Double -> org.hibernate.type.DoubleType@7661b5a
[DEBUG] 2021-03-02 13:51:14.626 [main] BasicTypeRegistry - Adding type registration big_decimal -> org.hibernate.type.BigDecimalType@1f0b3cfe
[DEBUG] 2021-03-02 13:51:14.626 [main] BasicTypeRegistry - Adding type registration java.math.BigDecimal -> org.hibernate.type.BigDecimalType@1f0b3cfe
[DEBUG] 2021-03-02 13:51:14.628 [main] BasicTypeRegistry - Adding type registration big_integer -> org.hibernate.type.BigIntegerType@2b2f5fcf
[DEBUG] 2021-03-02 13:51:14.628 [main] BasicTypeRegistry - Adding type registration java.math.BigInteger -> org.hibernate.type.BigIntegerType@2b2f5fcf
[DEBUG] 2021-03-02 13:51:14.630 [main] BasicTypeRegistry - Adding type registration string -> org.hibernate.type.StringType@7718a40f
[DEBUG] 2021-03-02 13:51:14.630 [main] BasicTypeRegistry - Adding type registration java.lang.String -> org.hibernate.type.StringType@7718a40f
[DEBUG] 2021-03-02 13:51:14.631 [main] BasicTypeRegistry - Adding type registration nstring -> org.hibernate.type.StringNVarcharType@288ca5f0
[DEBUG] 2021-03-02 13:51:14.632 [main] BasicTypeRegistry - Adding type registration ncharacter -> org.hibernate.type.CharacterNCharType@216e0771
[DEBUG] 2021-03-02 13:51:14.634 [main] BasicTypeRegistry - Adding type registration url -> org.hibernate.type.UrlType@dc79225
[DEBUG] 2021-03-02 13:51:14.634 [main] BasicTypeRegistry - Adding type registration java.net.URL -> org.hibernate.type.UrlType@dc79225
[DEBUG] 2021-03-02 13:51:14.636 [main] BasicTypeRegistry - Adding type registration Duration -> org.hibernate.type.DurationType@fd9ebde
[DEBUG] 2021-03-02 13:51:14.636 [main] BasicTypeRegistry - Adding type registration java.time.Duration -> org.hibernate.type.DurationType@fd9ebde
[DEBUG] 2021-03-02 13:51:14.651 [main] BasicTypeRegistry - Adding type registration Instant -> org.hibernate.type.InstantType@b606cb6
[DEBUG] 2021-03-02 13:51:14.652 [main] BasicTypeRegistry - Adding type registration java.time.Instant -> org.hibernate.type.InstantType@b606cb6
[DEBUG] 2021-03-02 13:51:14.654 [main] BasicTypeRegistry - Adding type registration LocalDateTime -> org.hibernate.type.LocalDateTimeType@7a729f84
[DEBUG] 2021-03-02 13:51:14.654 [main] BasicTypeRegistry - Adding type registration java.time.LocalDateTime -> org.hibernate.type.LocalDateTimeType@7a729f84
[DEBUG] 2021-03-02 13:51:14.657 [main] BasicTypeRegistry - Adding type registration LocalDate -> org.hibernate.type.LocalDateType@6a472566
[DEBUG] 2021-03-02 13:51:14.658 [main] BasicTypeRegistry - Adding type registration java.time.LocalDate -> org.hibernate.type.LocalDateType@6a472566
[DEBUG] 2021-03-02 13:51:14.660 [main] BasicTypeRegistry - Adding type registration LocalTime -> org.hibernate.type.LocalTimeType@5633ed82
[DEBUG] 2021-03-02 13:51:14.661 [main] BasicTypeRegistry - Adding type registration java.time.LocalTime -> org.hibernate.type.LocalTimeType@5633ed82
[DEBUG] 2021-03-02 13:51:14.664 [main] BasicTypeRegistry - Adding type registration OffsetDateTime -> org.hibernate.type.OffsetDateTimeType@277bf091
[DEBUG] 2021-03-02 13:51:14.664 [main] BasicTypeRegistry - Adding type registration java.time.OffsetDateTime -> org.hibernate.type.OffsetDateTimeType@277bf091
[DEBUG] 2021-03-02 13:51:14.667 [main] BasicTypeRegistry - Adding type registration OffsetTime -> org.hibernate.type.OffsetTimeType@60325987
[DEBUG] 2021-03-02 13:51:14.667 [main] BasicTypeRegistry - Adding type registration java.time.OffsetTime -> org.hibernate.type.OffsetTimeType@60325987
[DEBUG] 2021-03-02 13:51:14.672 [main] BasicTypeRegistry - Adding type registration ZonedDateTime -> org.hibernate.type.ZonedDateTimeType@7add323c
[DEBUG] 2021-03-02 13:51:14.672 [main] BasicTypeRegistry - Adding type registration java.time.ZonedDateTime -> org.hibernate.type.ZonedDateTimeType@7add323c
[DEBUG] 2021-03-02 13:51:14.674 [main] BasicTypeRegistry - Adding type registration date -> org.hibernate.type.DateType@17f2dd85
[DEBUG] 2021-03-02 13:51:14.674 [main] BasicTypeRegistry - Adding type registration java.sql.Date -> org.hibernate.type.DateType@17f2dd85
[DEBUG] 2021-03-02 13:51:14.677 [main] BasicTypeRegistry - Adding type registration time -> org.hibernate.type.TimeType@38d17d80
[DEBUG] 2021-03-02 13:51:14.677 [main] BasicTypeRegistry - Adding type registration java.sql.Time -> org.hibernate.type.TimeType@38d17d80
[DEBUG] 2021-03-02 13:51:14.679 [main] BasicTypeRegistry - Adding type registration timestamp -> org.hibernate.type.TimestampType@10a0fe30
[DEBUG] 2021-03-02 13:51:14.679 [main] BasicTypeRegistry - Adding type registration java.sql.Timestamp -> org.hibernate.type.TimestampType@10a0fe30
[DEBUG] 2021-03-02 13:51:14.679 [main] BasicTypeRegistry - Adding type registration java.util.Date -> org.hibernate.type.TimestampType@10a0fe30
[DEBUG] 2021-03-02 13:51:14.681 [main] BasicTypeRegistry - Adding type registration dbtimestamp -> org.hibernate.type.DbTimestampType@262816a8
[DEBUG] 2021-03-02 13:51:14.682 [main] BasicTypeRegistry - Adding type registration calendar -> org.hibernate.type.CalendarType@6d1dcdff
[DEBUG] 2021-03-02 13:51:14.683 [main] BasicTypeRegistry - Adding type registration java.util.Calendar -> org.hibernate.type.CalendarType@6d1dcdff
[DEBUG] 2021-03-02 13:51:14.683 [main] BasicTypeRegistry - Adding type registration java.util.GregorianCalendar -> org.hibernate.type.CalendarType@6d1dcdff
[DEBUG] 2021-03-02 13:51:14.684 [main] BasicTypeRegistry - Adding type registration calendar_date -> org.hibernate.type.CalendarDateType@43045f9f
[DEBUG] 2021-03-02 13:51:14.686 [main] BasicTypeRegistry - Adding type registration locale -> org.hibernate.type.LocaleType@3968bc60
[DEBUG] 2021-03-02 13:51:14.686 [main] BasicTypeRegistry - Adding type registration java.util.Locale -> org.hibernate.type.LocaleType@3968bc60
[DEBUG] 2021-03-02 13:51:14.689 [main] BasicTypeRegistry - Adding type registration currency -> org.hibernate.type.CurrencyType@21bd20ee
[DEBUG] 2021-03-02 13:51:14.689 [main] BasicTypeRegistry - Adding type registration java.util.Currency -> org.hibernate.type.CurrencyType@21bd20ee
[DEBUG] 2021-03-02 13:51:14.691 [main] BasicTypeRegistry - Adding type registration timezone -> org.hibernate.type.TimeZoneType@476fe690
[DEBUG] 2021-03-02 13:51:14.691 [main] BasicTypeRegistry - Adding type registration java.util.TimeZone -> org.hibernate.type.TimeZoneType@476fe690
[DEBUG] 2021-03-02 13:51:14.692 [main] BasicTypeRegistry - Adding type registration class -> org.hibernate.type.ClassType@a66e580
[DEBUG] 2021-03-02 13:51:14.693 [main] BasicTypeRegistry - Adding type registration java.lang.Class -> org.hibernate.type.ClassType@a66e580
[DEBUG] 2021-03-02 13:51:14.694 [main] BasicTypeRegistry - Adding type registration uuid-binary -> org.hibernate.type.UUIDBinaryType@71a06021
[DEBUG] 2021-03-02 13:51:14.694 [main] BasicTypeRegistry - Adding type registration java.util.UUID -> org.hibernate.type.UUIDBinaryType@71a06021
[DEBUG] 2021-03-02 13:51:14.695 [main] BasicTypeRegistry - Adding type registration uuid-char -> org.hibernate.type.UUIDCharType@3e33d73e
[DEBUG] 2021-03-02 13:51:14.696 [main] BasicTypeRegistry - Adding type registration binary -> org.hibernate.type.BinaryType@117525fe
[DEBUG] 2021-03-02 13:51:14.696 [main] BasicTypeRegistry - Adding type registration byte[] -> org.hibernate.type.BinaryType@117525fe
[DEBUG] 2021-03-02 13:51:14.696 [main] BasicTypeRegistry - Adding type registration [B -> org.hibernate.type.BinaryType@117525fe
[DEBUG] 2021-03-02 13:51:14.697 [main] BasicTypeRegistry - Adding type registration wrapper-binary -> org.hibernate.type.WrapperBinaryType@55e42449
[DEBUG] 2021-03-02 13:51:14.698 [main] BasicTypeRegistry - Adding type registration Byte[] -> org.hibernate.type.WrapperBinaryType@55e42449
[DEBUG] 2021-03-02 13:51:14.698 [main] BasicTypeRegistry - Adding type registration [Ljava.lang.Byte; -> org.hibernate.type.WrapperBinaryType@55e42449
[DEBUG] 2021-03-02 13:51:14.699 [main] BasicTypeRegistry - Adding type registration row_version -> org.hibernate.type.RowVersionType@561b61ed
[DEBUG] 2021-03-02 13:51:14.700 [main] BasicTypeRegistry - Adding type registration image -> org.hibernate.type.ImageType@18d910b3
[DEBUG] 2021-03-02 13:51:14.702 [main] BasicTypeRegistry - Adding type registration characters -> org.hibernate.type.CharArrayType@2f1d0bbc
[DEBUG] 2021-03-02 13:51:14.703 [main] BasicTypeRegistry - Adding type registration char[] -> org.hibernate.type.CharArrayType@2f1d0bbc
[DEBUG] 2021-03-02 13:51:14.703 [main] BasicTypeRegistry - Adding type registration [C -> org.hibernate.type.CharArrayType@2f1d0bbc
[DEBUG] 2021-03-02 13:51:14.705 [main] BasicTypeRegistry - Adding type registration wrapper-characters -> org.hibernate.type.CharacterArrayType@59dc36d4
[DEBUG] 2021-03-02 13:51:14.705 [main] BasicTypeRegistry - Adding type registration [Ljava.lang.Character; -> org.hibernate.type.CharacterArrayType@59dc36d4
[DEBUG] 2021-03-02 13:51:14.705 [main] BasicTypeRegistry - Adding type registration Character[] -> org.hibernate.type.CharacterArrayType@59dc36d4
[DEBUG] 2021-03-02 13:51:14.706 [main] BasicTypeRegistry - Adding type registration text -> org.hibernate.type.TextType@3bbf841e
[DEBUG] 2021-03-02 13:51:14.706 [main] BasicTypeRegistry - Adding type registration ntext -> org.hibernate.type.NTextType@79b84841
[DEBUG] 2021-03-02 13:51:14.708 [main] BasicTypeRegistry - Adding type registration blob -> org.hibernate.type.BlobType@455c1d8c
[DEBUG] 2021-03-02 13:51:14.709 [main] BasicTypeRegistry - Adding type registration java.sql.Blob -> org.hibernate.type.BlobType@455c1d8c
[DEBUG] 2021-03-02 13:51:14.709 [main] BasicTypeRegistry - Adding type registration materialized_blob -> org.hibernate.type.MaterializedBlobType@7bc44ce8
[DEBUG] 2021-03-02 13:51:14.713 [main] BasicTypeRegistry - Adding type registration clob -> org.hibernate.type.ClobType@2924f1d8
[DEBUG] 2021-03-02 13:51:14.713 [main] BasicTypeRegistry - Adding type registration java.sql.Clob -> org.hibernate.type.ClobType@2924f1d8
[DEBUG] 2021-03-02 13:51:14.716 [main] BasicTypeRegistry - Adding type registration nclob -> org.hibernate.type.NClobType@7cbeac65
[DEBUG] 2021-03-02 13:51:14.716 [main] BasicTypeRegistry - Adding type registration java.sql.NClob -> org.hibernate.type.NClobType@7cbeac65
[DEBUG] 2021-03-02 13:51:14.717 [main] BasicTypeRegistry - Adding type registration materialized_clob -> org.hibernate.type.MaterializedClobType@6c3659be
[DEBUG] 2021-03-02 13:51:14.718 [main] BasicTypeRegistry - Adding type registration materialized_nclob -> org.hibernate.type.MaterializedNClobType@1aad0b1
[DEBUG] 2021-03-02 13:51:14.720 [main] BasicTypeRegistry - Adding type registration serializable -> org.hibernate.type.SerializableType@28da7d11
[DEBUG] 2021-03-02 13:51:14.725 [main] BasicTypeRegistry - Adding type registration object -> org.hibernate.type.ObjectType@2b680207
[DEBUG] 2021-03-02 13:51:14.725 [main] BasicTypeRegistry - Adding type registration java.lang.Object -> org.hibernate.type.ObjectType@2b680207
[DEBUG] 2021-03-02 13:51:14.726 [main] BasicTypeRegistry - Adding type registration imm_date -> org.hibernate.type.AdaptedImmutableType@328d044f
[DEBUG] 2021-03-02 13:51:14.726 [main] BasicTypeRegistry - Adding type registration imm_time -> org.hibernate.type.AdaptedImmutableType@10f7c76
[DEBUG] 2021-03-02 13:51:14.726 [main] BasicTypeRegistry - Adding type registration imm_timestamp -> org.hibernate.type.AdaptedImmutableType@4745e9c
[DEBUG] 2021-03-02 13:51:14.726 [main] BasicTypeRegistry - Adding type registration imm_dbtimestamp -> org.hibernate.type.AdaptedImmutableType@2f2bff16
[DEBUG] 2021-03-02 13:51:14.726 [main] BasicTypeRegistry - Adding type registration imm_calendar -> org.hibernate.type.AdaptedImmutableType@75de29c0
[DEBUG] 2021-03-02 13:51:14.726 [main] BasicTypeRegistry - Adding type registration imm_calendar_date -> org.hibernate.type.AdaptedImmutableType@fc807c1
[DEBUG] 2021-03-02 13:51:14.726 [main] BasicTypeRegistry - Adding type registration imm_binary -> org.hibernate.type.AdaptedImmutableType@296e281a
[DEBUG] 2021-03-02 13:51:14.727 [main] BasicTypeRegistry - Adding type registration imm_serializable -> org.hibernate.type.AdaptedImmutableType@59cda16e
[DEBUG] 2021-03-02 13:51:14.787 [main] DefaultIdentifierGeneratorFactory - Registering IdentifierGenerator strategy [uuid2] -> [org.hibernate.id.UUIDGenerator]
[DEBUG] 2021-03-02 13:51:14.788 [main] DefaultIdentifierGeneratorFactory - Registering IdentifierGenerator strategy [guid] -> [org.hibernate.id.GUIDGenerator]
[DEBUG] 2021-03-02 13:51:14.790 [main] DefaultIdentifierGeneratorFactory - Registering IdentifierGenerator strategy [uuid] -> [org.hibernate.id.UUIDHexGenerator]
[DEBUG] 2021-03-02 13:51:14.790 [main] DefaultIdentifierGeneratorFactory - Registering IdentifierGenerator strategy [uuid.hex] -> [org.hibernate.id.UUIDHexGenerator]
[DEBUG] 2021-03-02 13:51:14.791 [main] DefaultIdentifierGeneratorFactory - Registering IdentifierGenerator strategy [assigned] -> [org.hibernate.id.Assigned]
[DEBUG] 2021-03-02 13:51:14.793 [main] DefaultIdentifierGeneratorFactory - Registering IdentifierGenerator strategy [identity] -> [org.hibernate.id.IdentityGenerator]
[DEBUG] 2021-03-02 13:51:14.794 [main] DefaultIdentifierGeneratorFactory - Registering IdentifierGenerator strategy [select] -> [org.hibernate.id.SelectGenerator]
[DEBUG] 2021-03-02 13:51:14.796 [main] DefaultIdentifierGeneratorFactory - Registering IdentifierGenerator strategy [sequence] -> [org.hibernate.id.enhanced.SequenceStyleGenerator]
[DEBUG] 2021-03-02 13:51:14.797 [main] DefaultIdentifierGeneratorFactory - Registering IdentifierGenerator strategy [seqhilo] -> [org.hibernate.id.SequenceHiLoGenerator]
[DEBUG] 2021-03-02 13:51:14.798 [main] DefaultIdentifierGeneratorFactory - Registering IdentifierGenerator strategy [increment] -> [org.hibernate.id.IncrementGenerator]
[DEBUG] 2021-03-02 13:51:14.799 [main] DefaultIdentifierGeneratorFactory - Registering IdentifierGenerator strategy [foreign] -> [org.hibernate.id.ForeignGenerator]
[DEBUG] 2021-03-02 13:51:14.800 [main] DefaultIdentifierGeneratorFactory - Registering IdentifierGenerator strategy [sequence-identity] -> [org.hibernate.id.SequenceIdentityGenerator]
[DEBUG] 2021-03-02 13:51:14.800 [main] DefaultIdentifierGeneratorFactory - Registering IdentifierGenerator strategy [enhanced-sequence] -> [org.hibernate.id.enhanced.SequenceStyleGenerator]
[DEBUG] 2021-03-02 13:51:14.802 [main] DefaultIdentifierGeneratorFactory - Registering IdentifierGenerator strategy [enhanced-table] -> [org.hibernate.id.enhanced.TableGenerator]
[INFO ] 2021-03-02 13:51:14.809 [main] C3P0ConnectionProvider - HHH010002: C3P0 using driver: com.mysql.cj.jdbc.Driver at URL: jdbc:mysql://localhost:3306/testschema
[INFO ] 2021-03-02 13:51:14.809 [main] C3P0ConnectionProvider - HHH10001001: Connection properties: {password=****, user=root}
[INFO ] 2021-03-02 13:51:14.809 [main] C3P0ConnectionProvider - HHH10001003: Autocommit mode: false
[INFO ] 2021-03-02 13:51:14.975 [main] C3P0ConnectionProvider - HHH10001007: JDBC isolation level: <unknown>
[DEBUG] 2021-03-02 13:51:15.110 [main] JdbcEnvironmentInitiator - Database ->
       name : MySQL
    version : 8.0.23
      major : 8
      minor : 0
[DEBUG] 2021-03-02 13:51:15.111 [main] JdbcEnvironmentInitiator - Driver ->
       name : MySQL Connector/J
    version : mysql-connector-java-8.0.23 (Revision: 18bbd5e68195d0da083cbd5bd0d05d76320df7cd)
      major : 8
      minor : 0
[DEBUG] 2021-03-02 13:51:15.111 [main] JdbcEnvironmentInitiator - JDBC version : 4.2
[INFO ] 2021-03-02 13:51:15.160 [main] Dialect - HHH000400: Using dialect: org.hibernate.dialect.MySQL8Dialect
[DEBUG] 2021-03-02 13:51:15.191 [main] IdentifierHelperBuilder - JDBC driver metadata reported database stores quoted identifiers in more than one case
[DEBUG] 2021-03-02 13:51:15.276 [main] IdentifierHelperBuilder - IdentifierCaseStrategy for both quoted and unquoted identifiers was set to the same strategy [LOWER]; that will likely lead to problems in schema update and validation if using quoted identifiers
[DEBUG] 2021-03-02 13:51:15.328 [main] Namespace - Created database namespace [logicalName=Name{catalog=null, schema=null}, physicalName=Name{catalog=null, schema=null}]
[DEBUG] 2021-03-02 13:51:15.333 [main] TypeConfiguration$Scope - Scoping TypeConfiguration [org.hibernate.type.spi.TypeConfiguration@6e0e5dec] to MetadataBuildingContext [org.hibernate.boot.internal.MetadataBuildingContextRootImpl@48a663e9]
[DEBUG] 2021-03-02 13:51:15.418 [main] AnnotationBinder - Binding entity from annotated class: com.hmkurth.entity.User
[DEBUG] 2021-03-02 13:51:15.454 [main] Ejb3Column - Binding column: Ejb3DiscriminatorColumn{logicalColumnName'DTYPE', discriminatorTypeName='string'}
[DEBUG] 2021-03-02 13:51:15.463 [main] EntityBinder - Import with entity name User
[DEBUG] 2021-03-02 13:51:15.468 [main] EntityBinder - Bind entity com.hmkurth.entity.User on table users
[DEBUG] 2021-03-02 13:51:15.502 [main] Ejb3Column - Binding column: Ejb3Column{table=org.hibernate.mapping.Table(users), mappingColumn=id, insertable=true, updatable=true, unique=false}
[DEBUG] 2021-03-02 13:51:15.506 [main] PropertyBinder - MetadataSourceProcessor property id with lazy=false
[DEBUG] 2021-03-02 13:51:15.508 [main] AbstractPropertyHolder - Attempting to locate auto-apply AttributeConverter for property [com.hmkurth.entity.User:id]
[DEBUG] 2021-03-02 13:51:15.511 [main] SimpleValueBinder - building SimpleValue for id
[DEBUG] 2021-03-02 13:51:15.514 [main] PropertyBinder - Building property id
[DEBUG] 2021-03-02 13:51:15.519 [main] BinderHelper - #makeIdGenerator(org.hibernate.mapping.SimpleValue([org.hibernate.mapping.Column(id)]), id, org.hibernate.id.enhanced.SequenceStyleGenerator, native, ...)
[DEBUG] 2021-03-02 13:51:15.521 [main] Ejb3Column - Binding column: Ejb3Column{table=org.hibernate.mapping.Table(users), mappingColumn=email, insertable=true, updatable=true, unique=false}
[DEBUG] 2021-03-02 13:51:15.521 [main] PropertyBinder - MetadataSourceProcessor property email with lazy=false
[DEBUG] 2021-03-02 13:51:15.521 [main] AbstractPropertyHolder - Attempting to locate auto-apply AttributeConverter for property [com.hmkurth.entity.User:email]
[DEBUG] 2021-03-02 13:51:15.521 [main] SimpleValueBinder - building SimpleValue for email
[DEBUG] 2021-03-02 13:51:15.521 [main] PropertyBinder - Building property email
[DEBUG] 2021-03-02 13:51:15.521 [main] Ejb3Column - Binding column: Ejb3Column{table=org.hibernate.mapping.Table(users), mappingColumn=first_name, insertable=true, updatable=true, unique=false}
[DEBUG] 2021-03-02 13:51:15.522 [main] PropertyBinder - MetadataSourceProcessor property firstName with lazy=false
[DEBUG] 2021-03-02 13:51:15.522 [main] AbstractPropertyHolder - Attempting to locate auto-apply AttributeConverter for property [com.hmkurth.entity.User:firstName]
[DEBUG] 2021-03-02 13:51:15.522 [main] SimpleValueBinder - building SimpleValue for firstName
[DEBUG] 2021-03-02 13:51:15.522 [main] PropertyBinder - Building property firstName
[DEBUG] 2021-03-02 13:51:15.522 [main] Ejb3Column - Binding column: Ejb3Column{table=org.hibernate.mapping.Table(users), mappingColumn=last_name, insertable=true, updatable=true, unique=false}
[DEBUG] 2021-03-02 13:51:15.522 [main] PropertyBinder - MetadataSourceProcessor property lastName with lazy=false
[DEBUG] 2021-03-02 13:51:15.522 [main] AbstractPropertyHolder - Attempting to locate auto-apply AttributeConverter for property [com.hmkurth.entity.User:lastName]
[DEBUG] 2021-03-02 13:51:15.522 [main] SimpleValueBinder - building SimpleValue for lastName
[DEBUG] 2021-03-02 13:51:15.522 [main] PropertyBinder - Building property lastName
[DEBUG] 2021-03-02 13:51:15.523 [main] Ejb3Column - Binding column: Ejb3Column{table=org.hibernate.mapping.Table(users), mappingColumn=user_password, insertable=true, updatable=true, unique=false}
[DEBUG] 2021-03-02 13:51:15.523 [main] PropertyBinder - MetadataSourceProcessor property password with lazy=false
[DEBUG] 2021-03-02 13:51:15.523 [main] AbstractPropertyHolder - Attempting to locate auto-apply AttributeConverter for property [com.hmkurth.entity.User:password]
[DEBUG] 2021-03-02 13:51:15.523 [main] SimpleValueBinder - building SimpleValue for password
[DEBUG] 2021-03-02 13:51:15.523 [main] PropertyBinder - Building property password
[DEBUG] 2021-03-02 13:51:15.525 [main] Ejb3Column - Binding column: Ejb3JoinColumn{logicalColumnName='null', referencedColumn='null', mappedBy='user'}
[DEBUG] 2021-03-02 13:51:15.525 [main] Ejb3Column - Binding column: Ejb3Column{table=org.hibernate.mapping.Table(users), mappingColumn=roles, insertable=true, updatable=true, unique=false}
[DEBUG] 2021-03-02 13:51:15.528 [main] Ejb3Column - Binding column: Ejb3Column{table=org.hibernate.mapping.Table(users), mappingColumn=null, insertable=true, updatable=true, unique=false}
[DEBUG] 2021-03-02 13:51:15.539 [main] Ejb3Column - Binding column: Ejb3Column{table=org.hibernate.mapping.Table(users), mappingColumn=element, insertable=true, updatable=true, unique=false}
[DEBUG] 2021-03-02 13:51:15.540 [main] Ejb3Column - Binding column: Ejb3Column{table=org.hibernate.mapping.Table(users), mappingColumn=roles_KEY, insertable=true, updatable=true, unique=false}
[DEBUG] 2021-03-02 13:51:15.541 [main] Ejb3Column - Binding column: Ejb3JoinColumn{logicalColumnName='roles_KEY', referencedColumn='null', mappedBy='null'}
[DEBUG] 2021-03-02 13:51:15.543 [main] Ejb3Column - Binding column: Ejb3JoinColumn{logicalColumnName='null', referencedColumn='null', mappedBy='user'}
[DEBUG] 2021-03-02 13:51:15.543 [main] Ejb3Column - Binding column: Ejb3JoinColumn{logicalColumnName='null', referencedColumn='null', mappedBy='user'}
[DEBUG] 2021-03-02 13:51:15.544 [main] CollectionBinder - Collection role: com.hmkurth.entity.User.roles
[DEBUG] 2021-03-02 13:51:15.548 [main] PropertyBinder - Building property roles
[DEBUG] 2021-03-02 13:51:15.548 [main] Ejb3Column - Binding column: Ejb3Column{table=org.hibernate.mapping.Table(users), mappingColumn=user_name, insertable=true, updatable=true, unique=false}
[DEBUG] 2021-03-02 13:51:15.549 [main] PropertyBinder - MetadataSourceProcessor property userName with lazy=false
[DEBUG] 2021-03-02 13:51:15.549 [main] AbstractPropertyHolder - Attempting to locate auto-apply AttributeConverter for property [com.hmkurth.entity.User:userName]
[DEBUG] 2021-03-02 13:51:15.549 [main] SimpleValueBinder - building SimpleValue for userName
[DEBUG] 2021-03-02 13:51:15.549 [main] PropertyBinder - Building property userName
[DEBUG] 2021-03-02 13:51:15.550 [main] AnnotationBinder - Binding entity from annotated class: com.hmkurth.entity.UserRoles
[DEBUG] 2021-03-02 13:51:15.551 [main] Ejb3Column - Binding column: Ejb3DiscriminatorColumn{logicalColumnName'DTYPE', discriminatorTypeName='string'}
[DEBUG] 2021-03-02 13:51:15.551 [main] EntityBinder - Import with entity name UserRoles
[DEBUG] 2021-03-02 13:51:15.551 [main] EntityBinder - Bind entity com.hmkurth.entity.UserRoles on table user_roles
[DEBUG] 2021-03-02 13:51:15.557 [main] Ejb3Column - Binding column: Ejb3Column{table=org.hibernate.mapping.Table(user_roles), mappingColumn=id, insertable=true, updatable=true, unique=false}
[DEBUG] 2021-03-02 13:51:15.557 [main] PropertyBinder - MetadataSourceProcessor property id with lazy=false
[DEBUG] 2021-03-02 13:51:15.558 [main] AbstractPropertyHolder - Attempting to locate auto-apply AttributeConverter for property [com.hmkurth.entity.UserRoles:id]
[DEBUG] 2021-03-02 13:51:15.558 [main] SimpleValueBinder - building SimpleValue for id
[DEBUG] 2021-03-02 13:51:15.558 [main] PropertyBinder - Building property id
[DEBUG] 2021-03-02 13:51:15.558 [main] BinderHelper - #makeIdGenerator(org.hibernate.mapping.SimpleValue([org.hibernate.mapping.Column(id)]), id, org.hibernate.id.enhanced.SequenceStyleGenerator, native, ...)
[DEBUG] 2021-03-02 13:51:15.558 [main] Ejb3Column - Binding column: Ejb3Column{table=org.hibernate.mapping.Table(user_roles), mappingColumn=role_name, insertable=true, updatable=true, unique=false}
[DEBUG] 2021-03-02 13:51:15.558 [main] PropertyBinder - MetadataSourceProcessor property roleName with lazy=false
[DEBUG] 2021-03-02 13:51:15.558 [main] AbstractPropertyHolder - Attempting to locate auto-apply AttributeConverter for property [com.hmkurth.entity.UserRoles:roleName]
[DEBUG] 2021-03-02 13:51:15.559 [main] SimpleValueBinder - building SimpleValue for roleName
[DEBUG] 2021-03-02 13:51:15.559 [main] PropertyBinder - Building property roleName
[DEBUG] 2021-03-02 13:51:15.559 [main] Ejb3Column - Binding column: Ejb3JoinColumn{logicalColumnName='users_id', referencedColumn='', mappedBy=''}
[DEBUG] 2021-03-02 13:51:15.559 [main] Ejb3Column - Binding column: Ejb3Column{table=org.hibernate.mapping.Table(user_roles), mappingColumn=user, insertable=true, updatable=true, unique=false}
[DEBUG] 2021-03-02 13:51:15.562 [main] PropertyBinder - Building property user
[DEBUG] 2021-03-02 13:51:15.562 [main] Ejb3Column - Binding column: Ejb3Column{table=org.hibernate.mapping.Table(user_roles), mappingColumn=users_name, insertable=true, updatable=true, unique=false}
[DEBUG] 2021-03-02 13:51:15.562 [main] PropertyBinder - MetadataSourceProcessor property usersName with lazy=false
[DEBUG] 2021-03-02 13:51:15.562 [main] AbstractPropertyHolder - Attempting to locate auto-apply AttributeConverter for property [com.hmkurth.entity.UserRoles:usersName]
[DEBUG] 2021-03-02 13:51:15.562 [main] SimpleValueBinder - building SimpleValue for usersName
[DEBUG] 2021-03-02 13:51:15.562 [main] PropertyBinder - Building property usersName
[DEBUG] 2021-03-02 13:51:15.565 [main] SimpleValueBinder - Starting fillSimpleValue for id
[DEBUG] 2021-03-02 13:51:15.565 [main] SimpleValueBinder - Starting fillSimpleValue for email
[DEBUG] 2021-03-02 13:51:15.565 [main] SimpleValueBinder - Starting fillSimpleValue for firstName
[DEBUG] 2021-03-02 13:51:15.565 [main] SimpleValueBinder - Starting fillSimpleValue for lastName
[DEBUG] 2021-03-02 13:51:15.565 [main] SimpleValueBinder - Starting fillSimpleValue for password
[DEBUG] 2021-03-02 13:51:15.565 [main] SimpleValueBinder - Starting fillSimpleValue for userName
[DEBUG] 2021-03-02 13:51:15.565 [main] SimpleValueBinder - Starting fillSimpleValue for id
[DEBUG] 2021-03-02 13:51:15.565 [main] SimpleValueBinder - Starting fillSimpleValue for roleName
[DEBUG] 2021-03-02 13:51:15.565 [main] SimpleValueBinder - Starting fillSimpleValue for usersName
[DEBUG] 2021-03-02 13:51:15.570 [main] PrimaryKey - Forcing column [id] to be non-null as it is part of the primary key for table [users]
[DEBUG] 2021-03-02 13:51:15.571 [main] PrimaryKey - Forcing column [id] to be non-null as it is part of the primary key for table [user_roles]
[DEBUG] 2021-03-02 13:51:15.571 [main] CollectionSecondPass - Second pass for collection: com.hmkurth.entity.User.roles
[DEBUG] 2021-03-02 13:51:15.572 [main] CollectionBinder - Binding a OneToMany: com.hmkurth.entity.User.roles through a foreign key
[DEBUG] 2021-03-02 13:51:15.573 [main] CollectionBinder - Mapping collection: com.hmkurth.entity.User.roles -> user_roles
[DEBUG] 2021-03-02 13:51:15.575 [main] TableBinder - Retrieving property com.hmkurth.entity.UserRoles.user
[DEBUG] 2021-03-02 13:51:15.576 [main] CollectionSecondPass - Mapped collection key: users_id, one-to-many: com.hmkurth.entity.UserRoles
[DEBUG] 2021-03-02 13:51:15.576 [main] InFlightMetadataCollectorImpl - Resolving reference to class: com.hmkurth.entity.User
[DEBUG] 2021-03-02 13:51:15.579 [main] InFlightMetadataCollectorImpl - Resolving reference to class: com.hmkurth.entity.User
[DEBUG] 2021-03-02 13:51:15.633 [main] SessionFactoryImpl - Building session factory
[DEBUG] 2021-03-02 13:51:15.634 [main] Settings - SessionFactory name : null
[DEBUG] 2021-03-02 13:51:15.634 [main] Settings - Automatic flush during beforeCompletion(): enabled
[DEBUG] 2021-03-02 13:51:15.634 [main] Settings - Automatic session close at end of transaction: disabled
[DEBUG] 2021-03-02 13:51:15.634 [main] Settings - Statistics: disabled
[DEBUG] 2021-03-02 13:51:15.634 [main] Settings - Deleted entity synthetic identifier rollback: disabled
[DEBUG] 2021-03-02 13:51:15.634 [main] Settings - Default entity-mode: pojo
[DEBUG] 2021-03-02 13:51:15.635 [main] Settings - Check Nullability in Core (should be disabled when Bean Validation is on): enabled
[DEBUG] 2021-03-02 13:51:15.635 [main] Settings - Allow initialization of lazy state outside session : disabled
[DEBUG] 2021-03-02 13:51:15.635 [main] Settings - Using BatchFetchStyle : LEGACY
[DEBUG] 2021-03-02 13:51:15.635 [main] Settings - Default batch fetch size: -1
[DEBUG] 2021-03-02 13:51:15.635 [main] Settings - Maximum outer join fetch depth: 2
[DEBUG] 2021-03-02 13:51:15.635 [main] Settings - Default null ordering: NONE
[DEBUG] 2021-03-02 13:51:15.635 [main] Settings - Order SQL updates by primary key: disabled
[DEBUG] 2021-03-02 13:51:15.635 [main] Settings - Order SQL inserts for batching: disabled
[DEBUG] 2021-03-02 13:51:15.635 [main] Settings - multi-tenancy strategy : NONE
[DEBUG] 2021-03-02 13:51:15.635 [main] Settings - JTA Track by Thread: enabled
[DEBUG] 2021-03-02 13:51:15.635 [main] Settings - Query language substitutions: {}
[DEBUG] 2021-03-02 13:51:15.635 [main] Settings - Named query checking : enabled
[DEBUG] 2021-03-02 13:51:15.635 [main] Settings - Second-level cache: disabled
[DEBUG] 2021-03-02 13:51:15.635 [main] Settings - Second-level query cache: disabled
[DEBUG] 2021-03-02 13:51:15.635 [main] Settings - Second-level query cache factory: null
[DEBUG] 2021-03-02 13:51:15.635 [main] Settings - Second-level cache region prefix: null
[DEBUG] 2021-03-02 13:51:15.636 [main] Settings - Optimize second-level cache for minimal puts: disabled
[DEBUG] 2021-03-02 13:51:15.636 [main] Settings - Structured second-level cache entries: disabled
[DEBUG] 2021-03-02 13:51:15.636 [main] Settings - Second-level cache direct-reference entries: disabled
[DEBUG] 2021-03-02 13:51:15.636 [main] Settings - Automatic eviction of collection cache: disabled
[DEBUG] 2021-03-02 13:51:15.636 [main] Settings - JDBC batch size: 15
[DEBUG] 2021-03-02 13:51:15.636 [main] Settings - JDBC batch updates for versioned data: enabled
[DEBUG] 2021-03-02 13:51:15.636 [main] Settings - Scrollable result sets: enabled
[DEBUG] 2021-03-02 13:51:15.636 [main] Settings - Wrap result sets: disabled
[DEBUG] 2021-03-02 13:51:15.636 [main] Settings - JDBC3 getGeneratedKeys(): enabled
[DEBUG] 2021-03-02 13:51:15.636 [main] Settings - JDBC result set fetch size: null
[DEBUG] 2021-03-02 13:51:15.636 [main] Settings - Connection release mode: AFTER_TRANSACTION
[DEBUG] 2021-03-02 13:51:15.636 [main] Settings - Generate SQL with comments: disabled
[DEBUG] 2021-03-02 13:51:15.636 [main] Settings - JPA compliance - query : 
[DEBUG] 2021-03-02 13:51:15.636 [main] Settings - JPA compliance - closed-handling : 
[DEBUG] 2021-03-02 13:51:15.636 [main] Settings - JPA compliance - lists : 
[DEBUG] 2021-03-02 13:51:15.636 [main] Settings - JPA compliance - transactions : 
[INFO ] 2021-03-02 13:51:15.704 [main] beans - HHH10005002: No explicit CDI BeanManager reference was passed to Hibernate, but CDI is available on the Hibernate ClassLoader.
[DEBUG] 2021-03-02 13:51:15.729 [main] SessionFactoryImpl - Session factory constructed with filter configurations : {}
[DEBUG] 2021-03-02 13:51:15.729 [main] SessionFactoryImpl - Instantiating session factory with properties: {sun.desktop=windows, awt.toolkit=sun.awt.windows.WToolkit, java.specification.version=11, sun.cpu.isalist=amd64, hibernate.c3p0.idle_test_period=3000, sun.jnu.encoding=Cp1252, hibernate.c3p0.min_size=5, java.class.path=C:\Program Files\JetBrains\IntelliJ IDEA 2020.3.1\lib\idea_rt.jar;C:\Program Files\JetBrains\IntelliJ IDEA 2020.3.1\plugins\junit\lib\junit5-rt.jar;C:\Program Files\JetBrains\IntelliJ IDEA 2020.3.1\plugins\junit\lib\junit-rt.jar;C:\Users\heath\IdeaProjects\CommunityFoodResources\CommunityFoodResources\target\test-classes;C:\Users\heath\IdeaProjects\CommunityFoodResources\CommunityFoodResources\target\classes;C:\Users\heath\.m2\repository\org\hibernate\hibernate-core\5.4.4.Final\hibernate-core-5.4.4.Final.jar;C:\Users\heath\.m2\repository\org\jboss\logging\jboss-logging\3.3.2.Final\jboss-logging-3.3.2.Final.jar;C:\Users\heath\.m2\repository\javax\persistence\javax.persistence-api\2.2\javax.persistence-api-2.2.jar;C:\Users\heath\.m2\repository\org\javassist\javassist\3.24.0-GA\javassist-3.24.0-GA.jar;C:\Users\heath\.m2\repository\net\bytebuddy\byte-buddy\1.9.11\byte-buddy-1.9.11.jar;C:\Users\heath\.m2\repository\antlr\antlr\2.7.7\antlr-2.7.7.jar;C:\Users\heath\.m2\repository\org\jboss\spec\javax\transaction\jboss-transaction-api_1.2_spec\1.1.1.Final\jboss-transaction-api_1.2_spec-1.1.1.Final.jar;C:\Users\heath\.m2\repository\org\jboss\jandex\2.0.5.Final\jandex-2.0.5.Final.jar;C:\Users\heath\.m2\repository\com\fasterxml\classmate\1.3.4\classmate-1.3.4.jar;C:\Users\heath\.m2\repository\javax\activation\javax.activation-api\1.2.0\javax.activation-api-1.2.0.jar;C:\Users\heath\.m2\repository\org\dom4j\dom4j\2.1.1\dom4j-2.1.1.jar;C:\Users\heath\.m2\repository\org\hibernate\common\hibernate-commons-annotations\5.1.0.Final\hibernate-commons-annotations-5.1.0.Final.jar;C:\Users\heath\.m2\repository\javax\xml\bind\jaxb-api\2.3.1\jaxb-api-2.3.1.jar;C:\Users\heath\.m2\repository\org\glassfish\jaxb\jaxb-runtime\2.3.1\jaxb-runtime-2.3.1.jar;C:\Users\heath\.m2\repository\org\glassfish\jaxb\txw2\2.3.1\txw2-2.3.1.jar;C:\Users\heath\.m2\repository\com\sun\istack\istack-commons-runtime\3.0.7\istack-commons-runtime-3.0.7.jar;C:\Users\heath\.m2\repository\org\jvnet\staxex\stax-ex\1.8\stax-ex-1.8.jar;C:\Users\heath\.m2\repository\com\sun\xml\fastinfoset\FastInfoset\1.2.15\FastInfoset-1.2.15.jar;C:\Users\heath\.m2\repository\org\hibernate\hibernate-c3p0\5.4.4.Final\hibernate-c3p0-5.4.4.Final.jar;C:\Users\heath\.m2\repository\com\mchange\c3p0\0.9.5.3\c3p0-0.9.5.3.jar;C:\Users\heath\.m2\repository\com\mchange\mchange-commons-java\0.2.15\mchange-commons-java-0.2.15.jar;C:\Users\heath\.m2\repository\org\apache\logging\log4j\log4j-api\2.10.0\log4j-api-2.10.0.jar;C:\Users\heath\.m2\repository\org\apache\logging\log4j\log4j-core\2.10.0\log4j-core-2.10.0.jar;C:\Users\heath\.m2\repository\junit\junit\4.12\junit-4.12.jar;C:\Users\heath\.m2\repository\org\hamcrest\hamcrest-core\1.3\hamcrest-core-1.3.jar;C:\Users\heath\.m2\repository\javax\javaee-web-api\7.0\javaee-web-api-7.0.jar;C:\Users\heath\.m2\repository\mysql\mysql-connector-java\8.0.23\mysql-connector-java-8.0.23.jar;C:\Users\heath\.m2\repository\com\google\protobuf\protobuf-java\3.11.4\protobuf-java-3.11.4.jar;C:\Users\heath\.m2\repository\org\junit\platform\junit-platform-runner\1.0.0\junit-platform-runner-1.0.0.jar;C:\Users\heath\.m2\repository\org\apiguardian\apiguardian-api\1.0.0\apiguardian-api-1.0.0.jar;C:\Users\heath\.m2\repository\org\junit\platform\junit-platform-launcher\1.0.0\junit-platform-launcher-1.0.0.jar;C:\Users\heath\.m2\repository\org\junit\platform\junit-platform-suite-api\1.0.0\junit-platform-suite-api-1.0.0.jar;C:\Users\heath\.m2\repository\org\junit\platform\junit-platform-commons\1.0.0\junit-platform-commons-1.0.0.jar;C:\Users\heath\.m2\repository\org\junit\vintage\junit-vintage-engine\4.12.0\junit-vintage-engine-4.12.0.jar;C:\Users\heath\.m2\repository\org\junit\platform\junit-platform-engine\1.0.0\junit-platform-engine-1.0.0.jar;C:\Users\heath\.m2\repository\org\opentest4j\opentest4j\1.0.0\opentest4j-1.0.0.jar;C:\Users\heath\.m2\repository\org\junit\jupiter\junit-jupiter-engine\5.0.0\junit-jupiter-engine-5.0.0.jar;C:\Users\heath\.m2\repository\org\junit\jupiter\junit-jupiter-api\5.0.0\junit-jupiter-api-5.0.0.jar, java.vm.vendor=Oracle Corporation, sun.arch.data.model=64, idea.test.cyclic.buffer.size=1048576, user.variant=, java.vendor.url=https://openjdk.java.net/, user.timezone=America/Chicago, os.name=Windows 10, java.vm.specification.version=11, sun.java.launcher=SUN_STANDARD, user.country=US, sun.boot.library.path=C:\Program Files\Java\jdk-11.0.10\bin, sun.java.command=com.intellij.rt.junit.JUnitStarter -ideVersion5 -junit5 @w@C:\Users\heath\AppData\Local\Temp\idea_working_dirs_junit.tmp @C:\Users\heath\AppData\Local\Temp\idea_junit.tmp, jdk.debug=release, sun.cpu.endian=little, user.home=C:\Users\heath, hibernate.c3p0.max_statements=50, user.language=en, java.specification.vendor=Oracle Corporation, java.version.date=2021-01-19, java.home=C:\Program Files\Java\jdk-11.0.10, file.separator=\, java.vm.compressedOopsMode=32-bit, line.separator=
, hibernate.c3p0.timeout=300, java.specification.name=Java Platform API Specification, java.vm.specification.vendor=Oracle Corporation, java.awt.graphicsenv=sun.awt.Win32GraphicsEnvironment, user.script=, connection.password=moony777, sun.management.compiler=HotSpot 64-Bit Tiered Compilers, hibernate.c3p0.max_size=20, java.runtime.version=11.0.10+8-LTS-162, user.name=heath, path.separator=;, hibernate.connection.username=****, os.version=10.0, java.runtime.name=Java(TM) SE Runtime Environment, hibernate.connection.url=jdbc:mysql://localhost:3306/testschema, file.encoding=UTF-8, java.vm.name=Java HotSpot(TM) 64-Bit Server VM, java.vendor.version=18.9, hibernate.connection.driver_class=com.mysql.cj.jdbc.Driver, java.vendor.url.bug=https://bugreport.java.com/bugreport/, java.io.tmpdir=C:\Users\heath\AppData\Local\Temp\, java.version=11.0.10, user.dir=C:\Users\heath\IdeaProjects\CommunityFoodResources\CommunityFoodResources, os.arch=amd64, connection.username=root, java.vm.specification.name=Java Virtual Machine Specification, java.awt.printerjob=sun.awt.windows.WPrinterJob, hibernate.connection.password=****, sun.os.patch.level=, connection.driver_class=com.mysql.cj.jdbc.Driver, hibernate.boot.CfgXmlAccessService.key=org.hibernate.boot.cfgxml.spi.LoadedConfig@27dc627a, java.library.path=C:\Program Files\Java\jdk-11.0.10\bin;C:\windows\Sun\Java\bin;C:\windows\system32;C:\windows;C:\Program Files\Common Files\Oracle\Java\javapath;C:\Python39\Scripts\;C:\Python39\;C:\Program Files\Java\jdk1.8.0_241\bin;C:\windows\system32;C:\windows;C:\windows\System32\Wbem;C:\windows\System32\WindowsPowerShell\v1.0\;C:\windows\System32\OpenSSH\;C:\Program Files\nodejs\;C:\ProgramData\chocolatey\bin;C:\Program Files\Git\cmd;C:\Program Files (x86)\PuTTY\;C:\Users\heath\AppData\Local\Microsoft\WindowsApps;C:\Users\heath\AppData\Local\atom\bin;C:\Users\heath\AppData\Roaming\npm;C:\Users\heath\AppData\Local\Programs\Microsoft VS Code\bin;C:\Users\heath\AppData\Local\GitHubDesktop\bin;., java.vendor=Oracle Corporation, java.vm.info=mixed mode, java.vm.version=11.0.10+8-LTS-162, hibernate.bytecode.use_reflection_optimizer=false, sun.io.unicode.encoding=UnicodeLittle, connection.url=jdbc:mysql://localhost:3306/testschema, java.class.version=55.0}
[DEBUG] 2021-03-02 13:51:15.755 [main] TypeSafeActivator - Unable to acquire Bean Validation ValidatorFactory, skipping activation
[DEBUG] 2021-03-02 13:51:15.755 [main] JaccIntegrator - Skipping JACC integration as it was not enabled
[DEBUG] 2021-03-02 13:51:15.756 [main] SessionFactoryImpl - Instantiated session factory
[DEBUG] 2021-03-02 13:51:15.756 [main] TypeConfiguration$Scope - Scoping TypeConfiguration [org.hibernate.type.spi.TypeConfiguration@6e0e5dec] to SessionFactoryImpl [org.hibernate.internal.SessionFactoryImpl@72b0a004]
[DEBUG] 2021-03-02 13:51:15.837 [main] ClassLoaderAccessImpl - Not known whether passed class name [com.hmkurth.entity.UserRoles] is safe
[DEBUG] 2021-03-02 13:51:15.837 [main] ClassLoaderAccessImpl - No temp ClassLoader provided; using live ClassLoader for loading potentially unsafe class : com.hmkurth.entity.UserRoles
[DEBUG] 2021-03-02 13:51:15.866 [main] ClassLoaderAccessImpl - Not known whether passed class name [com.hmkurth.entity.UserRoles] is safe
[DEBUG] 2021-03-02 13:51:15.866 [main] ClassLoaderAccessImpl - No temp ClassLoader provided; using live ClassLoader for loading potentially unsafe class : com.hmkurth.entity.UserRoles
[DEBUG] 2021-03-02 13:51:16.158 [main] ClassLoaderAccessImpl - Not known whether passed class name [com.hmkurth.entity.User] is safe
[DEBUG] 2021-03-02 13:51:16.158 [main] ClassLoaderAccessImpl - No temp ClassLoader provided; using live ClassLoader for loading potentially unsafe class : com.hmkurth.entity.User
[DEBUG] 2021-03-02 13:51:16.160 [main] ClassLoaderAccessImpl - Not known whether passed class name [com.hmkurth.entity.User] is safe
[DEBUG] 2021-03-02 13:51:16.160 [main] ClassLoaderAccessImpl - No temp ClassLoader provided; using live ClassLoader for loading potentially unsafe class : com.hmkurth.entity.User
[DEBUG] 2021-03-02 13:51:16.194 [main] AbstractCollectionPersister - Static SQL for collection: com.hmkurth.entity.User.roles
[DEBUG] 2021-03-02 13:51:16.194 [main] AbstractCollectionPersister -  Row insert: update user_roles set users_id=? where id=?
[DEBUG] 2021-03-02 13:51:16.194 [main] AbstractCollectionPersister -  Row update: update user_roles set  where id=?
[DEBUG] 2021-03-02 13:51:16.194 [main] AbstractCollectionPersister -  Row delete: update user_roles set users_id=null where users_id=? and id=?
[DEBUG] 2021-03-02 13:51:16.194 [main] AbstractCollectionPersister -  One-shot delete: update user_roles set users_id=null where users_id=?
[DEBUG] 2021-03-02 13:51:16.199 [main] AbstractEntityPersister - Static SQL for entity: com.hmkurth.entity.UserRoles
[DEBUG] 2021-03-02 13:51:16.199 [main] AbstractEntityPersister -  Version select: select id from user_roles where id =?
[DEBUG] 2021-03-02 13:51:16.199 [main] AbstractEntityPersister -  Snapshot select: select userroles_.id, userroles_.role_name as role_nam2_0_, userroles_.users_id as users_id4_0_, userroles_.users_name as users_na3_0_ from user_roles userroles_ where userroles_.id=?
[DEBUG] 2021-03-02 13:51:16.199 [main] AbstractEntityPersister -  Insert 0: insert into user_roles (role_name, users_id, users_name, id) values (?, ?, ?, ?)
[DEBUG] 2021-03-02 13:51:16.199 [main] AbstractEntityPersister -  Update 0: update user_roles set role_name=?, users_id=?, users_name=? where id=?
[DEBUG] 2021-03-02 13:51:16.199 [main] AbstractEntityPersister -  Delete 0: delete from user_roles where id=?
[DEBUG] 2021-03-02 13:51:16.199 [main] AbstractEntityPersister -  Identity insert: insert into user_roles (role_name, users_id, users_name) values (?, ?, ?)
[DEBUG] 2021-03-02 13:51:16.230 [main] QuerySpacesImpl - Adding QuerySpace : uid = <gen:0> -> org.hibernate.loader.plan.build.internal.spaces.EntityQuerySpaceImpl@2450256f]
[DEBUG] 2021-03-02 13:51:16.231 [main] MetamodelGraphWalker - Visiting attribute path : roleName
[DEBUG] 2021-03-02 13:51:16.232 [main] MetamodelGraphWalker - Visiting attribute path : user
[DEBUG] 2021-03-02 13:51:16.238 [main] QuerySpacesImpl - Adding QuerySpace : uid = <gen:1> -> org.hibernate.loader.plan.build.internal.spaces.EntityQuerySpaceImpl@24e5389c]
[DEBUG] 2021-03-02 13:51:16.240 [main] MetamodelGraphWalker - Visiting attribute path : user.email
[DEBUG] 2021-03-02 13:51:16.240 [main] MetamodelGraphWalker - Visiting attribute path : user.firstName
[DEBUG] 2021-03-02 13:51:16.240 [main] MetamodelGraphWalker - Visiting attribute path : user.lastName
[DEBUG] 2021-03-02 13:51:16.240 [main] MetamodelGraphWalker - Visiting attribute path : user.password
[DEBUG] 2021-03-02 13:51:16.240 [main] MetamodelGraphWalker - Visiting attribute path : user.roles
[DEBUG] 2021-03-02 13:51:16.240 [main] MetamodelGraphWalker - Property path deemed to be circular : user.roles
[DEBUG] 2021-03-02 13:51:16.241 [main] MetamodelGraphWalker - Visiting attribute path : user.userName
[DEBUG] 2021-03-02 13:51:16.241 [main] MetamodelGraphWalker - Visiting attribute path : usersName
[DEBUG] 2021-03-02 13:51:16.241 [main] FetchStyleLoadPlanBuildingAssociationVisitationStrategy - Building LoadPlan...
[DEBUG] 2021-03-02 13:51:16.256 [main] LoadQueryJoinAndFetchProcessor - processing queryspace <gen:0>
[DEBUG] 2021-03-02 13:51:16.261 [main] LoadPlanTreePrinter - LoadPlan(entity=com.hmkurth.entity.UserRoles)
    - Returns
       - EntityReturnImpl(entity=com.hmkurth.entity.UserRoles, querySpaceUid=<gen:0>, path=com.hmkurth.entity.UserRoles)
          - EntityAttributeFetchImpl(entity=com.hmkurth.entity.User, querySpaceUid=<gen:1>, path=com.hmkurth.entity.UserRoles.user)
    - QuerySpaces
       - EntityQuerySpaceImpl(uid=<gen:0>, entity=com.hmkurth.entity.UserRoles)
          - SQL table alias mapping - userroles0_
          - alias suffix - 0_
          - suffixed key columns - {id1_0_0_}
          - JOIN (JoinDefinedByMetadata(user)) : <gen:0> -> <gen:1>
             - EntityQuerySpaceImpl(uid=<gen:1>, entity=com.hmkurth.entity.User)
                - SQL table alias mapping - user1_
                - alias suffix - 1_
                - suffixed key columns - {id1_1_1_}

[DEBUG] 2021-03-02 13:51:16.264 [main] EntityLoader - Static select for entity com.hmkurth.entity.UserRoles [NONE]: select userroles0_.id as id1_0_0_, userroles0_.role_name as role_nam2_0_0_, userroles0_.users_id as users_id4_0_0_, userroles0_.users_name as users_na3_0_0_, user1_.id as id1_1_1_, user1_.email as email2_1_1_, user1_.first_name as first_na3_1_1_, user1_.last_name as last_nam4_1_1_, user1_.user_password as user_pas5_1_1_, user1_.user_name as user_nam6_1_1_ from user_roles userroles0_ left outer join users user1_ on userroles0_.users_id=user1_.id where userroles0_.id=?
[DEBUG] 2021-03-02 13:51:16.264 [main] QuerySpacesImpl - Adding QuerySpace : uid = <gen:0> -> org.hibernate.loader.plan.build.internal.spaces.EntityQuerySpaceImpl@6c8f4bc7]
[DEBUG] 2021-03-02 13:51:16.264 [main] MetamodelGraphWalker - Visiting attribute path : roleName
[DEBUG] 2021-03-02 13:51:16.264 [main] MetamodelGraphWalker - Visiting attribute path : user
[DEBUG] 2021-03-02 13:51:16.264 [main] QuerySpacesImpl - Adding QuerySpace : uid = <gen:1> -> org.hibernate.loader.plan.build.internal.spaces.EntityQuerySpaceImpl@28989415]
[DEBUG] 2021-03-02 13:51:16.265 [main] MetamodelGraphWalker - Visiting attribute path : user.email
[DEBUG] 2021-03-02 13:51:16.265 [main] MetamodelGraphWalker - Visiting attribute path : user.firstName
[DEBUG] 2021-03-02 13:51:16.265 [main] MetamodelGraphWalker - Visiting attribute path : user.lastName
[DEBUG] 2021-03-02 13:51:16.265 [main] MetamodelGraphWalker - Visiting attribute path : user.password
[DEBUG] 2021-03-02 13:51:16.265 [main] MetamodelGraphWalker - Visiting attribute path : user.roles
[DEBUG] 2021-03-02 13:51:16.265 [main] MetamodelGraphWalker - Property path deemed to be circular : user.roles
[DEBUG] 2021-03-02 13:51:16.265 [main] MetamodelGraphWalker - Visiting attribute path : user.userName
[DEBUG] 2021-03-02 13:51:16.265 [main] MetamodelGraphWalker - Visiting attribute path : usersName
[DEBUG] 2021-03-02 13:51:16.265 [main] FetchStyleLoadPlanBuildingAssociationVisitationStrategy - Building LoadPlan...
[DEBUG] 2021-03-02 13:51:16.265 [main] LoadQueryJoinAndFetchProcessor - processing queryspace <gen:0>
[DEBUG] 2021-03-02 13:51:16.265 [main] LoadPlanTreePrinter - LoadPlan(entity=com.hmkurth.entity.UserRoles)
    - Returns
       - EntityReturnImpl(entity=com.hmkurth.entity.UserRoles, querySpaceUid=<gen:0>, path=com.hmkurth.entity.UserRoles)
          - EntityAttributeFetchImpl(entity=com.hmkurth.entity.User, querySpaceUid=<gen:1>, path=com.hmkurth.entity.UserRoles.user)
    - QuerySpaces
       - EntityQuerySpaceImpl(uid=<gen:0>, entity=com.hmkurth.entity.UserRoles)
          - SQL table alias mapping - userroles0_
          - alias suffix - 0_
          - suffixed key columns - {id1_0_0_}
          - JOIN (JoinDefinedByMetadata(user)) : <gen:0> -> <gen:1>
             - EntityQuerySpaceImpl(uid=<gen:1>, entity=com.hmkurth.entity.User)
                - SQL table alias mapping - user1_
                - alias suffix - 1_
                - suffixed key columns - {id1_1_1_}

[DEBUG] 2021-03-02 13:51:16.266 [main] EntityLoader - Static select for entity com.hmkurth.entity.UserRoles [READ]: select userroles0_.id as id1_0_0_, userroles0_.role_name as role_nam2_0_0_, userroles0_.users_id as users_id4_0_0_, userroles0_.users_name as users_na3_0_0_, user1_.id as id1_1_1_, user1_.email as email2_1_1_, user1_.first_name as first_na3_1_1_, user1_.last_name as last_nam4_1_1_, user1_.user_password as user_pas5_1_1_, user1_.user_name as user_nam6_1_1_ from user_roles userroles0_ left outer join users user1_ on userroles0_.users_id=user1_.id where userroles0_.id=?
[DEBUG] 2021-03-02 13:51:16.280 [main] Loader - Static select for action ACTION_MERGE on entity com.hmkurth.entity.UserRoles: select userroles0_.id as id1_0_0_, userroles0_.role_name as role_nam2_0_0_, userroles0_.users_id as users_id4_0_0_, userroles0_.users_name as users_na3_0_0_ from user_roles userroles0_ where userroles0_.id=?
[DEBUG] 2021-03-02 13:51:16.280 [main] Loader - Static select for action ACTION_REFRESH on entity com.hmkurth.entity.UserRoles: select userroles0_.id as id1_0_0_, userroles0_.role_name as role_nam2_0_0_, userroles0_.users_id as users_id4_0_0_, userroles0_.users_name as users_na3_0_0_ from user_roles userroles0_ where userroles0_.id=?
[DEBUG] 2021-03-02 13:51:16.280 [main] AbstractEntityPersister - Static SQL for entity: com.hmkurth.entity.User
[DEBUG] 2021-03-02 13:51:16.280 [main] AbstractEntityPersister -  Version select: select id from users where id =?
[DEBUG] 2021-03-02 13:51:16.281 [main] AbstractEntityPersister -  Snapshot select: select user_.id, user_.email as email2_1_, user_.first_name as first_na3_1_, user_.last_name as last_nam4_1_, user_.user_password as user_pas5_1_, user_.user_name as user_nam6_1_ from users user_ where user_.id=?
[DEBUG] 2021-03-02 13:51:16.281 [main] AbstractEntityPersister -  Insert 0: insert into users (email, first_name, last_name, user_password, user_name, id) values (?, ?, ?, ?, ?, ?)
[DEBUG] 2021-03-02 13:51:16.281 [main] AbstractEntityPersister -  Update 0: update users set email=?, first_name=?, last_name=?, user_password=?, user_name=? where id=?
[DEBUG] 2021-03-02 13:51:16.281 [main] AbstractEntityPersister -  Delete 0: delete from users where id=?
[DEBUG] 2021-03-02 13:51:16.281 [main] AbstractEntityPersister -  Identity insert: insert into users (email, first_name, last_name, user_password, user_name) values (?, ?, ?, ?, ?)
[DEBUG] 2021-03-02 13:51:16.281 [main] QuerySpacesImpl - Adding QuerySpace : uid = <gen:0> -> org.hibernate.loader.plan.build.internal.spaces.EntityQuerySpaceImpl@52aa7742]
[DEBUG] 2021-03-02 13:51:16.281 [main] MetamodelGraphWalker - Visiting attribute path : email
[DEBUG] 2021-03-02 13:51:16.281 [main] MetamodelGraphWalker - Visiting attribute path : firstName
[DEBUG] 2021-03-02 13:51:16.281 [main] MetamodelGraphWalker - Visiting attribute path : lastName
[DEBUG] 2021-03-02 13:51:16.281 [main] MetamodelGraphWalker - Visiting attribute path : password
[DEBUG] 2021-03-02 13:51:16.281 [main] MetamodelGraphWalker - Visiting attribute path : roles
[DEBUG] 2021-03-02 13:51:16.282 [main] QuerySpacesImpl - Adding QuerySpace : uid = <gen:1> -> org.hibernate.loader.plan.build.internal.spaces.CollectionQuerySpaceImpl@1192c925]
[DEBUG] 2021-03-02 13:51:16.284 [main] QuerySpacesImpl - Adding QuerySpace : uid = <gen:2> -> org.hibernate.loader.plan.build.internal.spaces.EntityQuerySpaceImpl@5abf6a99]
[DEBUG] 2021-03-02 13:51:16.286 [main] MetamodelGraphWalker - Visiting attribute path : roles.roleName
[DEBUG] 2021-03-02 13:51:16.286 [main] MetamodelGraphWalker - Visiting attribute path : roles.user
[DEBUG] 2021-03-02 13:51:16.286 [main] MetamodelGraphWalker - Property path deemed to be circular : roles.user
[DEBUG] 2021-03-02 13:51:16.286 [main] MetamodelGraphWalker - Visiting attribute path : roles.usersName
[DEBUG] 2021-03-02 13:51:16.287 [main] MetamodelGraphWalker - Visiting attribute path : userName
[DEBUG] 2021-03-02 13:51:16.287 [main] FetchStyleLoadPlanBuildingAssociationVisitationStrategy - Building LoadPlan...
[DEBUG] 2021-03-02 13:51:16.287 [main] LoadQueryJoinAndFetchProcessor - processing queryspace <gen:0>
[DEBUG] 2021-03-02 13:51:16.290 [main] LoadPlanTreePrinter - LoadPlan(entity=com.hmkurth.entity.User)
    - Returns
       - EntityReturnImpl(entity=com.hmkurth.entity.User, querySpaceUid=<gen:0>, path=com.hmkurth.entity.User)
          - CollectionAttributeFetchImpl(collection=com.hmkurth.entity.User.roles, querySpaceUid=<gen:1>, path=com.hmkurth.entity.User.roles)
             - (collection element) CollectionFetchableElementEntityGraph(entity=com.hmkurth.entity.UserRoles, querySpaceUid=<gen:2>, path=com.hmkurth.entity.User.roles.<elements>)
    - QuerySpaces
       - EntityQuerySpaceImpl(uid=<gen:0>, entity=com.hmkurth.entity.User)
          - SQL table alias mapping - user0_
          - alias suffix - 0_
          - suffixed key columns - {id1_1_0_}
          - JOIN (JoinDefinedByMetadata(roles)) : <gen:0> -> <gen:1>
             - CollectionQuerySpaceImpl(uid=<gen:1>, collection=com.hmkurth.entity.User.roles)
                - SQL table alias mapping - roles1_
                - alias suffix - 1_
                - suffixed key columns - {users_id4_0_1_}
                - entity-element alias suffix - 2_
                - 2_entity-element suffixed key columns - id1_0_2_
                - JOIN (JoinDefinedByMetadata(elements)) : <gen:1> -> <gen:2>
                   - EntityQuerySpaceImpl(uid=<gen:2>, entity=com.hmkurth.entity.UserRoles)
                      - SQL table alias mapping - roles1_
                      - alias suffix - 2_
                      - suffixed key columns - {id1_0_2_}

[DEBUG] 2021-03-02 13:51:16.290 [main] EntityLoader - Static select for entity com.hmkurth.entity.User [NONE]: select user0_.id as id1_1_0_, user0_.email as email2_1_0_, user0_.first_name as first_na3_1_0_, user0_.last_name as last_nam4_1_0_, user0_.user_password as user_pas5_1_0_, user0_.user_name as user_nam6_1_0_, roles1_.users_id as users_id4_0_1_, roles1_.id as id1_0_1_, roles1_.id as id1_0_2_, roles1_.role_name as role_nam2_0_2_, roles1_.users_id as users_id4_0_2_, roles1_.users_name as users_na3_0_2_ from users user0_ left outer join user_roles roles1_ on user0_.id=roles1_.users_id where user0_.id=?
[DEBUG] 2021-03-02 13:51:16.290 [main] QuerySpacesImpl - Adding QuerySpace : uid = <gen:0> -> org.hibernate.loader.plan.build.internal.spaces.EntityQuerySpaceImpl@100bba26]
[DEBUG] 2021-03-02 13:51:16.290 [main] MetamodelGraphWalker - Visiting attribute path : email
[DEBUG] 2021-03-02 13:51:16.290 [main] MetamodelGraphWalker - Visiting attribute path : firstName
[DEBUG] 2021-03-02 13:51:16.290 [main] MetamodelGraphWalker - Visiting attribute path : lastName
[DEBUG] 2021-03-02 13:51:16.290 [main] MetamodelGraphWalker - Visiting attribute path : password
[DEBUG] 2021-03-02 13:51:16.290 [main] MetamodelGraphWalker - Visiting attribute path : roles
[DEBUG] 2021-03-02 13:51:16.290 [main] QuerySpacesImpl - Adding QuerySpace : uid = <gen:1> -> org.hibernate.loader.plan.build.internal.spaces.CollectionQuerySpaceImpl@76d0ecd7]
[DEBUG] 2021-03-02 13:51:16.290 [main] QuerySpacesImpl - Adding QuerySpace : uid = <gen:2> -> org.hibernate.loader.plan.build.internal.spaces.EntityQuerySpaceImpl@57c69937]
[DEBUG] 2021-03-02 13:51:16.290 [main] MetamodelGraphWalker - Visiting attribute path : roles.roleName
[DEBUG] 2021-03-02 13:51:16.291 [main] MetamodelGraphWalker - Visiting attribute path : roles.user
[DEBUG] 2021-03-02 13:51:16.291 [main] MetamodelGraphWalker - Property path deemed to be circular : roles.user
[DEBUG] 2021-03-02 13:51:16.291 [main] MetamodelGraphWalker - Visiting attribute path : roles.usersName
[DEBUG] 2021-03-02 13:51:16.291 [main] MetamodelGraphWalker - Visiting attribute path : userName
[DEBUG] 2021-03-02 13:51:16.291 [main] FetchStyleLoadPlanBuildingAssociationVisitationStrategy - Building LoadPlan...
[DEBUG] 2021-03-02 13:51:16.291 [main] LoadQueryJoinAndFetchProcessor - processing queryspace <gen:0>
[DEBUG] 2021-03-02 13:51:16.291 [main] LoadPlanTreePrinter - LoadPlan(entity=com.hmkurth.entity.User)
    - Returns
       - EntityReturnImpl(entity=com.hmkurth.entity.User, querySpaceUid=<gen:0>, path=com.hmkurth.entity.User)
          - CollectionAttributeFetchImpl(collection=com.hmkurth.entity.User.roles, querySpaceUid=<gen:1>, path=com.hmkurth.entity.User.roles)
             - (collection element) CollectionFetchableElementEntityGraph(entity=com.hmkurth.entity.UserRoles, querySpaceUid=<gen:2>, path=com.hmkurth.entity.User.roles.<elements>)
    - QuerySpaces
       - EntityQuerySpaceImpl(uid=<gen:0>, entity=com.hmkurth.entity.User)
          - SQL table alias mapping - user0_
          - alias suffix - 0_
          - suffixed key columns - {id1_1_0_}
          - JOIN (JoinDefinedByMetadata(roles)) : <gen:0> -> <gen:1>
             - CollectionQuerySpaceImpl(uid=<gen:1>, collection=com.hmkurth.entity.User.roles)
                - SQL table alias mapping - roles1_
                - alias suffix - 1_
                - suffixed key columns - {users_id4_0_1_}
                - entity-element alias suffix - 2_
                - 2_entity-element suffixed key columns - id1_0_2_
                - JOIN (JoinDefinedByMetadata(elements)) : <gen:1> -> <gen:2>
                   - EntityQuerySpaceImpl(uid=<gen:2>, entity=com.hmkurth.entity.UserRoles)
                      - SQL table alias mapping - roles1_
                      - alias suffix - 2_
                      - suffixed key columns - {id1_0_2_}

[DEBUG] 2021-03-02 13:51:16.292 [main] EntityLoader - Static select for entity com.hmkurth.entity.User [READ]: select user0_.id as id1_1_0_, user0_.email as email2_1_0_, user0_.first_name as first_na3_1_0_, user0_.last_name as last_nam4_1_0_, user0_.user_password as user_pas5_1_0_, user0_.user_name as user_nam6_1_0_, roles1_.users_id as users_id4_0_1_, roles1_.id as id1_0_1_, roles1_.id as id1_0_2_, roles1_.role_name as role_nam2_0_2_, roles1_.users_id as users_id4_0_2_, roles1_.users_name as users_na3_0_2_ from users user0_ left outer join user_roles roles1_ on user0_.id=roles1_.users_id where user0_.id=?
[DEBUG] 2021-03-02 13:51:16.293 [main] Loader - Static select for action ACTION_MERGE on entity com.hmkurth.entity.User: select user0_.id as id1_1_1_, user0_.email as email2_1_1_, user0_.first_name as first_na3_1_1_, user0_.last_name as last_nam4_1_1_, user0_.user_password as user_pas5_1_1_, user0_.user_name as user_nam6_1_1_, roles1_.users_id as users_id4_0_3_, roles1_.id as id1_0_3_, roles1_.id as id1_0_0_, roles1_.role_name as role_nam2_0_0_, roles1_.users_id as users_id4_0_0_, roles1_.users_name as users_na3_0_0_ from users user0_ left outer join user_roles roles1_ on user0_.id=roles1_.users_id where user0_.id=?
[DEBUG] 2021-03-02 13:51:16.293 [main] Loader - Static select for action ACTION_REFRESH on entity com.hmkurth.entity.User: select user0_.id as id1_1_1_, user0_.email as email2_1_1_, user0_.first_name as first_na3_1_1_, user0_.last_name as last_nam4_1_1_, user0_.user_password as user_pas5_1_1_, user0_.user_name as user_nam6_1_1_, roles1_.users_id as users_id4_0_3_, roles1_.id as id1_0_3_, roles1_.id as id1_0_0_, roles1_.role_name as role_nam2_0_0_, roles1_.users_id as users_id4_0_0_, roles1_.users_name as users_na3_0_0_ from users user0_ left outer join user_roles roles1_ on user0_.id=roles1_.users_id where user0_.id=?
[DEBUG] 2021-03-02 13:51:16.298 [main] QuerySpacesImpl - Adding QuerySpace : uid = <gen:0> -> org.hibernate.loader.plan.build.internal.spaces.CollectionQuerySpaceImpl@30036a18]
[DEBUG] 2021-03-02 13:51:16.298 [main] QuerySpacesImpl - Adding QuerySpace : uid = <gen:1> -> org.hibernate.loader.plan.build.internal.spaces.EntityQuerySpaceImpl@537b3b2e]
[DEBUG] 2021-03-02 13:51:16.298 [main] MetamodelGraphWalker - Visiting attribute path : roleName
[DEBUG] 2021-03-02 13:51:16.298 [main] MetamodelGraphWalker - Visiting attribute path : user
[DEBUG] 2021-03-02 13:51:16.298 [main] MetamodelGraphWalker - Property path deemed to be circular : user
[DEBUG] 2021-03-02 13:51:16.298 [main] MetamodelGraphWalker - Visiting attribute path : usersName
[DEBUG] 2021-03-02 13:51:16.298 [main] FetchStyleLoadPlanBuildingAssociationVisitationStrategy - Building LoadPlan...
[DEBUG] 2021-03-02 13:51:16.301 [main] LoadQueryJoinAndFetchProcessor - processing queryspace <gen:0>
[DEBUG] 2021-03-02 13:51:16.301 [main] LoadPlanTreePrinter - LoadPlan(collection=com.hmkurth.entity.User.roles)
    - Returns
       - CollectionReturnImpl(collection=com.hmkurth.entity.User.roles, querySpaceUid=<gen:0>, path=[com.hmkurth.entity.User.roles])
          - (collection element) CollectionFetchableElementEntityGraph(entity=com.hmkurth.entity.UserRoles, querySpaceUid=<gen:1>, path=[com.hmkurth.entity.User.roles].<elements>)
    - QuerySpaces
       - CollectionQuerySpaceImpl(uid=<gen:0>, collection=com.hmkurth.entity.User.roles)
          - SQL table alias mapping - roles0_
          - alias suffix - 0_
          - suffixed key columns - {users_id4_0_0_}
          - entity-element alias suffix - 1_
          - 1_entity-element suffixed key columns - id1_0_1_
          - JOIN (JoinDefinedByMetadata(elements)) : <gen:0> -> <gen:1>
             - EntityQuerySpaceImpl(uid=<gen:1>, entity=com.hmkurth.entity.UserRoles)
                - SQL table alias mapping - roles0_
                - alias suffix - 1_
                - suffixed key columns - {id1_0_1_}

[DEBUG] 2021-03-02 13:51:16.302 [main] CollectionLoader - Static select for collection com.hmkurth.entity.User.roles: select roles0_.users_id as users_id4_0_0_, roles0_.id as id1_0_0_, roles0_.id as id1_0_1_, roles0_.role_name as role_nam2_0_1_, roles0_.users_id as users_id4_0_1_, roles0_.users_name as users_na3_0_1_ from user_roles roles0_ where roles0_.users_id=?
[DEBUG] 2021-03-02 13:51:16.340 [main] SchemaManagementToolCoordinator - No actions specified; doing nothing
[DEBUG] 2021-03-02 13:51:16.340 [main] JtaPlatformInitiator - No JtaPlatform was specified, checking resolver
[DEBUG] 2021-03-02 13:51:16.340 [main] JtaPlatformResolverInitiator - No JtaPlatformResolver was specified, using default [org.hibernate.engine.transaction.jta.platform.internal.StandardJtaPlatformResolver]
[DEBUG] 2021-03-02 13:51:16.347 [main] StandardJtaPlatformResolver - Could not resolve JtaPlatform, using default [org.hibernate.engine.transaction.jta.platform.internal.NoJtaPlatform]
[INFO ] 2021-03-02 13:51:16.348 [main] JtaPlatformInitiator - HHH000490: Using JtaPlatform implementation: [org.hibernate.engine.transaction.jta.platform.internal.NoJtaPlatform]
[DEBUG] 2021-03-02 13:51:16.349 [main] NamedQueryRepository - Checking 0 named HQL queries
[DEBUG] 2021-03-02 13:51:16.349 [main] NamedQueryRepository - Checking 0 named SQL queries
[DEBUG] 2021-03-02 13:51:16.352 [main] SessionFactoryRegistry - Initializing SessionFactoryRegistry : org.hibernate.internal.SessionFactoryRegistry@4ef5dd23
[DEBUG] 2021-03-02 13:51:16.354 [main] SessionFactoryRegistry - Registering SessionFactory: 0dcbae8f-544c-498e-a963-e7e652a20f20 (<unnamed>)
[DEBUG] 2021-03-02 13:51:16.354 [main] SessionFactoryRegistry - Not binding SessionFactory to JNDI, no JNDI name configured
[DEBUG] 2021-03-02 13:51:16.450 [main] StatisticsInitiator - Statistics initialized [enabled=false]
[DEBUG] 2021-03-02 13:51:16.476 [main] SQL - select user0_.id as id1_1_0_, user0_.email as email2_1_0_, user0_.first_name as first_na3_1_0_, user0_.last_name as last_nam4_1_0_, user0_.user_password as user_pas5_1_0_, user0_.user_name as user_nam6_1_0_, roles1_.users_id as users_id4_0_1_, roles1_.id as id1_0_1_, roles1_.id as id1_0_2_, roles1_.role_name as role_nam2_0_2_, roles1_.users_id as users_id4_0_2_, roles1_.users_name as users_na3_0_2_ from users user0_ left outer join user_roles roles1_ on user0_.id=roles1_.users_id where user0_.id=?
[DEBUG] 2021-03-02 13:51:16.518 [main] ResultSetProcessorImpl - Starting ResultSet row #0
[DEBUG] 2021-03-02 13:51:16.521 [main] EntityReferenceInitializerImpl - On call to EntityIdentifierReaderImpl#resolve, EntityKey was already known; should only happen on root returns with an optional identifier specified
[DEBUG] 2021-03-02 13:51:16.537 [main] CollectionReferenceInitializerImpl - Found row of collection: [com.hmkurth.entity.User.roles#3]
[DEBUG] 2021-03-02 13:51:16.549 [main] TwoPhaseLoad - Resolving attributes for [com.hmkurth.entity.User#3]
[DEBUG] 2021-03-02 13:51:16.550 [main] TwoPhaseLoad - Processing attribute `email` : value = seast@mail
[DEBUG] 2021-03-02 13:51:16.550 [main] TwoPhaseLoad - Attribute (`email`)  - enhanced for lazy-loading? - false
[DEBUG] 2021-03-02 13:51:16.550 [main] TwoPhaseLoad - Processing attribute `firstName` : value = Barney
[DEBUG] 2021-03-02 13:51:16.550 [main] TwoPhaseLoad - Attribute (`firstName`)  - enhanced for lazy-loading? - false
[DEBUG] 2021-03-02 13:51:16.550 [main] TwoPhaseLoad - Processing attribute `lastName` : value = Curry
[DEBUG] 2021-03-02 13:51:16.551 [main] TwoPhaseLoad - Attribute (`lastName`)  - enhanced for lazy-loading? - false
[DEBUG] 2021-03-02 13:51:16.551 [main] TwoPhaseLoad - Processing attribute `password` : value = supersecret3
[DEBUG] 2021-03-02 13:51:16.551 [main] TwoPhaseLoad - Attribute (`password`)  - enhanced for lazy-loading? - false
[DEBUG] 2021-03-02 13:51:16.551 [main] TwoPhaseLoad - Processing attribute `roles` : value = NOT NULL COLLECTION
[DEBUG] 2021-03-02 13:51:16.551 [main] TwoPhaseLoad - Attribute (`roles`)  - enhanced for lazy-loading? - false
[DEBUG] 2021-03-02 13:51:16.551 [main] TwoPhaseLoad - Processing attribute `userName` : value = bcurry
[DEBUG] 2021-03-02 13:51:16.551 [main] TwoPhaseLoad - Attribute (`userName`)  - enhanced for lazy-loading? - false
[DEBUG] 2021-03-02 13:51:16.552 [main] TwoPhaseLoad - Done materializing entity [com.hmkurth.entity.User#3]
[DEBUG] 2021-03-02 13:51:16.552 [main] TwoPhaseLoad - Resolving attributes for [com.hmkurth.entity.UserRoles#3]
[DEBUG] 2021-03-02 13:51:16.552 [main] TwoPhaseLoad - Processing attribute `roleName` : value = admin
[DEBUG] 2021-03-02 13:51:16.552 [main] TwoPhaseLoad - Attribute (`roleName`)  - enhanced for lazy-loading? - false
[DEBUG] 2021-03-02 13:51:16.552 [main] TwoPhaseLoad - Processing attribute `user` : value = 3
[DEBUG] 2021-03-02 13:51:16.552 [main] TwoPhaseLoad - Attribute (`user`)  - enhanced for lazy-loading? - false
[DEBUG] 2021-03-02 13:51:16.553 [main] TwoPhaseLoad - Processing attribute `usersName` : value = bcurry
[DEBUG] 2021-03-02 13:51:16.553 [main] TwoPhaseLoad - Attribute (`usersName`)  - enhanced for lazy-loading? - false
[DEBUG] 2021-03-02 13:51:16.553 [main] TwoPhaseLoad - Done materializing entity [com.hmkurth.entity.UserRoles#3]
[DEBUG] 2021-03-02 13:51:16.553 [main] CollectionLoadContext - 1 collections were found in result set for role: com.hmkurth.entity.User.roles
[DEBUG] 2021-03-02 13:51:16.555 [main] CollectionLoadContext - Collection fully initialized: [com.hmkurth.entity.User.roles#3]
[DEBUG] 2021-03-02 13:51:16.555 [main] CollectionLoadContext - 1 collections initialized for role: com.hmkurth.entity.User.roles
[DEBUG] 2021-03-02 13:51:16.556 [main] ResourceRegistryStandardImpl - HHH000387: ResultSet's statement was not registered
[DEBUG] 2021-03-02 13:51:16.556 [main] AbstractLoadPlanBasedEntityLoader - Done entity load : com.hmkurth.entity.User#3
[DEBUG] 2021-03-02 13:51:16.556 [main] LogicalConnectionManagedImpl - Initiating JDBC connection release from afterTransaction
