[DEBUG] 2021-02-21 20:45:26.551 [main] IntegratorServiceImpl - Adding Integrator [org.hibernate.cfg.beanvalidation.BeanValidationIntegrator].
[DEBUG] 2021-02-21 20:45:26.576 [main] IntegratorServiceImpl - Adding Integrator [org.hibernate.secure.spi.JaccIntegrator].
[DEBUG] 2021-02-21 20:45:26.584 [main] IntegratorServiceImpl - Adding Integrator [org.hibernate.cache.internal.CollectionCacheInvalidator].
[INFO ] 2021-02-21 20:45:26.693 [main] Version - HHH000412: Hibernate Core {5.4.4.Final}
[DEBUG] 2021-02-21 20:45:26.693 [main] Environment - HHH000206: hibernate.properties not found
[DEBUG] 2021-02-21 20:45:26.896 [main] LocalXmlResourceResolver - Interpreting public/system identifier : [null] - [http://www.hibernate.org/dtd/hibernate-configuration-3.0.dtd]
[DEBUG] 2021-02-21 20:45:26.896 [main] LocalXmlResourceResolver - Recognized hibernate-configuration identifier; attempting to resolve on classpath under org/hibernate/
[DEBUG] 2021-02-21 20:45:26.912 [main] JaxbCfgProcessor - cfg.xml document did not define namespaces; wrapping in custom event reader to introduce namespace information
[DEBUG] 2021-02-21 20:45:27.240 [main] ServiceBinding - Overriding existing service binding [org.hibernate.secure.spi.JaccService]
[DEBUG] 2021-02-21 20:45:27.256 [main] RegionFactoryInitiator - Cannot default RegionFactory based on registered strategies as `[]` RegionFactory strategies were registered
[DEBUG] 2021-02-21 20:45:27.256 [main] RegionFactoryInitiator - Cache region factory : org.hibernate.cache.internal.NoCachingRegionFactory
[INFO ] 2021-02-21 20:45:27.287 [main] Version - HCANN000001: Hibernate Commons Annotations {5.1.0.Final}
[DEBUG] 2021-02-21 20:45:27.318 [main] BasicTypeRegistry - Adding type registration boolean -> org.hibernate.type.BooleanType@17d32e9b
[DEBUG] 2021-02-21 20:45:27.318 [main] BasicTypeRegistry - Adding type registration boolean -> org.hibernate.type.BooleanType@17d32e9b
[DEBUG] 2021-02-21 20:45:27.318 [main] BasicTypeRegistry - Adding type registration java.lang.Boolean -> org.hibernate.type.BooleanType@17d32e9b
[DEBUG] 2021-02-21 20:45:27.318 [main] BasicTypeRegistry - Adding type registration numeric_boolean -> org.hibernate.type.NumericBooleanType@10afe71a
[DEBUG] 2021-02-21 20:45:27.318 [main] BasicTypeRegistry - Adding type registration true_false -> org.hibernate.type.TrueFalseType@65d57e4e
[DEBUG] 2021-02-21 20:45:27.318 [main] BasicTypeRegistry - Adding type registration yes_no -> org.hibernate.type.YesNoType@9fc9f91
[DEBUG] 2021-02-21 20:45:27.318 [main] BasicTypeRegistry - Adding type registration byte -> org.hibernate.type.ByteType@2f00f851
[DEBUG] 2021-02-21 20:45:27.318 [main] BasicTypeRegistry - Adding type registration byte -> org.hibernate.type.ByteType@2f00f851
[DEBUG] 2021-02-21 20:45:27.318 [main] BasicTypeRegistry - Adding type registration java.lang.Byte -> org.hibernate.type.ByteType@2f00f851
[DEBUG] 2021-02-21 20:45:27.318 [main] BasicTypeRegistry - Adding type registration character -> org.hibernate.type.CharacterType@16e7b402
[DEBUG] 2021-02-21 20:45:27.318 [main] BasicTypeRegistry - Adding type registration char -> org.hibernate.type.CharacterType@16e7b402
[DEBUG] 2021-02-21 20:45:27.318 [main] BasicTypeRegistry - Adding type registration java.lang.Character -> org.hibernate.type.CharacterType@16e7b402
[DEBUG] 2021-02-21 20:45:27.334 [main] BasicTypeRegistry - Adding type registration short -> org.hibernate.type.ShortType@44b18fe4
[DEBUG] 2021-02-21 20:45:27.334 [main] BasicTypeRegistry - Adding type registration short -> org.hibernate.type.ShortType@44b18fe4
[DEBUG] 2021-02-21 20:45:27.334 [main] BasicTypeRegistry - Adding type registration java.lang.Short -> org.hibernate.type.ShortType@44b18fe4
[DEBUG] 2021-02-21 20:45:27.334 [main] BasicTypeRegistry - Adding type registration integer -> org.hibernate.type.IntegerType@49122b8f
[DEBUG] 2021-02-21 20:45:27.334 [main] BasicTypeRegistry - Adding type registration int -> org.hibernate.type.IntegerType@49122b8f
[DEBUG] 2021-02-21 20:45:27.334 [main] BasicTypeRegistry - Adding type registration java.lang.Integer -> org.hibernate.type.IntegerType@49122b8f
[DEBUG] 2021-02-21 20:45:27.334 [main] BasicTypeRegistry - Adding type registration long -> org.hibernate.type.LongType@7cd4a4d7
[DEBUG] 2021-02-21 20:45:27.334 [main] BasicTypeRegistry - Adding type registration long -> org.hibernate.type.LongType@7cd4a4d7
[DEBUG] 2021-02-21 20:45:27.334 [main] BasicTypeRegistry - Adding type registration java.lang.Long -> org.hibernate.type.LongType@7cd4a4d7
[DEBUG] 2021-02-21 20:45:27.334 [main] BasicTypeRegistry - Adding type registration float -> org.hibernate.type.FloatType@6f3e19b3
[DEBUG] 2021-02-21 20:45:27.334 [main] BasicTypeRegistry - Adding type registration float -> org.hibernate.type.FloatType@6f3e19b3
[DEBUG] 2021-02-21 20:45:27.334 [main] BasicTypeRegistry - Adding type registration java.lang.Float -> org.hibernate.type.FloatType@6f3e19b3
[DEBUG] 2021-02-21 20:45:27.334 [main] BasicTypeRegistry - Adding type registration double -> org.hibernate.type.DoubleType@2c7a8af2
[DEBUG] 2021-02-21 20:45:27.334 [main] BasicTypeRegistry - Adding type registration double -> org.hibernate.type.DoubleType@2c7a8af2
[DEBUG] 2021-02-21 20:45:27.334 [main] BasicTypeRegistry - Adding type registration java.lang.Double -> org.hibernate.type.DoubleType@2c7a8af2
[DEBUG] 2021-02-21 20:45:27.334 [main] BasicTypeRegistry - Adding type registration big_decimal -> org.hibernate.type.BigDecimalType@1894e40d
[DEBUG] 2021-02-21 20:45:27.334 [main] BasicTypeRegistry - Adding type registration java.math.BigDecimal -> org.hibernate.type.BigDecimalType@1894e40d
[DEBUG] 2021-02-21 20:45:27.334 [main] BasicTypeRegistry - Adding type registration big_integer -> org.hibernate.type.BigIntegerType@2241f05b
[DEBUG] 2021-02-21 20:45:27.334 [main] BasicTypeRegistry - Adding type registration java.math.BigInteger -> org.hibernate.type.BigIntegerType@2241f05b
[DEBUG] 2021-02-21 20:45:27.334 [main] BasicTypeRegistry - Adding type registration string -> org.hibernate.type.StringType@3414a8c3
[DEBUG] 2021-02-21 20:45:27.334 [main] BasicTypeRegistry - Adding type registration java.lang.String -> org.hibernate.type.StringType@3414a8c3
[DEBUG] 2021-02-21 20:45:27.334 [main] BasicTypeRegistry - Adding type registration nstring -> org.hibernate.type.StringNVarcharType@68d651f2
[DEBUG] 2021-02-21 20:45:27.334 [main] BasicTypeRegistry - Adding type registration ncharacter -> org.hibernate.type.CharacterNCharType@10643593
[DEBUG] 2021-02-21 20:45:27.334 [main] BasicTypeRegistry - Adding type registration url -> org.hibernate.type.UrlType@6917bb4
[DEBUG] 2021-02-21 20:45:27.334 [main] BasicTypeRegistry - Adding type registration java.net.URL -> org.hibernate.type.UrlType@6917bb4
[DEBUG] 2021-02-21 20:45:27.334 [main] BasicTypeRegistry - Adding type registration Duration -> org.hibernate.type.DurationType@1bc49bc5
[DEBUG] 2021-02-21 20:45:27.334 [main] BasicTypeRegistry - Adding type registration java.time.Duration -> org.hibernate.type.DurationType@1bc49bc5
[DEBUG] 2021-02-21 20:45:27.349 [main] BasicTypeRegistry - Adding type registration Instant -> org.hibernate.type.InstantType@30e9ca13
[DEBUG] 2021-02-21 20:45:27.349 [main] BasicTypeRegistry - Adding type registration java.time.Instant -> org.hibernate.type.InstantType@30e9ca13
[DEBUG] 2021-02-21 20:45:27.349 [main] BasicTypeRegistry - Adding type registration LocalDateTime -> org.hibernate.type.LocalDateTimeType@14982a82
[DEBUG] 2021-02-21 20:45:27.349 [main] BasicTypeRegistry - Adding type registration java.time.LocalDateTime -> org.hibernate.type.LocalDateTimeType@14982a82
[DEBUG] 2021-02-21 20:45:27.349 [main] BasicTypeRegistry - Adding type registration LocalDate -> org.hibernate.type.LocalDateType@7899de11
[DEBUG] 2021-02-21 20:45:27.349 [main] BasicTypeRegistry - Adding type registration java.time.LocalDate -> org.hibernate.type.LocalDateType@7899de11
[DEBUG] 2021-02-21 20:45:27.365 [main] BasicTypeRegistry - Adding type registration LocalTime -> org.hibernate.type.LocalTimeType@5300cac
[DEBUG] 2021-02-21 20:45:27.365 [main] BasicTypeRegistry - Adding type registration java.time.LocalTime -> org.hibernate.type.LocalTimeType@5300cac
[DEBUG] 2021-02-21 20:45:27.365 [main] BasicTypeRegistry - Adding type registration OffsetDateTime -> org.hibernate.type.OffsetDateTimeType@f951a7f
[DEBUG] 2021-02-21 20:45:27.365 [main] BasicTypeRegistry - Adding type registration java.time.OffsetDateTime -> org.hibernate.type.OffsetDateTimeType@f951a7f
[DEBUG] 2021-02-21 20:45:27.365 [main] BasicTypeRegistry - Adding type registration OffsetTime -> org.hibernate.type.OffsetTimeType@1aabf50d
[DEBUG] 2021-02-21 20:45:27.365 [main] BasicTypeRegistry - Adding type registration java.time.OffsetTime -> org.hibernate.type.OffsetTimeType@1aabf50d
[DEBUG] 2021-02-21 20:45:27.365 [main] BasicTypeRegistry - Adding type registration ZonedDateTime -> org.hibernate.type.ZonedDateTimeType@62db3891
[DEBUG] 2021-02-21 20:45:27.365 [main] BasicTypeRegistry - Adding type registration java.time.ZonedDateTime -> org.hibernate.type.ZonedDateTimeType@62db3891
[DEBUG] 2021-02-21 20:45:27.365 [main] BasicTypeRegistry - Adding type registration date -> org.hibernate.type.DateType@35d5ac51
[DEBUG] 2021-02-21 20:45:27.365 [main] BasicTypeRegistry - Adding type registration java.sql.Date -> org.hibernate.type.DateType@35d5ac51
[DEBUG] 2021-02-21 20:45:27.365 [main] BasicTypeRegistry - Adding type registration time -> org.hibernate.type.TimeType@7a729f84
[DEBUG] 2021-02-21 20:45:27.365 [main] BasicTypeRegistry - Adding type registration java.sql.Time -> org.hibernate.type.TimeType@7a729f84
[DEBUG] 2021-02-21 20:45:27.365 [main] BasicTypeRegistry - Adding type registration timestamp -> org.hibernate.type.TimestampType@1907874b
[DEBUG] 2021-02-21 20:45:27.365 [main] BasicTypeRegistry - Adding type registration java.sql.Timestamp -> org.hibernate.type.TimestampType@1907874b
[DEBUG] 2021-02-21 20:45:27.365 [main] BasicTypeRegistry - Adding type registration java.util.Date -> org.hibernate.type.TimestampType@1907874b
[DEBUG] 2021-02-21 20:45:27.365 [main] BasicTypeRegistry - Adding type registration dbtimestamp -> org.hibernate.type.DbTimestampType@2d9dff65
[DEBUG] 2021-02-21 20:45:27.381 [main] BasicTypeRegistry - Adding type registration calendar -> org.hibernate.type.CalendarType@730f9695
[DEBUG] 2021-02-21 20:45:27.381 [main] BasicTypeRegistry - Adding type registration java.util.Calendar -> org.hibernate.type.CalendarType@730f9695
[DEBUG] 2021-02-21 20:45:27.381 [main] BasicTypeRegistry - Adding type registration java.util.GregorianCalendar -> org.hibernate.type.CalendarType@730f9695
[DEBUG] 2021-02-21 20:45:27.381 [main] BasicTypeRegistry - Adding type registration calendar_date -> org.hibernate.type.CalendarDateType@1dba4e06
[DEBUG] 2021-02-21 20:45:27.381 [main] BasicTypeRegistry - Adding type registration locale -> org.hibernate.type.LocaleType@587a1cfb
[DEBUG] 2021-02-21 20:45:27.381 [main] BasicTypeRegistry - Adding type registration java.util.Locale -> org.hibernate.type.LocaleType@587a1cfb
[DEBUG] 2021-02-21 20:45:27.381 [main] BasicTypeRegistry - Adding type registration currency -> org.hibernate.type.CurrencyType@5c77ba8f
[DEBUG] 2021-02-21 20:45:27.381 [main] BasicTypeRegistry - Adding type registration java.util.Currency -> org.hibernate.type.CurrencyType@5c77ba8f
[DEBUG] 2021-02-21 20:45:27.381 [main] BasicTypeRegistry - Adding type registration timezone -> org.hibernate.type.TimeZoneType@261ea657
[DEBUG] 2021-02-21 20:45:27.381 [main] BasicTypeRegistry - Adding type registration java.util.TimeZone -> org.hibernate.type.TimeZoneType@261ea657
[DEBUG] 2021-02-21 20:45:27.381 [main] BasicTypeRegistry - Adding type registration class -> org.hibernate.type.ClassType@508a65bf
[DEBUG] 2021-02-21 20:45:27.381 [main] BasicTypeRegistry - Adding type registration java.lang.Class -> org.hibernate.type.ClassType@508a65bf
[DEBUG] 2021-02-21 20:45:27.381 [main] BasicTypeRegistry - Adding type registration uuid-binary -> org.hibernate.type.UUIDBinaryType@4649d70a
[DEBUG] 2021-02-21 20:45:27.381 [main] BasicTypeRegistry - Adding type registration java.util.UUID -> org.hibernate.type.UUIDBinaryType@4649d70a
[DEBUG] 2021-02-21 20:45:27.381 [main] BasicTypeRegistry - Adding type registration uuid-char -> org.hibernate.type.UUIDCharType@66273da0
[DEBUG] 2021-02-21 20:45:27.381 [main] BasicTypeRegistry - Adding type registration binary -> org.hibernate.type.BinaryType@60f70249
[DEBUG] 2021-02-21 20:45:27.381 [main] BasicTypeRegistry - Adding type registration byte[] -> org.hibernate.type.BinaryType@60f70249
[DEBUG] 2021-02-21 20:45:27.381 [main] BasicTypeRegistry - Adding type registration [B -> org.hibernate.type.BinaryType@60f70249
[DEBUG] 2021-02-21 20:45:27.381 [main] BasicTypeRegistry - Adding type registration wrapper-binary -> org.hibernate.type.WrapperBinaryType@5fa23c
[DEBUG] 2021-02-21 20:45:27.381 [main] BasicTypeRegistry - Adding type registration Byte[] -> org.hibernate.type.WrapperBinaryType@5fa23c
[DEBUG] 2021-02-21 20:45:27.381 [main] BasicTypeRegistry - Adding type registration [Ljava.lang.Byte; -> org.hibernate.type.WrapperBinaryType@5fa23c
[DEBUG] 2021-02-21 20:45:27.381 [main] BasicTypeRegistry - Adding type registration row_version -> org.hibernate.type.RowVersionType@252dc8c4
[DEBUG] 2021-02-21 20:45:27.381 [main] BasicTypeRegistry - Adding type registration image -> org.hibernate.type.ImageType@2f236de0
[DEBUG] 2021-02-21 20:45:27.381 [main] BasicTypeRegistry - Adding type registration characters -> org.hibernate.type.CharArrayType@9596ce8
[DEBUG] 2021-02-21 20:45:27.396 [main] BasicTypeRegistry - Adding type registration char[] -> org.hibernate.type.CharArrayType@9596ce8
[DEBUG] 2021-02-21 20:45:27.396 [main] BasicTypeRegistry - Adding type registration [C -> org.hibernate.type.CharArrayType@9596ce8
[DEBUG] 2021-02-21 20:45:27.396 [main] BasicTypeRegistry - Adding type registration wrapper-characters -> org.hibernate.type.CharacterArrayType@2849434b
[DEBUG] 2021-02-21 20:45:27.396 [main] BasicTypeRegistry - Adding type registration [Ljava.lang.Character; -> org.hibernate.type.CharacterArrayType@2849434b
[DEBUG] 2021-02-21 20:45:27.396 [main] BasicTypeRegistry - Adding type registration Character[] -> org.hibernate.type.CharacterArrayType@2849434b
[DEBUG] 2021-02-21 20:45:27.396 [main] BasicTypeRegistry - Adding type registration text -> org.hibernate.type.TextType@476fe690
[DEBUG] 2021-02-21 20:45:27.396 [main] BasicTypeRegistry - Adding type registration ntext -> org.hibernate.type.NTextType@3c5dbdf8
[DEBUG] 2021-02-21 20:45:27.396 [main] BasicTypeRegistry - Adding type registration blob -> org.hibernate.type.BlobType@71a06021
[DEBUG] 2021-02-21 20:45:27.396 [main] BasicTypeRegistry - Adding type registration java.sql.Blob -> org.hibernate.type.BlobType@71a06021
[DEBUG] 2021-02-21 20:45:27.396 [main] BasicTypeRegistry - Adding type registration materialized_blob -> org.hibernate.type.MaterializedBlobType@3e33d73e
[DEBUG] 2021-02-21 20:45:27.396 [main] BasicTypeRegistry - Adding type registration clob -> org.hibernate.type.ClobType@5bc28f40
[DEBUG] 2021-02-21 20:45:27.396 [main] BasicTypeRegistry - Adding type registration java.sql.Clob -> org.hibernate.type.ClobType@5bc28f40
[DEBUG] 2021-02-21 20:45:27.396 [main] BasicTypeRegistry - Adding type registration nclob -> org.hibernate.type.NClobType@3dffc764
[DEBUG] 2021-02-21 20:45:27.396 [main] BasicTypeRegistry - Adding type registration java.sql.NClob -> org.hibernate.type.NClobType@3dffc764
[DEBUG] 2021-02-21 20:45:27.396 [main] BasicTypeRegistry - Adding type registration materialized_clob -> org.hibernate.type.MaterializedClobType@26cb5207
[DEBUG] 2021-02-21 20:45:27.396 [main] BasicTypeRegistry - Adding type registration materialized_nclob -> org.hibernate.type.MaterializedNClobType@625d9132
[DEBUG] 2021-02-21 20:45:27.396 [main] BasicTypeRegistry - Adding type registration serializable -> org.hibernate.type.SerializableType@1a2bcd56
[DEBUG] 2021-02-21 20:45:27.412 [main] BasicTypeRegistry - Adding type registration object -> org.hibernate.type.ObjectType@455c1d8c
[DEBUG] 2021-02-21 20:45:27.412 [main] BasicTypeRegistry - Adding type registration java.lang.Object -> org.hibernate.type.ObjectType@455c1d8c
[DEBUG] 2021-02-21 20:45:27.412 [main] BasicTypeRegistry - Adding type registration imm_date -> org.hibernate.type.AdaptedImmutableType@7bc44ce8
[DEBUG] 2021-02-21 20:45:27.412 [main] BasicTypeRegistry - Adding type registration imm_time -> org.hibernate.type.AdaptedImmutableType@59072e9d
[DEBUG] 2021-02-21 20:45:27.412 [main] BasicTypeRegistry - Adding type registration imm_timestamp -> org.hibernate.type.AdaptedImmutableType@58472096
[DEBUG] 2021-02-21 20:45:27.412 [main] BasicTypeRegistry - Adding type registration imm_dbtimestamp -> org.hibernate.type.AdaptedImmutableType@a92be4f
[DEBUG] 2021-02-21 20:45:27.412 [main] BasicTypeRegistry - Adding type registration imm_calendar -> org.hibernate.type.AdaptedImmutableType@53e800f9
[DEBUG] 2021-02-21 20:45:27.412 [main] BasicTypeRegistry - Adding type registration imm_calendar_date -> org.hibernate.type.AdaptedImmutableType@337bbfdf
[DEBUG] 2021-02-21 20:45:27.412 [main] BasicTypeRegistry - Adding type registration imm_binary -> org.hibernate.type.AdaptedImmutableType@52d97ab6
[DEBUG] 2021-02-21 20:45:27.412 [main] BasicTypeRegistry - Adding type registration imm_serializable -> org.hibernate.type.AdaptedImmutableType@4da6d664
[DEBUG] 2021-02-21 20:45:27.474 [main] DefaultIdentifierGeneratorFactory - Registering IdentifierGenerator strategy [uuid2] -> [org.hibernate.id.UUIDGenerator]
[DEBUG] 2021-02-21 20:45:27.474 [main] DefaultIdentifierGeneratorFactory - Registering IdentifierGenerator strategy [guid] -> [org.hibernate.id.GUIDGenerator]
[DEBUG] 2021-02-21 20:45:27.474 [main] DefaultIdentifierGeneratorFactory - Registering IdentifierGenerator strategy [uuid] -> [org.hibernate.id.UUIDHexGenerator]
[DEBUG] 2021-02-21 20:45:27.474 [main] DefaultIdentifierGeneratorFactory - Registering IdentifierGenerator strategy [uuid.hex] -> [org.hibernate.id.UUIDHexGenerator]
[DEBUG] 2021-02-21 20:45:27.474 [main] DefaultIdentifierGeneratorFactory - Registering IdentifierGenerator strategy [assigned] -> [org.hibernate.id.Assigned]
[DEBUG] 2021-02-21 20:45:27.474 [main] DefaultIdentifierGeneratorFactory - Registering IdentifierGenerator strategy [identity] -> [org.hibernate.id.IdentityGenerator]
[DEBUG] 2021-02-21 20:45:27.474 [main] DefaultIdentifierGeneratorFactory - Registering IdentifierGenerator strategy [select] -> [org.hibernate.id.SelectGenerator]
[DEBUG] 2021-02-21 20:45:27.490 [main] DefaultIdentifierGeneratorFactory - Registering IdentifierGenerator strategy [sequence] -> [org.hibernate.id.enhanced.SequenceStyleGenerator]
[DEBUG] 2021-02-21 20:45:27.490 [main] DefaultIdentifierGeneratorFactory - Registering IdentifierGenerator strategy [seqhilo] -> [org.hibernate.id.SequenceHiLoGenerator]
[DEBUG] 2021-02-21 20:45:27.490 [main] DefaultIdentifierGeneratorFactory - Registering IdentifierGenerator strategy [increment] -> [org.hibernate.id.IncrementGenerator]
[DEBUG] 2021-02-21 20:45:27.490 [main] DefaultIdentifierGeneratorFactory - Registering IdentifierGenerator strategy [foreign] -> [org.hibernate.id.ForeignGenerator]
[DEBUG] 2021-02-21 20:45:27.490 [main] DefaultIdentifierGeneratorFactory - Registering IdentifierGenerator strategy [sequence-identity] -> [org.hibernate.id.SequenceIdentityGenerator]
[DEBUG] 2021-02-21 20:45:27.490 [main] DefaultIdentifierGeneratorFactory - Registering IdentifierGenerator strategy [enhanced-sequence] -> [org.hibernate.id.enhanced.SequenceStyleGenerator]
[DEBUG] 2021-02-21 20:45:27.490 [main] DefaultIdentifierGeneratorFactory - Registering IdentifierGenerator strategy [enhanced-table] -> [org.hibernate.id.enhanced.TableGenerator]
[INFO ] 2021-02-21 20:45:27.506 [main] C3P0ConnectionProvider - HHH010002: C3P0 using driver: com.mysql.cj.jdbc.Driver at URL: jdbc:mysql://localhost:3306/testschema
[INFO ] 2021-02-21 20:45:27.506 [main] C3P0ConnectionProvider - HHH10001001: Connection properties: {password=****, user=root}
[INFO ] 2021-02-21 20:45:27.506 [main] C3P0ConnectionProvider - HHH10001003: Autocommit mode: false
[INFO ] 2021-02-21 20:45:27.666 [main] C3P0ConnectionProvider - HHH10001007: JDBC isolation level: <unknown>
[DEBUG] 2021-02-21 20:45:27.790 [main] JdbcEnvironmentInitiator - Database ->
       name : MySQL
    version : 8.0.23
      major : 8
      minor : 0
[DEBUG] 2021-02-21 20:45:27.790 [main] JdbcEnvironmentInitiator - Driver ->
       name : MySQL Connector/J
    version : mysql-connector-java-8.0.23 (Revision: 18bbd5e68195d0da083cbd5bd0d05d76320df7cd)
      major : 8
      minor : 0
[DEBUG] 2021-02-21 20:45:27.790 [main] JdbcEnvironmentInitiator - JDBC version : 4.2
[INFO ] 2021-02-21 20:45:27.837 [main] Dialect - HHH000400: Using dialect: org.hibernate.dialect.MySQL8Dialect
[DEBUG] 2021-02-21 20:45:27.853 [main] IdentifierHelperBuilder - JDBC driver metadata reported database stores quoted identifiers in more than one case
[DEBUG] 2021-02-21 20:45:27.884 [main] IdentifierHelperBuilder - IdentifierCaseStrategy for both quoted and unquoted identifiers was set to the same strategy [LOWER]; that will likely lead to problems in schema update and validation if using quoted identifiers
[DEBUG] 2021-02-21 20:45:27.947 [main] Namespace - Created database namespace [logicalName=Name{catalog=null, schema=null}, physicalName=Name{catalog=null, schema=null}]
[DEBUG] 2021-02-21 20:45:27.947 [main] TypeConfiguration$Scope - Scoping TypeConfiguration [org.hibernate.type.spi.TypeConfiguration@52a33c3f] to MetadataBuildingContext [org.hibernate.boot.internal.MetadataBuildingContextRootImpl@668625f5]
[DEBUG] 2021-02-21 20:45:28.056 [main] AnnotationBinder - Binding entity from annotated class: com.hmkurth.entity.User
[DEBUG] 2021-02-21 20:45:28.087 [main] Ejb3Column - Binding column: Ejb3DiscriminatorColumn{logicalColumnName'DTYPE', discriminatorTypeName='string'}
[DEBUG] 2021-02-21 20:45:28.103 [main] EntityBinder - Import with entity name User
[DEBUG] 2021-02-21 20:45:28.103 [main] EntityBinder - Bind entity com.hmkurth.entity.User on table users
[DEBUG] 2021-02-21 20:45:28.134 [main] Ejb3Column - Binding column: Ejb3Column{table=org.hibernate.mapping.Table(users), mappingColumn=id, insertable=true, updatable=true, unique=false}
[DEBUG] 2021-02-21 20:45:28.134 [main] PropertyBinder - MetadataSourceProcessor property id with lazy=false
[DEBUG] 2021-02-21 20:45:28.150 [main] AbstractPropertyHolder - Attempting to locate auto-apply AttributeConverter for property [com.hmkurth.entity.User:id]
[DEBUG] 2021-02-21 20:45:28.150 [main] SimpleValueBinder - building SimpleValue for id
[DEBUG] 2021-02-21 20:45:28.150 [main] PropertyBinder - Building property id
[DEBUG] 2021-02-21 20:45:28.150 [main] BinderHelper - #makeIdGenerator(org.hibernate.mapping.SimpleValue([org.hibernate.mapping.Column(id)]), id, org.hibernate.id.enhanced.SequenceStyleGenerator, native, ...)
[DEBUG] 2021-02-21 20:45:28.150 [main] Ejb3Column - Binding column: Ejb3Column{table=org.hibernate.mapping.Table(users), mappingColumn=email, insertable=true, updatable=true, unique=false}
[DEBUG] 2021-02-21 20:45:28.150 [main] PropertyBinder - MetadataSourceProcessor property email with lazy=false
[DEBUG] 2021-02-21 20:45:28.150 [main] AbstractPropertyHolder - Attempting to locate auto-apply AttributeConverter for property [com.hmkurth.entity.User:email]
[DEBUG] 2021-02-21 20:45:28.150 [main] SimpleValueBinder - building SimpleValue for email
[DEBUG] 2021-02-21 20:45:28.150 [main] PropertyBinder - Building property email
[DEBUG] 2021-02-21 20:45:28.150 [main] Ejb3Column - Binding column: Ejb3Column{table=org.hibernate.mapping.Table(users), mappingColumn=first_name, insertable=true, updatable=true, unique=false}
[DEBUG] 2021-02-21 20:45:28.150 [main] PropertyBinder - MetadataSourceProcessor property firstName with lazy=false
[DEBUG] 2021-02-21 20:45:28.150 [main] AbstractPropertyHolder - Attempting to locate auto-apply AttributeConverter for property [com.hmkurth.entity.User:firstName]
[DEBUG] 2021-02-21 20:45:28.150 [main] SimpleValueBinder - building SimpleValue for firstName
[DEBUG] 2021-02-21 20:45:28.150 [main] PropertyBinder - Building property firstName
[DEBUG] 2021-02-21 20:45:28.150 [main] Ejb3Column - Binding column: Ejb3Column{table=org.hibernate.mapping.Table(users), mappingColumn=last_name, insertable=true, updatable=true, unique=false}
[DEBUG] 2021-02-21 20:45:28.150 [main] PropertyBinder - MetadataSourceProcessor property lastName with lazy=false
[DEBUG] 2021-02-21 20:45:28.150 [main] AbstractPropertyHolder - Attempting to locate auto-apply AttributeConverter for property [com.hmkurth.entity.User:lastName]
[DEBUG] 2021-02-21 20:45:28.150 [main] SimpleValueBinder - building SimpleValue for lastName
[DEBUG] 2021-02-21 20:45:28.150 [main] PropertyBinder - Building property lastName
[DEBUG] 2021-02-21 20:45:28.150 [main] Ejb3Column - Binding column: Ejb3Column{table=org.hibernate.mapping.Table(users), mappingColumn=user_password, insertable=true, updatable=true, unique=false}
[DEBUG] 2021-02-21 20:45:28.150 [main] PropertyBinder - MetadataSourceProcessor property password with lazy=false
[DEBUG] 2021-02-21 20:45:28.150 [main] AbstractPropertyHolder - Attempting to locate auto-apply AttributeConverter for property [com.hmkurth.entity.User:password]
[DEBUG] 2021-02-21 20:45:28.150 [main] SimpleValueBinder - building SimpleValue for password
[DEBUG] 2021-02-21 20:45:28.150 [main] PropertyBinder - Building property password
[DEBUG] 2021-02-21 20:45:28.150 [main] Ejb3Column - Binding column: Ejb3JoinColumn{logicalColumnName='null', referencedColumn='null', mappedBy='user'}
[DEBUG] 2021-02-21 20:45:28.150 [main] Ejb3Column - Binding column: Ejb3Column{table=org.hibernate.mapping.Table(users), mappingColumn=roles, insertable=true, updatable=true, unique=false}
[DEBUG] 2021-02-21 20:45:28.166 [main] Ejb3Column - Binding column: Ejb3Column{table=org.hibernate.mapping.Table(users), mappingColumn=null, insertable=true, updatable=true, unique=false}
[DEBUG] 2021-02-21 20:45:28.166 [main] Ejb3Column - Binding column: Ejb3Column{table=org.hibernate.mapping.Table(users), mappingColumn=element, insertable=true, updatable=true, unique=false}
[DEBUG] 2021-02-21 20:45:28.166 [main] Ejb3Column - Binding column: Ejb3Column{table=org.hibernate.mapping.Table(users), mappingColumn=roles_KEY, insertable=true, updatable=true, unique=false}
[DEBUG] 2021-02-21 20:45:28.166 [main] Ejb3Column - Binding column: Ejb3JoinColumn{logicalColumnName='roles_KEY', referencedColumn='null', mappedBy='null'}
[DEBUG] 2021-02-21 20:45:28.166 [main] Ejb3Column - Binding column: Ejb3JoinColumn{logicalColumnName='null', referencedColumn='null', mappedBy='user'}
[DEBUG] 2021-02-21 20:45:28.166 [main] Ejb3Column - Binding column: Ejb3JoinColumn{logicalColumnName='null', referencedColumn='null', mappedBy='user'}
[DEBUG] 2021-02-21 20:45:28.166 [main] CollectionBinder - Collection role: com.hmkurth.entity.User.roles
[DEBUG] 2021-02-21 20:45:28.181 [main] PropertyBinder - Building property roles
[DEBUG] 2021-02-21 20:45:28.181 [main] Ejb3Column - Binding column: Ejb3Column{table=org.hibernate.mapping.Table(users), mappingColumn=user_name, insertable=true, updatable=true, unique=false}
[DEBUG] 2021-02-21 20:45:28.181 [main] PropertyBinder - MetadataSourceProcessor property userName with lazy=false
[DEBUG] 2021-02-21 20:45:28.181 [main] AbstractPropertyHolder - Attempting to locate auto-apply AttributeConverter for property [com.hmkurth.entity.User:userName]
[DEBUG] 2021-02-21 20:45:28.181 [main] SimpleValueBinder - building SimpleValue for userName
[DEBUG] 2021-02-21 20:45:28.181 [main] PropertyBinder - Building property userName
[DEBUG] 2021-02-21 20:45:28.181 [main] AnnotationBinder - Binding entity from annotated class: com.hmkurth.entity.UserRoles
[DEBUG] 2021-02-21 20:45:28.181 [main] Ejb3Column - Binding column: Ejb3DiscriminatorColumn{logicalColumnName'DTYPE', discriminatorTypeName='string'}
[DEBUG] 2021-02-21 20:45:28.181 [main] EntityBinder - Import with entity name UserRoles
[DEBUG] 2021-02-21 20:45:28.181 [main] EntityBinder - Bind entity com.hmkurth.entity.UserRoles on table user_roles
[DEBUG] 2021-02-21 20:45:28.181 [main] Ejb3Column - Binding column: Ejb3Column{table=org.hibernate.mapping.Table(user_roles), mappingColumn=id, insertable=true, updatable=true, unique=false}
[DEBUG] 2021-02-21 20:45:28.181 [main] PropertyBinder - MetadataSourceProcessor property id with lazy=false
[DEBUG] 2021-02-21 20:45:28.181 [main] AbstractPropertyHolder - Attempting to locate auto-apply AttributeConverter for property [com.hmkurth.entity.UserRoles:id]
[DEBUG] 2021-02-21 20:45:28.181 [main] SimpleValueBinder - building SimpleValue for id
[DEBUG] 2021-02-21 20:45:28.181 [main] PropertyBinder - Building property id
[DEBUG] 2021-02-21 20:45:28.181 [main] BinderHelper - #makeIdGenerator(org.hibernate.mapping.SimpleValue([org.hibernate.mapping.Column(id)]), id, org.hibernate.id.enhanced.SequenceStyleGenerator, native, ...)
[DEBUG] 2021-02-21 20:45:28.181 [main] Ejb3Column - Binding column: Ejb3Column{table=org.hibernate.mapping.Table(user_roles), mappingColumn=role_name, insertable=true, updatable=true, unique=false}
[DEBUG] 2021-02-21 20:45:28.181 [main] PropertyBinder - MetadataSourceProcessor property roleName with lazy=false
[DEBUG] 2021-02-21 20:45:28.181 [main] AbstractPropertyHolder - Attempting to locate auto-apply AttributeConverter for property [com.hmkurth.entity.UserRoles:roleName]
[DEBUG] 2021-02-21 20:45:28.181 [main] SimpleValueBinder - building SimpleValue for roleName
[DEBUG] 2021-02-21 20:45:28.181 [main] PropertyBinder - Building property roleName
[DEBUG] 2021-02-21 20:45:28.181 [main] Ejb3Column - Binding column: Ejb3JoinColumn{logicalColumnName='users_id', referencedColumn='', mappedBy=''}
[DEBUG] 2021-02-21 20:45:28.181 [main] Ejb3Column - Binding column: Ejb3Column{table=org.hibernate.mapping.Table(user_roles), mappingColumn=user, insertable=true, updatable=true, unique=false}
[DEBUG] 2021-02-21 20:45:28.181 [main] PropertyBinder - Building property user
[DEBUG] 2021-02-21 20:45:28.181 [main] Ejb3Column - Binding column: Ejb3Column{table=org.hibernate.mapping.Table(user_roles), mappingColumn=users_name, insertable=true, updatable=true, unique=false}
[DEBUG] 2021-02-21 20:45:28.181 [main] PropertyBinder - MetadataSourceProcessor property usersName with lazy=false
[DEBUG] 2021-02-21 20:45:28.181 [main] AbstractPropertyHolder - Attempting to locate auto-apply AttributeConverter for property [com.hmkurth.entity.UserRoles:usersName]
[DEBUG] 2021-02-21 20:45:28.181 [main] SimpleValueBinder - building SimpleValue for usersName
[DEBUG] 2021-02-21 20:45:28.181 [main] PropertyBinder - Building property usersName
[DEBUG] 2021-02-21 20:45:28.197 [main] SimpleValueBinder - Starting fillSimpleValue for id
[DEBUG] 2021-02-21 20:45:28.197 [main] SimpleValueBinder - Starting fillSimpleValue for email
[DEBUG] 2021-02-21 20:45:28.197 [main] SimpleValueBinder - Starting fillSimpleValue for firstName
[DEBUG] 2021-02-21 20:45:28.197 [main] SimpleValueBinder - Starting fillSimpleValue for lastName
[DEBUG] 2021-02-21 20:45:28.197 [main] SimpleValueBinder - Starting fillSimpleValue for password
[DEBUG] 2021-02-21 20:45:28.197 [main] SimpleValueBinder - Starting fillSimpleValue for userName
[DEBUG] 2021-02-21 20:45:28.197 [main] SimpleValueBinder - Starting fillSimpleValue for id
[DEBUG] 2021-02-21 20:45:28.197 [main] SimpleValueBinder - Starting fillSimpleValue for roleName
[DEBUG] 2021-02-21 20:45:28.197 [main] SimpleValueBinder - Starting fillSimpleValue for usersName
[DEBUG] 2021-02-21 20:45:28.197 [main] PrimaryKey - Forcing column [id] to be non-null as it is part of the primary key for table [users]
[DEBUG] 2021-02-21 20:45:28.197 [main] PrimaryKey - Forcing column [id] to be non-null as it is part of the primary key for table [user_roles]
[DEBUG] 2021-02-21 20:45:28.197 [main] CollectionSecondPass - Second pass for collection: com.hmkurth.entity.User.roles
[DEBUG] 2021-02-21 20:45:28.197 [main] CollectionBinder - Binding a OneToMany: com.hmkurth.entity.User.roles through a foreign key
[DEBUG] 2021-02-21 20:45:28.197 [main] CollectionBinder - Mapping collection: com.hmkurth.entity.User.roles -> user_roles
[DEBUG] 2021-02-21 20:45:28.197 [main] TableBinder - Retrieving property com.hmkurth.entity.UserRoles.user
[DEBUG] 2021-02-21 20:45:28.197 [main] CollectionSecondPass - Mapped collection key: users_id, one-to-many: com.hmkurth.entity.UserRoles
[DEBUG] 2021-02-21 20:45:28.197 [main] InFlightMetadataCollectorImpl - Resolving reference to class: com.hmkurth.entity.User
[DEBUG] 2021-02-21 20:45:28.197 [main] InFlightMetadataCollectorImpl - Resolving reference to class: com.hmkurth.entity.User
[DEBUG] 2021-02-21 20:45:28.244 [main] SessionFactoryImpl - Building session factory
[DEBUG] 2021-02-21 20:45:28.244 [main] Settings - SessionFactory name : null
[DEBUG] 2021-02-21 20:45:28.244 [main] Settings - Automatic flush during beforeCompletion(): enabled
[DEBUG] 2021-02-21 20:45:28.244 [main] Settings - Automatic session close at end of transaction: disabled
[DEBUG] 2021-02-21 20:45:28.244 [main] Settings - Statistics: disabled
[DEBUG] 2021-02-21 20:45:28.244 [main] Settings - Deleted entity synthetic identifier rollback: disabled
[DEBUG] 2021-02-21 20:45:28.244 [main] Settings - Default entity-mode: pojo
[DEBUG] 2021-02-21 20:45:28.244 [main] Settings - Check Nullability in Core (should be disabled when Bean Validation is on): enabled
[DEBUG] 2021-02-21 20:45:28.244 [main] Settings - Allow initialization of lazy state outside session : disabled
[DEBUG] 2021-02-21 20:45:28.244 [main] Settings - Using BatchFetchStyle : LEGACY
[DEBUG] 2021-02-21 20:45:28.244 [main] Settings - Default batch fetch size: -1
[DEBUG] 2021-02-21 20:45:28.244 [main] Settings - Maximum outer join fetch depth: 2
[DEBUG] 2021-02-21 20:45:28.244 [main] Settings - Default null ordering: NONE
[DEBUG] 2021-02-21 20:45:28.244 [main] Settings - Order SQL updates by primary key: disabled
[DEBUG] 2021-02-21 20:45:28.244 [main] Settings - Order SQL inserts for batching: disabled
[DEBUG] 2021-02-21 20:45:28.244 [main] Settings - multi-tenancy strategy : NONE
[DEBUG] 2021-02-21 20:45:28.244 [main] Settings - JTA Track by Thread: enabled
[DEBUG] 2021-02-21 20:45:28.244 [main] Settings - Query language substitutions: {}
[DEBUG] 2021-02-21 20:45:28.244 [main] Settings - Named query checking : enabled
[DEBUG] 2021-02-21 20:45:28.244 [main] Settings - Second-level cache: disabled
[DEBUG] 2021-02-21 20:45:28.244 [main] Settings - Second-level query cache: disabled
[DEBUG] 2021-02-21 20:45:28.244 [main] Settings - Second-level query cache factory: null
[DEBUG] 2021-02-21 20:45:28.244 [main] Settings - Second-level cache region prefix: null
[DEBUG] 2021-02-21 20:45:28.244 [main] Settings - Optimize second-level cache for minimal puts: disabled
[DEBUG] 2021-02-21 20:45:28.244 [main] Settings - Structured second-level cache entries: disabled
[DEBUG] 2021-02-21 20:45:28.244 [main] Settings - Second-level cache direct-reference entries: disabled
[DEBUG] 2021-02-21 20:45:28.244 [main] Settings - Automatic eviction of collection cache: disabled
[DEBUG] 2021-02-21 20:45:28.244 [main] Settings - JDBC batch size: 15
[DEBUG] 2021-02-21 20:45:28.244 [main] Settings - JDBC batch updates for versioned data: enabled
[DEBUG] 2021-02-21 20:45:28.244 [main] Settings - Scrollable result sets: enabled
[DEBUG] 2021-02-21 20:45:28.244 [main] Settings - Wrap result sets: disabled
[DEBUG] 2021-02-21 20:45:28.244 [main] Settings - JDBC3 getGeneratedKeys(): enabled
[DEBUG] 2021-02-21 20:45:28.244 [main] Settings - JDBC result set fetch size: null
[DEBUG] 2021-02-21 20:45:28.244 [main] Settings - Connection release mode: AFTER_TRANSACTION
[DEBUG] 2021-02-21 20:45:28.244 [main] Settings - Generate SQL with comments: disabled
[DEBUG] 2021-02-21 20:45:28.244 [main] Settings - JPA compliance - query : 
[DEBUG] 2021-02-21 20:45:28.244 [main] Settings - JPA compliance - closed-handling : 
[DEBUG] 2021-02-21 20:45:28.244 [main] Settings - JPA compliance - lists : 
[DEBUG] 2021-02-21 20:45:28.244 [main] Settings - JPA compliance - transactions : 
[INFO ] 2021-02-21 20:45:28.306 [main] beans - HHH10005002: No explicit CDI BeanManager reference was passed to Hibernate, but CDI is available on the Hibernate ClassLoader.
[DEBUG] 2021-02-21 20:45:28.322 [main] SessionFactoryImpl - Session factory constructed with filter configurations : {}
[DEBUG] 2021-02-21 20:45:28.322 [main] SessionFactoryImpl - Instantiating session factory with properties: {sun.desktop=windows, awt.toolkit=sun.awt.windows.WToolkit, java.specification.version=11, sun.cpu.isalist=amd64, hibernate.c3p0.idle_test_period=3000, sun.jnu.encoding=Cp1252, hibernate.c3p0.min_size=5, java.class.path=C:\Program Files\JetBrains\IntelliJ IDEA 2020.3.1\lib\idea_rt.jar;C:\Program Files\JetBrains\IntelliJ IDEA 2020.3.1\plugins\junit\lib\junit5-rt.jar;C:\Program Files\JetBrains\IntelliJ IDEA 2020.3.1\plugins\junit\lib\junit-rt.jar;C:\Users\heath\IdeaProjects\CommunityFoodResources\CommunityFoodResources\target\test-classes;C:\Users\heath\IdeaProjects\CommunityFoodResources\CommunityFoodResources\target\classes;C:\Users\heath\.m2\repository\org\hibernate\hibernate-core\5.4.4.Final\hibernate-core-5.4.4.Final.jar;C:\Users\heath\.m2\repository\org\jboss\logging\jboss-logging\3.3.2.Final\jboss-logging-3.3.2.Final.jar;C:\Users\heath\.m2\repository\javax\persistence\javax.persistence-api\2.2\javax.persistence-api-2.2.jar;C:\Users\heath\.m2\repository\org\javassist\javassist\3.24.0-GA\javassist-3.24.0-GA.jar;C:\Users\heath\.m2\repository\net\bytebuddy\byte-buddy\1.9.11\byte-buddy-1.9.11.jar;C:\Users\heath\.m2\repository\antlr\antlr\2.7.7\antlr-2.7.7.jar;C:\Users\heath\.m2\repository\org\jboss\spec\javax\transaction\jboss-transaction-api_1.2_spec\1.1.1.Final\jboss-transaction-api_1.2_spec-1.1.1.Final.jar;C:\Users\heath\.m2\repository\org\jboss\jandex\2.0.5.Final\jandex-2.0.5.Final.jar;C:\Users\heath\.m2\repository\com\fasterxml\classmate\1.3.4\classmate-1.3.4.jar;C:\Users\heath\.m2\repository\javax\activation\javax.activation-api\1.2.0\javax.activation-api-1.2.0.jar;C:\Users\heath\.m2\repository\org\dom4j\dom4j\2.1.1\dom4j-2.1.1.jar;C:\Users\heath\.m2\repository\org\hibernate\common\hibernate-commons-annotations\5.1.0.Final\hibernate-commons-annotations-5.1.0.Final.jar;C:\Users\heath\.m2\repository\javax\xml\bind\jaxb-api\2.3.1\jaxb-api-2.3.1.jar;C:\Users\heath\.m2\repository\org\glassfish\jaxb\jaxb-runtime\2.3.1\jaxb-runtime-2.3.1.jar;C:\Users\heath\.m2\repository\org\glassfish\jaxb\txw2\2.3.1\txw2-2.3.1.jar;C:\Users\heath\.m2\repository\com\sun\istack\istack-commons-runtime\3.0.7\istack-commons-runtime-3.0.7.jar;C:\Users\heath\.m2\repository\org\jvnet\staxex\stax-ex\1.8\stax-ex-1.8.jar;C:\Users\heath\.m2\repository\com\sun\xml\fastinfoset\FastInfoset\1.2.15\FastInfoset-1.2.15.jar;C:\Users\heath\.m2\repository\org\hibernate\hibernate-c3p0\5.4.4.Final\hibernate-c3p0-5.4.4.Final.jar;C:\Users\heath\.m2\repository\com\mchange\c3p0\0.9.5.3\c3p0-0.9.5.3.jar;C:\Users\heath\.m2\repository\com\mchange\mchange-commons-java\0.2.15\mchange-commons-java-0.2.15.jar;C:\Users\heath\.m2\repository\org\apache\logging\log4j\log4j-api\2.10.0\log4j-api-2.10.0.jar;C:\Users\heath\.m2\repository\org\apache\logging\log4j\log4j-core\2.10.0\log4j-core-2.10.0.jar;C:\Users\heath\.m2\repository\junit\junit\4.12\junit-4.12.jar;C:\Users\heath\.m2\repository\org\hamcrest\hamcrest-core\1.3\hamcrest-core-1.3.jar;C:\Users\heath\.m2\repository\javax\javaee-web-api\7.0\javaee-web-api-7.0.jar;C:\Users\heath\.m2\repository\mysql\mysql-connector-java\8.0.23\mysql-connector-java-8.0.23.jar;C:\Users\heath\.m2\repository\com\google\protobuf\protobuf-java\3.11.4\protobuf-java-3.11.4.jar;C:\Users\heath\.m2\repository\org\junit\platform\junit-platform-runner\1.0.0\junit-platform-runner-1.0.0.jar;C:\Users\heath\.m2\repository\org\apiguardian\apiguardian-api\1.0.0\apiguardian-api-1.0.0.jar;C:\Users\heath\.m2\repository\org\junit\platform\junit-platform-launcher\1.0.0\junit-platform-launcher-1.0.0.jar;C:\Users\heath\.m2\repository\org\junit\platform\junit-platform-suite-api\1.0.0\junit-platform-suite-api-1.0.0.jar;C:\Users\heath\.m2\repository\org\junit\platform\junit-platform-commons\1.0.0\junit-platform-commons-1.0.0.jar;C:\Users\heath\.m2\repository\org\junit\vintage\junit-vintage-engine\4.12.0\junit-vintage-engine-4.12.0.jar;C:\Users\heath\.m2\repository\org\junit\platform\junit-platform-engine\1.0.0\junit-platform-engine-1.0.0.jar;C:\Users\heath\.m2\repository\org\opentest4j\opentest4j\1.0.0\opentest4j-1.0.0.jar;C:\Users\heath\.m2\repository\org\junit\jupiter\junit-jupiter-engine\5.0.0\junit-jupiter-engine-5.0.0.jar;C:\Users\heath\.m2\repository\org\junit\jupiter\junit-jupiter-api\5.0.0\junit-jupiter-api-5.0.0.jar, java.vm.vendor=Oracle Corporation, sun.arch.data.model=64, idea.test.cyclic.buffer.size=1048576, user.variant=, java.vendor.url=https://openjdk.java.net/, user.timezone=America/Chicago, os.name=Windows 10, java.vm.specification.version=11, sun.java.launcher=SUN_STANDARD, user.country=US, sun.boot.library.path=C:\Program Files\Java\jdk-11.0.10\bin, sun.java.command=com.intellij.rt.junit.JUnitStarter -ideVersion5 -junit5 com.hmkurth.persistence.UserRolesDaoTest,getByPropertyLikeSuccess, jdk.debug=release, sun.cpu.endian=little, user.home=C:\Users\heath, hibernate.c3p0.max_statements=50, user.language=en, java.specification.vendor=Oracle Corporation, java.version.date=2021-01-19, java.home=C:\Program Files\Java\jdk-11.0.10, file.separator=\, java.vm.compressedOopsMode=32-bit, line.separator=
, hibernate.c3p0.timeout=300, java.specification.name=Java Platform API Specification, java.vm.specification.vendor=Oracle Corporation, java.awt.graphicsenv=sun.awt.Win32GraphicsEnvironment, user.script=, connection.password=moony777, sun.management.compiler=HotSpot 64-Bit Tiered Compilers, hibernate.c3p0.max_size=20, java.runtime.version=11.0.10+8-LTS-162, user.name=heath, path.separator=;, hibernate.connection.username=****, os.version=10.0, java.runtime.name=Java(TM) SE Runtime Environment, hibernate.connection.url=jdbc:mysql://localhost:3306/testschema, file.encoding=UTF-8, java.vm.name=Java HotSpot(TM) 64-Bit Server VM, java.vendor.version=18.9, hibernate.connection.driver_class=com.mysql.cj.jdbc.Driver, java.vendor.url.bug=https://bugreport.java.com/bugreport/, java.io.tmpdir=C:\Users\heath\AppData\Local\Temp\, java.version=11.0.10, user.dir=C:\Users\heath\IdeaProjects\CommunityFoodResources\CommunityFoodResources, os.arch=amd64, connection.username=root, java.vm.specification.name=Java Virtual Machine Specification, java.awt.printerjob=sun.awt.windows.WPrinterJob, hibernate.connection.password=****, sun.os.patch.level=, connection.driver_class=com.mysql.cj.jdbc.Driver, hibernate.boot.CfgXmlAccessService.key=org.hibernate.boot.cfgxml.spi.LoadedConfig@7f73ce28, java.library.path=C:\Program Files\Java\jdk-11.0.10\bin;C:\windows\Sun\Java\bin;C:\windows\system32;C:\windows;C:\Program Files\Common Files\Oracle\Java\javapath;C:\Python39\Scripts\;C:\Python39\;C:\Program Files\Java\jdk1.8.0_241\bin;C:\windows\system32;C:\windows;C:\windows\System32\Wbem;C:\windows\System32\WindowsPowerShell\v1.0\;C:\windows\System32\OpenSSH\;C:\Program Files\nodejs\;C:\ProgramData\chocolatey\bin;C:\Program Files\Git\cmd;C:\Users\heath\AppData\Local\Microsoft\WindowsApps;C:\Users\heath\AppData\Local\atom\bin;C:\Users\heath\AppData\Roaming\npm;C:\Users\heath\AppData\Local\Programs\Microsoft VS Code\bin;C:\Users\heath\AppData\Local\GitHubDesktop\bin;., java.vendor=Oracle Corporation, java.vm.info=mixed mode, java.vm.version=11.0.10+8-LTS-162, hibernate.bytecode.use_reflection_optimizer=false, sun.io.unicode.encoding=UnicodeLittle, connection.url=jdbc:mysql://localhost:3306/testschema, java.class.version=55.0}
[DEBUG] 2021-02-21 20:45:28.353 [main] TypeSafeActivator - Unable to acquire Bean Validation ValidatorFactory, skipping activation
[DEBUG] 2021-02-21 20:45:28.353 [main] JaccIntegrator - Skipping JACC integration as it was not enabled
[DEBUG] 2021-02-21 20:45:28.353 [main] SessionFactoryImpl - Instantiated session factory
[DEBUG] 2021-02-21 20:45:28.353 [main] TypeConfiguration$Scope - Scoping TypeConfiguration [org.hibernate.type.spi.TypeConfiguration@52a33c3f] to SessionFactoryImpl [org.hibernate.internal.SessionFactoryImpl@32a4ecbe]
[DEBUG] 2021-02-21 20:45:28.431 [main] ClassLoaderAccessImpl - Not known whether passed class name [com.hmkurth.entity.UserRoles] is safe
[DEBUG] 2021-02-21 20:45:28.431 [main] ClassLoaderAccessImpl - No temp ClassLoader provided; using live ClassLoader for loading potentially unsafe class : com.hmkurth.entity.UserRoles
[DEBUG] 2021-02-21 20:45:28.447 [main] ClassLoaderAccessImpl - Not known whether passed class name [com.hmkurth.entity.UserRoles] is safe
[DEBUG] 2021-02-21 20:45:28.447 [main] ClassLoaderAccessImpl - No temp ClassLoader provided; using live ClassLoader for loading potentially unsafe class : com.hmkurth.entity.UserRoles
[DEBUG] 2021-02-21 20:45:28.707 [main] ClassLoaderAccessImpl - Not known whether passed class name [com.hmkurth.entity.User] is safe
[DEBUG] 2021-02-21 20:45:28.707 [main] ClassLoaderAccessImpl - No temp ClassLoader provided; using live ClassLoader for loading potentially unsafe class : com.hmkurth.entity.User
[DEBUG] 2021-02-21 20:45:28.708 [main] ClassLoaderAccessImpl - Not known whether passed class name [com.hmkurth.entity.User] is safe
[DEBUG] 2021-02-21 20:45:28.708 [main] ClassLoaderAccessImpl - No temp ClassLoader provided; using live ClassLoader for loading potentially unsafe class : com.hmkurth.entity.User
[DEBUG] 2021-02-21 20:45:28.744 [main] AbstractCollectionPersister - Static SQL for collection: com.hmkurth.entity.User.roles
[DEBUG] 2021-02-21 20:45:28.744 [main] AbstractCollectionPersister -  Row insert: update user_roles set users_id=? where id=?
[DEBUG] 2021-02-21 20:45:28.744 [main] AbstractCollectionPersister -  Row update: update user_roles set  where id=?
[DEBUG] 2021-02-21 20:45:28.744 [main] AbstractCollectionPersister -  Row delete: update user_roles set users_id=null where users_id=? and id=?
[DEBUG] 2021-02-21 20:45:28.744 [main] AbstractCollectionPersister -  One-shot delete: update user_roles set users_id=null where users_id=?
[DEBUG] 2021-02-21 20:45:28.748 [main] AbstractEntityPersister - Static SQL for entity: com.hmkurth.entity.UserRoles
[DEBUG] 2021-02-21 20:45:28.748 [main] AbstractEntityPersister -  Version select: select id from user_roles where id =?
[DEBUG] 2021-02-21 20:45:28.748 [main] AbstractEntityPersister -  Snapshot select: select userroles_.id, userroles_.role_name as role_nam2_0_, userroles_.users_id as users_id4_0_, userroles_.users_name as users_na3_0_ from user_roles userroles_ where userroles_.id=?
[DEBUG] 2021-02-21 20:45:28.748 [main] AbstractEntityPersister -  Insert 0: insert into user_roles (role_name, users_id, users_name, id) values (?, ?, ?, ?)
[DEBUG] 2021-02-21 20:45:28.748 [main] AbstractEntityPersister -  Update 0: update user_roles set role_name=?, users_id=?, users_name=? where id=?
[DEBUG] 2021-02-21 20:45:28.748 [main] AbstractEntityPersister -  Delete 0: delete from user_roles where id=?
[DEBUG] 2021-02-21 20:45:28.748 [main] AbstractEntityPersister -  Identity insert: insert into user_roles (role_name, users_id, users_name) values (?, ?, ?)
[DEBUG] 2021-02-21 20:45:28.762 [main] QuerySpacesImpl - Adding QuerySpace : uid = <gen:0> -> org.hibernate.loader.plan.build.internal.spaces.EntityQuerySpaceImpl@28f154cc]
[DEBUG] 2021-02-21 20:45:28.762 [main] MetamodelGraphWalker - Visiting attribute path : roleName
[DEBUG] 2021-02-21 20:45:28.762 [main] MetamodelGraphWalker - Visiting attribute path : user
[DEBUG] 2021-02-21 20:45:28.778 [main] QuerySpacesImpl - Adding QuerySpace : uid = <gen:1> -> org.hibernate.loader.plan.build.internal.spaces.EntityQuerySpaceImpl@426c0486]
[DEBUG] 2021-02-21 20:45:28.778 [main] MetamodelGraphWalker - Visiting attribute path : user.email
[DEBUG] 2021-02-21 20:45:28.778 [main] MetamodelGraphWalker - Visiting attribute path : user.firstName
[DEBUG] 2021-02-21 20:45:28.778 [main] MetamodelGraphWalker - Visiting attribute path : user.lastName
[DEBUG] 2021-02-21 20:45:28.778 [main] MetamodelGraphWalker - Visiting attribute path : user.password
[DEBUG] 2021-02-21 20:45:28.778 [main] MetamodelGraphWalker - Visiting attribute path : user.roles
[DEBUG] 2021-02-21 20:45:28.778 [main] MetamodelGraphWalker - Property path deemed to be circular : user.roles
[DEBUG] 2021-02-21 20:45:28.778 [main] MetamodelGraphWalker - Visiting attribute path : user.userName
[DEBUG] 2021-02-21 20:45:28.778 [main] MetamodelGraphWalker - Visiting attribute path : usersName
[DEBUG] 2021-02-21 20:45:28.778 [main] FetchStyleLoadPlanBuildingAssociationVisitationStrategy - Building LoadPlan...
[DEBUG] 2021-02-21 20:45:28.793 [main] LoadQueryJoinAndFetchProcessor - processing queryspace <gen:0>
[DEBUG] 2021-02-21 20:45:28.793 [main] LoadPlanTreePrinter - LoadPlan(entity=com.hmkurth.entity.UserRoles)
    - Returns
       - EntityReturnImpl(entity=com.hmkurth.entity.UserRoles, querySpaceUid=<gen:0>, path=com.hmkurth.entity.UserRoles)
          - EntityAttributeFetchImpl(entity=com.hmkurth.entity.User, querySpaceUid=<gen:1>, path=com.hmkurth.entity.UserRoles.user)
    - QuerySpaces
       - EntityQuerySpaceImpl(uid=<gen:0>, entity=com.hmkurth.entity.UserRoles)
          - SQL table alias mapping - userroles0_
          - alias suffix - 0_
          - suffixed key columns - {id1_0_0_}
          - JOIN (JoinDefinedByMetadata(user)) : <gen:0> -> <gen:1>
             - EntityQuerySpaceImpl(uid=<gen:1>, entity=com.hmkurth.entity.User)
                - SQL table alias mapping - user1_
                - alias suffix - 1_
                - suffixed key columns - {id1_1_1_}

[DEBUG] 2021-02-21 20:45:28.793 [main] EntityLoader - Static select for entity com.hmkurth.entity.UserRoles [NONE]: select userroles0_.id as id1_0_0_, userroles0_.role_name as role_nam2_0_0_, userroles0_.users_id as users_id4_0_0_, userroles0_.users_name as users_na3_0_0_, user1_.id as id1_1_1_, user1_.email as email2_1_1_, user1_.first_name as first_na3_1_1_, user1_.last_name as last_nam4_1_1_, user1_.user_password as user_pas5_1_1_, user1_.user_name as user_nam6_1_1_ from user_roles userroles0_ left outer join users user1_ on userroles0_.users_id=user1_.id where userroles0_.id=?
[DEBUG] 2021-02-21 20:45:28.793 [main] QuerySpacesImpl - Adding QuerySpace : uid = <gen:0> -> org.hibernate.loader.plan.build.internal.spaces.EntityQuerySpaceImpl@3f6c2763]
[DEBUG] 2021-02-21 20:45:28.793 [main] MetamodelGraphWalker - Visiting attribute path : roleName
[DEBUG] 2021-02-21 20:45:28.793 [main] MetamodelGraphWalker - Visiting attribute path : user
[DEBUG] 2021-02-21 20:45:28.793 [main] QuerySpacesImpl - Adding QuerySpace : uid = <gen:1> -> org.hibernate.loader.plan.build.internal.spaces.EntityQuerySpaceImpl@274fdea6]
[DEBUG] 2021-02-21 20:45:28.793 [main] MetamodelGraphWalker - Visiting attribute path : user.email
[DEBUG] 2021-02-21 20:45:28.793 [main] MetamodelGraphWalker - Visiting attribute path : user.firstName
[DEBUG] 2021-02-21 20:45:28.793 [main] MetamodelGraphWalker - Visiting attribute path : user.lastName
[DEBUG] 2021-02-21 20:45:28.793 [main] MetamodelGraphWalker - Visiting attribute path : user.password
[DEBUG] 2021-02-21 20:45:28.793 [main] MetamodelGraphWalker - Visiting attribute path : user.roles
[DEBUG] 2021-02-21 20:45:28.793 [main] MetamodelGraphWalker - Property path deemed to be circular : user.roles
[DEBUG] 2021-02-21 20:45:28.793 [main] MetamodelGraphWalker - Visiting attribute path : user.userName
[DEBUG] 2021-02-21 20:45:28.793 [main] MetamodelGraphWalker - Visiting attribute path : usersName
[DEBUG] 2021-02-21 20:45:28.793 [main] FetchStyleLoadPlanBuildingAssociationVisitationStrategy - Building LoadPlan...
[DEBUG] 2021-02-21 20:45:28.793 [main] LoadQueryJoinAndFetchProcessor - processing queryspace <gen:0>
[DEBUG] 2021-02-21 20:45:28.793 [main] LoadPlanTreePrinter - LoadPlan(entity=com.hmkurth.entity.UserRoles)
    - Returns
       - EntityReturnImpl(entity=com.hmkurth.entity.UserRoles, querySpaceUid=<gen:0>, path=com.hmkurth.entity.UserRoles)
          - EntityAttributeFetchImpl(entity=com.hmkurth.entity.User, querySpaceUid=<gen:1>, path=com.hmkurth.entity.UserRoles.user)
    - QuerySpaces
       - EntityQuerySpaceImpl(uid=<gen:0>, entity=com.hmkurth.entity.UserRoles)
          - SQL table alias mapping - userroles0_
          - alias suffix - 0_
          - suffixed key columns - {id1_0_0_}
          - JOIN (JoinDefinedByMetadata(user)) : <gen:0> -> <gen:1>
             - EntityQuerySpaceImpl(uid=<gen:1>, entity=com.hmkurth.entity.User)
                - SQL table alias mapping - user1_
                - alias suffix - 1_
                - suffixed key columns - {id1_1_1_}

[DEBUG] 2021-02-21 20:45:28.793 [main] EntityLoader - Static select for entity com.hmkurth.entity.UserRoles [READ]: select userroles0_.id as id1_0_0_, userroles0_.role_name as role_nam2_0_0_, userroles0_.users_id as users_id4_0_0_, userroles0_.users_name as users_na3_0_0_, user1_.id as id1_1_1_, user1_.email as email2_1_1_, user1_.first_name as first_na3_1_1_, user1_.last_name as last_nam4_1_1_, user1_.user_password as user_pas5_1_1_, user1_.user_name as user_nam6_1_1_ from user_roles userroles0_ left outer join users user1_ on userroles0_.users_id=user1_.id where userroles0_.id=?
[DEBUG] 2021-02-21 20:45:28.809 [main] Loader - Static select for action ACTION_MERGE on entity com.hmkurth.entity.UserRoles: select userroles0_.id as id1_0_0_, userroles0_.role_name as role_nam2_0_0_, userroles0_.users_id as users_id4_0_0_, userroles0_.users_name as users_na3_0_0_ from user_roles userroles0_ where userroles0_.id=?
[DEBUG] 2021-02-21 20:45:28.809 [main] Loader - Static select for action ACTION_REFRESH on entity com.hmkurth.entity.UserRoles: select userroles0_.id as id1_0_0_, userroles0_.role_name as role_nam2_0_0_, userroles0_.users_id as users_id4_0_0_, userroles0_.users_name as users_na3_0_0_ from user_roles userroles0_ where userroles0_.id=?
[DEBUG] 2021-02-21 20:45:28.809 [main] AbstractEntityPersister - Static SQL for entity: com.hmkurth.entity.User
[DEBUG] 2021-02-21 20:45:28.809 [main] AbstractEntityPersister -  Version select: select id from users where id =?
[DEBUG] 2021-02-21 20:45:28.809 [main] AbstractEntityPersister -  Snapshot select: select user_.id, user_.email as email2_1_, user_.first_name as first_na3_1_, user_.last_name as last_nam4_1_, user_.user_password as user_pas5_1_, user_.user_name as user_nam6_1_ from users user_ where user_.id=?
[DEBUG] 2021-02-21 20:45:28.809 [main] AbstractEntityPersister -  Insert 0: insert into users (email, first_name, last_name, user_password, user_name, id) values (?, ?, ?, ?, ?, ?)
[DEBUG] 2021-02-21 20:45:28.809 [main] AbstractEntityPersister -  Update 0: update users set email=?, first_name=?, last_name=?, user_password=?, user_name=? where id=?
[DEBUG] 2021-02-21 20:45:28.809 [main] AbstractEntityPersister -  Delete 0: delete from users where id=?
[DEBUG] 2021-02-21 20:45:28.809 [main] AbstractEntityPersister -  Identity insert: insert into users (email, first_name, last_name, user_password, user_name) values (?, ?, ?, ?, ?)
[DEBUG] 2021-02-21 20:45:28.809 [main] QuerySpacesImpl - Adding QuerySpace : uid = <gen:0> -> org.hibernate.loader.plan.build.internal.spaces.EntityQuerySpaceImpl@3e38c472]
[DEBUG] 2021-02-21 20:45:28.809 [main] MetamodelGraphWalker - Visiting attribute path : email
[DEBUG] 2021-02-21 20:45:28.809 [main] MetamodelGraphWalker - Visiting attribute path : firstName
[DEBUG] 2021-02-21 20:45:28.809 [main] MetamodelGraphWalker - Visiting attribute path : lastName
[DEBUG] 2021-02-21 20:45:28.809 [main] MetamodelGraphWalker - Visiting attribute path : password
[DEBUG] 2021-02-21 20:45:28.809 [main] MetamodelGraphWalker - Visiting attribute path : roles
[DEBUG] 2021-02-21 20:45:28.809 [main] QuerySpacesImpl - Adding QuerySpace : uid = <gen:1> -> org.hibernate.loader.plan.build.internal.spaces.CollectionQuerySpaceImpl@66020d69]
[DEBUG] 2021-02-21 20:45:28.809 [main] QuerySpacesImpl - Adding QuerySpace : uid = <gen:2> -> org.hibernate.loader.plan.build.internal.spaces.EntityQuerySpaceImpl@611c3eae]
[DEBUG] 2021-02-21 20:45:28.809 [main] MetamodelGraphWalker - Visiting attribute path : roles.roleName
[DEBUG] 2021-02-21 20:45:28.809 [main] MetamodelGraphWalker - Visiting attribute path : roles.user
[DEBUG] 2021-02-21 20:45:28.809 [main] MetamodelGraphWalker - Property path deemed to be circular : roles.user
[DEBUG] 2021-02-21 20:45:28.824 [main] MetamodelGraphWalker - Visiting attribute path : roles.usersName
[DEBUG] 2021-02-21 20:45:28.824 [main] MetamodelGraphWalker - Visiting attribute path : userName
[DEBUG] 2021-02-21 20:45:28.824 [main] FetchStyleLoadPlanBuildingAssociationVisitationStrategy - Building LoadPlan...
[DEBUG] 2021-02-21 20:45:28.824 [main] LoadQueryJoinAndFetchProcessor - processing queryspace <gen:0>
[DEBUG] 2021-02-21 20:45:28.824 [main] LoadPlanTreePrinter - LoadPlan(entity=com.hmkurth.entity.User)
    - Returns
       - EntityReturnImpl(entity=com.hmkurth.entity.User, querySpaceUid=<gen:0>, path=com.hmkurth.entity.User)
          - CollectionAttributeFetchImpl(collection=com.hmkurth.entity.User.roles, querySpaceUid=<gen:1>, path=com.hmkurth.entity.User.roles)
             - (collection element) CollectionFetchableElementEntityGraph(entity=com.hmkurth.entity.UserRoles, querySpaceUid=<gen:2>, path=com.hmkurth.entity.User.roles.<elements>)
    - QuerySpaces
       - EntityQuerySpaceImpl(uid=<gen:0>, entity=com.hmkurth.entity.User)
          - SQL table alias mapping - user0_
          - alias suffix - 0_
          - suffixed key columns - {id1_1_0_}
          - JOIN (JoinDefinedByMetadata(roles)) : <gen:0> -> <gen:1>
             - CollectionQuerySpaceImpl(uid=<gen:1>, collection=com.hmkurth.entity.User.roles)
                - SQL table alias mapping - roles1_
                - alias suffix - 1_
                - suffixed key columns - {users_id4_0_1_}
                - entity-element alias suffix - 2_
                - 2_entity-element suffixed key columns - id1_0_2_
                - JOIN (JoinDefinedByMetadata(elements)) : <gen:1> -> <gen:2>
                   - EntityQuerySpaceImpl(uid=<gen:2>, entity=com.hmkurth.entity.UserRoles)
                      - SQL table alias mapping - roles1_
                      - alias suffix - 2_
                      - suffixed key columns - {id1_0_2_}

[DEBUG] 2021-02-21 20:45:28.824 [main] EntityLoader - Static select for entity com.hmkurth.entity.User [NONE]: select user0_.id as id1_1_0_, user0_.email as email2_1_0_, user0_.first_name as first_na3_1_0_, user0_.last_name as last_nam4_1_0_, user0_.user_password as user_pas5_1_0_, user0_.user_name as user_nam6_1_0_, roles1_.users_id as users_id4_0_1_, roles1_.id as id1_0_1_, roles1_.id as id1_0_2_, roles1_.role_name as role_nam2_0_2_, roles1_.users_id as users_id4_0_2_, roles1_.users_name as users_na3_0_2_ from users user0_ left outer join user_roles roles1_ on user0_.id=roles1_.users_id where user0_.id=?
[DEBUG] 2021-02-21 20:45:28.824 [main] QuerySpacesImpl - Adding QuerySpace : uid = <gen:0> -> org.hibernate.loader.plan.build.internal.spaces.EntityQuerySpaceImpl@1201769d]
[DEBUG] 2021-02-21 20:45:28.824 [main] MetamodelGraphWalker - Visiting attribute path : email
[DEBUG] 2021-02-21 20:45:28.824 [main] MetamodelGraphWalker - Visiting attribute path : firstName
[DEBUG] 2021-02-21 20:45:28.824 [main] MetamodelGraphWalker - Visiting attribute path : lastName
[DEBUG] 2021-02-21 20:45:28.824 [main] MetamodelGraphWalker - Visiting attribute path : password
[DEBUG] 2021-02-21 20:45:28.824 [main] MetamodelGraphWalker - Visiting attribute path : roles
[DEBUG] 2021-02-21 20:45:28.824 [main] QuerySpacesImpl - Adding QuerySpace : uid = <gen:1> -> org.hibernate.loader.plan.build.internal.spaces.CollectionQuerySpaceImpl@4607d78b]
[DEBUG] 2021-02-21 20:45:28.824 [main] QuerySpacesImpl - Adding QuerySpace : uid = <gen:2> -> org.hibernate.loader.plan.build.internal.spaces.EntityQuerySpaceImpl@3b28b7b0]
[DEBUG] 2021-02-21 20:45:28.824 [main] MetamodelGraphWalker - Visiting attribute path : roles.roleName
[DEBUG] 2021-02-21 20:45:28.824 [main] MetamodelGraphWalker - Visiting attribute path : roles.user
[DEBUG] 2021-02-21 20:45:28.824 [main] MetamodelGraphWalker - Property path deemed to be circular : roles.user
[DEBUG] 2021-02-21 20:45:28.824 [main] MetamodelGraphWalker - Visiting attribute path : roles.usersName
[DEBUG] 2021-02-21 20:45:28.824 [main] MetamodelGraphWalker - Visiting attribute path : userName
[DEBUG] 2021-02-21 20:45:28.824 [main] FetchStyleLoadPlanBuildingAssociationVisitationStrategy - Building LoadPlan...
[DEBUG] 2021-02-21 20:45:28.824 [main] LoadQueryJoinAndFetchProcessor - processing queryspace <gen:0>
[DEBUG] 2021-02-21 20:45:28.824 [main] LoadPlanTreePrinter - LoadPlan(entity=com.hmkurth.entity.User)
    - Returns
       - EntityReturnImpl(entity=com.hmkurth.entity.User, querySpaceUid=<gen:0>, path=com.hmkurth.entity.User)
          - CollectionAttributeFetchImpl(collection=com.hmkurth.entity.User.roles, querySpaceUid=<gen:1>, path=com.hmkurth.entity.User.roles)
             - (collection element) CollectionFetchableElementEntityGraph(entity=com.hmkurth.entity.UserRoles, querySpaceUid=<gen:2>, path=com.hmkurth.entity.User.roles.<elements>)
    - QuerySpaces
       - EntityQuerySpaceImpl(uid=<gen:0>, entity=com.hmkurth.entity.User)
          - SQL table alias mapping - user0_
          - alias suffix - 0_
          - suffixed key columns - {id1_1_0_}
          - JOIN (JoinDefinedByMetadata(roles)) : <gen:0> -> <gen:1>
             - CollectionQuerySpaceImpl(uid=<gen:1>, collection=com.hmkurth.entity.User.roles)
                - SQL table alias mapping - roles1_
                - alias suffix - 1_
                - suffixed key columns - {users_id4_0_1_}
                - entity-element alias suffix - 2_
                - 2_entity-element suffixed key columns - id1_0_2_
                - JOIN (JoinDefinedByMetadata(elements)) : <gen:1> -> <gen:2>
                   - EntityQuerySpaceImpl(uid=<gen:2>, entity=com.hmkurth.entity.UserRoles)
                      - SQL table alias mapping - roles1_
                      - alias suffix - 2_
                      - suffixed key columns - {id1_0_2_}

[DEBUG] 2021-02-21 20:45:28.824 [main] EntityLoader - Static select for entity com.hmkurth.entity.User [READ]: select user0_.id as id1_1_0_, user0_.email as email2_1_0_, user0_.first_name as first_na3_1_0_, user0_.last_name as last_nam4_1_0_, user0_.user_password as user_pas5_1_0_, user0_.user_name as user_nam6_1_0_, roles1_.users_id as users_id4_0_1_, roles1_.id as id1_0_1_, roles1_.id as id1_0_2_, roles1_.role_name as role_nam2_0_2_, roles1_.users_id as users_id4_0_2_, roles1_.users_name as users_na3_0_2_ from users user0_ left outer join user_roles roles1_ on user0_.id=roles1_.users_id where user0_.id=?
[DEBUG] 2021-02-21 20:45:28.824 [main] Loader - Static select for action ACTION_MERGE on entity com.hmkurth.entity.User: select user0_.id as id1_1_1_, user0_.email as email2_1_1_, user0_.first_name as first_na3_1_1_, user0_.last_name as last_nam4_1_1_, user0_.user_password as user_pas5_1_1_, user0_.user_name as user_nam6_1_1_, roles1_.users_id as users_id4_0_3_, roles1_.id as id1_0_3_, roles1_.id as id1_0_0_, roles1_.role_name as role_nam2_0_0_, roles1_.users_id as users_id4_0_0_, roles1_.users_name as users_na3_0_0_ from users user0_ left outer join user_roles roles1_ on user0_.id=roles1_.users_id where user0_.id=?
[DEBUG] 2021-02-21 20:45:28.824 [main] Loader - Static select for action ACTION_REFRESH on entity com.hmkurth.entity.User: select user0_.id as id1_1_1_, user0_.email as email2_1_1_, user0_.first_name as first_na3_1_1_, user0_.last_name as last_nam4_1_1_, user0_.user_password as user_pas5_1_1_, user0_.user_name as user_nam6_1_1_, roles1_.users_id as users_id4_0_3_, roles1_.id as id1_0_3_, roles1_.id as id1_0_0_, roles1_.role_name as role_nam2_0_0_, roles1_.users_id as users_id4_0_0_, roles1_.users_name as users_na3_0_0_ from users user0_ left outer join user_roles roles1_ on user0_.id=roles1_.users_id where user0_.id=?
[DEBUG] 2021-02-21 20:45:28.824 [main] QuerySpacesImpl - Adding QuerySpace : uid = <gen:0> -> org.hibernate.loader.plan.build.internal.spaces.CollectionQuerySpaceImpl@4bbf38b8]
[DEBUG] 2021-02-21 20:45:28.824 [main] QuerySpacesImpl - Adding QuerySpace : uid = <gen:1> -> org.hibernate.loader.plan.build.internal.spaces.EntityQuerySpaceImpl@4e67cfe1]
[DEBUG] 2021-02-21 20:45:28.824 [main] MetamodelGraphWalker - Visiting attribute path : roleName
[DEBUG] 2021-02-21 20:45:28.824 [main] MetamodelGraphWalker - Visiting attribute path : user
[DEBUG] 2021-02-21 20:45:28.824 [main] MetamodelGraphWalker - Property path deemed to be circular : user
[DEBUG] 2021-02-21 20:45:28.824 [main] MetamodelGraphWalker - Visiting attribute path : usersName
[DEBUG] 2021-02-21 20:45:28.824 [main] FetchStyleLoadPlanBuildingAssociationVisitationStrategy - Building LoadPlan...
[DEBUG] 2021-02-21 20:45:28.840 [main] LoadQueryJoinAndFetchProcessor - processing queryspace <gen:0>
[DEBUG] 2021-02-21 20:45:28.840 [main] LoadPlanTreePrinter - LoadPlan(collection=com.hmkurth.entity.User.roles)
    - Returns
       - CollectionReturnImpl(collection=com.hmkurth.entity.User.roles, querySpaceUid=<gen:0>, path=[com.hmkurth.entity.User.roles])
          - (collection element) CollectionFetchableElementEntityGraph(entity=com.hmkurth.entity.UserRoles, querySpaceUid=<gen:1>, path=[com.hmkurth.entity.User.roles].<elements>)
    - QuerySpaces
       - CollectionQuerySpaceImpl(uid=<gen:0>, collection=com.hmkurth.entity.User.roles)
          - SQL table alias mapping - roles0_
          - alias suffix - 0_
          - suffixed key columns - {users_id4_0_0_}
          - entity-element alias suffix - 1_
          - 1_entity-element suffixed key columns - id1_0_1_
          - JOIN (JoinDefinedByMetadata(elements)) : <gen:0> -> <gen:1>
             - EntityQuerySpaceImpl(uid=<gen:1>, entity=com.hmkurth.entity.UserRoles)
                - SQL table alias mapping - roles0_
                - alias suffix - 1_
                - suffixed key columns - {id1_0_1_}

[DEBUG] 2021-02-21 20:45:28.840 [main] CollectionLoader - Static select for collection com.hmkurth.entity.User.roles: select roles0_.users_id as users_id4_0_0_, roles0_.id as id1_0_0_, roles0_.id as id1_0_1_, roles0_.role_name as role_nam2_0_1_, roles0_.users_id as users_id4_0_1_, roles0_.users_name as users_na3_0_1_ from user_roles roles0_ where roles0_.users_id=?
[DEBUG] 2021-02-21 20:45:28.887 [main] SchemaManagementToolCoordinator - No actions specified; doing nothing
[DEBUG] 2021-02-21 20:45:28.887 [main] JtaPlatformInitiator - No JtaPlatform was specified, checking resolver
[DEBUG] 2021-02-21 20:45:28.887 [main] JtaPlatformResolverInitiator - No JtaPlatformResolver was specified, using default [org.hibernate.engine.transaction.jta.platform.internal.StandardJtaPlatformResolver]
[DEBUG] 2021-02-21 20:45:28.887 [main] StandardJtaPlatformResolver - Could not resolve JtaPlatform, using default [org.hibernate.engine.transaction.jta.platform.internal.NoJtaPlatform]
[INFO ] 2021-02-21 20:45:28.887 [main] JtaPlatformInitiator - HHH000490: Using JtaPlatform implementation: [org.hibernate.engine.transaction.jta.platform.internal.NoJtaPlatform]
[DEBUG] 2021-02-21 20:45:28.887 [main] NamedQueryRepository - Checking 0 named HQL queries
[DEBUG] 2021-02-21 20:45:28.887 [main] NamedQueryRepository - Checking 0 named SQL queries
[DEBUG] 2021-02-21 20:45:28.903 [main] SessionFactoryRegistry - Initializing SessionFactoryRegistry : org.hibernate.internal.SessionFactoryRegistry@1e120628
[DEBUG] 2021-02-21 20:45:28.903 [main] SessionFactoryRegistry - Registering SessionFactory: c799356d-481a-4a7e-89a4-0d453a3d3759 (<unnamed>)
[DEBUG] 2021-02-21 20:45:28.903 [main] SessionFactoryRegistry - Not binding SessionFactory to JNDI, no JNDI name configured
[DEBUG] 2021-02-21 20:45:28.981 [main] StatisticsInitiator - Statistics initialized [enabled=false]
[DEBUG] 2021-02-21 20:45:29.012 [main] CriteriaQueryImpl - Rendered criteria query -> select generatedAlias0 from UserRoles as generatedAlias0 where generatedAlias0.roleName like :param0
[DEBUG] 2021-02-21 20:45:29.028 [main] QueryTranslatorFactoryInitiator - QueryTranslatorFactory: org.hibernate.hql.internal.ast.ASTQueryTranslatorFactory@6a6d1ff3
[DEBUG] 2021-02-21 20:45:29.059 [main] QueryTranslatorImpl - parse() - HQL: select generatedAlias0 from com.hmkurth.entity.UserRoles as generatedAlias0 where generatedAlias0.roleName like :param0
[DEBUG] 2021-02-21 20:45:29.074 [main] ErrorTracker - throwQueryException() : no errors
[DEBUG] 2021-02-21 20:45:29.074 [main] QueryTranslatorImpl - --- HQL AST ---
 \-[QUERY] Node: 'query'
    +-[SELECT_FROM] Node: 'SELECT_FROM'
    |  +-[FROM] Node: 'from'
    |  |  \-[RANGE] Node: 'RANGE'
    |  |     +-[DOT] Node: '.'
    |  |     |  +-[DOT] Node: '.'
    |  |     |  |  +-[DOT] Node: '.'
    |  |     |  |  |  +-[IDENT] Node: 'com'
    |  |     |  |  |  \-[IDENT] Node: 'hmkurth'
    |  |     |  |  \-[IDENT] Node: 'entity'
    |  |     |  \-[IDENT] Node: 'UserRoles'
    |  |     \-[ALIAS] Node: 'generatedAlias0'
    |  \-[SELECT] Node: 'select'
    |     \-[IDENT] Node: 'generatedAlias0'
    \-[WHERE] Node: 'where'
       \-[LIKE] Node: 'like'
          +-[DOT] Node: '.'
          |  +-[IDENT] Node: 'generatedAlias0'
          |  \-[IDENT] Node: 'roleName'
          \-[COLON] Node: ':'
             \-[IDENT] Node: 'param0'

[DEBUG] 2021-02-21 20:45:29.106 [main] HqlSqlBaseWalker - select << begin [level=1, statement=select]
[DEBUG] 2021-02-21 20:45:29.137 [main] FromElement - FromClause{level=1} : com.hmkurth.entity.UserRoles (generatedAlias0) -> userroles0_
[DEBUG] 2021-02-21 20:45:29.137 [main] FromReferenceNode - Resolved : generatedAlias0 -> userroles0_.id
[DEBUG] 2021-02-21 20:45:29.137 [main] FromReferenceNode - Resolved : generatedAlias0 -> userroles0_.id
[DEBUG] 2021-02-21 20:45:29.137 [main] DotNode - getDataType() : roleName -> org.hibernate.type.StringType@3414a8c3
[DEBUG] 2021-02-21 20:45:29.137 [main] FromReferenceNode - Resolved : generatedAlias0.roleName -> userroles0_.role_name
[DEBUG] 2021-02-21 20:45:29.137 [main] HqlSqlBaseWalker - select : finishing up [level=1, statement=select]
[DEBUG] 2021-02-21 20:45:29.137 [main] HqlSqlWalker - processQuery() :  ( SELECT ( {select clause} userroles0_.id ) ( FromClause{level=1} user_roles userroles0_ ) ( where ( like ( userroles0_.role_name userroles0_.id roleName ) ? ) ) )
[DEBUG] 2021-02-21 20:45:29.153 [main] JoinProcessor - Using FROM fragment [user_roles userroles0_]
[DEBUG] 2021-02-21 20:45:29.153 [main] HqlSqlBaseWalker - select >> end [level=1, statement=select]
[DEBUG] 2021-02-21 20:45:29.153 [main] QueryTranslatorImpl - --- SQL AST ---
 \-[SELECT] QueryNode: 'SELECT'  querySpaces (user_roles)
    +-[SELECT_CLAUSE] SelectClause: '{select clause}'
    |  +-[ALIAS_REF] IdentNode: 'userroles0_.id as id1_0_' {alias=generatedAlias0, className=com.hmkurth.entity.UserRoles, tableAlias=userroles0_}
    |  \-[SQL_TOKEN] SqlFragment: 'userroles0_.role_name as role_nam2_0_, userroles0_.users_id as users_id4_0_, userroles0_.users_name as users_na3_0_'
    +-[FROM] FromClause: 'from' FromClause{level=1, fromElementCounter=1, fromElements=1, fromElementByClassAlias=[generatedAlias0], fromElementByTableAlias=[userroles0_], fromElementsByPath=[], collectionJoinFromElementsByPath=[], impliedElements=[]}
    |  \-[FROM_FRAGMENT] FromElement: 'user_roles userroles0_' FromElement{explicit,not a collection join,not a fetch join,fetch non-lazy properties,classAlias=generatedAlias0,role=null,tableName=user_roles,tableAlias=userroles0_,origin=null,columns={,className=com.hmkurth.entity.UserRoles}}
    \-[WHERE] SqlNode: 'where'
       \-[LIKE] BinaryLogicOperatorNode: 'like'
          +-[DOT] DotNode: 'userroles0_.role_name' {propertyName=roleName,dereferenceType=PRIMITIVE,getPropertyPath=roleName,path=generatedAlias0.roleName,tableAlias=userroles0_,className=com.hmkurth.entity.UserRoles,classAlias=generatedAlias0}
          |  +-[ALIAS_REF] IdentNode: 'userroles0_.id' {alias=generatedAlias0, className=com.hmkurth.entity.UserRoles, tableAlias=userroles0_}
          |  \-[IDENT] IdentNode: 'roleName' {originalText=roleName}
          \-[NAMED_PARAM] ParameterNode: '?' {name=param0, expectedType=org.hibernate.type.StringType@3414a8c3}

[DEBUG] 2021-02-21 20:45:29.153 [main] ErrorTracker - throwQueryException() : no errors
[DEBUG] 2021-02-21 20:45:29.153 [main] QueryTranslatorImpl - HQL: select generatedAlias0 from com.hmkurth.entity.UserRoles as generatedAlias0 where generatedAlias0.roleName like :param0
[DEBUG] 2021-02-21 20:45:29.153 [main] QueryTranslatorImpl - SQL: select userroles0_.id as id1_0_, userroles0_.role_name as role_nam2_0_, userroles0_.users_id as users_id4_0_, userroles0_.users_name as users_na3_0_ from user_roles userroles0_ where userroles0_.role_name like ?
[DEBUG] 2021-02-21 20:45:29.153 [main] ErrorTracker - throwQueryException() : no errors
[DEBUG] 2021-02-21 20:45:29.184 [main] SQL - select userroles0_.id as id1_0_, userroles0_.role_name as role_nam2_0_, userroles0_.users_id as users_id4_0_, userroles0_.users_name as users_na3_0_ from user_roles userroles0_ where userroles0_.role_name like ?
[DEBUG] 2021-02-21 20:45:29.215 [main] Loader - Result set row: 0
[DEBUG] 2021-02-21 20:45:29.215 [main] Loader - Result row: EntityKey[com.hmkurth.entity.UserRoles#1]
[DEBUG] 2021-02-21 20:45:29.231 [main] Loader - Result set row: 1
[DEBUG] 2021-02-21 20:45:29.231 [main] Loader - Result row: EntityKey[com.hmkurth.entity.UserRoles#4]
[DEBUG] 2021-02-21 20:45:29.231 [main] Loader - Result set row: 2
[DEBUG] 2021-02-21 20:45:29.231 [main] Loader - Result row: EntityKey[com.hmkurth.entity.UserRoles#6]
[DEBUG] 2021-02-21 20:45:29.231 [main] TwoPhaseLoad - Resolving attributes for [com.hmkurth.entity.UserRoles#1]
[DEBUG] 2021-02-21 20:45:29.231 [main] TwoPhaseLoad - Processing attribute `roleName` : value = regular
[DEBUG] 2021-02-21 20:45:29.231 [main] TwoPhaseLoad - Attribute (`roleName`)  - enhanced for lazy-loading? - false
[DEBUG] 2021-02-21 20:45:29.231 [main] TwoPhaseLoad - Processing attribute `user` : value = 1
[DEBUG] 2021-02-21 20:45:29.231 [main] TwoPhaseLoad - Attribute (`user`)  - enhanced for lazy-loading? - false
[DEBUG] 2021-02-21 20:45:29.231 [main] SQL - select user0_.id as id1_1_0_, user0_.email as email2_1_0_, user0_.first_name as first_na3_1_0_, user0_.last_name as last_nam4_1_0_, user0_.user_password as user_pas5_1_0_, user0_.user_name as user_nam6_1_0_, roles1_.users_id as users_id4_0_1_, roles1_.id as id1_0_1_, roles1_.id as id1_0_2_, roles1_.role_name as role_nam2_0_2_, roles1_.users_id as users_id4_0_2_, roles1_.users_name as users_na3_0_2_ from users user0_ left outer join user_roles roles1_ on user0_.id=roles1_.users_id where user0_.id=?
[DEBUG] 2021-02-21 20:45:29.246 [main] ResultSetProcessorImpl - Starting ResultSet row #0
[DEBUG] 2021-02-21 20:45:29.246 [main] EntityReferenceInitializerImpl - On call to EntityIdentifierReaderImpl#resolve, EntityKey was already known; should only happen on root returns with an optional identifier specified
[DEBUG] 2021-02-21 20:45:29.246 [main] CollectionReferenceInitializerImpl - Found row of collection: [com.hmkurth.entity.User.roles#1]
[DEBUG] 2021-02-21 20:45:29.246 [main] TwoPhaseLoad - Resolving attributes for [com.hmkurth.entity.User#1]
[DEBUG] 2021-02-21 20:45:29.246 [main] TwoPhaseLoad - Processing attribute `email` : value = beast@mail
[DEBUG] 2021-02-21 20:45:29.246 [main] TwoPhaseLoad - Attribute (`email`)  - enhanced for lazy-loading? - false
[DEBUG] 2021-02-21 20:45:29.246 [main] TwoPhaseLoad - Processing attribute `firstName` : value = Joe
[DEBUG] 2021-02-21 20:45:29.246 [main] TwoPhaseLoad - Attribute (`firstName`)  - enhanced for lazy-loading? - false
[DEBUG] 2021-02-21 20:45:29.246 [main] TwoPhaseLoad - Processing attribute `lastName` : value = Coyne
[DEBUG] 2021-02-21 20:45:29.246 [main] TwoPhaseLoad - Attribute (`lastName`)  - enhanced for lazy-loading? - false
[DEBUG] 2021-02-21 20:45:29.246 [main] TwoPhaseLoad - Processing attribute `password` : value = supersecret1
[DEBUG] 2021-02-21 20:45:29.246 [main] TwoPhaseLoad - Attribute (`password`)  - enhanced for lazy-loading? - false
[DEBUG] 2021-02-21 20:45:29.246 [main] TwoPhaseLoad - Processing attribute `roles` : value = NOT NULL COLLECTION
[DEBUG] 2021-02-21 20:45:29.246 [main] TwoPhaseLoad - Attribute (`roles`)  - enhanced for lazy-loading? - false
[DEBUG] 2021-02-21 20:45:29.246 [main] TwoPhaseLoad - Processing attribute `userName` : value = jcoyne
[DEBUG] 2021-02-21 20:45:29.246 [main] TwoPhaseLoad - Attribute (`userName`)  - enhanced for lazy-loading? - false
[DEBUG] 2021-02-21 20:45:29.246 [main] TwoPhaseLoad - Done materializing entity [com.hmkurth.entity.User#1]
[DEBUG] 2021-02-21 20:45:29.246 [main] CollectionLoadContext - 1 collections were found in result set for role: com.hmkurth.entity.User.roles
[DEBUG] 2021-02-21 20:45:29.246 [main] CollectionLoadContext - Collection fully initialized: [com.hmkurth.entity.User.roles#1]
[DEBUG] 2021-02-21 20:45:29.246 [main] CollectionLoadContext - 1 collections initialized for role: com.hmkurth.entity.User.roles
[DEBUG] 2021-02-21 20:45:29.246 [main] ResourceRegistryStandardImpl - HHH000387: ResultSet's statement was not registered
[DEBUG] 2021-02-21 20:45:29.246 [main] AbstractLoadPlanBasedEntityLoader - Done entity load : com.hmkurth.entity.User#1
[DEBUG] 2021-02-21 20:45:29.246 [main] TwoPhaseLoad - Processing attribute `usersName` : value = jcoyne
[DEBUG] 2021-02-21 20:45:29.246 [main] TwoPhaseLoad - Attribute (`usersName`)  - enhanced for lazy-loading? - false
[DEBUG] 2021-02-21 20:45:29.246 [main] TwoPhaseLoad - Done materializing entity [com.hmkurth.entity.UserRoles#1]
[DEBUG] 2021-02-21 20:45:29.246 [main] TwoPhaseLoad - Resolving attributes for [com.hmkurth.entity.UserRoles#4]
[DEBUG] 2021-02-21 20:45:29.246 [main] TwoPhaseLoad - Processing attribute `roleName` : value = regular
[DEBUG] 2021-02-21 20:45:29.246 [main] TwoPhaseLoad - Attribute (`roleName`)  - enhanced for lazy-loading? - false
[DEBUG] 2021-02-21 20:45:29.246 [main] TwoPhaseLoad - Processing attribute `user` : value = 4
[DEBUG] 2021-02-21 20:45:29.246 [main] TwoPhaseLoad - Attribute (`user`)  - enhanced for lazy-loading? - false
[DEBUG] 2021-02-21 20:45:29.262 [main] SQL - select user0_.id as id1_1_0_, user0_.email as email2_1_0_, user0_.first_name as first_na3_1_0_, user0_.last_name as last_nam4_1_0_, user0_.user_password as user_pas5_1_0_, user0_.user_name as user_nam6_1_0_, roles1_.users_id as users_id4_0_1_, roles1_.id as id1_0_1_, roles1_.id as id1_0_2_, roles1_.role_name as role_nam2_0_2_, roles1_.users_id as users_id4_0_2_, roles1_.users_name as users_na3_0_2_ from users user0_ left outer join user_roles roles1_ on user0_.id=roles1_.users_id where user0_.id=?
[DEBUG] 2021-02-21 20:45:29.262 [main] ResultSetProcessorImpl - Starting ResultSet row #0
[DEBUG] 2021-02-21 20:45:29.262 [main] EntityReferenceInitializerImpl - On call to EntityIdentifierReaderImpl#resolve, EntityKey was already known; should only happen on root returns with an optional identifier specified
[DEBUG] 2021-02-21 20:45:29.262 [main] CollectionReferenceInitializerImpl - Found row of collection: [com.hmkurth.entity.User.roles#4]
[DEBUG] 2021-02-21 20:45:29.262 [main] TwoPhaseLoad - Resolving attributes for [com.hmkurth.entity.User#4]
[DEBUG] 2021-02-21 20:45:29.262 [main] TwoPhaseLoad - Processing attribute `email` : value = least@mail
[DEBUG] 2021-02-21 20:45:29.262 [main] TwoPhaseLoad - Attribute (`email`)  - enhanced for lazy-loading? - false
[DEBUG] 2021-02-21 20:45:29.262 [main] TwoPhaseLoad - Processing attribute `firstName` : value = Karen
[DEBUG] 2021-02-21 20:45:29.262 [main] TwoPhaseLoad - Attribute (`firstName`)  - enhanced for lazy-loading? - false
[DEBUG] 2021-02-21 20:45:29.262 [main] TwoPhaseLoad - Processing attribute `lastName` : value = Mack
[DEBUG] 2021-02-21 20:45:29.262 [main] TwoPhaseLoad - Attribute (`lastName`)  - enhanced for lazy-loading? - false
[DEBUG] 2021-02-21 20:45:29.262 [main] TwoPhaseLoad - Processing attribute `password` : value = supersecret4
[DEBUG] 2021-02-21 20:45:29.262 [main] TwoPhaseLoad - Attribute (`password`)  - enhanced for lazy-loading? - false
[DEBUG] 2021-02-21 20:45:29.262 [main] TwoPhaseLoad - Processing attribute `roles` : value = NOT NULL COLLECTION
[DEBUG] 2021-02-21 20:45:29.262 [main] TwoPhaseLoad - Attribute (`roles`)  - enhanced for lazy-loading? - false
[DEBUG] 2021-02-21 20:45:29.262 [main] TwoPhaseLoad - Processing attribute `userName` : value = kmack
[DEBUG] 2021-02-21 20:45:29.262 [main] TwoPhaseLoad - Attribute (`userName`)  - enhanced for lazy-loading? - false
[DEBUG] 2021-02-21 20:45:29.262 [main] TwoPhaseLoad - Done materializing entity [com.hmkurth.entity.User#4]
[DEBUG] 2021-02-21 20:45:29.262 [main] CollectionLoadContext - 1 collections were found in result set for role: com.hmkurth.entity.User.roles
[DEBUG] 2021-02-21 20:45:29.262 [main] CollectionLoadContext - Collection fully initialized: [com.hmkurth.entity.User.roles#4]
[DEBUG] 2021-02-21 20:45:29.262 [main] CollectionLoadContext - 1 collections initialized for role: com.hmkurth.entity.User.roles
[DEBUG] 2021-02-21 20:45:29.262 [main] ResourceRegistryStandardImpl - HHH000387: ResultSet's statement was not registered
[DEBUG] 2021-02-21 20:45:29.262 [main] AbstractLoadPlanBasedEntityLoader - Done entity load : com.hmkurth.entity.User#4
[DEBUG] 2021-02-21 20:45:29.262 [main] TwoPhaseLoad - Processing attribute `usersName` : value = kmack
[DEBUG] 2021-02-21 20:45:29.262 [main] TwoPhaseLoad - Attribute (`usersName`)  - enhanced for lazy-loading? - false
[DEBUG] 2021-02-21 20:45:29.262 [main] TwoPhaseLoad - Done materializing entity [com.hmkurth.entity.UserRoles#4]
[DEBUG] 2021-02-21 20:45:29.262 [main] TwoPhaseLoad - Resolving attributes for [com.hmkurth.entity.UserRoles#6]
[DEBUG] 2021-02-21 20:45:29.262 [main] TwoPhaseLoad - Processing attribute `roleName` : value = regular
[DEBUG] 2021-02-21 20:45:29.262 [main] TwoPhaseLoad - Attribute (`roleName`)  - enhanced for lazy-loading? - false
[DEBUG] 2021-02-21 20:45:29.262 [main] TwoPhaseLoad - Processing attribute `user` : value = 6
[DEBUG] 2021-02-21 20:45:29.262 [main] TwoPhaseLoad - Attribute (`user`)  - enhanced for lazy-loading? - false
[DEBUG] 2021-02-21 20:45:29.262 [main] SQL - select user0_.id as id1_1_0_, user0_.email as email2_1_0_, user0_.first_name as first_na3_1_0_, user0_.last_name as last_nam4_1_0_, user0_.user_password as user_pas5_1_0_, user0_.user_name as user_nam6_1_0_, roles1_.users_id as users_id4_0_1_, roles1_.id as id1_0_1_, roles1_.id as id1_0_2_, roles1_.role_name as role_nam2_0_2_, roles1_.users_id as users_id4_0_2_, roles1_.users_name as users_na3_0_2_ from users user0_ left outer join user_roles roles1_ on user0_.id=roles1_.users_id where user0_.id=?
[DEBUG] 2021-02-21 20:45:29.262 [main] ResultSetProcessorImpl - Starting ResultSet row #0
[DEBUG] 2021-02-21 20:45:29.262 [main] EntityReferenceInitializerImpl - On call to EntityIdentifierReaderImpl#resolve, EntityKey was already known; should only happen on root returns with an optional identifier specified
[DEBUG] 2021-02-21 20:45:29.262 [main] CollectionReferenceInitializerImpl - Found row of collection: [com.hmkurth.entity.User.roles#6]
[DEBUG] 2021-02-21 20:45:29.262 [main] TwoPhaseLoad - Resolving attributes for [com.hmkurth.entity.User#6]
[DEBUG] 2021-02-21 20:45:29.262 [main] TwoPhaseLoad - Processing attribute `email` : value = QUeast@mail
[DEBUG] 2021-02-21 20:45:29.262 [main] TwoPhaseLoad - Attribute (`email`)  - enhanced for lazy-loading? - false
[DEBUG] 2021-02-21 20:45:29.262 [main] TwoPhaseLoad - Processing attribute `firstName` : value = Dawn
[DEBUG] 2021-02-21 20:45:29.262 [main] TwoPhaseLoad - Attribute (`firstName`)  - enhanced for lazy-loading? - false
[DEBUG] 2021-02-21 20:45:29.262 [main] TwoPhaseLoad - Processing attribute `lastName` : value = Tillman
[DEBUG] 2021-02-21 20:45:29.262 [main] TwoPhaseLoad - Attribute (`lastName`)  - enhanced for lazy-loading? - false
[DEBUG] 2021-02-21 20:45:29.262 [main] TwoPhaseLoad - Processing attribute `password` : value = supersecret6
[DEBUG] 2021-02-21 20:45:29.262 [main] TwoPhaseLoad - Attribute (`password`)  - enhanced for lazy-loading? - false
[DEBUG] 2021-02-21 20:45:29.262 [main] TwoPhaseLoad - Processing attribute `roles` : value = NOT NULL COLLECTION
[DEBUG] 2021-02-21 20:45:29.262 [main] TwoPhaseLoad - Attribute (`roles`)  - enhanced for lazy-loading? - false
[DEBUG] 2021-02-21 20:45:29.262 [main] TwoPhaseLoad - Processing attribute `userName` : value = dtillman
[DEBUG] 2021-02-21 20:45:29.262 [main] TwoPhaseLoad - Attribute (`userName`)  - enhanced for lazy-loading? - false
[DEBUG] 2021-02-21 20:45:29.262 [main] TwoPhaseLoad - Done materializing entity [com.hmkurth.entity.User#6]
[DEBUG] 2021-02-21 20:45:29.262 [main] CollectionLoadContext - 1 collections were found in result set for role: com.hmkurth.entity.User.roles
[DEBUG] 2021-02-21 20:45:29.262 [main] CollectionLoadContext - Collection fully initialized: [com.hmkurth.entity.User.roles#6]
[DEBUG] 2021-02-21 20:45:29.262 [main] CollectionLoadContext - 1 collections initialized for role: com.hmkurth.entity.User.roles
[DEBUG] 2021-02-21 20:45:29.262 [main] ResourceRegistryStandardImpl - HHH000387: ResultSet's statement was not registered
[DEBUG] 2021-02-21 20:45:29.262 [main] AbstractLoadPlanBasedEntityLoader - Done entity load : com.hmkurth.entity.User#6
[DEBUG] 2021-02-21 20:45:29.262 [main] TwoPhaseLoad - Processing attribute `usersName` : value = dtillman
[DEBUG] 2021-02-21 20:45:29.262 [main] TwoPhaseLoad - Attribute (`usersName`)  - enhanced for lazy-loading? - false
[DEBUG] 2021-02-21 20:45:29.262 [main] TwoPhaseLoad - Done materializing entity [com.hmkurth.entity.UserRoles#6]
[DEBUG] 2021-02-21 20:45:29.262 [main] LogicalConnectionManagedImpl - Initiating JDBC connection release from afterTransaction
